[11523:7923271:0916/203605.570983:INFO:components/enterprise/browser/controller/chrome_browser_cloud_management_controller.cc:206] No machine level policy manager exists.
[11523:7923271:0916/203606.564445:INFO:CONSOLE:0] "[DOM] Input elements should have autocomplete attributes (suggested: "current-password"): (More info: https://goo.gl/9p2vKq) %o", source: https://nid.naver.com/nidlogin.login (0)
[11523:7923271:0916/203607.013256:INFO:CONSOLE:2] "Error", source: https://wtm.pstatic.net/d538d2d/f8d35bd15d044a58dbbb.js (2)
[11523:7923355:0916/203609.854533:ERROR:google_apis/gcm/engine/registration_request.cc:291] Registration response error message: DEPRECATED_ENDPOINT
[11531:7923373:0916/203619.761828:WARNING:cc/paint/skottie_wrapper_impl.cc:130] Encountered unknown property node with hash: 559079338
[11531:7923373:0916/203619.762118:WARNING:cc/paint/skottie_wrapper_impl.cc:130] Encountered unknown property node with hash: 733108593
[11531:7923373:0916/203619.762128:WARNING:cc/paint/skottie_wrapper_impl.cc:130] Encountered unknown property node with hash: 1104477328
[11531:7923373:0916/203619.762134:WARNING:cc/paint/skottie_wrapper_impl.cc:130] Encountered unknown property node with hash: 1235441726
[11531:7923373:0916/203619.762140:WARNING:cc/paint/skottie_wrapper_impl.cc:130] Encountered unknown property node with hash: 1398109417
[11531:7923373:0916/203619.762146:WARNING:cc/paint/skottie_wrapper_impl.cc:130] Encountered unknown property node with hash: 1745445570
[11531:7923373:0916/203619.762153:WARNING:cc/paint/skottie_wrapper_impl.cc:130] Encountered unknown property node with hash: 2629264519
[11531:7923373:0916/203619.762157:WARNING:cc/paint/skottie_wrapper_impl.cc:130] Encountered unknown property node with hash: 2928374096
[11531:7923373:0916/203619.762163:WARNING:cc/paint/skottie_wrapper_impl.cc:130] Encountered unknown property node with hash: 3162947791
[11531:7923373:0916/203619.762167:WARNING:cc/paint/skottie_wrapper_impl.cc:130] Encountered unknown property node with hash: 3189316647
[11523:7923271:0916/203624.090661:INFO:CONSOLE:2] "Failed to execute 'postMessage' on 'DOMWindow': The target origin provided ('https://shopsquare.naver.com') does not match the recipient window's origin ('https://www.naver.com').", source: https://pm.pstatic.net/resources/js/main.67861b24.js?o=www (2)
[11523:7923271:0916/203624.090713:INFO:CONSOLE:2] "Failed to execute 'postMessage' on 'DOMWindow': The target origin provided ('https://recoshopping.naver.com') does not match the recipient window's origin ('https://www.naver.com').", source: https://pm.pstatic.net/resources/js/main.67861b24.js?o=www (2)
[11523:7923355:0916/203639.425929:ERROR:google_apis/gcm/engine/registration_request.cc:291] Registration response error message: QUOTA_EXCEEDED
[11523:7923271:0916/203653.470722:INFO:CONSOLE:2] "클립보드 읽기 권한 상태: prompt", source: https://feblog.pstatic.net/real/pc/2025.09.10/js/vendor.cabff38a66e79e50b20b.js (2)
[11523:7923271:0916/203657.661480:INFO:CONSOLE:2] "클립보드 읽기 권한 상태: prompt", source: https://feblog.pstatic.net/real/pc/2025.09.10/js/vendor.cabff38a66e79e50b20b.js (2)
[11523:7923271:0916/203701.078058:INFO:CONSOLE:2] "클립보드 읽기 권한 상태: prompt", source: https://feblog.pstatic.net/real/pc/2025.09.10/js/vendor.cabff38a66e79e50b20b.js (2)
[11523:7923271:0916/203704.371319:INFO:CONSOLE:2] "클립보드 읽기 권한 상태: prompt", source: https://feblog.pstatic.net/real/pc/2025.09.10/js/vendor.cabff38a66e79e50b20b.js (2)
[11523:7923271:0916/203706.732685:INFO:CONSOLE:2] "클립보드 읽기 권한 상태: prompt", source: https://feblog.pstatic.net/real/pc/2025.09.10/js/vendor.cabff38a66e79e50b20b.js (2)
[11523:7923271:0916/203708.736630:INFO:CONSOLE:2] "클립보드 읽기 권한 상태: prompt", source: https://feblog.pstatic.net/real/pc/2025.09.10/js/vendor.cabff38a66e79e50b20b.js (2)
[11523:7923271:0916/203710.738880:INFO:CONSOLE:2] "클립보드 읽기 권한 상태: prompt", source: https://feblog.pstatic.net/real/pc/2025.09.10/js/vendor.cabff38a66e79e50b20b.js (2)
[11523:7923271:0916/203711.274478:INFO:CONSOLE:1] "File chooser dialog can only be shown with a user activation.", source: https://editor-static.pstatic.net/e/basic.desktop/1.69.0/se-editor.js?t=1755855480440 (1)
[11523:7923271:0916/203712.734740:INFO:CONSOLE:2] "클립보드 읽기 권한 상태: prompt", source: https://feblog.pstatic.net/real/pc/2025.09.10/js/vendor.cabff38a66e79e50b20b.js (2)
[11523:7923271:0916/203713.257551:INFO:CONSOLE:1] "File chooser dialog can only be shown with a user activation.", source: https://editor-static.pstatic.net/e/basic.desktop/1.69.0/se-editor.js?t=1755855480440 (1)
[11523:7923271:0916/203714.714093:INFO:CONSOLE:2] "클립보드 읽기 권한 상태: prompt", source: https://feblog.pstatic.net/real/pc/2025.09.10/js/vendor.cabff38a66e79e50b20b.js (2)
[11523:7923271:0916/203715.243007:INFO:CONSOLE:1] "File chooser dialog can only be shown with a user activation.", source: https://editor-static.pstatic.net/e/basic.desktop/1.69.0/se-editor.js?t=1755855480440 (1)
[11523:7923271:0916/203716.688405:INFO:CONSOLE:2] "클립보드 읽기 권한 상태: prompt", source: https://feblog.pstatic.net/real/pc/2025.09.10/js/vendor.cabff38a66e79e50b20b.js (2)
[11523:7923271:0916/203717.212622:INFO:CONSOLE:1] "File chooser dialog can only be shown with a user activation.", source: https://editor-static.pstatic.net/e/basic.desktop/1.69.0/se-editor.js?t=1755855480440 (1)
[11523:7923271:0916/203729.739887:INFO:CONSOLE:2] "키보드 입력 차단 및 포커스 정리 완료", source: https://feblog.pstatic.net/real/pc/2025.09.10/js/vendor.cabff38a66e79e50b20b.js (2)
[11523:7923271:0916/203734.828117:INFO:CONSOLE:2] "=== 최강화된 확인 버튼 찾기 시작 ===", source: https://feblog.pstatic.net/real/pc/2025.09.10/js/vendor.cabff38a66e79e50b20b.js (2)
[11523:7923271:0916/203734.828299:INFO:CONSOLE:2] "현재 페이지의 모든 버튼 상황:", source: https://feblog.pstatic.net/real/pc/2025.09.10/js/vendor.cabff38a66e79e50b20b.js (2)
[11523:7923271:0916/203734.828643:INFO:CONSOLE:2] "버튼 1: [object Object]", source: https://feblog.pstatic.net/real/pc/2025.09.10/js/vendor.cabff38a66e79e50b20b.js (2)
[11523:7923271:0916/203734.830263:INFO:CONSOLE:2] "버튼 2: [object Object]", source: https://feblog.pstatic.net/real/pc/2025.09.10/js/vendor.cabff38a66e79e50b20b.js (2)
[11523:7923271:0916/203734.830400:INFO:CONSOLE:2] "버튼 3: [object Object]", source: https://feblog.pstatic.net/real/pc/2025.09.10/js/vendor.cabff38a66e79e50b20b.js (2)
[11523:7923271:0916/203734.830534:INFO:CONSOLE:2] "버튼 4: [object Object]", source: https://feblog.pstatic.net/real/pc/2025.09.10/js/vendor.cabff38a66e79e50b20b.js (2)
[11523:7923271:0916/203734.830658:INFO:CONSOLE:2] "버튼 5: [object Object]", source: https://feblog.pstatic.net/real/pc/2025.09.10/js/vendor.cabff38a66e79e50b20b.js (2)
[11523:7923271:0916/203734.830788:INFO:CONSOLE:2] "버튼 6: [object Object]", source: https://feblog.pstatic.net/real/pc/2025.09.10/js/vendor.cabff38a66e79e50b20b.js (2)
[11523:7923271:0916/203734.830914:INFO:CONSOLE:2] "버튼 7: [object Object]", source: https://feblog.pstatic.net/real/pc/2025.09.10/js/vendor.cabff38a66e79e50b20b.js (2)
[11523:7923271:0916/203734.831114:INFO:CONSOLE:2] "버튼 8: [object Object]", source: https://feblog.pstatic.net/real/pc/2025.09.10/js/vendor.cabff38a66e79e50b20b.js (2)
[11523:7923271:0916/203734.831265:INFO:CONSOLE:2] "버튼 9: [object Object]", source: https://feblog.pstatic.net/real/pc/2025.09.10/js/vendor.cabff38a66e79e50b20b.js (2)
[11523:7923271:0916/203734.831409:INFO:CONSOLE:2] "버튼 10: [object Object]", source: https://feblog.pstatic.net/real/pc/2025.09.10/js/vendor.cabff38a66e79e50b20b.js (2)
[11523:7923271:0916/203734.831524:INFO:CONSOLE:2] "버튼 11: [object Object]", source: https://feblog.pstatic.net/real/pc/2025.09.10/js/vendor.cabff38a66e79e50b20b.js (2)
[11523:7923271:0916/203734.831630:INFO:CONSOLE:2] "버튼 12: [object Object]", source: https://feblog.pstatic.net/real/pc/2025.09.10/js/vendor.cabff38a66e79e50b20b.js (2)
[11523:7923271:0916/203734.831733:INFO:CONSOLE:2] "버튼 13: [object Object]", source: https://feblog.pstatic.net/real/pc/2025.09.10/js/vendor.cabff38a66e79e50b20b.js (2)
[11523:7923271:0916/203734.831839:INFO:CONSOLE:2] "버튼 14: [object Object]", source: https://feblog.pstatic.net/real/pc/2025.09.10/js/vendor.cabff38a66e79e50b20b.js (2)
[11523:7923271:0916/203734.831952:INFO:CONSOLE:2] "버튼 15: [object Object]", source: https://feblog.pstatic.net/real/pc/2025.09.10/js/vendor.cabff38a66e79e50b20b.js (2)
[11523:7923271:0916/203734.832054:INFO:CONSOLE:2] "버튼 16: [object Object]", source: https://feblog.pstatic.net/real/pc/2025.09.10/js/vendor.cabff38a66e79e50b20b.js (2)
[11523:7923271:0916/203734.832190:INFO:CONSOLE:2] "버튼 17: [object Object]", source: https://feblog.pstatic.net/real/pc/2025.09.10/js/vendor.cabff38a66e79e50b20b.js (2)
[11523:7923271:0916/203734.832296:INFO:CONSOLE:2] "버튼 18: [object Object]", source: https://feblog.pstatic.net/real/pc/2025.09.10/js/vendor.cabff38a66e79e50b20b.js (2)
[11523:7923271:0916/203734.832393:INFO:CONSOLE:2] "버튼 19: [object Object]", source: https://feblog.pstatic.net/real/pc/2025.09.10/js/vendor.cabff38a66e79e50b20b.js (2)
[11523:7923271:0916/203734.832487:INFO:CONSOLE:2] "버튼 20: [object Object]", source: https://feblog.pstatic.net/real/pc/2025.09.10/js/vendor.cabff38a66e79e50b20b.js (2)
[11523:7923271:0916/203734.832602:INFO:CONSOLE:2] "버튼 21: [object Object]", source: https://feblog.pstatic.net/real/pc/2025.09.10/js/vendor.cabff38a66e79e50b20b.js (2)
[11523:7923271:0916/203734.832716:INFO:CONSOLE:2] "버튼 22: [object Object]", source: https://feblog.pstatic.net/real/pc/2025.09.10/js/vendor.cabff38a66e79e50b20b.js (2)
[11523:7923271:0916/203734.832815:INFO:CONSOLE:2] "버튼 23: [object Object]", source: https://feblog.pstatic.net/real/pc/2025.09.10/js/vendor.cabff38a66e79e50b20b.js (2)
[11523:7923271:0916/203734.832980:INFO:CONSOLE:2] "버튼 24: [object Object]", source: https://feblog.pstatic.net/real/pc/2025.09.10/js/vendor.cabff38a66e79e50b20b.js (2)
[11523:7923271:0916/203734.833221:INFO:CONSOLE:2] "버튼 25: [object Object]", source: https://feblog.pstatic.net/real/pc/2025.09.10/js/vendor.cabff38a66e79e50b20b.js (2)
[11523:7923271:0916/203734.833377:INFO:CONSOLE:2] "버튼 26: [object Object]", source: https://feblog.pstatic.net/real/pc/2025.09.10/js/vendor.cabff38a66e79e50b20b.js (2)
[11523:7923271:0916/203734.833487:INFO:CONSOLE:2] "버튼 27: [object Object]", source: https://feblog.pstatic.net/real/pc/2025.09.10/js/vendor.cabff38a66e79e50b20b.js (2)
[11523:7923271:0916/203734.833592:INFO:CONSOLE:2] "버튼 28: [object Object]", source: https://feblog.pstatic.net/real/pc/2025.09.10/js/vendor.cabff38a66e79e50b20b.js (2)
[11523:7923271:0916/203734.833696:INFO:CONSOLE:2] "버튼 29: [object Object]", source: https://feblog.pstatic.net/real/pc/2025.09.10/js/vendor.cabff38a66e79e50b20b.js (2)
[11523:7923271:0916/203734.833792:INFO:CONSOLE:2] "버튼 30: [object Object]", source: https://feblog.pstatic.net/real/pc/2025.09.10/js/vendor.cabff38a66e79e50b20b.js (2)
[11523:7923271:0916/203734.833879:INFO:CONSOLE:2] "버튼 31: [object Object]", source: https://feblog.pstatic.net/real/pc/2025.09.10/js/vendor.cabff38a66e79e50b20b.js (2)
[11523:7923271:0916/203734.833971:INFO:CONSOLE:2] "버튼 32: [object Object]", source: https://feblog.pstatic.net/real/pc/2025.09.10/js/vendor.cabff38a66e79e50b20b.js (2)
[11523:7923271:0916/203734.834062:INFO:CONSOLE:2] "버튼 33: [object Object]", source: https://feblog.pstatic.net/real/pc/2025.09.10/js/vendor.cabff38a66e79e50b20b.js (2)
[11523:7923271:0916/203734.834156:INFO:CONSOLE:2] "버튼 34: [object Object]", source: https://feblog.pstatic.net/real/pc/2025.09.10/js/vendor.cabff38a66e79e50b20b.js (2)
[11523:7923271:0916/203734.834250:INFO:CONSOLE:2] "버튼 35: [object Object]", source: https://feblog.pstatic.net/real/pc/2025.09.10/js/vendor.cabff38a66e79e50b20b.js (2)
[11523:7923271:0916/203734.834341:INFO:CONSOLE:2] "버튼 36: [object Object]", source: https://feblog.pstatic.net/real/pc/2025.09.10/js/vendor.cabff38a66e79e50b20b.js (2)
[11523:7923271:0916/203734.834435:INFO:CONSOLE:2] "버튼 37: [object Object]", source: https://feblog.pstatic.net/real/pc/2025.09.10/js/vendor.cabff38a66e79e50b20b.js (2)
[11523:7923271:0916/203734.834528:INFO:CONSOLE:2] "버튼 38: [object Object]", source: https://feblog.pstatic.net/real/pc/2025.09.10/js/vendor.cabff38a66e79e50b20b.js (2)
[11523:7923271:0916/203734.834618:INFO:CONSOLE:2] "버튼 39: [object Object]", source: https://feblog.pstatic.net/real/pc/2025.09.10/js/vendor.cabff38a66e79e50b20b.js (2)
[11523:7923271:0916/203734.834719:INFO:CONSOLE:2] "버튼 40: [object Object]", source: https://feblog.pstatic.net/real/pc/2025.09.10/js/vendor.cabff38a66e79e50b20b.js (2)
[11523:7923271:0916/203734.834799:INFO:CONSOLE:2] "버튼 41: [object Object]", source: https://feblog.pstatic.net/real/pc/2025.09.10/js/vendor.cabff38a66e79e50b20b.js (2)
[11523:7923271:0916/203734.834898:INFO:CONSOLE:2] "버튼 42: [object Object]", source: https://feblog.pstatic.net/real/pc/2025.09.10/js/vendor.cabff38a66e79e50b20b.js (2)
[11523:7923271:0916/203734.834989:INFO:CONSOLE:2] "버튼 43: [object Object]", source: https://feblog.pstatic.net/real/pc/2025.09.10/js/vendor.cabff38a66e79e50b20b.js (2)
[11523:7923271:0916/203734.835078:INFO:CONSOLE:2] "버튼 45: [object Object]", source: https://feblog.pstatic.net/real/pc/2025.09.10/js/vendor.cabff38a66e79e50b20b.js (2)
[11523:7923271:0916/203734.835170:INFO:CONSOLE:2] "버튼 47: [object Object]", source: https://feblog.pstatic.net/real/pc/2025.09.10/js/vendor.cabff38a66e79e50b20b.js (2)
[11523:7923271:0916/203734.835267:INFO:CONSOLE:2] "버튼 51: [object Object]", source: https://feblog.pstatic.net/real/pc/2025.09.10/js/vendor.cabff38a66e79e50b20b.js (2)
[11523:7923271:0916/203734.835356:INFO:CONSOLE:2] "버튼 55: [object Object]", source: https://feblog.pstatic.net/real/pc/2025.09.10/js/vendor.cabff38a66e79e50b20b.js (2)
[11523:7923271:0916/203734.835451:INFO:CONSOLE:2] "버튼 58: [object Object]", source: https://feblog.pstatic.net/real/pc/2025.09.10/js/vendor.cabff38a66e79e50b20b.js (2)
[11523:7923271:0916/203734.835537:INFO:CONSOLE:2] "버튼 61: [object Object]", source: https://feblog.pstatic.net/real/pc/2025.09.10/js/vendor.cabff38a66e79e50b20b.js (2)
[11523:7923271:0916/203734.835632:INFO:CONSOLE:2] "버튼 62: [object Object]", source: https://feblog.pstatic.net/real/pc/2025.09.10/js/vendor.cabff38a66e79e50b20b.js (2)
[11523:7923271:0916/203734.835713:INFO:CONSOLE:2] "버튼 64: [object Object]", source: https://feblog.pstatic.net/real/pc/2025.09.10/js/vendor.cabff38a66e79e50b20b.js (2)
[11523:7923271:0916/203734.835790:INFO:CONSOLE:2] "버튼 65: [object Object]", source: https://feblog.pstatic.net/real/pc/2025.09.10/js/vendor.cabff38a66e79e50b20b.js (2)
[11523:7923271:0916/203734.835868:INFO:CONSOLE:2] "버튼 67: [object Object]", source: https://feblog.pstatic.net/real/pc/2025.09.10/js/vendor.cabff38a66e79e50b20b.js (2)
[11523:7923271:0916/203734.835970:INFO:CONSOLE:2] "버튼 68: [object Object]", source: https://feblog.pstatic.net/real/pc/2025.09.10/js/vendor.cabff38a66e79e50b20b.js (2)
[11523:7923271:0916/203734.836051:INFO:CONSOLE:2] "버튼 70: [object Object]", source: https://feblog.pstatic.net/real/pc/2025.09.10/js/vendor.cabff38a66e79e50b20b.js (2)
[11523:7923271:0916/203734.836125:INFO:CONSOLE:2] "버튼 71: [object Object]", source: https://feblog.pstatic.net/real/pc/2025.09.10/js/vendor.cabff38a66e79e50b20b.js (2)
[11523:7923271:0916/203734.836223:INFO:CONSOLE:2] "버튼 74: [object Object]", source: https://feblog.pstatic.net/real/pc/2025.09.10/js/vendor.cabff38a66e79e50b20b.js (2)
[11523:7923271:0916/203734.836284:INFO:CONSOLE:2] "버튼 75: [object Object]", source: https://feblog.pstatic.net/real/pc/2025.09.10/js/vendor.cabff38a66e79e50b20b.js (2)
[11523:7923271:0916/203734.836376:INFO:CONSOLE:2] "버튼 78: [object Object]", source: https://feblog.pstatic.net/real/pc/2025.09.10/js/vendor.cabff38a66e79e50b20b.js (2)
[11523:7923271:0916/203734.836493:INFO:CONSOLE:2] "버튼 98: [object Object]", source: https://feblog.pstatic.net/real/pc/2025.09.10/js/vendor.cabff38a66e79e50b20b.js (2)
[11523:7923271:0916/203734.836579:INFO:CONSOLE:2] "버튼 99: [object Object]", source: https://feblog.pstatic.net/real/pc/2025.09.10/js/vendor.cabff38a66e79e50b20b.js (2)
[11523:7923271:0916/203734.836689:INFO:CONSOLE:2] "버튼 100: [object Object]", source: https://feblog.pstatic.net/real/pc/2025.09.10/js/vendor.cabff38a66e79e50b20b.js (2)
[11523:7923271:0916/203734.836816:INFO:CONSOLE:2] "버튼 101: [object Object]", source: https://feblog.pstatic.net/real/pc/2025.09.10/js/vendor.cabff38a66e79e50b20b.js (2)
[11523:7923271:0916/203734.836869:INFO:CONSOLE:2] "버튼 102: [object Object]", source: https://feblog.pstatic.net/real/pc/2025.09.10/js/vendor.cabff38a66e79e50b20b.js (2)
[11523:7923271:0916/203734.836960:INFO:CONSOLE:2] "버튼 103: [object Object]", source: https://feblog.pstatic.net/real/pc/2025.09.10/js/vendor.cabff38a66e79e50b20b.js (2)
[11523:7923271:0916/203734.837057:INFO:CONSOLE:2] "버튼 104: [object Object]", source: https://feblog.pstatic.net/real/pc/2025.09.10/js/vendor.cabff38a66e79e50b20b.js (2)
[11523:7923271:0916/203734.837135:INFO:CONSOLE:2] "버튼 105: [object Object]", source: https://feblog.pstatic.net/real/pc/2025.09.10/js/vendor.cabff38a66e79e50b20b.js (2)
[11523:7923271:0916/203734.837234:INFO:CONSOLE:2] "버튼 106: [object Object]", source: https://feblog.pstatic.net/real/pc/2025.09.10/js/vendor.cabff38a66e79e50b20b.js (2)
[11523:7923271:0916/203734.837321:INFO:CONSOLE:2] "버튼 107: [object Object]", source: https://feblog.pstatic.net/real/pc/2025.09.10/js/vendor.cabff38a66e79e50b20b.js (2)
[11523:7923271:0916/203734.837413:INFO:CONSOLE:2] "버튼 108: [object Object]", source: https://feblog.pstatic.net/real/pc/2025.09.10/js/vendor.cabff38a66e79e50b20b.js (2)
[11523:7923271:0916/203734.837492:INFO:CONSOLE:2] "버튼 109: [object Object]", source: https://feblog.pstatic.net/real/pc/2025.09.10/js/vendor.cabff38a66e79e50b20b.js (2)
[11523:7923271:0916/203734.837578:INFO:CONSOLE:2] "버튼 110: [object Object]", source: https://feblog.pstatic.net/real/pc/2025.09.10/js/vendor.cabff38a66e79e50b20b.js (2)
[11523:7923271:0916/203734.837663:INFO:CONSOLE:2] "버튼 111: [object Object]", source: https://feblog.pstatic.net/real/pc/2025.09.10/js/vendor.cabff38a66e79e50b20b.js (2)
[11523:7923271:0916/203734.837749:INFO:CONSOLE:2] "버튼 112: [object Object]", source: https://feblog.pstatic.net/real/pc/2025.09.10/js/vendor.cabff38a66e79e50b20b.js (2)
[11523:7923271:0916/203734.837828:INFO:CONSOLE:2] "버튼 113: [object Object]", source: https://feblog.pstatic.net/real/pc/2025.09.10/js/vendor.cabff38a66e79e50b20b.js (2)
[11523:7923271:0916/203734.837915:INFO:CONSOLE:2] "버튼 114: [object Object]", source: https://feblog.pstatic.net/real/pc/2025.09.10/js/vendor.cabff38a66e79e50b20b.js (2)
[11523:7923271:0916/203734.838021:INFO:CONSOLE:2] "버튼 125: [object Object]", source: https://feblog.pstatic.net/real/pc/2025.09.10/js/vendor.cabff38a66e79e50b20b.js (2)
[11523:7923271:0916/203734.838118:INFO:CONSOLE:2] "버튼 126: [object Object]", source: https://feblog.pstatic.net/real/pc/2025.09.10/js/vendor.cabff38a66e79e50b20b.js (2)
[11523:7923271:0916/203734.838200:INFO:CONSOLE:2] "버튼 127: [object Object]", source: https://feblog.pstatic.net/real/pc/2025.09.10/js/vendor.cabff38a66e79e50b20b.js (2)
[11523:7923271:0916/203734.838279:INFO:CONSOLE:2] "버튼 128: [object Object]", source: https://feblog.pstatic.net/real/pc/2025.09.10/js/vendor.cabff38a66e79e50b20b.js (2)
[11523:7923271:0916/203734.838369:INFO:CONSOLE:2] "버튼 129: [object Object]", source: https://feblog.pstatic.net/real/pc/2025.09.10/js/vendor.cabff38a66e79e50b20b.js (2)
[11523:7923271:0916/203734.838454:INFO:CONSOLE:2] "버튼 130: [object Object]", source: https://feblog.pstatic.net/real/pc/2025.09.10/js/vendor.cabff38a66e79e50b20b.js (2)
[11523:7923271:0916/203734.838545:INFO:CONSOLE:2] "버튼 131: [object Object]", source: https://feblog.pstatic.net/real/pc/2025.09.10/js/vendor.cabff38a66e79e50b20b.js (2)
[11523:7923271:0916/203734.838634:INFO:CONSOLE:2] "버튼 132: [object Object]", source: https://feblog.pstatic.net/real/pc/2025.09.10/js/vendor.cabff38a66e79e50b20b.js (2)
[11523:7923271:0916/203734.838718:INFO:CONSOLE:2] "버튼 133: [object Object]", source: https://feblog.pstatic.net/real/pc/2025.09.10/js/vendor.cabff38a66e79e50b20b.js (2)
[11523:7923271:0916/203734.838798:INFO:CONSOLE:2] "버튼 134: [object Object]", source: https://feblog.pstatic.net/real/pc/2025.09.10/js/vendor.cabff38a66e79e50b20b.js (2)
[11523:7923271:0916/203734.838883:INFO:CONSOLE:2] "버튼 135: [object Object]", source: https://feblog.pstatic.net/real/pc/2025.09.10/js/vendor.cabff38a66e79e50b20b.js (2)
[11523:7923271:0916/203734.838950:INFO:CONSOLE:2] "버튼 136: [object Object]", source: https://feblog.pstatic.net/real/pc/2025.09.10/js/vendor.cabff38a66e79e50b20b.js (2)
[11523:7923271:0916/203734.839017:INFO:CONSOLE:2] "버튼 137: [object Object]", source: https://feblog.pstatic.net/real/pc/2025.09.10/js/vendor.cabff38a66e79e50b20b.js (2)
[11523:7923271:0916/203734.839094:INFO:CONSOLE:2] "버튼 138: [object Object]", source: https://feblog.pstatic.net/real/pc/2025.09.10/js/vendor.cabff38a66e79e50b20b.js (2)
[11523:7923271:0916/203734.839162:INFO:CONSOLE:2] "버튼 139: [object Object]", source: https://feblog.pstatic.net/real/pc/2025.09.10/js/vendor.cabff38a66e79e50b20b.js (2)
[11523:7923271:0916/203734.839230:INFO:CONSOLE:2] "버튼 140: [object Object]", source: https://feblog.pstatic.net/real/pc/2025.09.10/js/vendor.cabff38a66e79e50b20b.js (2)
[11523:7923271:0916/203734.839299:INFO:CONSOLE:2] "1단계: 정확한 선택자로 시도...", source: https://feblog.pstatic.net/real/pc/2025.09.10/js/vendor.cabff38a66e79e50b20b.js (2)
[11523:7923271:0916/203734.839410:INFO:CONSOLE:2] "✅ 정확한 선택자로 확인 버튼 클릭: button.se-popup-button-confirm", source: https://feblog.pstatic.net/real/pc/2025.09.10/js/vendor.cabff38a66e79e50b20b.js (2)
[11523:7923271:0916/203737.098225:INFO:CONSOLE:2] "키보드 입력 차단 해제 완료", source: https://feblog.pstatic.net/real/pc/2025.09.10/js/vendor.cabff38a66e79e50b20b.js (2)
[11523:7923271:0916/203738.822349:INFO:CONSOLE:2] "Google Maps JavaScript API has been loaded directly without loading=async. This can result in suboptimal performance. For best-practice loading patterns please see https://goo.gle/js-api-loading", source: https://feblog.pstatic.net/real/pc/2025.09.10/js/vendor.cabff38a66e79e50b20b.js (2)
[11523:7923271:0916/203745.102834:INFO:CONSOLE:2] "추가 버튼 발견, 5번 클릭 시도 시작...", source: https://feblog.pstatic.net/real/pc/2025.09.10/js/vendor.cabff38a66e79e50b20b.js (2)
[11523:7923271:0916/203745.103357:INFO:CONSOLE:2] "1번째 클릭 시도...", source: https://feblog.pstatic.net/real/pc/2025.09.10/js/vendor.cabff38a66e79e50b20b.js (2)
[11523:7923271:0916/203746.105636:INFO:CONSOLE:2] "2번째 클릭 시도...", source: https://feblog.pstatic.net/real/pc/2025.09.10/js/vendor.cabff38a66e79e50b20b.js (2)
[11523:7923271:0916/203747.105000:INFO:CONSOLE:2] "3번째 클릭 시도...", source: https://feblog.pstatic.net/real/pc/2025.09.10/js/vendor.cabff38a66e79e50b20b.js (2)
[11523:7923271:0916/203748.104722:INFO:CONSOLE:2] "4번째 클릭 시도...", source: https://feblog.pstatic.net/real/pc/2025.09.10/js/vendor.cabff38a66e79e50b20b.js (2)
[11523:7923271:0916/203749.105063:INFO:CONSOLE:2] "5번째 클릭 시도...", source: https://feblog.pstatic.net/real/pc/2025.09.10/js/vendor.cabff38a66e79e50b20b.js (2)
[11523:7923271:0916/203750.123758:INFO:CONSOLE:2] "정확한 선택자로 확인 버튼 발견", source: https://feblog.pstatic.net/real/pc/2025.09.10/js/vendor.cabff38a66e79e50b20b.js (2)
[11523:7923271:0916/203840.450921:INFO:CONSOLE:2] "=== 최종 발행 버튼 찾기 시작 ===", source: https://feblog.pstatic.net/real/pc/2025.09.10/js/vendor.cabff38a66e79e50b20b.js (2)
[11523:7923271:0916/203840.451324:INFO:CONSOLE:2] "🎯 data-testid로 발행 버튼 찾기...", source: https://feblog.pstatic.net/real/pc/2025.09.10/js/vendor.cabff38a66e79e50b20b.js (2)
[11523:7923271:0916/203840.451373:INFO:CONSOLE:2] "🎯 confirm_btn 클래스로 발행 버튼 찾기...", source: https://feblog.pstatic.net/real/pc/2025.09.10/js/vendor.cabff38a66e79e50b20b.js (2)
[11523:7923271:0916/203840.454626:INFO:CONSOLE:2] "✅ confirm_btn으로 발행 버튼 발견: [object Object]", source: https://feblog.pstatic.net/real/pc/2025.09.10/js/vendor.cabff38a66e79e50b20b.js (2)
[11523:7923271:0916/203840.481588:INFO:CONSOLE:2] "✅ confirm_btn 발행 버튼 클릭 완료", source: https://feblog.pstatic.net/real/pc/2025.09.10/js/vendor.cabff38a66e79e50b20b.js (2)
[11523:7923271:0916/203844.114395:INFO:CONSOLE:275] "Google Maps JavaScript API has been loaded directly without loading=async. This can result in suboptimal performance. For best-practice loading patterns please see https://goo.gle/js-api-loading", source: https://maps.google.co.kr/maps/api/js?v=3&client=gme-nhncorp&language=ko&channel=naver_blog (275)
[11531:7923474:0916/214455.998303:ERROR:ui/latency/latency_info.cc:112] CompositorFrameSinkSupport::MaybeSubmitCompositorFrame, LatencyInfo vector size 189 is too big.
[11523:7923271:0916/214507.192008:INFO:CONSOLE:2] "클립보드 읽기 권한 상태: granted", source: https://feblog.pstatic.net/real/pc/2025.09.10/js/vendor.cabff38a66e79e50b20b.js (2)
[11523:7923271:0916/214511.604715:INFO:CONSOLE:2] "클립보드 읽기 권한 상태: granted", source: https://feblog.pstatic.net/real/pc/2025.09.10/js/vendor.cabff38a66e79e50b20b.js (2)
[11523:7923271:0916/214515.093061:INFO:CONSOLE:2] "클립보드 읽기 권한 상태: granted", source: https://feblog.pstatic.net/real/pc/2025.09.10/js/vendor.cabff38a66e79e50b20b.js (2)
[11523:7923271:0916/214518.584280:INFO:CONSOLE:2] "클립보드 읽기 권한 상태: granted", source: https://feblog.pstatic.net/real/pc/2025.09.10/js/vendor.cabff38a66e79e50b20b.js (2)
[11523:7923271:0916/214520.952497:INFO:CONSOLE:2] "클립보드 읽기 권한 상태: granted", source: https://feblog.pstatic.net/real/pc/2025.09.10/js/vendor.cabff38a66e79e50b20b.js (2)
[11523:7923271:0916/214522.904729:INFO:CONSOLE:2] "클립보드 읽기 권한 상태: granted", source: https://feblog.pstatic.net/real/pc/2025.09.10/js/vendor.cabff38a66e79e50b20b.js (2)
[11523:7923271:0916/214524.914319:INFO:CONSOLE:2] "클립보드 읽기 권한 상태: granted", source: https://feblog.pstatic.net/real/pc/2025.09.10/js/vendor.cabff38a66e79e50b20b.js (2)
[11523:7923271:0916/214525.447143:INFO:CONSOLE:1] "File chooser dialog can only be shown with a user activation.", source: https://editor-static.pstatic.net/e/basic.desktop/1.69.0/se-editor.js?t=1755855480440 (1)
[11523:7923271:0916/214526.910799:INFO:CONSOLE:2] "클립보드 읽기 권한 상태: granted", source: https://feblog.pstatic.net/real/pc/2025.09.10/js/vendor.cabff38a66e79e50b20b.js (2)
[11523:7923271:0916/214527.433964:INFO:CONSOLE:1] "File chooser dialog can only be shown with a user activation.", source: https://editor-static.pstatic.net/e/basic.desktop/1.69.0/se-editor.js?t=1755855480440 (1)
[11523:7923271:0916/214528.898799:INFO:CONSOLE:2] "클립보드 읽기 권한 상태: granted", source: https://feblog.pstatic.net/real/pc/2025.09.10/js/vendor.cabff38a66e79e50b20b.js (2)
[11523:7923271:0916/214529.424455:INFO:CONSOLE:1] "File chooser dialog can only be shown with a user activation.", source: https://editor-static.pstatic.net/e/basic.desktop/1.69.0/se-editor.js?t=1755855480440 (1)
[11523:7923271:0916/214537.677202:INFO:CONSOLE:2] "가운데 정렬 옵션 찾기 시작...", source: https://feblog.pstatic.net/real/pc/2025.09.10/js/vendor.cabff38a66e79e50b20b.js (2)
[11523:7923271:0916/214537.678049:INFO:CONSOLE:2] "버튼 검사: reserve_btn__Km5Xh, data-value: null", source: https://feblog.pstatic.net/real/pc/2025.09.10/js/vendor.cabff38a66e79e50b20b.js (2)
[11523:7923271:0916/214537.678082:INFO:CONSOLE:2] "버튼 검사: save_btn__bzc5B, data-value: null", source: https://feblog.pstatic.net/real/pc/2025.09.10/js/vendor.cabff38a66e79e50b20b.js (2)
[11523:7923271:0916/214537.678096:INFO:CONSOLE:2] "버튼 검사: save_count_btn__ZTLNa, data-value: null", source: https://feblog.pstatic.net/real/pc/2025.09.10/js/vendor.cabff38a66e79e50b20b.js (2)
[11523:7923271:0916/214537.678144:INFO:CONSOLE:2] "버튼 검사: publish_btn__m9KHH, data-value: null", source: https://feblog.pstatic.net/real/pc/2025.09.10/js/vendor.cabff38a66e79e50b20b.js (2)
[11523:7923271:0916/214537.678159:INFO:CONSOLE:2] "버튼 검사: overflow_menu_btn__AzKxF, data-value: null", source: https://feblog.pstatic.net/real/pc/2025.09.10/js/vendor.cabff38a66e79e50b20b.js (2)
[11523:7923271:0916/214537.678174:INFO:CONSOLE:2] "버튼 검사: se-image-toolbar-button se-document-toolbar-basic-button se-text-icon-toolbar-button __se-sentry, data-value: null", source: https://feblog.pstatic.net/real/pc/2025.09.10/js/vendor.cabff38a66e79e50b20b.js (2)
[11523:7923271:0916/214537.678191:INFO:CONSOLE:2] "버튼 검사: se-social-media-image-toolbar-button se-document-toolbar-basic-button se-text-icon-toolbar-button __se-sentry, data-value: null", source: https://feblog.pstatic.net/real/pc/2025.09.10/js/vendor.cabff38a66e79e50b20b.js (2)
[11523:7923271:0916/214537.678200:INFO:CONSOLE:2] "버튼 검사: se-video-toolbar-button se-document-toolbar-basic-button se-text-icon-toolbar-button __se-sentry, data-value: null", source: https://feblog.pstatic.net/real/pc/2025.09.10/js/vendor.cabff38a66e79e50b20b.js (2)
[11523:7923271:0916/214537.678209:INFO:CONSOLE:2] "버튼 검사: se-sticker-toolbar-button se-document-toolbar-toggle-button se-text-icon-toolbar-button __se-sentry, data-value: null", source: https://feblog.pstatic.net/real/pc/2025.09.10/js/vendor.cabff38a66e79e50b20b.js (2)
[11523:7923271:0916/214537.678217:INFO:CONSOLE:2] "버튼 검사: se-document-toolbar-icon-select-button se-insert-quotation-default-toolbar-button se-text-icon-toolbar-button __se-sentry, data-value: default", source: https://feblog.pstatic.net/real/pc/2025.09.10/js/vendor.cabff38a66e79e50b20b.js (2)
[11523:7923271:0916/214537.678226:INFO:CONSOLE:2] "버튼 검사: se-document-toolbar-select-option-button se-text-icon-toolbar-select-option-button __se-sentry, data-value: null", source: https://feblog.pstatic.net/real/pc/2025.09.10/js/vendor.cabff38a66e79e50b20b.js (2)
[11523:7923271:0916/214537.678235:INFO:CONSOLE:2] "버튼 검사: se-document-toolbar-icon-select-button se-insert-horizontal-line-default-toolbar-button se-text-icon-toolbar-button __se-sentry, data-value: default", source: https://feblog.pstatic.net/real/pc/2025.09.10/js/vendor.cabff38a66e79e50b20b.js (2)
[11523:7923271:0916/214537.678243:INFO:CONSOLE:2] "버튼 검사: se-document-toolbar-select-option-button se-text-icon-toolbar-select-option-button __se-sentry, data-value: null", source: https://feblog.pstatic.net/real/pc/2025.09.10/js/vendor.cabff38a66e79e50b20b.js (2)
[11523:7923271:0916/214537.678251:INFO:CONSOLE:2] "버튼 검사: se-oglink-toolbar-button se-document-toolbar-basic-button se-text-icon-toolbar-button __se-sentry, data-value: null", source: https://feblog.pstatic.net/real/pc/2025.09.10/js/vendor.cabff38a66e79e50b20b.js (2)
[11523:7923271:0916/214537.678259:INFO:CONSOLE:2] "버튼 검사: se-file-toolbar-button se-document-toolbar-basic-button se-text-icon-toolbar-button __se-sentry, data-value: null", source: https://feblog.pstatic.net/real/pc/2025.09.10/js/vendor.cabff38a66e79e50b20b.js (2)
[11523:7923271:0916/214537.678269:INFO:CONSOLE:2] "버튼 검사: se-schedule-toolbar-button se-document-toolbar-basic-button se-text-icon-toolbar-button __se-sentry, data-value: null", source: https://feblog.pstatic.net/real/pc/2025.09.10/js/vendor.cabff38a66e79e50b20b.js (2)
[11523:7923271:0916/214537.678278:INFO:CONSOLE:2] "버튼 검사: se-code-toolbar-button se-document-toolbar-basic-button se-text-icon-toolbar-button __se-sentry, data-value: null", source: https://feblog.pstatic.net/real/pc/2025.09.10/js/vendor.cabff38a66e79e50b20b.js (2)
[11523:7923271:0916/214537.678286:INFO:CONSOLE:2] "버튼 검사: se-table-toolbar-button se-document-toolbar-basic-button se-text-icon-toolbar-button __se-sentry, data-value: null", source: https://feblog.pstatic.net/real/pc/2025.09.10/js/vendor.cabff38a66e79e50b20b.js (2)
[11523:7923271:0916/214537.678294:INFO:CONSOLE:2] "버튼 검사: se-formula-toolbar-button se-document-toolbar-basic-button se-text-icon-toolbar-button __se-sentry, data-value: null", source: https://feblog.pstatic.net/real/pc/2025.09.10/js/vendor.cabff38a66e79e50b20b.js (2)
[11523:7923271:0916/214537.678312:INFO:CONSOLE:2] "버튼 검사: se-talktalk-toolbar-button se-document-toolbar-basic-button se-text-icon-toolbar-button __se-sentry, data-value: null", source: https://feblog.pstatic.net/real/pc/2025.09.10/js/vendor.cabff38a66e79e50b20b.js (2)
[11523:7923271:0916/214537.678321:INFO:CONSOLE:2] "버튼 검사: se-map-toolbar-button se-document-toolbar-basic-button se-text-icon-toolbar-button __se-sentry, data-value: null", source: https://feblog.pstatic.net/real/pc/2025.09.10/js/vendor.cabff38a66e79e50b20b.js (2)
[11523:7923271:0916/214537.678333:INFO:CONSOLE:2] "버튼 검사: se-not-sponsored-button-toolbar-button se-document-toolbar-custom-button se-text-icon-toolbar-button se-highlight-toolbar-button __se-highlight-button __se-sentry, data-value: null", source: https://feblog.pstatic.net/real/pc/2025.09.10/js/vendor.cabff38a66e79e50b20b.js (2)
[11523:7923271:0916/214537.678343:INFO:CONSOLE:2] "버튼 검사: se-search-toolbar-button se-document-toolbar-toggle-button se-text-icon-toolbar-button se-highlight-toolbar-button __se-highlight-button __se-sentry, data-value: null", source: https://feblog.pstatic.net/real/pc/2025.09.10/js/vendor.cabff38a66e79e50b20b.js (2)
[11523:7923271:0916/214537.678361:INFO:CONSOLE:2] "버튼 검사: se-moment-toolbar-button se-document-toolbar-toggle-button se-text-icon-toolbar-button __se-sentry, data-value: null", source: https://feblog.pstatic.net/real/pc/2025.09.10/js/vendor.cabff38a66e79e50b20b.js (2)
[11523:7923271:0916/214537.678370:INFO:CONSOLE:2] "버튼 검사: se-library-toolbar-button se-document-toolbar-toggle-button se-text-icon-toolbar-button __se-sentry, data-value: null", source: https://feblog.pstatic.net/real/pc/2025.09.10/js/vendor.cabff38a66e79e50b20b.js (2)
[11523:7923271:0916/214537.678378:INFO:CONSOLE:2] "버튼 검사: se-template-toolbar-button se-document-toolbar-toggle-button se-text-icon-toolbar-button __se-sentry, data-value: null", source: https://feblog.pstatic.net/real/pc/2025.09.10/js/vendor.cabff38a66e79e50b20b.js (2)
[11523:7923271:0916/214537.678386:INFO:CONSOLE:2] "버튼 검사: se-text-format-toolbar-button se-property-toolbar-label-select-button __se-sentry, data-value: null", source: https://feblog.pstatic.net/real/pc/2025.09.10/js/vendor.cabff38a66e79e50b20b.js (2)
[11523:7923271:0916/214537.678394:INFO:CONSOLE:2] "버튼 검사: se-font-family-toolbar-button se-property-toolbar-label-select-button __se-sentry, data-value: null", source: https://feblog.pstatic.net/real/pc/2025.09.10/js/vendor.cabff38a66e79e50b20b.js (2)
[11523:7923271:0916/214537.678402:INFO:CONSOLE:2] "버튼 검사: se-font-size-code-toolbar-button se-property-toolbar-label-select-button __se-sentry, data-value: null", source: https://feblog.pstatic.net/real/pc/2025.09.10/js/vendor.cabff38a66e79e50b20b.js (2)
[11523:7923271:0916/214537.678411:INFO:CONSOLE:2] "버튼 검사: se-bold-toolbar-button se-property-toolbar-toggle-button __se-sentry, data-value: null", source: https://feblog.pstatic.net/real/pc/2025.09.10/js/vendor.cabff38a66e79e50b20b.js (2)
[11523:7923271:0916/214537.678421:INFO:CONSOLE:2] "버튼 검사: se-italic-toolbar-button se-property-toolbar-toggle-button __se-sentry, data-value: null", source: https://feblog.pstatic.net/real/pc/2025.09.10/js/vendor.cabff38a66e79e50b20b.js (2)
[11523:7923271:0916/214537.678429:INFO:CONSOLE:2] "버튼 검사: se-underline-toolbar-button se-property-toolbar-toggle-button __se-sentry, data-value: null", source: https://feblog.pstatic.net/real/pc/2025.09.10/js/vendor.cabff38a66e79e50b20b.js (2)
[11523:7923271:0916/214537.678438:INFO:CONSOLE:2] "버튼 검사: se-strikethrough-toolbar-button se-property-toolbar-toggle-button __se-sentry, data-value: null", source: https://feblog.pstatic.net/real/pc/2025.09.10/js/vendor.cabff38a66e79e50b20b.js (2)
[11523:7923271:0916/214537.678454:INFO:CONSOLE:2] "버튼 검사: se-property-toolbar-color-picker-button se-font-color-toolbar-button __se-sentry, data-value: null", source: https://feblog.pstatic.net/real/pc/2025.09.10/js/vendor.cabff38a66e79e50b20b.js (2)
[11523:7923271:0916/214537.678468:INFO:CONSOLE:2] "버튼 검사: se-property-toolbar-color-picker-button se-background-color-toolbar-button __se-sentry, data-value: null", source: https://feblog.pstatic.net/real/pc/2025.09.10/js/vendor.cabff38a66e79e50b20b.js (2)
[11523:7923271:0916/214537.678476:INFO:CONSOLE:2] "버튼 검사: se-property-toolbar-drop-down-button se-align-left-toolbar-button __se-sentry, data-value: null", source: https://feblog.pstatic.net/real/pc/2025.09.10/js/vendor.cabff38a66e79e50b20b.js (2)
[11523:7923271:0916/214537.678485:INFO:CONSOLE:2] "버튼 검사: se-property-toolbar-drop-down-button se-line-height-toolbar-button __se-sentry, data-value: null", source: https://feblog.pstatic.net/real/pc/2025.09.10/js/vendor.cabff38a66e79e50b20b.js (2)
[11523:7923271:0916/214537.678497:INFO:CONSOLE:2] "버튼 검사: se-property-toolbar-drop-down-button se-list-bullet-toolbar-button __se-sentry, data-value: null", source: https://feblog.pstatic.net/real/pc/2025.09.10/js/vendor.cabff38a66e79e50b20b.js (2)
[11523:7923271:0916/214537.678506:INFO:CONSOLE:2] "버튼 검사: se-drop-cap-toolbar-button se-property-toolbar-toggle-button __se-sentry, data-value: null", source: https://feblog.pstatic.net/real/pc/2025.09.10/js/vendor.cabff38a66e79e50b20b.js (2)
[11523:7923271:0916/214537.678517:INFO:CONSOLE:2] "버튼 검사: se-superscript-toolbar-button se-property-toolbar-toggle-button __se-sentry, data-value: null", source: https://feblog.pstatic.net/real/pc/2025.09.10/js/vendor.cabff38a66e79e50b20b.js (2)
[11523:7923271:0916/214537.678525:INFO:CONSOLE:2] "버튼 검사: se-subscript-toolbar-button se-property-toolbar-toggle-button __se-sentry, data-value: null", source: https://feblog.pstatic.net/real/pc/2025.09.10/js/vendor.cabff38a66e79e50b20b.js (2)
[11523:7923271:0916/214537.678534:INFO:CONSOLE:2] "버튼 검사: se-special-letter-toolbar-button se-property-toolbar-basic-button __se-sentry, data-value: null", source: https://feblog.pstatic.net/real/pc/2025.09.10/js/vendor.cabff38a66e79e50b20b.js (2)
[11523:7923271:0916/214537.678543:INFO:CONSOLE:2] "버튼 검사: se-link-toolbar-button se-property-toolbar-custom-layer-button __se-sentry, data-value: null", source: https://feblog.pstatic.net/real/pc/2025.09.10/js/vendor.cabff38a66e79e50b20b.js (2)
[11523:7923271:0916/214537.678552:INFO:CONSOLE:2] "버튼 검사: se-translation-toolbar-button se-property-toolbar-basic-button __se-sentry, data-value: null", source: https://feblog.pstatic.net/real/pc/2025.09.10/js/vendor.cabff38a66e79e50b20b.js (2)
[11523:7923271:0916/214537.678560:INFO:CONSOLE:2] "버튼 검사: se-speller-toolbar-button se-property-toolbar-basic-button __se-sentry, data-value: null", source: https://feblog.pstatic.net/real/pc/2025.09.10/js/vendor.cabff38a66e79e50b20b.js (2)
[11523:7923271:0916/214537.678569:INFO:CONSOLE:2] "버튼 검사: se-canvas-bottom-button __edge-area, data-value: null", source: https://feblog.pstatic.net/real/pc/2025.09.10/js/vendor.cabff38a66e79e50b20b.js (2)
[11523:7923271:0916/214537.678605:INFO:CONSOLE:2] "버튼 검사: se-insert-menu-button se-insert-menu-button-image, data-value: null", source: https://feblog.pstatic.net/real/pc/2025.09.10/js/vendor.cabff38a66e79e50b20b.js (2)
[11523:7923271:0916/214537.678638:INFO:CONSOLE:2] "버튼 검사: se-insert-menu-button se-insert-menu-button-sticker, data-value: null", source: https://feblog.pstatic.net/real/pc/2025.09.10/js/vendor.cabff38a66e79e50b20b.js (2)
[11523:7923271:0916/214537.678692:INFO:CONSOLE:2] "버튼 검사: se-insert-menu-button se-insert-menu-button-horizontalLine, data-value: null", source: https://feblog.pstatic.net/real/pc/2025.09.10/js/vendor.cabff38a66e79e50b20b.js (2)
[11523:7923271:0916/214537.678728:INFO:CONSOLE:2] "버튼 검사: se-insert-menu-sub-panel-button se-insert-menu-sub-panel-button-horizontalLine-default, data-value: null", source: https://feblog.pstatic.net/real/pc/2025.09.10/js/vendor.cabff38a66e79e50b20b.js (2)
[11523:7923271:0916/214537.678806:INFO:CONSOLE:2] "버튼 검사: se-insert-menu-sub-panel-button se-insert-menu-sub-panel-button-horizontalLine-line1, data-value: null", source: https://feblog.pstatic.net/real/pc/2025.09.10/js/vendor.cabff38a66e79e50b20b.js (2)
[11523:7923271:0916/214537.678832:INFO:CONSOLE:2] "버튼 검사: se-insert-menu-sub-panel-button se-insert-menu-sub-panel-button-horizontalLine-line2, data-value: null", source: https://feblog.pstatic.net/real/pc/2025.09.10/js/vendor.cabff38a66e79e50b20b.js (2)
[11523:7923271:0916/214537.678874:INFO:CONSOLE:2] "버튼 검사: se-insert-menu-sub-panel-button se-insert-menu-sub-panel-button-horizontalLine-line3, data-value: null", source: https://feblog.pstatic.net/real/pc/2025.09.10/js/vendor.cabff38a66e79e50b20b.js (2)
[11523:7923271:0916/214537.678887:INFO:CONSOLE:2] "버튼 검사: se-insert-menu-sub-panel-button se-insert-menu-sub-panel-button-horizontalLine-line4, data-value: null", source: https://feblog.pstatic.net/real/pc/2025.09.10/js/vendor.cabff38a66e79e50b20b.js (2)
[11523:7923271:0916/214537.678897:INFO:CONSOLE:2] "버튼 검사: se-insert-menu-sub-panel-button se-insert-menu-sub-panel-button-horizontalLine-line5, data-value: null", source: https://feblog.pstatic.net/real/pc/2025.09.10/js/vendor.cabff38a66e79e50b20b.js (2)
[11523:7923271:0916/214537.678908:INFO:CONSOLE:2] "버튼 검사: se-insert-menu-sub-panel-button se-insert-menu-sub-panel-button-horizontalLine-line6, data-value: null", source: https://feblog.pstatic.net/real/pc/2025.09.10/js/vendor.cabff38a66e79e50b20b.js (2)
[11523:7923271:0916/214537.678916:INFO:CONSOLE:2] "버튼 검사: se-insert-menu-sub-panel-button se-insert-menu-sub-panel-button-horizontalLine-line7, data-value: null", source: https://feblog.pstatic.net/real/pc/2025.09.10/js/vendor.cabff38a66e79e50b20b.js (2)
[11523:7923271:0916/214537.678948:INFO:CONSOLE:2] "버튼 검사: se-insert-menu-button se-insert-menu-button-quotation, data-value: null", source: https://feblog.pstatic.net/real/pc/2025.09.10/js/vendor.cabff38a66e79e50b20b.js (2)
[11523:7923271:0916/214537.678995:INFO:CONSOLE:2] "버튼 검사: se-insert-menu-sub-panel-button se-insert-menu-sub-panel-button-quotation-default, data-value: null", source: https://feblog.pstatic.net/real/pc/2025.09.10/js/vendor.cabff38a66e79e50b20b.js (2)
[11523:7923271:0916/214537.679005:INFO:CONSOLE:2] "버튼 검사: se-insert-menu-sub-panel-button se-insert-menu-sub-panel-button-quotation-quotation_line, data-value: null", source: https://feblog.pstatic.net/real/pc/2025.09.10/js/vendor.cabff38a66e79e50b20b.js (2)
[11523:7923271:0916/214537.679042:INFO:CONSOLE:2] "버튼 검사: se-insert-menu-sub-panel-button se-insert-menu-sub-panel-button-quotation-quotation_bubble, data-value: null", source: https://feblog.pstatic.net/real/pc/2025.09.10/js/vendor.cabff38a66e79e50b20b.js (2)
[11523:7923271:0916/214537.679115:INFO:CONSOLE:2] "버튼 검사: se-insert-menu-sub-panel-button se-insert-menu-sub-panel-button-quotation-quotation_underline, data-value: null", source: https://feblog.pstatic.net/real/pc/2025.09.10/js/vendor.cabff38a66e79e50b20b.js (2)
[11523:7923271:0916/214537.679130:INFO:CONSOLE:2] "버튼 검사: se-insert-menu-sub-panel-button se-insert-menu-sub-panel-button-quotation-quotation_postit, data-value: null", source: https://feblog.pstatic.net/real/pc/2025.09.10/js/vendor.cabff38a66e79e50b20b.js (2)
[11523:7923271:0916/214537.679163:INFO:CONSOLE:2] "버튼 검사: se-insert-menu-sub-panel-button se-insert-menu-sub-panel-button-quotation-quotation_corner, data-value: null", source: https://feblog.pstatic.net/real/pc/2025.09.10/js/vendor.cabff38a66e79e50b20b.js (2)
[11523:7923271:0916/214537.679210:INFO:CONSOLE:2] "버튼 검사: se-util-button __mode-button se-util-button-device-desktop, data-value: null", source: https://feblog.pstatic.net/real/pc/2025.09.10/js/vendor.cabff38a66e79e50b20b.js (2)
[11523:7923271:0916/214537.679225:INFO:CONSOLE:2] "버튼 검사: se-floating-search-button, data-value: null", source: https://feblog.pstatic.net/real/pc/2025.09.10/js/vendor.cabff38a66e79e50b20b.js (2)
[11523:7923271:0916/214537.679254:INFO:CONSOLE:2] "버튼 검사: se-floating-category-button-book, data-value: null", source: https://feblog.pstatic.net/real/pc/2025.09.10/js/vendor.cabff38a66e79e50b20b.js (2)
[11523:7923271:0916/214537.679284:INFO:CONSOLE:2] "버튼 검사: se-floating-category-button-show, data-value: null", source: https://feblog.pstatic.net/real/pc/2025.09.10/js/vendor.cabff38a66e79e50b20b.js (2)
[11523:7923271:0916/214537.679311:INFO:CONSOLE:2] "버튼 검사: se-floating-category-button-movie, data-value: null", source: https://feblog.pstatic.net/real/pc/2025.09.10/js/vendor.cabff38a66e79e50b20b.js (2)
[11523:7923271:0916/214537.679349:INFO:CONSOLE:2] "버튼 검사: se-floating-category-button-broadcast, data-value: null", source: https://feblog.pstatic.net/real/pc/2025.09.10/js/vendor.cabff38a66e79e50b20b.js (2)
[11523:7923271:0916/214537.679361:INFO:CONSOLE:2] "버튼 검사: se-floating-category-button-shopping, data-value: null", source: https://feblog.pstatic.net/real/pc/2025.09.10/js/vendor.cabff38a66e79e50b20b.js (2)
[11523:7923271:0916/214537.679395:INFO:CONSOLE:2] "버튼 검사: se-floating-category-button-music, data-value: null", source: https://feblog.pstatic.net/real/pc/2025.09.10/js/vendor.cabff38a66e79e50b20b.js (2)
[11523:7923271:0916/214537.679408:INFO:CONSOLE:2] "버튼 검사: se-floating-category-button-photo, data-value: null", source: https://feblog.pstatic.net/real/pc/2025.09.10/js/vendor.cabff38a66e79e50b20b.js (2)
[11523:7923271:0916/214537.679430:INFO:CONSOLE:2] "버튼 검사: se-floating-category-button-news, data-value: null", source: https://feblog.pstatic.net/real/pc/2025.09.10/js/vendor.cabff38a66e79e50b20b.js (2)
[11523:7923271:0916/214537.679457:INFO:CONSOLE:2] "버튼 검사: se-floating-category-button-shrink, data-value: null", source: https://feblog.pstatic.net/real/pc/2025.09.10/js/vendor.cabff38a66e79e50b20b.js (2)
[11523:7923271:0916/214538.701852:INFO:CONSOLE:2] "이미지 팝업 버튼 클릭: 확인", source: https://feblog.pstatic.net/real/pc/2025.09.10/js/vendor.cabff38a66e79e50b20b.js (2)
[11523:7923271:0916/214538.701986:INFO:CONSOLE:2] "클립보드 읽기 권한 상태: granted", source: https://feblog.pstatic.net/real/pc/2025.09.10/js/vendor.cabff38a66e79e50b20b.js (2)
[11523:7923271:0916/214539.652132:INFO:CONSOLE:2] "키보드 입력 차단 및 포커스 정리 완료", source: https://feblog.pstatic.net/real/pc/2025.09.10/js/vendor.cabff38a66e79e50b20b.js (2)
[11523:7923271:0916/214542.975316:INFO:CONSOLE:2] "이미지 팝업 버튼 클릭: 확인", source: https://feblog.pstatic.net/real/pc/2025.09.10/js/vendor.cabff38a66e79e50b20b.js (2)
[11523:7923271:0916/214542.987425:INFO:CONSOLE:2] "클립보드 읽기 권한 상태: granted", source: https://feblog.pstatic.net/real/pc/2025.09.10/js/vendor.cabff38a66e79e50b20b.js (2)
[11523:7923271:0916/214544.709839:INFO:CONSOLE:2] "=== 최강화된 확인 버튼 찾기 시작 ===", source: https://feblog.pstatic.net/real/pc/2025.09.10/js/vendor.cabff38a66e79e50b20b.js (2)
[11523:7923271:0916/214544.709880:INFO:CONSOLE:2] "현재 페이지의 모든 버튼 상황:", source: https://feblog.pstatic.net/real/pc/2025.09.10/js/vendor.cabff38a66e79e50b20b.js (2)
[11523:7923271:0916/214544.709989:INFO:CONSOLE:2] "버튼 1: [object Object]", source: https://feblog.pstatic.net/real/pc/2025.09.10/js/vendor.cabff38a66e79e50b20b.js (2)
[11523:7923271:0916/214544.710628:INFO:CONSOLE:2] "버튼 2: [object Object]", source: https://feblog.pstatic.net/real/pc/2025.09.10/js/vendor.cabff38a66e79e50b20b.js (2)
[11523:7923271:0916/214544.710684:INFO:CONSOLE:2] "버튼 3: [object Object]", source: https://feblog.pstatic.net/real/pc/2025.09.10/js/vendor.cabff38a66e79e50b20b.js (2)
[11523:7923271:0916/214544.710736:INFO:CONSOLE:2] "버튼 4: [object Object]", source: https://feblog.pstatic.net/real/pc/2025.09.10/js/vendor.cabff38a66e79e50b20b.js (2)
[11523:7923271:0916/214544.710795:INFO:CONSOLE:2] "버튼 5: [object Object]", source: https://feblog.pstatic.net/real/pc/2025.09.10/js/vendor.cabff38a66e79e50b20b.js (2)
[11523:7923271:0916/214544.710849:INFO:CONSOLE:2] "버튼 6: [object Object]", source: https://feblog.pstatic.net/real/pc/2025.09.10/js/vendor.cabff38a66e79e50b20b.js (2)
[11523:7923271:0916/214544.710902:INFO:CONSOLE:2] "버튼 7: [object Object]", source: https://feblog.pstatic.net/real/pc/2025.09.10/js/vendor.cabff38a66e79e50b20b.js (2)
[11523:7923271:0916/214544.710952:INFO:CONSOLE:2] "버튼 8: [object Object]", source: https://feblog.pstatic.net/real/pc/2025.09.10/js/vendor.cabff38a66e79e50b20b.js (2)
[11523:7923271:0916/214544.711014:INFO:CONSOLE:2] "버튼 9: [object Object]", source: https://feblog.pstatic.net/real/pc/2025.09.10/js/vendor.cabff38a66e79e50b20b.js (2)
[11523:7923271:0916/214544.711065:INFO:CONSOLE:2] "버튼 10: [object Object]", source: https://feblog.pstatic.net/real/pc/2025.09.10/js/vendor.cabff38a66e79e50b20b.js (2)
[11523:7923271:0916/214544.711119:INFO:CONSOLE:2] "버튼 11: [object Object]", source: https://feblog.pstatic.net/real/pc/2025.09.10/js/vendor.cabff38a66e79e50b20b.js (2)
[11523:7923271:0916/214544.711171:INFO:CONSOLE:2] "버튼 12: [object Object]", source: https://feblog.pstatic.net/real/pc/2025.09.10/js/vendor.cabff38a66e79e50b20b.js (2)
[11523:7923271:0916/214544.711222:INFO:CONSOLE:2] "버튼 13: [object Object]", source: https://feblog.pstatic.net/real/pc/2025.09.10/js/vendor.cabff38a66e79e50b20b.js (2)
[11523:7923271:0916/214544.711259:INFO:CONSOLE:2] "버튼 14: [object Object]", source: https://feblog.pstatic.net/real/pc/2025.09.10/js/vendor.cabff38a66e79e50b20b.js (2)
[11523:7923271:0916/214544.711310:INFO:CONSOLE:2] "버튼 15: [object Object]", source: https://feblog.pstatic.net/real/pc/2025.09.10/js/vendor.cabff38a66e79e50b20b.js (2)
[11523:7923271:0916/214544.711369:INFO:CONSOLE:2] "버튼 16: [object Object]", source: https://feblog.pstatic.net/real/pc/2025.09.10/js/vendor.cabff38a66e79e50b20b.js (2)
[11523:7923271:0916/214544.711420:INFO:CONSOLE:2] "버튼 17: [object Object]", source: https://feblog.pstatic.net/real/pc/2025.09.10/js/vendor.cabff38a66e79e50b20b.js (2)
[11523:7923271:0916/214544.711472:INFO:CONSOLE:2] "버튼 18: [object Object]", source: https://feblog.pstatic.net/real/pc/2025.09.10/js/vendor.cabff38a66e79e50b20b.js (2)
[11523:7923271:0916/214544.711510:INFO:CONSOLE:2] "버튼 19: [object Object]", source: https://feblog.pstatic.net/real/pc/2025.09.10/js/vendor.cabff38a66e79e50b20b.js (2)
[11523:7923271:0916/214544.711560:INFO:CONSOLE:2] "버튼 20: [object Object]", source: https://feblog.pstatic.net/real/pc/2025.09.10/js/vendor.cabff38a66e79e50b20b.js (2)
[11523:7923271:0916/214544.711612:INFO:CONSOLE:2] "버튼 21: [object Object]", source: https://feblog.pstatic.net/real/pc/2025.09.10/js/vendor.cabff38a66e79e50b20b.js (2)
[11523:7923271:0916/214544.711661:INFO:CONSOLE:2] "버튼 22: [object Object]", source: https://feblog.pstatic.net/real/pc/2025.09.10/js/vendor.cabff38a66e79e50b20b.js (2)
[11523:7923271:0916/214544.711725:INFO:CONSOLE:2] "버튼 23: [object Object]", source: https://feblog.pstatic.net/real/pc/2025.09.10/js/vendor.cabff38a66e79e50b20b.js (2)
[11523:7923271:0916/214544.711766:INFO:CONSOLE:2] "버튼 24: [object Object]", source: https://feblog.pstatic.net/real/pc/2025.09.10/js/vendor.cabff38a66e79e50b20b.js (2)
[11523:7923271:0916/214544.711810:INFO:CONSOLE:2] "버튼 25: [object Object]", source: https://feblog.pstatic.net/real/pc/2025.09.10/js/vendor.cabff38a66e79e50b20b.js (2)
[11523:7923271:0916/214544.711856:INFO:CONSOLE:2] "버튼 26: [object Object]", source: https://feblog.pstatic.net/real/pc/2025.09.10/js/vendor.cabff38a66e79e50b20b.js (2)
[11523:7923271:0916/214544.711908:INFO:CONSOLE:2] "버튼 27: [object Object]", source: https://feblog.pstatic.net/real/pc/2025.09.10/js/vendor.cabff38a66e79e50b20b.js (2)
[11523:7923271:0916/214544.711945:INFO:CONSOLE:2] "버튼 28: [object Object]", source: https://feblog.pstatic.net/real/pc/2025.09.10/js/vendor.cabff38a66e79e50b20b.js (2)
[11523:7923271:0916/214544.712000:INFO:CONSOLE:2] "버튼 29: [object Object]", source: https://feblog.pstatic.net/real/pc/2025.09.10/js/vendor.cabff38a66e79e50b20b.js (2)
[11523:7923271:0916/214544.712040:INFO:CONSOLE:2] "버튼 30: [object Object]", source: https://feblog.pstatic.net/real/pc/2025.09.10/js/vendor.cabff38a66e79e50b20b.js (2)
[11523:7923271:0916/214544.712105:INFO:CONSOLE:2] "버튼 31: [object Object]", source: https://feblog.pstatic.net/real/pc/2025.09.10/js/vendor.cabff38a66e79e50b20b.js (2)
[11523:7923271:0916/214544.712138:INFO:CONSOLE:2] "버튼 32: [object Object]", source: https://feblog.pstatic.net/real/pc/2025.09.10/js/vendor.cabff38a66e79e50b20b.js (2)
[11523:7923271:0916/214544.712179:INFO:CONSOLE:2] "버튼 33: [object Object]", source: https://feblog.pstatic.net/real/pc/2025.09.10/js/vendor.cabff38a66e79e50b20b.js (2)
[11523:7923271:0916/214544.712231:INFO:CONSOLE:2] "버튼 34: [object Object]", source: https://feblog.pstatic.net/real/pc/2025.09.10/js/vendor.cabff38a66e79e50b20b.js (2)
[11523:7923271:0916/214544.712280:INFO:CONSOLE:2] "버튼 35: [object Object]", source: https://feblog.pstatic.net/real/pc/2025.09.10/js/vendor.cabff38a66e79e50b20b.js (2)
[11523:7923271:0916/214544.712325:INFO:CONSOLE:2] "버튼 36: [object Object]", source: https://feblog.pstatic.net/real/pc/2025.09.10/js/vendor.cabff38a66e79e50b20b.js (2)
[11523:7923271:0916/214544.712373:INFO:CONSOLE:2] "버튼 37: [object Object]", source: https://feblog.pstatic.net/real/pc/2025.09.10/js/vendor.cabff38a66e79e50b20b.js (2)
[11523:7923271:0916/214544.712446:INFO:CONSOLE:2] "버튼 38: [object Object]", source: https://feblog.pstatic.net/real/pc/2025.09.10/js/vendor.cabff38a66e79e50b20b.js (2)
[11523:7923271:0916/214544.712474:INFO:CONSOLE:2] "버튼 39: [object Object]", source: https://feblog.pstatic.net/real/pc/2025.09.10/js/vendor.cabff38a66e79e50b20b.js (2)
[11523:7923271:0916/214544.712520:INFO:CONSOLE:2] "버튼 40: [object Object]", source: https://feblog.pstatic.net/real/pc/2025.09.10/js/vendor.cabff38a66e79e50b20b.js (2)
[11523:7923271:0916/214544.712568:INFO:CONSOLE:2] "버튼 41: [object Object]", source: https://feblog.pstatic.net/real/pc/2025.09.10/js/vendor.cabff38a66e79e50b20b.js (2)
[11523:7923271:0916/214544.712638:INFO:CONSOLE:2] "버튼 42: [object Object]", source: https://feblog.pstatic.net/real/pc/2025.09.10/js/vendor.cabff38a66e79e50b20b.js (2)
[11523:7923271:0916/214544.712703:INFO:CONSOLE:2] "버튼 43: [object Object]", source: https://feblog.pstatic.net/real/pc/2025.09.10/js/vendor.cabff38a66e79e50b20b.js (2)
[11523:7923271:0916/214544.712718:INFO:CONSOLE:2] "버튼 44: [object Object]", source: https://feblog.pstatic.net/real/pc/2025.09.10/js/vendor.cabff38a66e79e50b20b.js (2)
[11523:7923271:0916/214544.712757:INFO:CONSOLE:2] "버튼 46: [object Object]", source: https://feblog.pstatic.net/real/pc/2025.09.10/js/vendor.cabff38a66e79e50b20b.js (2)
[11523:7923271:0916/214544.712850:INFO:CONSOLE:2] "버튼 48: [object Object]", source: https://feblog.pstatic.net/real/pc/2025.09.10/js/vendor.cabff38a66e79e50b20b.js (2)
[11523:7923271:0916/214544.712902:INFO:CONSOLE:2] "버튼 49: [object Object]", source: https://feblog.pstatic.net/real/pc/2025.09.10/js/vendor.cabff38a66e79e50b20b.js (2)
[11523:7923271:0916/214544.712916:INFO:CONSOLE:2] "버튼 51: [object Object]", source: https://feblog.pstatic.net/real/pc/2025.09.10/js/vendor.cabff38a66e79e50b20b.js (2)
[11523:7923271:0916/214544.712946:INFO:CONSOLE:2] "버튼 71: [object Object]", source: https://feblog.pstatic.net/real/pc/2025.09.10/js/vendor.cabff38a66e79e50b20b.js (2)
[11523:7923271:0916/214544.713005:INFO:CONSOLE:2] "버튼 72: [object Object]", source: https://feblog.pstatic.net/real/pc/2025.09.10/js/vendor.cabff38a66e79e50b20b.js (2)
[11523:7923271:0916/214544.713068:INFO:CONSOLE:2] "버튼 73: [object Object]", source: https://feblog.pstatic.net/real/pc/2025.09.10/js/vendor.cabff38a66e79e50b20b.js (2)
[11523:7923271:0916/214544.713102:INFO:CONSOLE:2] "버튼 74: [object Object]", source: https://feblog.pstatic.net/real/pc/2025.09.10/js/vendor.cabff38a66e79e50b20b.js (2)
[11523:7923271:0916/214544.713149:INFO:CONSOLE:2] "버튼 75: [object Object]", source: https://feblog.pstatic.net/real/pc/2025.09.10/js/vendor.cabff38a66e79e50b20b.js (2)
[11523:7923271:0916/214544.713197:INFO:CONSOLE:2] "버튼 76: [object Object]", source: https://feblog.pstatic.net/real/pc/2025.09.10/js/vendor.cabff38a66e79e50b20b.js (2)
[11523:7923271:0916/214544.713239:INFO:CONSOLE:2] "버튼 77: [object Object]", source: https://feblog.pstatic.net/real/pc/2025.09.10/js/vendor.cabff38a66e79e50b20b.js (2)
[11523:7923271:0916/214544.713280:INFO:CONSOLE:2] "버튼 78: [object Object]", source: https://feblog.pstatic.net/real/pc/2025.09.10/js/vendor.cabff38a66e79e50b20b.js (2)
[11523:7923271:0916/214544.713338:INFO:CONSOLE:2] "버튼 79: [object Object]", source: https://feblog.pstatic.net/real/pc/2025.09.10/js/vendor.cabff38a66e79e50b20b.js (2)
[11523:7923271:0916/214544.713385:INFO:CONSOLE:2] "버튼 80: [object Object]", source: https://feblog.pstatic.net/real/pc/2025.09.10/js/vendor.cabff38a66e79e50b20b.js (2)
[11523:7923271:0916/214544.713427:INFO:CONSOLE:2] "버튼 81: [object Object]", source: https://feblog.pstatic.net/real/pc/2025.09.10/js/vendor.cabff38a66e79e50b20b.js (2)
[11523:7923271:0916/214544.713460:INFO:CONSOLE:2] "버튼 82: [object Object]", source: https://feblog.pstatic.net/real/pc/2025.09.10/js/vendor.cabff38a66e79e50b20b.js (2)
[11523:7923271:0916/214544.713520:INFO:CONSOLE:2] "버튼 83: [object Object]", source: https://feblog.pstatic.net/real/pc/2025.09.10/js/vendor.cabff38a66e79e50b20b.js (2)
[11523:7923271:0916/214544.713556:INFO:CONSOLE:2] "버튼 84: [object Object]", source: https://feblog.pstatic.net/real/pc/2025.09.10/js/vendor.cabff38a66e79e50b20b.js (2)
[11523:7923271:0916/214544.713615:INFO:CONSOLE:2] "버튼 85: [object Object]", source: https://feblog.pstatic.net/real/pc/2025.09.10/js/vendor.cabff38a66e79e50b20b.js (2)
[11523:7923271:0916/214544.713647:INFO:CONSOLE:2] "1단계: 정확한 선택자로 시도...", source: https://feblog.pstatic.net/real/pc/2025.09.10/js/vendor.cabff38a66e79e50b20b.js (2)
[11523:7923271:0916/214544.713804:INFO:CONSOLE:2] "2단계: 모든 보이는 확인 버튼 찾기...", source: https://feblog.pstatic.net/real/pc/2025.09.10/js/vendor.cabff38a66e79e50b20b.js (2)
[11523:7923271:0916/214544.714019:INFO:CONSOLE:2] "3단계: confirm 클래스명 버튼 찾기...", source: https://feblog.pstatic.net/real/pc/2025.09.10/js/vendor.cabff38a66e79e50b20b.js (2)
[11523:7923271:0916/214544.714094:INFO:CONSOLE:2] "4단계: data-log ok 버튼 찾기...", source: https://feblog.pstatic.net/real/pc/2025.09.10/js/vendor.cabff38a66e79e50b20b.js (2)
[11523:7923271:0916/214544.714129:INFO:CONSOLE:2] "✅ data-log ok 버튼 클릭: matflt.book", source: https://feblog.pstatic.net/real/pc/2025.09.10/js/vendor.cabff38a66e79e50b20b.js (2)
[11523:7923271:0916/214546.946967:INFO:CONSOLE:2] "키보드 입력 차단 해제 완료", source: https://feblog.pstatic.net/real/pc/2025.09.10/js/vendor.cabff38a66e79e50b20b.js (2)
[11523:7923271:0916/214547.579158:INFO:CONSOLE:2] "클립보드 읽기 권한 상태: granted", source: https://feblog.pstatic.net/real/pc/2025.09.10/js/vendor.cabff38a66e79e50b20b.js (2)
[11523:7923271:0916/214552.551480:INFO:CONSOLE:2] "클립보드 읽기 권한 상태: granted", source: https://feblog.pstatic.net/real/pc/2025.09.10/js/vendor.cabff38a66e79e50b20b.js (2)
[11523:7923271:0916/214554.520628:INFO:CONSOLE:2] "클립보드 읽기 권한 상태: granted", source: https://feblog.pstatic.net/real/pc/2025.09.10/js/vendor.cabff38a66e79e50b20b.js (2)
[11523:7923271:0916/214556.474846:INFO:CONSOLE:25] "클립보드 읽기 권한 상태: granted", source:  (25)
[11523:7923271:0916/214557.303326:INFO:CONSOLE:25] "클립보드 읽기 권한 상태: granted", source:  (25)
[11523:7923271:0916/214558.135478:INFO:CONSOLE:25] "클립보드 읽기 권한 상태: granted", source:  (25)
[11523:7923271:0916/214608.000964:INFO:CONSOLE:2] "키보드 입력 차단 및 포커스 정리 완료", source: https://feblog.pstatic.net/real/pc/2025.09.10/js/vendor.cabff38a66e79e50b20b.js (2)
[11523:7923271:0916/214613.085636:INFO:CONSOLE:5] "=== 최강화된 확인 버튼 찾기 시작 ===", source:  (5)
[11523:7923271:0916/214613.085780:INFO:CONSOLE:8] "현재 페이지의 모든 버튼 상황:", source:  (8)
[11523:7923271:0916/214613.085834:INFO:CONSOLE:32] "1단계: 정확한 선택자로 시도...", source:  (32)
[11523:7923271:0916/214613.085867:INFO:CONSOLE:43] "2단계: 모든 보이는 확인 버튼 찾기...", source:  (43)
[11523:7923271:0916/214613.085951:INFO:CONSOLE:62] "3단계: confirm 클래스명 버튼 찾기...", source:  (62)
[11523:7923271:0916/214613.085998:INFO:CONSOLE:73] "4단계: data-log ok 버튼 찾기...", source:  (73)
[11523:7923271:0916/214613.086041:INFO:CONSOLE:84] "5단계: 팝업 마지막 버튼 시도...", source:  (84)
[11523:7923271:0916/214613.086126:INFO:CONSOLE:100] "❌ 모든 방법으로도 확인 버튼을 찾을 수 없음", source:  (100)
[11523:7923271:0916/214613.113234:INFO:CONSOLE:4] "=== 디버깅: 현재 페이지의 모든 버튼 정보 ===", source:  (4)
[11523:7923271:0916/214613.331430:INFO:CONSOLE:5] "키보드 입력 차단 해제 완료", source:  (5)
[11523:7923271:0916/214624.958076:INFO:CONSOLE:275] "Google Maps JavaScript API has been loaded directly without loading=async. This can result in suboptimal performance. For best-practice loading patterns please see https://goo.gle/js-api-loading", source: https://maps.google.co.kr/maps/api/js?v=3&client=gme-nhncorp&language=ko&channel=naver_blog (275)
[11523:7923271:0916/214647.623398:INFO:CONSOLE:2] "클립보드 읽기 권한 상태: granted", source: https://feblog.pstatic.net/real/pc/2025.09.10/js/vendor.cabff38a66e79e50b20b.js (2)
[11523:7923271:0916/214651.534077:INFO:CONSOLE:2] "클립보드 읽기 권한 상태: granted", source: https://feblog.pstatic.net/real/pc/2025.09.10/js/vendor.cabff38a66e79e50b20b.js (2)
[11523:7923271:0916/214655.217182:INFO:CONSOLE:2] "클립보드 읽기 권한 상태: granted", source: https://feblog.pstatic.net/real/pc/2025.09.10/js/vendor.cabff38a66e79e50b20b.js (2)
[11523:7923271:0916/214658.265265:INFO:CONSOLE:2] "클립보드 읽기 권한 상태: granted", source: https://feblog.pstatic.net/real/pc/2025.09.10/js/vendor.cabff38a66e79e50b20b.js (2)
[11523:7923271:0916/214700.213009:INFO:CONSOLE:2] "클립보드 읽기 권한 상태: granted", source: https://feblog.pstatic.net/real/pc/2025.09.10/js/vendor.cabff38a66e79e50b20b.js (2)
[11523:7923271:0916/214702.164163:INFO:CONSOLE:2] "클립보드 읽기 권한 상태: granted", source: https://feblog.pstatic.net/real/pc/2025.09.10/js/vendor.cabff38a66e79e50b20b.js (2)
[11523:7923271:0916/214702.698115:INFO:CONSOLE:1] "File chooser dialog can only be shown with a user activation.", source: https://editor-static.pstatic.net/e/basic.desktop/1.69.0/se-editor.js?t=1755855480440 (1)
[11523:7923271:0916/214704.138639:INFO:CONSOLE:2] "클립보드 읽기 권한 상태: granted", source: https://feblog.pstatic.net/real/pc/2025.09.10/js/vendor.cabff38a66e79e50b20b.js (2)
[11523:7923271:0916/214704.662509:INFO:CONSOLE:1] "File chooser dialog can only be shown with a user activation.", source: https://editor-static.pstatic.net/e/basic.desktop/1.69.0/se-editor.js?t=1755855480440 (1)
[11523:7923271:0916/214706.127468:INFO:CONSOLE:2] "클립보드 읽기 권한 상태: granted", source: https://feblog.pstatic.net/real/pc/2025.09.10/js/vendor.cabff38a66e79e50b20b.js (2)
[11523:7923271:0916/214706.654299:INFO:CONSOLE:1] "File chooser dialog can only be shown with a user activation.", source: https://editor-static.pstatic.net/e/basic.desktop/1.69.0/se-editor.js?t=1755855480440 (1)
[11523:7923271:0916/214708.116641:INFO:CONSOLE:2] "클립보드 읽기 권한 상태: granted", source: https://feblog.pstatic.net/real/pc/2025.09.10/js/vendor.cabff38a66e79e50b20b.js (2)
[11523:7923271:0916/214708.636703:INFO:CONSOLE:1] "File chooser dialog can only be shown with a user activation.", source: https://editor-static.pstatic.net/e/basic.desktop/1.69.0/se-editor.js?t=1755855480440 (1)
[11523:7923271:0916/214710.069850:INFO:CONSOLE:2] "클립보드 읽기 권한 상태: granted", source: https://feblog.pstatic.net/real/pc/2025.09.10/js/vendor.cabff38a66e79e50b20b.js (2)
[11523:7923271:0916/214710.600498:INFO:CONSOLE:1] "File chooser dialog can only be shown with a user activation.", source: https://editor-static.pstatic.net/e/basic.desktop/1.69.0/se-editor.js?t=1755855480440 (1)
[11523:7923271:0916/214720.746176:INFO:CONSOLE:2] "키보드 입력 차단 및 포커스 정리 완료", source: https://feblog.pstatic.net/real/pc/2025.09.10/js/vendor.cabff38a66e79e50b20b.js (2)
[11523:7923271:0916/214725.817124:INFO:CONSOLE:2] "=== 최강화된 확인 버튼 찾기 시작 ===", source: https://feblog.pstatic.net/real/pc/2025.09.10/js/vendor.cabff38a66e79e50b20b.js (2)
[11523:7923271:0916/214725.817192:INFO:CONSOLE:2] "현재 페이지의 모든 버튼 상황:", source: https://feblog.pstatic.net/real/pc/2025.09.10/js/vendor.cabff38a66e79e50b20b.js (2)
[11523:7923271:0916/214725.817532:INFO:CONSOLE:2] "버튼 1: [object Object]", source: https://feblog.pstatic.net/real/pc/2025.09.10/js/vendor.cabff38a66e79e50b20b.js (2)
[11523:7923271:0916/214725.818258:INFO:CONSOLE:2] "버튼 2: [object Object]", source: https://feblog.pstatic.net/real/pc/2025.09.10/js/vendor.cabff38a66e79e50b20b.js (2)
[11523:7923271:0916/214725.818369:INFO:CONSOLE:2] "버튼 3: [object Object]", source: https://feblog.pstatic.net/real/pc/2025.09.10/js/vendor.cabff38a66e79e50b20b.js (2)
[11523:7923271:0916/214725.818463:INFO:CONSOLE:2] "버튼 4: [object Object]", source: https://feblog.pstatic.net/real/pc/2025.09.10/js/vendor.cabff38a66e79e50b20b.js (2)
[11523:7923271:0916/214725.818559:INFO:CONSOLE:2] "버튼 5: [object Object]", source: https://feblog.pstatic.net/real/pc/2025.09.10/js/vendor.cabff38a66e79e50b20b.js (2)
[11523:7923271:0916/214725.818645:INFO:CONSOLE:2] "버튼 6: [object Object]", source: https://feblog.pstatic.net/real/pc/2025.09.10/js/vendor.cabff38a66e79e50b20b.js (2)
[11523:7923271:0916/214725.818744:INFO:CONSOLE:2] "버튼 7: [object Object]", source: https://feblog.pstatic.net/real/pc/2025.09.10/js/vendor.cabff38a66e79e50b20b.js (2)
[11523:7923271:0916/214725.818853:INFO:CONSOLE:2] "버튼 8: [object Object]", source: https://feblog.pstatic.net/real/pc/2025.09.10/js/vendor.cabff38a66e79e50b20b.js (2)
[11523:7923271:0916/214725.819029:INFO:CONSOLE:2] "버튼 9: [object Object]", source: https://feblog.pstatic.net/real/pc/2025.09.10/js/vendor.cabff38a66e79e50b20b.js (2)
[11523:7923271:0916/214725.819156:INFO:CONSOLE:2] "버튼 10: [object Object]", source: https://feblog.pstatic.net/real/pc/2025.09.10/js/vendor.cabff38a66e79e50b20b.js (2)
[11523:7923271:0916/214725.819287:INFO:CONSOLE:2] "버튼 11: [object Object]", source: https://feblog.pstatic.net/real/pc/2025.09.10/js/vendor.cabff38a66e79e50b20b.js (2)
[11523:7923271:0916/214725.819416:INFO:CONSOLE:2] "버튼 12: [object Object]", source: https://feblog.pstatic.net/real/pc/2025.09.10/js/vendor.cabff38a66e79e50b20b.js (2)
[11523:7923271:0916/214725.819547:INFO:CONSOLE:2] "버튼 13: [object Object]", source: https://feblog.pstatic.net/real/pc/2025.09.10/js/vendor.cabff38a66e79e50b20b.js (2)
[11523:7923271:0916/214725.819657:INFO:CONSOLE:2] "버튼 14: [object Object]", source: https://feblog.pstatic.net/real/pc/2025.09.10/js/vendor.cabff38a66e79e50b20b.js (2)
[11523:7923271:0916/214725.820063:INFO:CONSOLE:2] "버튼 15: [object Object]", source: https://feblog.pstatic.net/real/pc/2025.09.10/js/vendor.cabff38a66e79e50b20b.js (2)
[11523:7923271:0916/214725.820099:INFO:CONSOLE:2] "버튼 16: [object Object]", source: https://feblog.pstatic.net/real/pc/2025.09.10/js/vendor.cabff38a66e79e50b20b.js (2)
[11523:7923271:0916/214725.820126:INFO:CONSOLE:2] "버튼 17: [object Object]", source: https://feblog.pstatic.net/real/pc/2025.09.10/js/vendor.cabff38a66e79e50b20b.js (2)
[11523:7923271:0916/214725.820152:INFO:CONSOLE:2] "버튼 18: [object Object]", source: https://feblog.pstatic.net/real/pc/2025.09.10/js/vendor.cabff38a66e79e50b20b.js (2)
[11523:7923271:0916/214725.820272:INFO:CONSOLE:2] "버튼 19: [object Object]", source: https://feblog.pstatic.net/real/pc/2025.09.10/js/vendor.cabff38a66e79e50b20b.js (2)
[11523:7923271:0916/214725.820318:INFO:CONSOLE:2] "버튼 20: [object Object]", source: https://feblog.pstatic.net/real/pc/2025.09.10/js/vendor.cabff38a66e79e50b20b.js (2)
[11523:7923271:0916/214725.820465:INFO:CONSOLE:2] "버튼 21: [object Object]", source: https://feblog.pstatic.net/real/pc/2025.09.10/js/vendor.cabff38a66e79e50b20b.js (2)
[11523:7923271:0916/214725.820570:INFO:CONSOLE:2] "버튼 22: [object Object]", source: https://feblog.pstatic.net/real/pc/2025.09.10/js/vendor.cabff38a66e79e50b20b.js (2)
[11523:7923271:0916/214725.820703:INFO:CONSOLE:2] "버튼 23: [object Object]", source: https://feblog.pstatic.net/real/pc/2025.09.10/js/vendor.cabff38a66e79e50b20b.js (2)
[11523:7923271:0916/214725.820798:INFO:CONSOLE:2] "버튼 24: [object Object]", source: https://feblog.pstatic.net/real/pc/2025.09.10/js/vendor.cabff38a66e79e50b20b.js (2)
[11523:7923271:0916/214725.820936:INFO:CONSOLE:2] "버튼 25: [object Object]", source: https://feblog.pstatic.net/real/pc/2025.09.10/js/vendor.cabff38a66e79e50b20b.js (2)
[11523:7923271:0916/214725.821071:INFO:CONSOLE:2] "버튼 26: [object Object]", source: https://feblog.pstatic.net/real/pc/2025.09.10/js/vendor.cabff38a66e79e50b20b.js (2)
[11523:7923271:0916/214725.821191:INFO:CONSOLE:2] "버튼 27: [object Object]", source: https://feblog.pstatic.net/real/pc/2025.09.10/js/vendor.cabff38a66e79e50b20b.js (2)
[11523:7923271:0916/214725.821285:INFO:CONSOLE:2] "버튼 28: [object Object]", source: https://feblog.pstatic.net/real/pc/2025.09.10/js/vendor.cabff38a66e79e50b20b.js (2)
[11523:7923271:0916/214725.821392:INFO:CONSOLE:2] "버튼 29: [object Object]", source: https://feblog.pstatic.net/real/pc/2025.09.10/js/vendor.cabff38a66e79e50b20b.js (2)
[11523:7923271:0916/214725.821499:INFO:CONSOLE:2] "버튼 30: [object Object]", source: https://feblog.pstatic.net/real/pc/2025.09.10/js/vendor.cabff38a66e79e50b20b.js (2)
[11523:7923271:0916/214725.821608:INFO:CONSOLE:2] "버튼 31: [object Object]", source: https://feblog.pstatic.net/real/pc/2025.09.10/js/vendor.cabff38a66e79e50b20b.js (2)
[11523:7923271:0916/214725.821714:INFO:CONSOLE:2] "버튼 32: [object Object]", source: https://feblog.pstatic.net/real/pc/2025.09.10/js/vendor.cabff38a66e79e50b20b.js (2)
[11523:7923271:0916/214725.821819:INFO:CONSOLE:2] "버튼 33: [object Object]", source: https://feblog.pstatic.net/real/pc/2025.09.10/js/vendor.cabff38a66e79e50b20b.js (2)
[11523:7923271:0916/214725.821928:INFO:CONSOLE:2] "버튼 34: [object Object]", source: https://feblog.pstatic.net/real/pc/2025.09.10/js/vendor.cabff38a66e79e50b20b.js (2)
[11523:7923271:0916/214725.822041:INFO:CONSOLE:2] "버튼 35: [object Object]", source: https://feblog.pstatic.net/real/pc/2025.09.10/js/vendor.cabff38a66e79e50b20b.js (2)
[11523:7923271:0916/214725.822155:INFO:CONSOLE:2] "버튼 36: [object Object]", source: https://feblog.pstatic.net/real/pc/2025.09.10/js/vendor.cabff38a66e79e50b20b.js (2)
[11523:7923271:0916/214725.822333:INFO:CONSOLE:2] "버튼 37: [object Object]", source: https://feblog.pstatic.net/real/pc/2025.09.10/js/vendor.cabff38a66e79e50b20b.js (2)
[11523:7923271:0916/214725.822528:INFO:CONSOLE:2] "버튼 38: [object Object]", source: https://feblog.pstatic.net/real/pc/2025.09.10/js/vendor.cabff38a66e79e50b20b.js (2)
[11523:7923271:0916/214725.822691:INFO:CONSOLE:2] "버튼 39: [object Object]", source: https://feblog.pstatic.net/real/pc/2025.09.10/js/vendor.cabff38a66e79e50b20b.js (2)
[11523:7923271:0916/214725.822821:INFO:CONSOLE:2] "버튼 40: [object Object]", source: https://feblog.pstatic.net/real/pc/2025.09.10/js/vendor.cabff38a66e79e50b20b.js (2)
[11523:7923271:0916/214725.822935:INFO:CONSOLE:2] "버튼 41: [object Object]", source: https://feblog.pstatic.net/real/pc/2025.09.10/js/vendor.cabff38a66e79e50b20b.js (2)
[11523:7923271:0916/214725.823066:INFO:CONSOLE:2] "버튼 42: [object Object]", source: https://feblog.pstatic.net/real/pc/2025.09.10/js/vendor.cabff38a66e79e50b20b.js (2)
[11523:7923271:0916/214725.823182:INFO:CONSOLE:2] "버튼 43: [object Object]", source: https://feblog.pstatic.net/real/pc/2025.09.10/js/vendor.cabff38a66e79e50b20b.js (2)
[11523:7923271:0916/214725.823282:INFO:CONSOLE:2] "버튼 45: [object Object]", source: https://feblog.pstatic.net/real/pc/2025.09.10/js/vendor.cabff38a66e79e50b20b.js (2)
[11523:7923271:0916/214725.823391:INFO:CONSOLE:2] "버튼 47: [object Object]", source: https://feblog.pstatic.net/real/pc/2025.09.10/js/vendor.cabff38a66e79e50b20b.js (2)
[11523:7923271:0916/214725.823507:INFO:CONSOLE:2] "버튼 51: [object Object]", source: https://feblog.pstatic.net/real/pc/2025.09.10/js/vendor.cabff38a66e79e50b20b.js (2)
[11523:7923271:0916/214725.823610:INFO:CONSOLE:2] "버튼 55: [object Object]", source: https://feblog.pstatic.net/real/pc/2025.09.10/js/vendor.cabff38a66e79e50b20b.js (2)
[11523:7923271:0916/214725.823703:INFO:CONSOLE:2] "버튼 58: [object Object]", source: https://feblog.pstatic.net/real/pc/2025.09.10/js/vendor.cabff38a66e79e50b20b.js (2)
[11523:7923271:0916/214725.823798:INFO:CONSOLE:2] "버튼 59: [object Object]", source: https://feblog.pstatic.net/real/pc/2025.09.10/js/vendor.cabff38a66e79e50b20b.js (2)
[11523:7923271:0916/214725.823892:INFO:CONSOLE:2] "버튼 61: [object Object]", source: https://feblog.pstatic.net/real/pc/2025.09.10/js/vendor.cabff38a66e79e50b20b.js (2)
[11523:7923271:0916/214725.823990:INFO:CONSOLE:2] "버튼 62: [object Object]", source: https://feblog.pstatic.net/real/pc/2025.09.10/js/vendor.cabff38a66e79e50b20b.js (2)
[11523:7923271:0916/214725.824077:INFO:CONSOLE:2] "버튼 64: [object Object]", source: https://feblog.pstatic.net/real/pc/2025.09.10/js/vendor.cabff38a66e79e50b20b.js (2)
[11523:7923271:0916/214725.824174:INFO:CONSOLE:2] "버튼 65: [object Object]", source: https://feblog.pstatic.net/real/pc/2025.09.10/js/vendor.cabff38a66e79e50b20b.js (2)
[11523:7923271:0916/214725.824265:INFO:CONSOLE:2] "버튼 67: [object Object]", source: https://feblog.pstatic.net/real/pc/2025.09.10/js/vendor.cabff38a66e79e50b20b.js (2)
[11523:7923271:0916/214725.824354:INFO:CONSOLE:2] "버튼 68: [object Object]", source: https://feblog.pstatic.net/real/pc/2025.09.10/js/vendor.cabff38a66e79e50b20b.js (2)
[11523:7923271:0916/214725.824454:INFO:CONSOLE:2] "버튼 70: [object Object]", source: https://feblog.pstatic.net/real/pc/2025.09.10/js/vendor.cabff38a66e79e50b20b.js (2)
[11523:7923271:0916/214725.824543:INFO:CONSOLE:2] "버튼 71: [object Object]", source: https://feblog.pstatic.net/real/pc/2025.09.10/js/vendor.cabff38a66e79e50b20b.js (2)
[11523:7923271:0916/214725.824640:INFO:CONSOLE:2] "버튼 74: [object Object]", source: https://feblog.pstatic.net/real/pc/2025.09.10/js/vendor.cabff38a66e79e50b20b.js (2)
[11523:7923271:0916/214725.824731:INFO:CONSOLE:2] "버튼 75: [object Object]", source: https://feblog.pstatic.net/real/pc/2025.09.10/js/vendor.cabff38a66e79e50b20b.js (2)
[11523:7923271:0916/214725.824844:INFO:CONSOLE:2] "버튼 78: [object Object]", source: https://feblog.pstatic.net/real/pc/2025.09.10/js/vendor.cabff38a66e79e50b20b.js (2)
[11523:7923271:0916/214725.824987:INFO:CONSOLE:2] "버튼 98: [object Object]", source: https://feblog.pstatic.net/real/pc/2025.09.10/js/vendor.cabff38a66e79e50b20b.js (2)
[11523:7923271:0916/214725.825086:INFO:CONSOLE:2] "버튼 99: [object Object]", source: https://feblog.pstatic.net/real/pc/2025.09.10/js/vendor.cabff38a66e79e50b20b.js (2)
[11523:7923271:0916/214725.825182:INFO:CONSOLE:2] "버튼 100: [object Object]", source: https://feblog.pstatic.net/real/pc/2025.09.10/js/vendor.cabff38a66e79e50b20b.js (2)
[11523:7923271:0916/214725.825271:INFO:CONSOLE:2] "버튼 101: [object Object]", source: https://feblog.pstatic.net/real/pc/2025.09.10/js/vendor.cabff38a66e79e50b20b.js (2)
[11523:7923271:0916/214725.825352:INFO:CONSOLE:2] "버튼 102: [object Object]", source: https://feblog.pstatic.net/real/pc/2025.09.10/js/vendor.cabff38a66e79e50b20b.js (2)
[11523:7923271:0916/214725.825452:INFO:CONSOLE:2] "버튼 103: [object Object]", source: https://feblog.pstatic.net/real/pc/2025.09.10/js/vendor.cabff38a66e79e50b20b.js (2)
[11523:7923271:0916/214725.825533:INFO:CONSOLE:2] "버튼 104: [object Object]", source: https://feblog.pstatic.net/real/pc/2025.09.10/js/vendor.cabff38a66e79e50b20b.js (2)
[11523:7923271:0916/214725.825617:INFO:CONSOLE:2] "버튼 105: [object Object]", source: https://feblog.pstatic.net/real/pc/2025.09.10/js/vendor.cabff38a66e79e50b20b.js (2)
[11523:7923271:0916/214725.825701:INFO:CONSOLE:2] "버튼 106: [object Object]", source: https://feblog.pstatic.net/real/pc/2025.09.10/js/vendor.cabff38a66e79e50b20b.js (2)
[11523:7923271:0916/214725.825799:INFO:CONSOLE:2] "버튼 107: [object Object]", source: https://feblog.pstatic.net/real/pc/2025.09.10/js/vendor.cabff38a66e79e50b20b.js (2)
[11523:7923271:0916/214725.825886:INFO:CONSOLE:2] "버튼 108: [object Object]", source: https://feblog.pstatic.net/real/pc/2025.09.10/js/vendor.cabff38a66e79e50b20b.js (2)
[11523:7923271:0916/214725.825965:INFO:CONSOLE:2] "버튼 109: [object Object]", source: https://feblog.pstatic.net/real/pc/2025.09.10/js/vendor.cabff38a66e79e50b20b.js (2)
[11523:7923271:0916/214725.826042:INFO:CONSOLE:2] "버튼 110: [object Object]", source: https://feblog.pstatic.net/real/pc/2025.09.10/js/vendor.cabff38a66e79e50b20b.js (2)
[11523:7923271:0916/214725.826124:INFO:CONSOLE:2] "버튼 111: [object Object]", source: https://feblog.pstatic.net/real/pc/2025.09.10/js/vendor.cabff38a66e79e50b20b.js (2)
[11523:7923271:0916/214725.826221:INFO:CONSOLE:2] "버튼 112: [object Object]", source: https://feblog.pstatic.net/real/pc/2025.09.10/js/vendor.cabff38a66e79e50b20b.js (2)
[11523:7923271:0916/214725.826310:INFO:CONSOLE:2] "버튼 113: [object Object]", source: https://feblog.pstatic.net/real/pc/2025.09.10/js/vendor.cabff38a66e79e50b20b.js (2)
[11523:7923271:0916/214725.826395:INFO:CONSOLE:2] "버튼 114: [object Object]", source: https://feblog.pstatic.net/real/pc/2025.09.10/js/vendor.cabff38a66e79e50b20b.js (2)
[11523:7923271:0916/214725.826475:INFO:CONSOLE:2] "버튼 115: [object Object]", source: https://feblog.pstatic.net/real/pc/2025.09.10/js/vendor.cabff38a66e79e50b20b.js (2)
[11523:7923271:0916/214725.826569:INFO:CONSOLE:2] "버튼 116: [object Object]", source: https://feblog.pstatic.net/real/pc/2025.09.10/js/vendor.cabff38a66e79e50b20b.js (2)
[11523:7923271:0916/214725.826650:INFO:CONSOLE:2] "버튼 117: [object Object]", source: https://feblog.pstatic.net/real/pc/2025.09.10/js/vendor.cabff38a66e79e50b20b.js (2)
[11523:7923271:0916/214725.826739:INFO:CONSOLE:2] "버튼 118: [object Object]", source: https://feblog.pstatic.net/real/pc/2025.09.10/js/vendor.cabff38a66e79e50b20b.js (2)
[11523:7923271:0916/214725.826811:INFO:CONSOLE:2] "버튼 119: [object Object]", source: https://feblog.pstatic.net/real/pc/2025.09.10/js/vendor.cabff38a66e79e50b20b.js (2)
[11523:7923271:0916/214725.826906:INFO:CONSOLE:2] "버튼 120: [object Object]", source: https://feblog.pstatic.net/real/pc/2025.09.10/js/vendor.cabff38a66e79e50b20b.js (2)
[11523:7923271:0916/214725.826999:INFO:CONSOLE:2] "버튼 121: [object Object]", source: https://feblog.pstatic.net/real/pc/2025.09.10/js/vendor.cabff38a66e79e50b20b.js (2)
[11523:7923271:0916/214725.827172:INFO:CONSOLE:2] "버튼 122: [object Object]", source: https://feblog.pstatic.net/real/pc/2025.09.10/js/vendor.cabff38a66e79e50b20b.js (2)
[11523:7923271:0916/214725.827275:INFO:CONSOLE:2] "버튼 123: [object Object]", source: https://feblog.pstatic.net/real/pc/2025.09.10/js/vendor.cabff38a66e79e50b20b.js (2)
[11523:7923271:0916/214725.827328:INFO:CONSOLE:2] "버튼 124: [object Object]", source: https://feblog.pstatic.net/real/pc/2025.09.10/js/vendor.cabff38a66e79e50b20b.js (2)
[11523:7923271:0916/214725.827372:INFO:CONSOLE:2] "버튼 125: [object Object]", source: https://feblog.pstatic.net/real/pc/2025.09.10/js/vendor.cabff38a66e79e50b20b.js (2)
[11523:7923271:0916/214725.827403:INFO:CONSOLE:2] "1단계: 정확한 선택자로 시도...", source: https://feblog.pstatic.net/real/pc/2025.09.10/js/vendor.cabff38a66e79e50b20b.js (2)
[11523:7923271:0916/214725.827624:INFO:CONSOLE:2] "✅ 정확한 선택자로 확인 버튼 클릭: button.se-popup-button-confirm", source: https://feblog.pstatic.net/real/pc/2025.09.10/js/vendor.cabff38a66e79e50b20b.js (2)
[11523:7923271:0916/214728.056914:INFO:CONSOLE:2] "키보드 입력 차단 해제 완료", source: https://feblog.pstatic.net/real/pc/2025.09.10/js/vendor.cabff38a66e79e50b20b.js (2)
[11523:7923271:0916/214729.192246:INFO:CONSOLE:2] "Google Maps JavaScript API has been loaded directly without loading=async. This can result in suboptimal performance. For best-practice loading patterns please see https://goo.gle/js-api-loading", source: https://feblog.pstatic.net/real/pc/2025.09.10/js/vendor.cabff38a66e79e50b20b.js (2)
[11523:7923271:0916/214735.960402:INFO:CONSOLE:2] "추가 버튼 발견, 5번 클릭 시도 시작...", source: https://feblog.pstatic.net/real/pc/2025.09.10/js/vendor.cabff38a66e79e50b20b.js (2)
[11523:7923271:0916/214735.960627:INFO:CONSOLE:2] "1번째 클릭 시도...", source: https://feblog.pstatic.net/real/pc/2025.09.10/js/vendor.cabff38a66e79e50b20b.js (2)
[11523:7923271:0916/214736.962639:INFO:CONSOLE:2] "2번째 클릭 시도...", source: https://feblog.pstatic.net/real/pc/2025.09.10/js/vendor.cabff38a66e79e50b20b.js (2)
[11523:7923271:0916/214737.962303:INFO:CONSOLE:2] "3번째 클릭 시도...", source: https://feblog.pstatic.net/real/pc/2025.09.10/js/vendor.cabff38a66e79e50b20b.js (2)
[11523:7923271:0916/214738.963951:INFO:CONSOLE:2] "4번째 클릭 시도...", source: https://feblog.pstatic.net/real/pc/2025.09.10/js/vendor.cabff38a66e79e50b20b.js (2)
[11523:7923271:0916/214739.965361:INFO:CONSOLE:2] "5번째 클릭 시도...", source: https://feblog.pstatic.net/real/pc/2025.09.10/js/vendor.cabff38a66e79e50b20b.js (2)
[11523:7923271:0916/214741.016333:INFO:CONSOLE:2] "정확한 선택자로 확인 버튼 발견", source: https://feblog.pstatic.net/real/pc/2025.09.10/js/vendor.cabff38a66e79e50b20b.js (2)
[11523:7923271:0916/214831.117180:INFO:CONSOLE:2] "=== 최종 발행 버튼 찾기 시작 ===", source: https://feblog.pstatic.net/real/pc/2025.09.10/js/vendor.cabff38a66e79e50b20b.js (2)
[11523:7923271:0916/214831.117536:INFO:CONSOLE:2] "🎯 data-testid로 발행 버튼 찾기...", source: https://feblog.pstatic.net/real/pc/2025.09.10/js/vendor.cabff38a66e79e50b20b.js (2)
[11523:7923271:0916/214831.117621:INFO:CONSOLE:2] "🎯 confirm_btn 클래스로 발행 버튼 찾기...", source: https://feblog.pstatic.net/real/pc/2025.09.10/js/vendor.cabff38a66e79e50b20b.js (2)
[11523:7923271:0916/214831.118089:INFO:CONSOLE:2] "✅ confirm_btn으로 발행 버튼 발견: [object Object]", source: https://feblog.pstatic.net/real/pc/2025.09.10/js/vendor.cabff38a66e79e50b20b.js (2)
[11523:7923271:0916/214831.138183:INFO:CONSOLE:2] "✅ confirm_btn 발행 버튼 클릭 완료", source: https://feblog.pstatic.net/real/pc/2025.09.10/js/vendor.cabff38a66e79e50b20b.js (2)
[11523:7923271:0916/214832.652523:INFO:CONSOLE:275] "Google Maps JavaScript API has been loaded directly without loading=async. This can result in suboptimal performance. For best-practice loading patterns please see https://goo.gle/js-api-loading", source: https://maps.google.co.kr/maps/api/js?v=3&client=gme-nhncorp&language=ko&channel=naver_blog (275)
[11532:7923398:0916/214849.233147:WARNING:net/spdy/spdy_session.cc:3074] Received HEADERS for invalid stream 121
