[5046:2522340:0616/125855.081412:INFO:components/enterprise/browser/controller/chrome_browser_cloud_management_controller.cc:202] No machine level policy manager exists.
[5046:2522340:0616/125856.033861:INFO:CONSOLE:0] "[DOM] Input elements should have autocomplete attributes (suggested: "current-password"): (More info: https://goo.gl/9p2vKq) %o", source: https://nid.naver.com/nidlogin.login (0)
[5046:2522340:0616/125856.505056:INFO:CONSOLE:2] "Error", source: https://wtm.pstatic.net/39cb238/11b3bf3f99abd6f7c749.js (2)
[5046:2522340:0616/125905.659992:WARNING:components/download/internal/background_service/controller_impl.cc:1187] Background download complete, client: 6, completion type: 0, file size:5155
[5046:2522340:0616/125905.858000:WARNING:components/download/internal/background_service/controller_impl.cc:1187] Background download complete, client: 6, completion type: 0, file size:265059
[5046:2522340:0616/125906.008213:WARNING:components/download/internal/background_service/controller_impl.cc:1187] Background download complete, client: 6, completion type: 0, file size:45153
[5046:2522340:0616/125906.066166:WARNING:components/download/internal/background_service/controller_impl.cc:1187] Background download complete, client: 6, completion type: 0, file size:2200227
[5046:2522340:0616/125906.185238:WARNING:components/download/internal/background_service/controller_impl.cc:1187] Background download complete, client: 6, completion type: 0, file size:4680
[5046:2522340:0616/125906.277965:WARNING:components/download/internal/background_service/controller_impl.cc:1187] Background download complete, client: 6, completion type: 0, file size:2747168
[5046:2522340:0616/125906.355720:WARNING:components/download/internal/background_service/controller_impl.cc:1187] Background download complete, client: 6, completion type: 0, file size:118577
[5046:2522340:0616/125910.260420:INFO:CONSOLE:2] "Failed to execute 'postMessage' on 'DOMWindow': The target origin provided ('https://shopsquare.naver.com') does not match the recipient window's origin ('https://www.naver.com').", source: https://pm.pstatic.net/resources/js/main.1729700b.js?o=www (2)
[5046:2522340:0616/125910.260466:INFO:CONSOLE:2] "Failed to execute 'postMessage' on 'DOMWindow': The target origin provided ('https://recoshopping.naver.com') does not match the recipient window's origin ('https://www.naver.com').", source: https://pm.pstatic.net/resources/js/main.1729700b.js?o=www (2)
[5046:2522340:0616/125930.520400:INFO:CONSOLE:2] "클립보드 팝업 처리 시작...", source: https://feblog.pstatic.net/real/pc/2025.06.04/js/vendor.30699085e5db55e38130.js (2)
[5046:2522340:0616/125930.520776:INFO:CONSOLE:2] "총 버튼 수: 79", source: https://feblog.pstatic.net/real/pc/2025.06.04/js/vendor.30699085e5db55e38130.js (2)
[5046:2522340:0616/125930.521233:INFO:CONSOLE:2] "클립보드 팝업 처리 결과: false", source: https://feblog.pstatic.net/real/pc/2025.06.04/js/vendor.30699085e5db55e38130.js (2)
[5046:2522340:0616/125940.117045:INFO:CONSOLE:2] "클립보드 팝업 처리 시작...", source: https://feblog.pstatic.net/real/pc/2025.06.04/js/vendor.30699085e5db55e38130.js (2)
[5046:2522340:0616/125940.117797:INFO:CONSOLE:2] "총 버튼 수: 79", source: https://feblog.pstatic.net/real/pc/2025.06.04/js/vendor.30699085e5db55e38130.js (2)
[5046:2522340:0616/125940.117821:INFO:CONSOLE:2] "클립보드 팝업 처리 결과: false", source: https://feblog.pstatic.net/real/pc/2025.06.04/js/vendor.30699085e5db55e38130.js (2)
[5046:2522340:0616/125956.454311:INFO:CONSOLE:2] "링크 입력창 찾기 시작...", source: https://feblog.pstatic.net/real/pc/2025.06.04/js/vendor.30699085e5db55e38130.js (2)
[5046:2522340:0616/125956.454497:INFO:CONSOLE:2] "링크 입력창을 찾을 수 없습니다.", source: https://feblog.pstatic.net/real/pc/2025.06.04/js/vendor.30699085e5db55e38130.js (2)
