[56591:3162938:0617/174913.969044:INFO:components/enterprise/browser/controller/chrome_browser_cloud_management_controller.cc:202] No machine level policy manager exists.
[56591:3162938:0617/174914.845001:INFO:CONSOLE:0] "[DOM] Input elements should have autocomplete attributes (suggested: "current-password"): (More info: https://goo.gl/9p2vKq) %o", source: https://nid.naver.com/nidlogin.login (0)
[56591:3162938:0617/174915.228762:INFO:CONSOLE:2] "Error", source: https://wtm.pstatic.net/39cb238/11b3bf3f99abd6f7c749.js (2)
[56591:3162938:0617/174924.622961:WARNING:components/download/internal/background_service/controller_impl.cc:1187] Background download complete, client: 6, completion type: 0, file size:5155
[56591:3162938:0617/174924.905599:WARNING:components/download/internal/background_service/controller_impl.cc:1187] Background download complete, client: 6, completion type: 0, file size:265059
[56591:3162938:0617/174925.069085:WARNING:components/download/internal/background_service/controller_impl.cc:1187] Background download complete, client: 6, completion type: 0, file size:45153
[56591:3162938:0617/174925.181760:WARNING:components/download/internal/background_service/controller_impl.cc:1187] Background download complete, client: 6, completion type: 0, file size:2200227
[56591:3162938:0617/174925.332596:WARNING:components/download/internal/background_service/controller_impl.cc:1187] Background download complete, client: 6, completion type: 0, file size:4680
[56591:3162938:0617/174925.372555:WARNING:components/download/internal/background_service/controller_impl.cc:1187] Background download complete, client: 6, completion type: 0, file size:2747168
[56591:3162938:0617/174925.521617:WARNING:components/download/internal/background_service/controller_impl.cc:1187] Background download complete, client: 6, completion type: 0, file size:118577
[56591:3162938:0617/174944.475369:INFO:CONSOLE:2] "클립보드 읽기 권한 상태: prompt", source: https://feblog.pstatic.net/real/pc/2025.06.04/js/vendor.30699085e5db55e38130.js (2)
[56591:3162938:0617/174947.939756:INFO:CONSOLE:2] "클립보드 읽기 권한 상태: prompt", source: https://feblog.pstatic.net/real/pc/2025.06.04/js/vendor.30699085e5db55e38130.js (2)
[56591:3162938:0617/174950.603692:INFO:CONSOLE:2] "클립보드 읽기 권한 상태: prompt", source: https://feblog.pstatic.net/real/pc/2025.06.04/js/vendor.30699085e5db55e38130.js (2)
[56591:3162938:0617/174951.118530:INFO:CONSOLE:1] "File chooser dialog can only be shown with a user activation.", source: https://editor-static.pstatic.net/e/basic.desktop/1.66.0/se-editor.js?t=1747381158880 (1)
[56591:3162938:0617/174953.271156:INFO:CONSOLE:2] "클립보드 읽기 권한 상태: prompt", source: https://feblog.pstatic.net/real/pc/2025.06.04/js/vendor.30699085e5db55e38130.js (2)
[56591:3162938:0617/174953.789421:INFO:CONSOLE:1] "File chooser dialog can only be shown with a user activation.", source: https://editor-static.pstatic.net/e/basic.desktop/1.66.0/se-editor.js?t=1747381158880 (1)
[56591:3162938:0617/174955.912579:INFO:CONSOLE:2] "클립보드 읽기 권한 상태: prompt", source: https://feblog.pstatic.net/real/pc/2025.06.04/js/vendor.30699085e5db55e38130.js (2)
[56591:3162938:0617/174956.421314:INFO:CONSOLE:1] "File chooser dialog can only be shown with a user activation.", source: https://editor-static.pstatic.net/e/basic.desktop/1.66.0/se-editor.js?t=1747381158880 (1)
[56591:3162938:0617/174958.703552:INFO:CONSOLE:2] "클립보드 읽기 권한 상태: prompt", source: https://feblog.pstatic.net/real/pc/2025.06.04/js/vendor.30699085e5db55e38130.js (2)
[56591:3162938:0617/174959.252434:INFO:CONSOLE:1] "File chooser dialog can only be shown with a user activation.", source: https://editor-static.pstatic.net/e/basic.desktop/1.66.0/se-editor.js?t=1747381158880 (1)
[56591:3162938:0617/175001.388687:INFO:CONSOLE:2] "클립보드 읽기 권한 상태: prompt", source: https://feblog.pstatic.net/real/pc/2025.06.04/js/vendor.30699085e5db55e38130.js (2)
[56591:3162938:0617/175001.903525:INFO:CONSOLE:1] "File chooser dialog can only be shown with a user activation.", source: https://editor-static.pstatic.net/e/basic.desktop/1.66.0/se-editor.js?t=1747381158880 (1)
[56591:3162938:0617/175004.007523:INFO:CONSOLE:2] "클립보드 읽기 권한 상태: prompt", source: https://feblog.pstatic.net/real/pc/2025.06.04/js/vendor.30699085e5db55e38130.js (2)
[56591:3162938:0617/175004.518120:INFO:CONSOLE:1] "File chooser dialog can only be shown with a user activation.", source: https://editor-static.pstatic.net/e/basic.desktop/1.66.0/se-editor.js?t=1747381158880 (1)
[56591:3162938:0617/175006.667171:INFO:CONSOLE:2] "클립보드 읽기 권한 상태: prompt", source: https://feblog.pstatic.net/real/pc/2025.06.04/js/vendor.30699085e5db55e38130.js (2)
[56591:3162938:0617/175007.175133:INFO:CONSOLE:1] "File chooser dialog can only be shown with a user activation.", source: https://editor-static.pstatic.net/e/basic.desktop/1.66.0/se-editor.js?t=1747381158880 (1)
[56591:3162938:0617/175009.291763:INFO:CONSOLE:2] "클립보드 읽기 권한 상태: prompt", source: https://feblog.pstatic.net/real/pc/2025.06.04/js/vendor.30699085e5db55e38130.js (2)
[56591:3162938:0617/175009.802691:INFO:CONSOLE:1] "File chooser dialog can only be shown with a user activation.", source: https://editor-static.pstatic.net/e/basic.desktop/1.66.0/se-editor.js?t=1747381158880 (1)
[56591:3162938:0617/175011.952183:INFO:CONSOLE:2] "클립보드 읽기 권한 상태: prompt", source: https://feblog.pstatic.net/real/pc/2025.06.04/js/vendor.30699085e5db55e38130.js (2)
[56591:3162938:0617/175012.463658:INFO:CONSOLE:1] "File chooser dialog can only be shown with a user activation.", source: https://editor-static.pstatic.net/e/basic.desktop/1.66.0/se-editor.js?t=1747381158880 (1)
[56591:3162938:0617/175014.602860:INFO:CONSOLE:2] "클립보드 읽기 권한 상태: prompt", source: https://feblog.pstatic.net/real/pc/2025.06.04/js/vendor.30699085e5db55e38130.js (2)
[56591:3162938:0617/175015.113823:INFO:CONSOLE:1] "File chooser dialog can only be shown with a user activation.", source: https://editor-static.pstatic.net/e/basic.desktop/1.66.0/se-editor.js?t=1747381158880 (1)
[56591:3162938:0617/175017.250618:INFO:CONSOLE:2] "클립보드 읽기 권한 상태: prompt", source: https://feblog.pstatic.net/real/pc/2025.06.04/js/vendor.30699085e5db55e38130.js (2)
[56591:3162938:0617/175017.757168:INFO:CONSOLE:1] "File chooser dialog can only be shown with a user activation.", source: https://editor-static.pstatic.net/e/basic.desktop/1.66.0/se-editor.js?t=1747381158880 (1)
[56599:3163074:0617/175019.364765:ERROR:ui/latency/latency_info.cc:92] CompositorFrameSinkSupport::MaybeSubmitCompositorFrame, LatencyInfo vector size 1205 is too big.
[56591:3162938:0617/175019.916312:INFO:CONSOLE:2] "클립보드 읽기 권한 상태: prompt", source: https://feblog.pstatic.net/real/pc/2025.06.04/js/vendor.30699085e5db55e38130.js (2)
[56591:3162938:0617/175020.423885:INFO:CONSOLE:1] "File chooser dialog can only be shown with a user activation.", source: https://editor-static.pstatic.net/e/basic.desktop/1.66.0/se-editor.js?t=1747381158880 (1)
[56591:3162938:0617/175022.578349:INFO:CONSOLE:2] "클립보드 읽기 권한 상태: prompt", source: https://feblog.pstatic.net/real/pc/2025.06.04/js/vendor.30699085e5db55e38130.js (2)
[56591:3162938:0617/175023.099219:INFO:CONSOLE:1] "File chooser dialog can only be shown with a user activation.", source: https://editor-static.pstatic.net/e/basic.desktop/1.66.0/se-editor.js?t=1747381158880 (1)
[56591:3162938:0617/175025.263202:INFO:CONSOLE:2] "클립보드 읽기 권한 상태: prompt", source: https://feblog.pstatic.net/real/pc/2025.06.04/js/vendor.30699085e5db55e38130.js (2)
[56591:3162938:0617/175025.795324:INFO:CONSOLE:1] "File chooser dialog can only be shown with a user activation.", source: https://editor-static.pstatic.net/e/basic.desktop/1.66.0/se-editor.js?t=1747381158880 (1)
[56591:3162938:0617/175027.957435:INFO:CONSOLE:2] "클립보드 읽기 권한 상태: prompt", source: https://feblog.pstatic.net/real/pc/2025.06.04/js/vendor.30699085e5db55e38130.js (2)
[56591:3162938:0617/175028.480114:INFO:CONSOLE:1] "File chooser dialog can only be shown with a user activation.", source: https://editor-static.pstatic.net/e/basic.desktop/1.66.0/se-editor.js?t=1747381158880 (1)
[56591:3162938:0617/175030.675768:INFO:CONSOLE:2] "클립보드 읽기 권한 상태: prompt", source: https://feblog.pstatic.net/real/pc/2025.06.04/js/vendor.30699085e5db55e38130.js (2)
[56591:3162938:0617/175031.203379:INFO:CONSOLE:1] "File chooser dialog can only be shown with a user activation.", source: https://editor-static.pstatic.net/e/basic.desktop/1.66.0/se-editor.js?t=1747381158880 (1)
[56591:3162938:0617/175033.398050:INFO:CONSOLE:2] "클립보드 읽기 권한 상태: prompt", source: https://feblog.pstatic.net/real/pc/2025.06.04/js/vendor.30699085e5db55e38130.js (2)
[56591:3162938:0617/175033.913759:INFO:CONSOLE:1] "File chooser dialog can only be shown with a user activation.", source: https://editor-static.pstatic.net/e/basic.desktop/1.66.0/se-editor.js?t=1747381158880 (1)
[56591:3162938:0617/175036.083260:INFO:CONSOLE:2] "클립보드 읽기 권한 상태: prompt", source: https://feblog.pstatic.net/real/pc/2025.06.04/js/vendor.30699085e5db55e38130.js (2)
[56591:3162938:0617/175036.600098:INFO:CONSOLE:1] "File chooser dialog can only be shown with a user activation.", source: https://editor-static.pstatic.net/e/basic.desktop/1.66.0/se-editor.js?t=1747381158880 (1)
[56591:3162938:0617/175038.746761:INFO:CONSOLE:2] "클립보드 읽기 권한 상태: prompt", source: https://feblog.pstatic.net/real/pc/2025.06.04/js/vendor.30699085e5db55e38130.js (2)
[56591:3162938:0617/175039.265702:INFO:CONSOLE:1] "File chooser dialog can only be shown with a user activation.", source: https://editor-static.pstatic.net/e/basic.desktop/1.66.0/se-editor.js?t=1747381158880 (1)
[56591:3162938:0617/175041.439730:INFO:CONSOLE:2] "클립보드 읽기 권한 상태: prompt", source: https://feblog.pstatic.net/real/pc/2025.06.04/js/vendor.30699085e5db55e38130.js (2)
[56591:3162938:0617/175041.961873:INFO:CONSOLE:1] "File chooser dialog can only be shown with a user activation.", source: https://editor-static.pstatic.net/e/basic.desktop/1.66.0/se-editor.js?t=1747381158880 (1)
[56591:3162938:0617/175044.097489:INFO:CONSOLE:2] "클립보드 읽기 권한 상태: prompt", source: https://feblog.pstatic.net/real/pc/2025.06.04/js/vendor.30699085e5db55e38130.js (2)
[56591:3162938:0617/175044.612025:INFO:CONSOLE:1] "File chooser dialog can only be shown with a user activation.", source: https://editor-static.pstatic.net/e/basic.desktop/1.66.0/se-editor.js?t=1747381158880 (1)
[56591:3162938:0617/175046.789047:INFO:CONSOLE:2] "클립보드 읽기 권한 상태: prompt", source: https://feblog.pstatic.net/real/pc/2025.06.04/js/vendor.30699085e5db55e38130.js (2)
[56591:3162938:0617/175047.301644:INFO:CONSOLE:1] "File chooser dialog can only be shown with a user activation.", source: https://editor-static.pstatic.net/e/basic.desktop/1.66.0/se-editor.js?t=1747381158880 (1)
[56591:3162938:0617/175049.476965:INFO:CONSOLE:2] "클립보드 읽기 권한 상태: prompt", source: https://feblog.pstatic.net/real/pc/2025.06.04/js/vendor.30699085e5db55e38130.js (2)
[56591:3162938:0617/175049.996133:INFO:CONSOLE:1] "File chooser dialog can only be shown with a user activation.", source: https://editor-static.pstatic.net/e/basic.desktop/1.66.0/se-editor.js?t=1747381158880 (1)
[56591:3162938:0617/175052.152130:INFO:CONSOLE:2] "클립보드 읽기 권한 상태: prompt", source: https://feblog.pstatic.net/real/pc/2025.06.04/js/vendor.30699085e5db55e38130.js (2)
[56591:3162938:0617/175055.322803:INFO:CONSOLE:2] "클립보드 읽기 권한 상태: prompt", source: https://feblog.pstatic.net/real/pc/2025.06.04/js/vendor.30699085e5db55e38130.js (2)
[56591:3162938:0617/175058.378404:INFO:CONSOLE:2] "클립보드 읽기 권한 상태: prompt", source: https://feblog.pstatic.net/real/pc/2025.06.04/js/vendor.30699085e5db55e38130.js (2)
[56591:3162938:0617/175058.889983:INFO:CONSOLE:1] "File chooser dialog can only be shown with a user activation.", source: https://editor-static.pstatic.net/e/basic.desktop/1.66.0/se-editor.js?t=1747381158880 (1)
[56591:3162938:0617/175100.989824:INFO:CONSOLE:2] "클립보드 읽기 권한 상태: prompt", source: https://feblog.pstatic.net/real/pc/2025.06.04/js/vendor.30699085e5db55e38130.js (2)
[56591:3162938:0617/175101.502591:INFO:CONSOLE:1] "File chooser dialog can only be shown with a user activation.", source: https://editor-static.pstatic.net/e/basic.desktop/1.66.0/se-editor.js?t=1747381158880 (1)
[56591:3162938:0617/175103.620758:INFO:CONSOLE:2] "클립보드 읽기 권한 상태: prompt", source: https://feblog.pstatic.net/real/pc/2025.06.04/js/vendor.30699085e5db55e38130.js (2)
[56591:3162938:0617/175104.131455:INFO:CONSOLE:1] "File chooser dialog can only be shown with a user activation.", source: https://editor-static.pstatic.net/e/basic.desktop/1.66.0/se-editor.js?t=1747381158880 (1)
[56591:3162938:0617/175106.257435:INFO:CONSOLE:2] "클립보드 읽기 권한 상태: prompt", source: https://feblog.pstatic.net/real/pc/2025.06.04/js/vendor.30699085e5db55e38130.js (2)
[56591:3162938:0617/175106.769012:INFO:CONSOLE:1] "File chooser dialog can only be shown with a user activation.", source: https://editor-static.pstatic.net/e/basic.desktop/1.66.0/se-editor.js?t=1747381158880 (1)
[56591:3162938:0617/175108.894273:INFO:CONSOLE:2] "클립보드 읽기 권한 상태: prompt", source: https://feblog.pstatic.net/real/pc/2025.06.04/js/vendor.30699085e5db55e38130.js (2)
[56591:3162938:0617/175109.406761:INFO:CONSOLE:1] "File chooser dialog can only be shown with a user activation.", source: https://editor-static.pstatic.net/e/basic.desktop/1.66.0/se-editor.js?t=1747381158880 (1)
