[1606:20180:0705/011617.474488:INFO:components/enterprise/browser/controller/chrome_browser_cloud_management_controller.cc:202] No machine level policy manager exists.
[1606:20180:0705/011618.356884:INFO:CONSOLE:0] "[DOM] Input elements should have autocomplete attributes (suggested: "current-password"): (More info: https://goo.gl/9p2vKq) %o", source: https://nid.naver.com/nidlogin.login (0)
[1606:20180:0705/011619.033542:INFO:CONSOLE:2] "Error", source: https://wtm.pstatic.net/11140d7/f996b78b4692072ccbe5.js (2)
[1606:20216:0705/011621.189210:ERROR:google_apis/gcm/engine/registration_request.cc:291] Registration response error message: DEPRECATED_ENDPOINT
[1606:20180:0705/011638.951419:INFO:CONSOLE:5] "The key "target-densitydpi" is not supported.", source: https://nid.naver.com/user2/help/idSafetyRelease?m=viewIdSafetyInfo&token_help=Y9L7bQPe9mCKoT40 (5)
[1606:20216:0705/011650.792995:ERROR:google_apis/gcm/engine/registration_request.cc:291] Registration response error message: DEPRECATED_ENDPOINT
[1606:20180:0705/011659.914129:INFO:CONSOLE:5] "The key "target-densitydpi" is not supported.", source: https://nid.naver.com/user2/help/idSafetyRelease?m=viewAuthType (5)
[1606:20216:0705/011746.369697:ERROR:google_apis/gcm/engine/registration_request.cc:291] Registration response error message: DEPRECATED_ENDPOINT
[1606:20180:0705/011856.045447:INFO:CONSOLE:0] "[DOM] Input elements should have autocomplete attributes (suggested: "current-password"): (More info: https://goo.gl/9p2vKq) %o", source: https://nid.naver.com/nidlogin.login?url=https%3A%2F%2Fsection.blog.naver.com%2FBlogHome.naver (0)
[1606:20180:0705/011856.174317:INFO:CONSOLE:2] "Error", source: https://wtm.pstatic.net/11140d7/f996b78b4692072ccbe5.js (2)
[1606:20180:0705/011858.508424:INFO:CONSOLE:5] "The key "target-densitydpi" is not supported.", source: https://nid.naver.com/user2/help/idSafetyRelease?m=viewIdSafetyInfo&token_help=OuY0b34H9mqR1r94 (5)
[1606:20180:0705/011920.290285:INFO:CONSOLE:5] "The key "target-densitydpi" is not supported.", source: https://nid.naver.com/user2/help/idSafetyRelease?m=viewAuthType (5)
[1606:20216:0705/011935.729489:ERROR:google_apis/gcm/engine/registration_request.cc:291] Registration response error message: DEPRECATED_ENDPOINT
[1606:20216:0705/012000.545128:ERROR:google_apis/gcm/engine/registration_request.cc:291] Registration response error message: DEPRECATED_ENDPOINT
[1612:20239:0705/012001.945314:ERROR:gpu/command_buffer/service/shared_image/shared_image_manager.cc:472] SharedImageManager::ProduceOverlay: Trying to Produce a Overlay representation from a non-existent mailbox.
[1612:20239:0705/012001.945552:ERROR:components/viz/service/display_embedder/skia_output_device_buffer_queue.cc:263] Invalid mailbox.
[1612:20239:0705/012002.011992:ERROR:gpu/command_buffer/service/shared_image/shared_image_manager.cc:472] SharedImageManager::ProduceOverlay: Trying to Produce a Overlay representation from a non-existent mailbox.
[1612:20239:0705/012002.012022:ERROR:components/viz/service/display_embedder/skia_output_device_buffer_queue.cc:263] Invalid mailbox.
[1606:20180:0705/012002.029460:INFO:CONSOLE:0] "[DOM] Input elements should have autocomplete attributes (suggested: "current-password"): (More info: https://goo.gl/9p2vKq) %o", source: https://nid.naver.com/nidlogin.login (0)
[1606:20180:0705/012002.184954:INFO:CONSOLE:2] "Error", source: https://wtm.pstatic.net/11140d7/f996b78b4692072ccbe5.js (2)
[1606:20180:0705/012013.440627:INFO:CONSOLE:5] "The key "target-densitydpi" is not supported.", source: https://nid.naver.com/user2/help/idSafetyRelease?m=viewIdSafetyInfo&token_help=rhzSbVGi9mGCFQC2 (5)
[1606:20216:0705/012026.963762:ERROR:google_apis/gcm/engine/registration_request.cc:291] Registration response error message: DEPRECATED_ENDPOINT
[1606:20187:0705/012147.634955:INFO:third_party/crashpad/crashpad/client/crashpad_client_mac.cc:313] restarting handler
[1606:20180:0705/012147.635189:ERROR:content/browser/network_service_instance_impl.cc:597] Network service crashed, restarting service.
[1606:20180:0705/012147.642062:ERROR:content/browser/gpu/gpu_process_host.cc:957] GPU process exited unexpectedly: exit_code=15
[1606:20180:0705/012147.642129:WARNING:content/browser/gpu/gpu_process_host.cc:1398] The GPU process has crashed 1 time(s)
[1606:20187:0705/012147.656089:INFO:third_party/crashpad/crashpad/client/crashpad_client_mac.cc:307] restarting handler in 0.979s
