[1621:19521:0705/153554.646740:INFO:components/enterprise/browser/controller/chrome_browser_cloud_management_controller.cc:202] No machine level policy manager exists.
[1621:19521:0705/153555.608796:INFO:CONSOLE:2] "Failed to execute 'postMessage' on 'DOMWindow': The target origin provided ('https://shopsquare.naver.com') does not match the recipient window's origin ('https://www.naver.com').", source: https://pm.pstatic.net/resources/js/main.3735021e.js?o=www (2)
[1621:19521:0705/153555.608827:INFO:CONSOLE:2] "Failed to execute 'postMessage' on 'DOMWindow': The target origin provided ('https://recoshopping.naver.com') does not match the recipient window's origin ('https://www.naver.com').", source: https://pm.pstatic.net/resources/js/main.3735021e.js?o=www (2)
[1621:19521:0705/153557.823916:INFO:CONSOLE:2] "Failed to execute 'postMessage' on 'DOMWindow': The target origin provided ('https://shopsquare.naver.com') does not match the recipient window's origin ('https://www.naver.com').", source: https://pm.pstatic.net/resources/js/main.3735021e.js?o=www (2)
[1621:19521:0705/153557.823975:INFO:CONSOLE:2] "Failed to execute 'postMessage' on 'DOMWindow': The target origin provided ('https://recoshopping.naver.com') does not match the recipient window's origin ('https://www.naver.com').", source: https://pm.pstatic.net/resources/js/main.3735021e.js?o=www (2)
[1621:19568:0705/153600.224048:ERROR:google_apis/gcm/engine/registration_request.cc:291] Registration response error message: DEPRECATED_ENDPOINT
[1621:19521:0705/153605.720242:WARNING:content/browser/download/download_manager_impl.cc:702] A download with the same GUID already exists, the new request is ignored.
[1668:20011:0705/153605.837090:ERROR:third_party/zlib/google/zip_reader.cc:154] Cannot open ZIP from file handle 12
[1668:20011:0705/153605.837248:ERROR:third_party/zlib/google/zip.cc:166] Cannot open ZIP from file handle 12
[1621:19521:0705/153610.113180:INFO:CONSOLE:2] "클립보드 읽기 권한 상태: prompt", source: https://feblog.pstatic.net/real/pc/2025.07.02/js/vendor.09e4ec66156a9ae67634.js (2)
[1621:19521:0705/153614.401147:INFO:CONSOLE:2] "클립보드 읽기 권한 상태: prompt", source: https://feblog.pstatic.net/real/pc/2025.07.02/js/vendor.09e4ec66156a9ae67634.js (2)
[1621:19521:0705/153618.025093:INFO:CONSOLE:2] "클립보드 읽기 권한 상태: prompt", source: https://feblog.pstatic.net/real/pc/2025.07.02/js/vendor.09e4ec66156a9ae67634.js (2)
[1621:19521:0705/153622.395723:INFO:CONSOLE:2] "클립보드 읽기 권한 상태: prompt", source: https://feblog.pstatic.net/real/pc/2025.07.02/js/vendor.09e4ec66156a9ae67634.js (2)
[1621:19521:0705/153625.402264:INFO:CONSOLE:2] "클립보드 읽기 권한 상태: prompt", source: https://feblog.pstatic.net/real/pc/2025.07.02/js/vendor.09e4ec66156a9ae67634.js (2)
[1621:19568:0705/153625.803082:ERROR:google_apis/gcm/engine/registration_request.cc:291] Registration response error message: DEPRECATED_ENDPOINT
[1621:19521:0705/153627.351433:INFO:CONSOLE:2] "클립보드 읽기 권한 상태: prompt", source: https://feblog.pstatic.net/real/pc/2025.07.02/js/vendor.09e4ec66156a9ae67634.js (2)
[1621:19521:0705/153629.302531:INFO:CONSOLE:2] "클립보드 읽기 권한 상태: prompt", source: https://feblog.pstatic.net/real/pc/2025.07.02/js/vendor.09e4ec66156a9ae67634.js (2)
[1621:19521:0705/153629.831110:INFO:CONSOLE:1] "File chooser dialog can only be shown with a user activation.", source: https://editor-static.pstatic.net/e/basic.desktop/1.66.0/se-editor.js?t=1747381158880 (1)
[1621:19521:0705/153631.298175:INFO:CONSOLE:2] "클립보드 읽기 권한 상태: prompt", source: https://feblog.pstatic.net/real/pc/2025.07.02/js/vendor.09e4ec66156a9ae67634.js (2)
[1621:19521:0705/153631.817830:INFO:CONSOLE:1] "File chooser dialog can only be shown with a user activation.", source: https://editor-static.pstatic.net/e/basic.desktop/1.66.0/se-editor.js?t=1747381158880 (1)
[1621:19521:0705/153633.244201:INFO:CONSOLE:2] "클립보드 읽기 권한 상태: prompt", source: https://feblog.pstatic.net/real/pc/2025.07.02/js/vendor.09e4ec66156a9ae67634.js (2)
[1621:19521:0705/153633.765604:INFO:CONSOLE:1] "File chooser dialog can only be shown with a user activation.", source: https://editor-static.pstatic.net/e/basic.desktop/1.66.0/se-editor.js?t=1747381158880 (1)
[1621:19521:0705/153635.186706:INFO:CONSOLE:2] "클립보드 읽기 권한 상태: prompt", source: https://feblog.pstatic.net/real/pc/2025.07.02/js/vendor.09e4ec66156a9ae67634.js (2)
[1621:19521:0705/153635.696202:INFO:CONSOLE:1] "File chooser dialog can only be shown with a user activation.", source: https://editor-static.pstatic.net/e/basic.desktop/1.66.0/se-editor.js?t=1747381158880 (1)
[1621:19521:0705/153637.151631:INFO:CONSOLE:2] "클립보드 읽기 권한 상태: prompt", source: https://feblog.pstatic.net/real/pc/2025.07.02/js/vendor.09e4ec66156a9ae67634.js (2)
[1621:19521:0705/153637.672031:INFO:CONSOLE:1] "File chooser dialog can only be shown with a user activation.", source: https://editor-static.pstatic.net/e/basic.desktop/1.66.0/se-editor.js?t=1747381158880 (1)
[1621:19521:0705/153639.084844:INFO:CONSOLE:2] "클립보드 읽기 권한 상태: prompt", source: https://feblog.pstatic.net/real/pc/2025.07.02/js/vendor.09e4ec66156a9ae67634.js (2)
[1621:19521:0705/153639.607617:INFO:CONSOLE:1] "File chooser dialog can only be shown with a user activation.", source: https://editor-static.pstatic.net/e/basic.desktop/1.66.0/se-editor.js?t=1747381158880 (1)
[1621:19521:0705/153652.937064:INFO:CONSOLE:2] "키보드 입력 차단 및 포커스 정리 완료", source: https://feblog.pstatic.net/real/pc/2025.07.02/js/vendor.09e4ec66156a9ae67634.js (2)
[1621:19521:0705/153658.020071:INFO:CONSOLE:2] "=== 최강화된 확인 버튼 찾기 시작 ===", source: https://feblog.pstatic.net/real/pc/2025.07.02/js/vendor.09e4ec66156a9ae67634.js (2)
[1621:19521:0705/153658.020147:INFO:CONSOLE:2] "현재 페이지의 모든 버튼 상황:", source: https://feblog.pstatic.net/real/pc/2025.07.02/js/vendor.09e4ec66156a9ae67634.js (2)
[1621:19521:0705/153658.020572:INFO:CONSOLE:2] "버튼 1: [object Object]", source: https://feblog.pstatic.net/real/pc/2025.07.02/js/vendor.09e4ec66156a9ae67634.js (2)
[1621:19521:0705/153658.020744:INFO:CONSOLE:2] "버튼 2: [object Object]", source: https://feblog.pstatic.net/real/pc/2025.07.02/js/vendor.09e4ec66156a9ae67634.js (2)
[1621:19521:0705/153658.020862:INFO:CONSOLE:2] "버튼 3: [object Object]", source: https://feblog.pstatic.net/real/pc/2025.07.02/js/vendor.09e4ec66156a9ae67634.js (2)
[1621:19521:0705/153658.020966:INFO:CONSOLE:2] "버튼 4: [object Object]", source: https://feblog.pstatic.net/real/pc/2025.07.02/js/vendor.09e4ec66156a9ae67634.js (2)
[1621:19521:0705/153658.021054:INFO:CONSOLE:2] "버튼 5: [object Object]", source: https://feblog.pstatic.net/real/pc/2025.07.02/js/vendor.09e4ec66156a9ae67634.js (2)
[1621:19521:0705/153658.021157:INFO:CONSOLE:2] "버튼 6: [object Object]", source: https://feblog.pstatic.net/real/pc/2025.07.02/js/vendor.09e4ec66156a9ae67634.js (2)
[1621:19521:0705/153658.021251:INFO:CONSOLE:2] "버튼 7: [object Object]", source: https://feblog.pstatic.net/real/pc/2025.07.02/js/vendor.09e4ec66156a9ae67634.js (2)
[1621:19521:0705/153658.021373:INFO:CONSOLE:2] "버튼 8: [object Object]", source: https://feblog.pstatic.net/real/pc/2025.07.02/js/vendor.09e4ec66156a9ae67634.js (2)
[1621:19521:0705/153658.021491:INFO:CONSOLE:2] "버튼 9: [object Object]", source: https://feblog.pstatic.net/real/pc/2025.07.02/js/vendor.09e4ec66156a9ae67634.js (2)
[1621:19521:0705/153658.021594:INFO:CONSOLE:2] "버튼 10: [object Object]", source: https://feblog.pstatic.net/real/pc/2025.07.02/js/vendor.09e4ec66156a9ae67634.js (2)
[1621:19521:0705/153658.021695:INFO:CONSOLE:2] "버튼 11: [object Object]", source: https://feblog.pstatic.net/real/pc/2025.07.02/js/vendor.09e4ec66156a9ae67634.js (2)
[1621:19521:0705/153658.021780:INFO:CONSOLE:2] "버튼 12: [object Object]", source: https://feblog.pstatic.net/real/pc/2025.07.02/js/vendor.09e4ec66156a9ae67634.js (2)
[1621:19521:0705/153658.021879:INFO:CONSOLE:2] "버튼 13: [object Object]", source: https://feblog.pstatic.net/real/pc/2025.07.02/js/vendor.09e4ec66156a9ae67634.js (2)
[1621:19521:0705/153658.021997:INFO:CONSOLE:2] "버튼 14: [object Object]", source: https://feblog.pstatic.net/real/pc/2025.07.02/js/vendor.09e4ec66156a9ae67634.js (2)
[1621:19521:0705/153658.022067:INFO:CONSOLE:2] "버튼 15: [object Object]", source: https://feblog.pstatic.net/real/pc/2025.07.02/js/vendor.09e4ec66156a9ae67634.js (2)
[1621:19521:0705/153658.022147:INFO:CONSOLE:2] "버튼 16: [object Object]", source: https://feblog.pstatic.net/real/pc/2025.07.02/js/vendor.09e4ec66156a9ae67634.js (2)
[1621:19521:0705/153658.022255:INFO:CONSOLE:2] "버튼 17: [object Object]", source: https://feblog.pstatic.net/real/pc/2025.07.02/js/vendor.09e4ec66156a9ae67634.js (2)
[1621:19521:0705/153658.022325:INFO:CONSOLE:2] "버튼 18: [object Object]", source: https://feblog.pstatic.net/real/pc/2025.07.02/js/vendor.09e4ec66156a9ae67634.js (2)
[1621:19521:0705/153658.022433:INFO:CONSOLE:2] "버튼 19: [object Object]", source: https://feblog.pstatic.net/real/pc/2025.07.02/js/vendor.09e4ec66156a9ae67634.js (2)
[1621:19521:0705/153658.022529:INFO:CONSOLE:2] "버튼 20: [object Object]", source: https://feblog.pstatic.net/real/pc/2025.07.02/js/vendor.09e4ec66156a9ae67634.js (2)
[1621:19521:0705/153658.022604:INFO:CONSOLE:2] "버튼 21: [object Object]", source: https://feblog.pstatic.net/real/pc/2025.07.02/js/vendor.09e4ec66156a9ae67634.js (2)
[1621:19521:0705/153658.022721:INFO:CONSOLE:2] "버튼 22: [object Object]", source: https://feblog.pstatic.net/real/pc/2025.07.02/js/vendor.09e4ec66156a9ae67634.js (2)
[1621:19521:0705/153658.022794:INFO:CONSOLE:2] "버튼 23: [object Object]", source: https://feblog.pstatic.net/real/pc/2025.07.02/js/vendor.09e4ec66156a9ae67634.js (2)
[1621:19521:0705/153658.022887:INFO:CONSOLE:2] "버튼 24: [object Object]", source: https://feblog.pstatic.net/real/pc/2025.07.02/js/vendor.09e4ec66156a9ae67634.js (2)
[1621:19521:0705/153658.022989:INFO:CONSOLE:2] "버튼 25: [object Object]", source: https://feblog.pstatic.net/real/pc/2025.07.02/js/vendor.09e4ec66156a9ae67634.js (2)
[1621:19521:0705/153658.023087:INFO:CONSOLE:2] "버튼 26: [object Object]", source: https://feblog.pstatic.net/real/pc/2025.07.02/js/vendor.09e4ec66156a9ae67634.js (2)
[1621:19521:0705/153658.023175:INFO:CONSOLE:2] "버튼 27: [object Object]", source: https://feblog.pstatic.net/real/pc/2025.07.02/js/vendor.09e4ec66156a9ae67634.js (2)
[1621:19521:0705/153658.023277:INFO:CONSOLE:2] "버튼 28: [object Object]", source: https://feblog.pstatic.net/real/pc/2025.07.02/js/vendor.09e4ec66156a9ae67634.js (2)
[1621:19521:0705/153658.023366:INFO:CONSOLE:2] "버튼 29: [object Object]", source: https://feblog.pstatic.net/real/pc/2025.07.02/js/vendor.09e4ec66156a9ae67634.js (2)
[1621:19521:0705/153658.023452:INFO:CONSOLE:2] "버튼 30: [object Object]", source: https://feblog.pstatic.net/real/pc/2025.07.02/js/vendor.09e4ec66156a9ae67634.js (2)
[1621:19521:0705/153658.023555:INFO:CONSOLE:2] "버튼 31: [object Object]", source: https://feblog.pstatic.net/real/pc/2025.07.02/js/vendor.09e4ec66156a9ae67634.js (2)
[1621:19521:0705/153658.023632:INFO:CONSOLE:2] "버튼 32: [object Object]", source: https://feblog.pstatic.net/real/pc/2025.07.02/js/vendor.09e4ec66156a9ae67634.js (2)
[1621:19521:0705/153658.023736:INFO:CONSOLE:2] "버튼 33: [object Object]", source: https://feblog.pstatic.net/real/pc/2025.07.02/js/vendor.09e4ec66156a9ae67634.js (2)
[1621:19521:0705/153658.023845:INFO:CONSOLE:2] "버튼 34: [object Object]", source: https://feblog.pstatic.net/real/pc/2025.07.02/js/vendor.09e4ec66156a9ae67634.js (2)
[1621:19521:0705/153658.023921:INFO:CONSOLE:2] "버튼 35: [object Object]", source: https://feblog.pstatic.net/real/pc/2025.07.02/js/vendor.09e4ec66156a9ae67634.js (2)
[1621:19521:0705/153658.024028:INFO:CONSOLE:2] "버튼 36: [object Object]", source: https://feblog.pstatic.net/real/pc/2025.07.02/js/vendor.09e4ec66156a9ae67634.js (2)
[1621:19521:0705/153658.024098:INFO:CONSOLE:2] "버튼 37: [object Object]", source: https://feblog.pstatic.net/real/pc/2025.07.02/js/vendor.09e4ec66156a9ae67634.js (2)
[1621:19521:0705/153658.024195:INFO:CONSOLE:2] "버튼 38: [object Object]", source: https://feblog.pstatic.net/real/pc/2025.07.02/js/vendor.09e4ec66156a9ae67634.js (2)
[1621:19521:0705/153658.024270:INFO:CONSOLE:2] "버튼 39: [object Object]", source: https://feblog.pstatic.net/real/pc/2025.07.02/js/vendor.09e4ec66156a9ae67634.js (2)
[1621:19521:0705/153658.024376:INFO:CONSOLE:2] "버튼 40: [object Object]", source: https://feblog.pstatic.net/real/pc/2025.07.02/js/vendor.09e4ec66156a9ae67634.js (2)
[1621:19521:0705/153658.024456:INFO:CONSOLE:2] "버튼 41: [object Object]", source: https://feblog.pstatic.net/real/pc/2025.07.02/js/vendor.09e4ec66156a9ae67634.js (2)
[1621:19521:0705/153658.024558:INFO:CONSOLE:2] "버튼 42: [object Object]", source: https://feblog.pstatic.net/real/pc/2025.07.02/js/vendor.09e4ec66156a9ae67634.js (2)
[1621:19521:0705/153658.024648:INFO:CONSOLE:2] "버튼 43: [object Object]", source: https://feblog.pstatic.net/real/pc/2025.07.02/js/vendor.09e4ec66156a9ae67634.js (2)
[1621:19521:0705/153658.024738:INFO:CONSOLE:2] "버튼 45: [object Object]", source: https://feblog.pstatic.net/real/pc/2025.07.02/js/vendor.09e4ec66156a9ae67634.js (2)
[1621:19521:0705/153658.024821:INFO:CONSOLE:2] "버튼 47: [object Object]", source: https://feblog.pstatic.net/real/pc/2025.07.02/js/vendor.09e4ec66156a9ae67634.js (2)
[1621:19521:0705/153658.024914:INFO:CONSOLE:2] "버튼 51: [object Object]", source: https://feblog.pstatic.net/real/pc/2025.07.02/js/vendor.09e4ec66156a9ae67634.js (2)
[1621:19521:0705/153658.025032:INFO:CONSOLE:2] "버튼 55: [object Object]", source: https://feblog.pstatic.net/real/pc/2025.07.02/js/vendor.09e4ec66156a9ae67634.js (2)
[1621:19521:0705/153658.025111:INFO:CONSOLE:2] "버튼 58: [object Object]", source: https://feblog.pstatic.net/real/pc/2025.07.02/js/vendor.09e4ec66156a9ae67634.js (2)
[1621:19521:0705/153658.025195:INFO:CONSOLE:2] "버튼 61: [object Object]", source: https://feblog.pstatic.net/real/pc/2025.07.02/js/vendor.09e4ec66156a9ae67634.js (2)
[1621:19521:0705/153658.025276:INFO:CONSOLE:2] "버튼 62: [object Object]", source: https://feblog.pstatic.net/real/pc/2025.07.02/js/vendor.09e4ec66156a9ae67634.js (2)
[1621:19521:0705/153658.025389:INFO:CONSOLE:2] "버튼 64: [object Object]", source: https://feblog.pstatic.net/real/pc/2025.07.02/js/vendor.09e4ec66156a9ae67634.js (2)
[1621:19521:0705/153658.025468:INFO:CONSOLE:2] "버튼 65: [object Object]", source: https://feblog.pstatic.net/real/pc/2025.07.02/js/vendor.09e4ec66156a9ae67634.js (2)
[1621:19521:0705/153658.025578:INFO:CONSOLE:2] "버튼 67: [object Object]", source: https://feblog.pstatic.net/real/pc/2025.07.02/js/vendor.09e4ec66156a9ae67634.js (2)
[1621:19521:0705/153658.025660:INFO:CONSOLE:2] "버튼 68: [object Object]", source: https://feblog.pstatic.net/real/pc/2025.07.02/js/vendor.09e4ec66156a9ae67634.js (2)
[1621:19521:0705/153658.025734:INFO:CONSOLE:2] "버튼 70: [object Object]", source: https://feblog.pstatic.net/real/pc/2025.07.02/js/vendor.09e4ec66156a9ae67634.js (2)
[1621:19521:0705/153658.025797:INFO:CONSOLE:2] "버튼 71: [object Object]", source: https://feblog.pstatic.net/real/pc/2025.07.02/js/vendor.09e4ec66156a9ae67634.js (2)
[1621:19521:0705/153658.025880:INFO:CONSOLE:2] "버튼 74: [object Object]", source: https://feblog.pstatic.net/real/pc/2025.07.02/js/vendor.09e4ec66156a9ae67634.js (2)
[1621:19521:0705/153658.025949:INFO:CONSOLE:2] "버튼 75: [object Object]", source: https://feblog.pstatic.net/real/pc/2025.07.02/js/vendor.09e4ec66156a9ae67634.js (2)
[1621:19521:0705/153658.026013:INFO:CONSOLE:2] "버튼 78: [object Object]", source: https://feblog.pstatic.net/real/pc/2025.07.02/js/vendor.09e4ec66156a9ae67634.js (2)
[1621:19521:0705/153658.026100:INFO:CONSOLE:2] "버튼 79: [object Object]", source: https://feblog.pstatic.net/real/pc/2025.07.02/js/vendor.09e4ec66156a9ae67634.js (2)
[1621:19521:0705/153658.026159:INFO:CONSOLE:2] "버튼 82: [object Object]", source: https://feblog.pstatic.net/real/pc/2025.07.02/js/vendor.09e4ec66156a9ae67634.js (2)
[1621:19521:0705/153658.026222:INFO:CONSOLE:2] "버튼 83: [object Object]", source: https://feblog.pstatic.net/real/pc/2025.07.02/js/vendor.09e4ec66156a9ae67634.js (2)
[1621:19521:0705/153658.026301:INFO:CONSOLE:2] "버튼 86: [object Object]", source: https://feblog.pstatic.net/real/pc/2025.07.02/js/vendor.09e4ec66156a9ae67634.js (2)
[1621:19521:0705/153658.026390:INFO:CONSOLE:2] "버튼 106: [object Object]", source: https://feblog.pstatic.net/real/pc/2025.07.02/js/vendor.09e4ec66156a9ae67634.js (2)
[1621:19521:0705/153658.026466:INFO:CONSOLE:2] "버튼 107: [object Object]", source: https://feblog.pstatic.net/real/pc/2025.07.02/js/vendor.09e4ec66156a9ae67634.js (2)
[1621:19521:0705/153658.026536:INFO:CONSOLE:2] "버튼 108: [object Object]", source: https://feblog.pstatic.net/real/pc/2025.07.02/js/vendor.09e4ec66156a9ae67634.js (2)
[1621:19521:0705/153658.026595:INFO:CONSOLE:2] "버튼 109: [object Object]", source: https://feblog.pstatic.net/real/pc/2025.07.02/js/vendor.09e4ec66156a9ae67634.js (2)
[1621:19521:0705/153658.026710:INFO:CONSOLE:2] "버튼 110: [object Object]", source: https://feblog.pstatic.net/real/pc/2025.07.02/js/vendor.09e4ec66156a9ae67634.js (2)
[1621:19521:0705/153658.026739:INFO:CONSOLE:2] "버튼 111: [object Object]", source: https://feblog.pstatic.net/real/pc/2025.07.02/js/vendor.09e4ec66156a9ae67634.js (2)
[1621:19521:0705/153658.026818:INFO:CONSOLE:2] "버튼 112: [object Object]", source: https://feblog.pstatic.net/real/pc/2025.07.02/js/vendor.09e4ec66156a9ae67634.js (2)
[1621:19521:0705/153658.026889:INFO:CONSOLE:2] "버튼 113: [object Object]", source: https://feblog.pstatic.net/real/pc/2025.07.02/js/vendor.09e4ec66156a9ae67634.js (2)
[1621:19521:0705/153658.026955:INFO:CONSOLE:2] "버튼 114: [object Object]", source: https://feblog.pstatic.net/real/pc/2025.07.02/js/vendor.09e4ec66156a9ae67634.js (2)
[1621:19521:0705/153658.027019:INFO:CONSOLE:2] "버튼 115: [object Object]", source: https://feblog.pstatic.net/real/pc/2025.07.02/js/vendor.09e4ec66156a9ae67634.js (2)
[1621:19521:0705/153658.027086:INFO:CONSOLE:2] "버튼 116: [object Object]", source: https://feblog.pstatic.net/real/pc/2025.07.02/js/vendor.09e4ec66156a9ae67634.js (2)
[1621:19521:0705/153658.027168:INFO:CONSOLE:2] "버튼 117: [object Object]", source: https://feblog.pstatic.net/real/pc/2025.07.02/js/vendor.09e4ec66156a9ae67634.js (2)
[1621:19521:0705/153658.027228:INFO:CONSOLE:2] "버튼 118: [object Object]", source: https://feblog.pstatic.net/real/pc/2025.07.02/js/vendor.09e4ec66156a9ae67634.js (2)
[1621:19521:0705/153658.027305:INFO:CONSOLE:2] "버튼 119: [object Object]", source: https://feblog.pstatic.net/real/pc/2025.07.02/js/vendor.09e4ec66156a9ae67634.js (2)
[1621:19521:0705/153658.027372:INFO:CONSOLE:2] "버튼 120: [object Object]", source: https://feblog.pstatic.net/real/pc/2025.07.02/js/vendor.09e4ec66156a9ae67634.js (2)
[1621:19521:0705/153658.027445:INFO:CONSOLE:2] "버튼 121: [object Object]", source: https://feblog.pstatic.net/real/pc/2025.07.02/js/vendor.09e4ec66156a9ae67634.js (2)
[1621:19521:0705/153658.027508:INFO:CONSOLE:2] "버튼 122: [object Object]", source: https://feblog.pstatic.net/real/pc/2025.07.02/js/vendor.09e4ec66156a9ae67634.js (2)
[1621:19521:0705/153658.027572:INFO:CONSOLE:2] "버튼 123: [object Object]", source: https://feblog.pstatic.net/real/pc/2025.07.02/js/vendor.09e4ec66156a9ae67634.js (2)
[1621:19521:0705/153658.027641:INFO:CONSOLE:2] "버튼 124: [object Object]", source: https://feblog.pstatic.net/real/pc/2025.07.02/js/vendor.09e4ec66156a9ae67634.js (2)
[1621:19521:0705/153658.027734:INFO:CONSOLE:2] "버튼 135: [object Object]", source: https://feblog.pstatic.net/real/pc/2025.07.02/js/vendor.09e4ec66156a9ae67634.js (2)
[1621:19521:0705/153658.027832:INFO:CONSOLE:2] "버튼 136: [object Object]", source: https://feblog.pstatic.net/real/pc/2025.07.02/js/vendor.09e4ec66156a9ae67634.js (2)
[1621:19521:0705/153658.027909:INFO:CONSOLE:2] "버튼 137: [object Object]", source: https://feblog.pstatic.net/real/pc/2025.07.02/js/vendor.09e4ec66156a9ae67634.js (2)
[1621:19521:0705/153658.027979:INFO:CONSOLE:2] "버튼 138: [object Object]", source: https://feblog.pstatic.net/real/pc/2025.07.02/js/vendor.09e4ec66156a9ae67634.js (2)
[1621:19521:0705/153658.028046:INFO:CONSOLE:2] "버튼 139: [object Object]", source: https://feblog.pstatic.net/real/pc/2025.07.02/js/vendor.09e4ec66156a9ae67634.js (2)
[1621:19521:0705/153658.028123:INFO:CONSOLE:2] "버튼 140: [object Object]", source: https://feblog.pstatic.net/real/pc/2025.07.02/js/vendor.09e4ec66156a9ae67634.js (2)
[1621:19521:0705/153658.028185:INFO:CONSOLE:2] "1단계: 정확한 선택자로 시도...", source: https://feblog.pstatic.net/real/pc/2025.07.02/js/vendor.09e4ec66156a9ae67634.js (2)
[1621:19521:0705/153658.028302:INFO:CONSOLE:2] "✅ 정확한 선택자로 확인 버튼 클릭: button.se-popup-button-confirm", source: https://feblog.pstatic.net/real/pc/2025.07.02/js/vendor.09e4ec66156a9ae67634.js (2)
[1621:19521:0705/153700.277279:INFO:CONSOLE:2] "키보드 입력 차단 해제 완료", source: https://feblog.pstatic.net/real/pc/2025.07.02/js/vendor.09e4ec66156a9ae67634.js (2)
[1621:19521:0705/153701.981082:INFO:CONSOLE:2] "Google Maps JavaScript API has been loaded directly without loading=async. This can result in suboptimal performance. For best-practice loading patterns please see https://goo.gle/js-api-loading", source: https://feblog.pstatic.net/real/pc/2025.07.02/js/vendor.09e4ec66156a9ae67634.js (2)
[1621:19521:0705/153708.192657:INFO:CONSOLE:2] "추가 버튼 발견, 5번 클릭 시도 시작...", source: https://feblog.pstatic.net/real/pc/2025.07.02/js/vendor.09e4ec66156a9ae67634.js (2)
[1621:19521:0705/153708.192909:INFO:CONSOLE:2] "1번째 클릭 시도...", source: https://feblog.pstatic.net/real/pc/2025.07.02/js/vendor.09e4ec66156a9ae67634.js (2)
[1621:19521:0705/153709.194760:INFO:CONSOLE:2] "2번째 클릭 시도...", source: https://feblog.pstatic.net/real/pc/2025.07.02/js/vendor.09e4ec66156a9ae67634.js (2)
[1621:19521:0705/153710.195343:INFO:CONSOLE:2] "3번째 클릭 시도...", source: https://feblog.pstatic.net/real/pc/2025.07.02/js/vendor.09e4ec66156a9ae67634.js (2)
[1621:19521:0705/153711.194411:INFO:CONSOLE:2] "4번째 클릭 시도...", source: https://feblog.pstatic.net/real/pc/2025.07.02/js/vendor.09e4ec66156a9ae67634.js (2)
[1621:19521:0705/153712.194997:INFO:CONSOLE:2] "5번째 클릭 시도...", source: https://feblog.pstatic.net/real/pc/2025.07.02/js/vendor.09e4ec66156a9ae67634.js (2)
[1621:19521:0705/153713.211336:INFO:CONSOLE:2] "정확한 선택자로 확인 버튼 발견", source: https://feblog.pstatic.net/real/pc/2025.07.02/js/vendor.09e4ec66156a9ae67634.js (2)
[1621:19568:0705/153715.514056:ERROR:google_apis/gcm/engine/registration_request.cc:291] Registration response error message: DEPRECATED_ENDPOINT
[1621:19521:0705/153802.404895:INFO:CONSOLE:2] "=== 최종 발행 버튼 찾기 시작 ===", source: https://feblog.pstatic.net/real/pc/2025.07.02/js/vendor.09e4ec66156a9ae67634.js (2)
[1621:19521:0705/153802.405404:INFO:CONSOLE:2] "🎯 data-testid로 발행 버튼 찾기...", source: https://feblog.pstatic.net/real/pc/2025.07.02/js/vendor.09e4ec66156a9ae67634.js (2)
[1621:19521:0705/153802.405467:INFO:CONSOLE:2] "🎯 confirm_btn 클래스로 발행 버튼 찾기...", source: https://feblog.pstatic.net/real/pc/2025.07.02/js/vendor.09e4ec66156a9ae67634.js (2)
[1621:19521:0705/153802.405620:INFO:CONSOLE:2] "✅ confirm_btn으로 발행 버튼 발견: [object Object]", source: https://feblog.pstatic.net/real/pc/2025.07.02/js/vendor.09e4ec66156a9ae67634.js (2)
[1621:19521:0705/153802.432258:INFO:CONSOLE:2] "✅ confirm_btn 발행 버튼 클릭 완료", source: https://feblog.pstatic.net/real/pc/2025.07.02/js/vendor.09e4ec66156a9ae67634.js (2)
[1621:19521:0705/153804.647005:INFO:CONSOLE:277] "Google Maps JavaScript API has been loaded directly without loading=async. This can result in suboptimal performance. For best-practice loading patterns please see https://goo.gle/js-api-loading", source: https://maps.google.co.kr/maps/api/js?v=3&client=gme-nhncorp&language=ko&channel=naver_blog (277)
[1621:19521:0705/153804.785935:INFO:CONSOLE:2] "MaxListenersExceededWarning: Possible EventEmitter memory leak detected. 11 visible listeners added. Use emitter.setMaxListeners() to increase limit", source: https://ssl.pstatic.net/t.static.blog/mylog/versioning//js/blogOnMap-811be5f_https.js (2)
[1621:19521:0705/153804.786107:INFO:CONSOLE:2] "MaxListenersExceededWarning: Possible EventEmitter memory leak detected. 11 invisible listeners added. Use emitter.setMaxListeners() to increase limit", source: https://ssl.pstatic.net/t.static.blog/mylog/versioning//js/blogOnMap-811be5f_https.js (2)
[1621:19521:0705/153827.256082:INFO:CONSOLE:2] "클립보드 읽기 권한 상태: granted", source: https://feblog.pstatic.net/real/pc/2025.07.02/js/vendor.09e4ec66156a9ae67634.js (2)
[1621:19521:0705/153831.050593:INFO:CONSOLE:2] "클립보드 읽기 권한 상태: granted", source: https://feblog.pstatic.net/real/pc/2025.07.02/js/vendor.09e4ec66156a9ae67634.js (2)
[1621:19521:0705/153834.303439:INFO:CONSOLE:2] "클립보드 읽기 권한 상태: granted", source: https://feblog.pstatic.net/real/pc/2025.07.02/js/vendor.09e4ec66156a9ae67634.js (2)
[1621:19521:0705/153837.948201:INFO:CONSOLE:2] "클립보드 읽기 권한 상태: granted", source: https://feblog.pstatic.net/real/pc/2025.07.02/js/vendor.09e4ec66156a9ae67634.js (2)
[1621:19521:0705/153840.461335:INFO:CONSOLE:2] "클립보드 읽기 권한 상태: granted", source: https://feblog.pstatic.net/real/pc/2025.07.02/js/vendor.09e4ec66156a9ae67634.js (2)
[1621:19521:0705/153842.406448:INFO:CONSOLE:2] "클립보드 읽기 권한 상태: granted", source: https://feblog.pstatic.net/real/pc/2025.07.02/js/vendor.09e4ec66156a9ae67634.js (2)
[1621:19521:0705/153844.372312:INFO:CONSOLE:2] "클립보드 읽기 권한 상태: granted", source: https://feblog.pstatic.net/real/pc/2025.07.02/js/vendor.09e4ec66156a9ae67634.js (2)
[1621:19521:0705/153844.897778:INFO:CONSOLE:1] "File chooser dialog can only be shown with a user activation.", source: https://editor-static.pstatic.net/e/basic.desktop/1.66.0/se-editor.js?t=1747381158880 (1)
[1621:19521:0705/153846.347229:INFO:CONSOLE:2] "클립보드 읽기 권한 상태: granted", source: https://feblog.pstatic.net/real/pc/2025.07.02/js/vendor.09e4ec66156a9ae67634.js (2)
[1621:19521:0705/153846.863834:INFO:CONSOLE:1] "File chooser dialog can only be shown with a user activation.", source: https://editor-static.pstatic.net/e/basic.desktop/1.66.0/se-editor.js?t=1747381158880 (1)
[1621:19521:0705/153848.296537:INFO:CONSOLE:2] "클립보드 읽기 권한 상태: granted", source: https://feblog.pstatic.net/real/pc/2025.07.02/js/vendor.09e4ec66156a9ae67634.js (2)
[1621:19521:0705/153848.809223:INFO:CONSOLE:1] "File chooser dialog can only be shown with a user activation.", source: https://editor-static.pstatic.net/e/basic.desktop/1.66.0/se-editor.js?t=1747381158880 (1)
[1621:19521:0705/153850.273038:INFO:CONSOLE:2] "클립보드 읽기 권한 상태: granted", source: https://feblog.pstatic.net/real/pc/2025.07.02/js/vendor.09e4ec66156a9ae67634.js (2)
[1621:19521:0705/153850.793592:INFO:CONSOLE:1] "File chooser dialog can only be shown with a user activation.", source: https://editor-static.pstatic.net/e/basic.desktop/1.66.0/se-editor.js?t=1747381158880 (1)
[1621:19521:0705/153852.233850:INFO:CONSOLE:2] "클립보드 읽기 권한 상태: granted", source: https://feblog.pstatic.net/real/pc/2025.07.02/js/vendor.09e4ec66156a9ae67634.js (2)
[1621:19521:0705/153852.748397:INFO:CONSOLE:1] "File chooser dialog can only be shown with a user activation.", source: https://editor-static.pstatic.net/e/basic.desktop/1.66.0/se-editor.js?t=1747381158880 (1)
[1621:19568:0705/153853.726407:ERROR:google_apis/gcm/engine/registration_request.cc:291] Registration response error message: DEPRECATED_ENDPOINT
[1621:19521:0705/153854.204101:INFO:CONSOLE:2] "클립보드 읽기 권한 상태: granted", source: https://feblog.pstatic.net/real/pc/2025.07.02/js/vendor.09e4ec66156a9ae67634.js (2)
[1621:19521:0705/153854.720927:INFO:CONSOLE:1] "File chooser dialog can only be shown with a user activation.", source: https://editor-static.pstatic.net/e/basic.desktop/1.66.0/se-editor.js?t=1747381158880 (1)
[1621:19521:0705/153856.172991:INFO:CONSOLE:2] "클립보드 읽기 권한 상태: granted", source: https://feblog.pstatic.net/real/pc/2025.07.02/js/vendor.09e4ec66156a9ae67634.js (2)
[1621:19521:0705/153856.689810:INFO:CONSOLE:1] "File chooser dialog can only be shown with a user activation.", source: https://editor-static.pstatic.net/e/basic.desktop/1.66.0/se-editor.js?t=1747381158880 (1)
[1621:19521:0705/153858.130781:INFO:CONSOLE:2] "클립보드 읽기 권한 상태: granted", source: https://feblog.pstatic.net/real/pc/2025.07.02/js/vendor.09e4ec66156a9ae67634.js (2)
[1621:19521:0705/153858.646589:INFO:CONSOLE:1] "File chooser dialog can only be shown with a user activation.", source: https://editor-static.pstatic.net/e/basic.desktop/1.66.0/se-editor.js?t=1747381158880 (1)
[1621:19521:0705/153908.816794:INFO:CONSOLE:2] "키보드 입력 차단 및 포커스 정리 완료", source: https://feblog.pstatic.net/real/pc/2025.07.02/js/vendor.09e4ec66156a9ae67634.js (2)
[1621:19521:0705/153913.974876:INFO:CONSOLE:2] "=== 최강화된 확인 버튼 찾기 시작 ===", source: https://feblog.pstatic.net/real/pc/2025.07.02/js/vendor.09e4ec66156a9ae67634.js (2)
[1621:19521:0705/153913.975688:INFO:CONSOLE:2] "현재 페이지의 모든 버튼 상황:", source: https://feblog.pstatic.net/real/pc/2025.07.02/js/vendor.09e4ec66156a9ae67634.js (2)
[1621:19521:0705/153913.975850:INFO:CONSOLE:2] "버튼 1: [object Object]", source: https://feblog.pstatic.net/real/pc/2025.07.02/js/vendor.09e4ec66156a9ae67634.js (2)
[1621:19521:0705/153913.977978:INFO:CONSOLE:2] "버튼 2: [object Object]", source: https://feblog.pstatic.net/real/pc/2025.07.02/js/vendor.09e4ec66156a9ae67634.js (2)
[1621:19521:0705/153913.978032:INFO:CONSOLE:2] "버튼 3: [object Object]", source: https://feblog.pstatic.net/real/pc/2025.07.02/js/vendor.09e4ec66156a9ae67634.js (2)
[1621:19521:0705/153913.978295:INFO:CONSOLE:2] "버튼 4: [object Object]", source: https://feblog.pstatic.net/real/pc/2025.07.02/js/vendor.09e4ec66156a9ae67634.js (2)
[1621:19521:0705/153913.978340:INFO:CONSOLE:2] "버튼 5: [object Object]", source: https://feblog.pstatic.net/real/pc/2025.07.02/js/vendor.09e4ec66156a9ae67634.js (2)
[1621:19521:0705/153913.978389:INFO:CONSOLE:2] "버튼 6: [object Object]", source: https://feblog.pstatic.net/real/pc/2025.07.02/js/vendor.09e4ec66156a9ae67634.js (2)
[1621:19521:0705/153913.978467:INFO:CONSOLE:2] "버튼 7: [object Object]", source: https://feblog.pstatic.net/real/pc/2025.07.02/js/vendor.09e4ec66156a9ae67634.js (2)
[1621:19521:0705/153913.978513:INFO:CONSOLE:2] "버튼 8: [object Object]", source: https://feblog.pstatic.net/real/pc/2025.07.02/js/vendor.09e4ec66156a9ae67634.js (2)
[1621:19521:0705/153913.978593:INFO:CONSOLE:2] "버튼 9: [object Object]", source: https://feblog.pstatic.net/real/pc/2025.07.02/js/vendor.09e4ec66156a9ae67634.js (2)
[1621:19521:0705/153913.978648:INFO:CONSOLE:2] "버튼 10: [object Object]", source: https://feblog.pstatic.net/real/pc/2025.07.02/js/vendor.09e4ec66156a9ae67634.js (2)
[1621:19521:0705/153913.978721:INFO:CONSOLE:2] "버튼 11: [object Object]", source: https://feblog.pstatic.net/real/pc/2025.07.02/js/vendor.09e4ec66156a9ae67634.js (2)
[1621:19521:0705/153913.978760:INFO:CONSOLE:2] "버튼 12: [object Object]", source: https://feblog.pstatic.net/real/pc/2025.07.02/js/vendor.09e4ec66156a9ae67634.js (2)
[1621:19521:0705/153913.978834:INFO:CONSOLE:2] "버튼 13: [object Object]", source: https://feblog.pstatic.net/real/pc/2025.07.02/js/vendor.09e4ec66156a9ae67634.js (2)
[1621:19521:0705/153913.978866:INFO:CONSOLE:2] "버튼 14: [object Object]", source: https://feblog.pstatic.net/real/pc/2025.07.02/js/vendor.09e4ec66156a9ae67634.js (2)
[1621:19521:0705/153913.978903:INFO:CONSOLE:2] "버튼 15: [object Object]", source: https://feblog.pstatic.net/real/pc/2025.07.02/js/vendor.09e4ec66156a9ae67634.js (2)
[1621:19521:0705/153913.978941:INFO:CONSOLE:2] "버튼 16: [object Object]", source: https://feblog.pstatic.net/real/pc/2025.07.02/js/vendor.09e4ec66156a9ae67634.js (2)
[1621:19521:0705/153913.979049:INFO:CONSOLE:2] "버튼 17: [object Object]", source: https://feblog.pstatic.net/real/pc/2025.07.02/js/vendor.09e4ec66156a9ae67634.js (2)
[1621:19521:0705/153913.979113:INFO:CONSOLE:2] "버튼 18: [object Object]", source: https://feblog.pstatic.net/real/pc/2025.07.02/js/vendor.09e4ec66156a9ae67634.js (2)
[1621:19521:0705/153913.979194:INFO:CONSOLE:2] "버튼 19: [object Object]", source: https://feblog.pstatic.net/real/pc/2025.07.02/js/vendor.09e4ec66156a9ae67634.js (2)
[1621:19521:0705/153913.979243:INFO:CONSOLE:2] "버튼 20: [object Object]", source: https://feblog.pstatic.net/real/pc/2025.07.02/js/vendor.09e4ec66156a9ae67634.js (2)
[1621:19521:0705/153913.979331:INFO:CONSOLE:2] "버튼 21: [object Object]", source: https://feblog.pstatic.net/real/pc/2025.07.02/js/vendor.09e4ec66156a9ae67634.js (2)
[1621:19521:0705/153913.979544:INFO:CONSOLE:2] "버튼 22: [object Object]", source: https://feblog.pstatic.net/real/pc/2025.07.02/js/vendor.09e4ec66156a9ae67634.js (2)
[1621:19521:0705/153913.979648:INFO:CONSOLE:2] "버튼 23: [object Object]", source: https://feblog.pstatic.net/real/pc/2025.07.02/js/vendor.09e4ec66156a9ae67634.js (2)
[1621:19521:0705/153913.979721:INFO:CONSOLE:2] "버튼 24: [object Object]", source: https://feblog.pstatic.net/real/pc/2025.07.02/js/vendor.09e4ec66156a9ae67634.js (2)
[1621:19521:0705/153913.979787:INFO:CONSOLE:2] "버튼 25: [object Object]", source: https://feblog.pstatic.net/real/pc/2025.07.02/js/vendor.09e4ec66156a9ae67634.js (2)
[1621:19521:0705/153913.979853:INFO:CONSOLE:2] "버튼 26: [object Object]", source: https://feblog.pstatic.net/real/pc/2025.07.02/js/vendor.09e4ec66156a9ae67634.js (2)
[1621:19521:0705/153913.979911:INFO:CONSOLE:2] "버튼 27: [object Object]", source: https://feblog.pstatic.net/real/pc/2025.07.02/js/vendor.09e4ec66156a9ae67634.js (2)
[1621:19521:0705/153913.979926:INFO:CONSOLE:2] "버튼 28: [object Object]", source: https://feblog.pstatic.net/real/pc/2025.07.02/js/vendor.09e4ec66156a9ae67634.js (2)
[1621:19521:0705/153913.980017:INFO:CONSOLE:2] "버튼 29: [object Object]", source: https://feblog.pstatic.net/real/pc/2025.07.02/js/vendor.09e4ec66156a9ae67634.js (2)
[1621:19521:0705/153913.980033:INFO:CONSOLE:2] "버튼 30: [object Object]", source: https://feblog.pstatic.net/real/pc/2025.07.02/js/vendor.09e4ec66156a9ae67634.js (2)
[1621:19521:0705/153913.980080:INFO:CONSOLE:2] "버튼 31: [object Object]", source: https://feblog.pstatic.net/real/pc/2025.07.02/js/vendor.09e4ec66156a9ae67634.js (2)
[1621:19521:0705/153913.980129:INFO:CONSOLE:2] "버튼 32: [object Object]", source: https://feblog.pstatic.net/real/pc/2025.07.02/js/vendor.09e4ec66156a9ae67634.js (2)
[1621:19521:0705/153913.980172:INFO:CONSOLE:2] "버튼 33: [object Object]", source: https://feblog.pstatic.net/real/pc/2025.07.02/js/vendor.09e4ec66156a9ae67634.js (2)
[1621:19521:0705/153913.980244:INFO:CONSOLE:2] "버튼 34: [object Object]", source: https://feblog.pstatic.net/real/pc/2025.07.02/js/vendor.09e4ec66156a9ae67634.js (2)
[1621:19521:0705/153913.980283:INFO:CONSOLE:2] "버튼 35: [object Object]", source: https://feblog.pstatic.net/real/pc/2025.07.02/js/vendor.09e4ec66156a9ae67634.js (2)
[1621:19521:0705/153913.980368:INFO:CONSOLE:2] "버튼 36: [object Object]", source: https://feblog.pstatic.net/real/pc/2025.07.02/js/vendor.09e4ec66156a9ae67634.js (2)
[1621:19521:0705/153913.980422:INFO:CONSOLE:2] "버튼 37: [object Object]", source: https://feblog.pstatic.net/real/pc/2025.07.02/js/vendor.09e4ec66156a9ae67634.js (2)
[1621:19521:0705/153913.980503:INFO:CONSOLE:2] "버튼 38: [object Object]", source: https://feblog.pstatic.net/real/pc/2025.07.02/js/vendor.09e4ec66156a9ae67634.js (2)
[1621:19521:0705/153913.980535:INFO:CONSOLE:2] "버튼 39: [object Object]", source: https://feblog.pstatic.net/real/pc/2025.07.02/js/vendor.09e4ec66156a9ae67634.js (2)
[1621:19521:0705/153913.980655:INFO:CONSOLE:2] "버튼 40: [object Object]", source: https://feblog.pstatic.net/real/pc/2025.07.02/js/vendor.09e4ec66156a9ae67634.js (2)
[1621:19521:0705/153913.980715:INFO:CONSOLE:2] "버튼 41: [object Object]", source: https://feblog.pstatic.net/real/pc/2025.07.02/js/vendor.09e4ec66156a9ae67634.js (2)
[1621:19521:0705/153913.980747:INFO:CONSOLE:2] "버튼 42: [object Object]", source: https://feblog.pstatic.net/real/pc/2025.07.02/js/vendor.09e4ec66156a9ae67634.js (2)
[1621:19521:0705/153913.980803:INFO:CONSOLE:2] "버튼 43: [object Object]", source: https://feblog.pstatic.net/real/pc/2025.07.02/js/vendor.09e4ec66156a9ae67634.js (2)
[1621:19521:0705/153913.980884:INFO:CONSOLE:2] "버튼 45: [object Object]", source: https://feblog.pstatic.net/real/pc/2025.07.02/js/vendor.09e4ec66156a9ae67634.js (2)
[1621:19521:0705/153913.980950:INFO:CONSOLE:2] "버튼 47: [object Object]", source: https://feblog.pstatic.net/real/pc/2025.07.02/js/vendor.09e4ec66156a9ae67634.js (2)
[1621:19521:0705/153913.981009:INFO:CONSOLE:2] "버튼 51: [object Object]", source: https://feblog.pstatic.net/real/pc/2025.07.02/js/vendor.09e4ec66156a9ae67634.js (2)
[1621:19521:0705/153913.981114:INFO:CONSOLE:2] "버튼 55: [object Object]", source: https://feblog.pstatic.net/real/pc/2025.07.02/js/vendor.09e4ec66156a9ae67634.js (2)
[1621:19521:0705/153913.981160:INFO:CONSOLE:2] "버튼 58: [object Object]", source: https://feblog.pstatic.net/real/pc/2025.07.02/js/vendor.09e4ec66156a9ae67634.js (2)
[1621:19521:0705/153913.981232:INFO:CONSOLE:2] "버튼 61: [object Object]", source: https://feblog.pstatic.net/real/pc/2025.07.02/js/vendor.09e4ec66156a9ae67634.js (2)
[1621:19521:0705/153913.981279:INFO:CONSOLE:2] "버튼 62: [object Object]", source: https://feblog.pstatic.net/real/pc/2025.07.02/js/vendor.09e4ec66156a9ae67634.js (2)
[1621:19521:0705/153913.981305:INFO:CONSOLE:2] "버튼 64: [object Object]", source: https://feblog.pstatic.net/real/pc/2025.07.02/js/vendor.09e4ec66156a9ae67634.js (2)
[1621:19521:0705/153913.981342:INFO:CONSOLE:2] "버튼 65: [object Object]", source: https://feblog.pstatic.net/real/pc/2025.07.02/js/vendor.09e4ec66156a9ae67634.js (2)
[1621:19521:0705/153913.981395:INFO:CONSOLE:2] "버튼 67: [object Object]", source: https://feblog.pstatic.net/real/pc/2025.07.02/js/vendor.09e4ec66156a9ae67634.js (2)
[1621:19521:0705/153913.981453:INFO:CONSOLE:2] "버튼 68: [object Object]", source: https://feblog.pstatic.net/real/pc/2025.07.02/js/vendor.09e4ec66156a9ae67634.js (2)
[1621:19521:0705/153913.981498:INFO:CONSOLE:2] "버튼 70: [object Object]", source: https://feblog.pstatic.net/real/pc/2025.07.02/js/vendor.09e4ec66156a9ae67634.js (2)
[1621:19521:0705/153913.981524:INFO:CONSOLE:2] "버튼 71: [object Object]", source: https://feblog.pstatic.net/real/pc/2025.07.02/js/vendor.09e4ec66156a9ae67634.js (2)
[1621:19521:0705/153913.981585:INFO:CONSOLE:2] "버튼 74: [object Object]", source: https://feblog.pstatic.net/real/pc/2025.07.02/js/vendor.09e4ec66156a9ae67634.js (2)
[1621:19521:0705/153913.981879:INFO:CONSOLE:2] "버튼 75: [object Object]", source: https://feblog.pstatic.net/real/pc/2025.07.02/js/vendor.09e4ec66156a9ae67634.js (2)
[1621:19521:0705/153913.981931:INFO:CONSOLE:2] "버튼 78: [object Object]", source: https://feblog.pstatic.net/real/pc/2025.07.02/js/vendor.09e4ec66156a9ae67634.js (2)
[1621:19521:0705/153913.981975:INFO:CONSOLE:2] "버튼 79: [object Object]", source: https://feblog.pstatic.net/real/pc/2025.07.02/js/vendor.09e4ec66156a9ae67634.js (2)
[1621:19521:0705/153913.982021:INFO:CONSOLE:2] "버튼 82: [object Object]", source: https://feblog.pstatic.net/real/pc/2025.07.02/js/vendor.09e4ec66156a9ae67634.js (2)
[1621:19521:0705/153913.982081:INFO:CONSOLE:2] "버튼 83: [object Object]", source: https://feblog.pstatic.net/real/pc/2025.07.02/js/vendor.09e4ec66156a9ae67634.js (2)
[1621:19521:0705/153913.982116:INFO:CONSOLE:2] "버튼 86: [object Object]", source: https://feblog.pstatic.net/real/pc/2025.07.02/js/vendor.09e4ec66156a9ae67634.js (2)
[1621:19521:0705/153913.982153:INFO:CONSOLE:2] "버튼 87: [object Object]", source: https://feblog.pstatic.net/real/pc/2025.07.02/js/vendor.09e4ec66156a9ae67634.js (2)
[1621:19521:0705/153913.982216:INFO:CONSOLE:2] "버튼 90: [object Object]", source: https://feblog.pstatic.net/real/pc/2025.07.02/js/vendor.09e4ec66156a9ae67634.js (2)
[1621:19521:0705/153913.982464:INFO:CONSOLE:2] "버튼 91: [object Object]", source: https://feblog.pstatic.net/real/pc/2025.07.02/js/vendor.09e4ec66156a9ae67634.js (2)
[1621:19521:0705/153913.982472:INFO:CONSOLE:2] "버튼 94: [object Object]", source: https://feblog.pstatic.net/real/pc/2025.07.02/js/vendor.09e4ec66156a9ae67634.js (2)
[1621:19521:0705/153913.982612:INFO:CONSOLE:2] "버튼 114: [object Object]", source: https://feblog.pstatic.net/real/pc/2025.07.02/js/vendor.09e4ec66156a9ae67634.js (2)
[1621:19521:0705/153913.982681:INFO:CONSOLE:2] "버튼 115: [object Object]", source: https://feblog.pstatic.net/real/pc/2025.07.02/js/vendor.09e4ec66156a9ae67634.js (2)
[1621:19521:0705/153913.982713:INFO:CONSOLE:2] "버튼 116: [object Object]", source: https://feblog.pstatic.net/real/pc/2025.07.02/js/vendor.09e4ec66156a9ae67634.js (2)
[1621:19521:0705/153913.982782:INFO:CONSOLE:2] "버튼 117: [object Object]", source: https://feblog.pstatic.net/real/pc/2025.07.02/js/vendor.09e4ec66156a9ae67634.js (2)
[1621:19521:0705/153913.983026:INFO:CONSOLE:2] "버튼 118: [object Object]", source: https://feblog.pstatic.net/real/pc/2025.07.02/js/vendor.09e4ec66156a9ae67634.js (2)
[1621:19521:0705/153913.983174:INFO:CONSOLE:2] "버튼 119: [object Object]", source: https://feblog.pstatic.net/real/pc/2025.07.02/js/vendor.09e4ec66156a9ae67634.js (2)
[1621:19521:0705/153913.983302:INFO:CONSOLE:2] "버튼 120: [object Object]", source: https://feblog.pstatic.net/real/pc/2025.07.02/js/vendor.09e4ec66156a9ae67634.js (2)
[1621:19521:0705/153913.983419:INFO:CONSOLE:2] "버튼 121: [object Object]", source: https://feblog.pstatic.net/real/pc/2025.07.02/js/vendor.09e4ec66156a9ae67634.js (2)
[1621:19521:0705/153913.983495:INFO:CONSOLE:2] "버튼 122: [object Object]", source: https://feblog.pstatic.net/real/pc/2025.07.02/js/vendor.09e4ec66156a9ae67634.js (2)
[1621:19521:0705/153913.983553:INFO:CONSOLE:2] "버튼 123: [object Object]", source: https://feblog.pstatic.net/real/pc/2025.07.02/js/vendor.09e4ec66156a9ae67634.js (2)
[1621:19521:0705/153913.983634:INFO:CONSOLE:2] "버튼 124: [object Object]", source: https://feblog.pstatic.net/real/pc/2025.07.02/js/vendor.09e4ec66156a9ae67634.js (2)
[1621:19521:0705/153913.983686:INFO:CONSOLE:2] "버튼 125: [object Object]", source: https://feblog.pstatic.net/real/pc/2025.07.02/js/vendor.09e4ec66156a9ae67634.js (2)
[1621:19521:0705/153913.983786:INFO:CONSOLE:2] "버튼 126: [object Object]", source: https://feblog.pstatic.net/real/pc/2025.07.02/js/vendor.09e4ec66156a9ae67634.js (2)
[1621:19521:0705/153913.983898:INFO:CONSOLE:2] "버튼 127: [object Object]", source: https://feblog.pstatic.net/real/pc/2025.07.02/js/vendor.09e4ec66156a9ae67634.js (2)
[1621:19521:0705/153913.983953:INFO:CONSOLE:2] "버튼 128: [object Object]", source: https://feblog.pstatic.net/real/pc/2025.07.02/js/vendor.09e4ec66156a9ae67634.js (2)
[1621:19521:0705/153913.983998:INFO:CONSOLE:2] "버튼 129: [object Object]", source: https://feblog.pstatic.net/real/pc/2025.07.02/js/vendor.09e4ec66156a9ae67634.js (2)
[1621:19521:0705/153913.984023:INFO:CONSOLE:2] "버튼 130: [object Object]", source: https://feblog.pstatic.net/real/pc/2025.07.02/js/vendor.09e4ec66156a9ae67634.js (2)
[1621:19521:0705/153913.984091:INFO:CONSOLE:2] "버튼 131: [object Object]", source: https://feblog.pstatic.net/real/pc/2025.07.02/js/vendor.09e4ec66156a9ae67634.js (2)
[1621:19521:0705/153913.984326:INFO:CONSOLE:2] "버튼 132: [object Object]", source: https://feblog.pstatic.net/real/pc/2025.07.02/js/vendor.09e4ec66156a9ae67634.js (2)
[1621:19521:0705/153913.984390:INFO:CONSOLE:2] "버튼 133: [object Object]", source: https://feblog.pstatic.net/real/pc/2025.07.02/js/vendor.09e4ec66156a9ae67634.js (2)
[1621:19521:0705/153913.984557:INFO:CONSOLE:2] "버튼 134: [object Object]", source: https://feblog.pstatic.net/real/pc/2025.07.02/js/vendor.09e4ec66156a9ae67634.js (2)
[1621:19521:0705/153913.984577:INFO:CONSOLE:2] "버튼 135: [object Object]", source: https://feblog.pstatic.net/real/pc/2025.07.02/js/vendor.09e4ec66156a9ae67634.js (2)
[1621:19521:0705/153913.984641:INFO:CONSOLE:2] "1단계: 정확한 선택자로 시도...", source: https://feblog.pstatic.net/real/pc/2025.07.02/js/vendor.09e4ec66156a9ae67634.js (2)
[1621:19521:0705/153913.984851:INFO:CONSOLE:2] "✅ 정확한 선택자로 확인 버튼 클릭: button.se-popup-button-confirm", source: https://feblog.pstatic.net/real/pc/2025.07.02/js/vendor.09e4ec66156a9ae67634.js (2)
[1621:19521:0705/153916.416464:INFO:CONSOLE:2] "키보드 입력 차단 해제 완료", source: https://feblog.pstatic.net/real/pc/2025.07.02/js/vendor.09e4ec66156a9ae67634.js (2)
[1621:19521:0705/153917.709704:INFO:CONSOLE:2] "Google Maps JavaScript API has been loaded directly without loading=async. This can result in suboptimal performance. For best-practice loading patterns please see https://goo.gle/js-api-loading", source: https://feblog.pstatic.net/real/pc/2025.07.02/js/vendor.09e4ec66156a9ae67634.js (2)
[1621:19521:0705/153924.620202:INFO:CONSOLE:2] "추가 버튼 발견, 5번 클릭 시도 시작...", source: https://feblog.pstatic.net/real/pc/2025.07.02/js/vendor.09e4ec66156a9ae67634.js (2)
[1621:19521:0705/153924.620463:INFO:CONSOLE:2] "1번째 클릭 시도...", source: https://feblog.pstatic.net/real/pc/2025.07.02/js/vendor.09e4ec66156a9ae67634.js (2)
[1621:19521:0705/153925.622596:INFO:CONSOLE:2] "2번째 클릭 시도...", source: https://feblog.pstatic.net/real/pc/2025.07.02/js/vendor.09e4ec66156a9ae67634.js (2)
[1621:19521:0705/153926.622252:INFO:CONSOLE:2] "3번째 클릭 시도...", source: https://feblog.pstatic.net/real/pc/2025.07.02/js/vendor.09e4ec66156a9ae67634.js (2)
[1621:19521:0705/153927.622387:INFO:CONSOLE:2] "4번째 클릭 시도...", source: https://feblog.pstatic.net/real/pc/2025.07.02/js/vendor.09e4ec66156a9ae67634.js (2)
[1621:19521:0705/153928.621784:INFO:CONSOLE:2] "5번째 클릭 시도...", source: https://feblog.pstatic.net/real/pc/2025.07.02/js/vendor.09e4ec66156a9ae67634.js (2)
[1621:19521:0705/153929.637917:INFO:CONSOLE:2] "정확한 선택자로 확인 버튼 발견", source: https://feblog.pstatic.net/real/pc/2025.07.02/js/vendor.09e4ec66156a9ae67634.js (2)
[1621:19521:0705/154018.468306:INFO:CONSOLE:2] "=== 최종 발행 버튼 찾기 시작 ===", source: https://feblog.pstatic.net/real/pc/2025.07.02/js/vendor.09e4ec66156a9ae67634.js (2)
[1621:19521:0705/154018.468581:INFO:CONSOLE:2] "🎯 data-testid로 발행 버튼 찾기...", source: https://feblog.pstatic.net/real/pc/2025.07.02/js/vendor.09e4ec66156a9ae67634.js (2)
[1621:19521:0705/154018.468628:INFO:CONSOLE:2] "🎯 confirm_btn 클래스로 발행 버튼 찾기...", source: https://feblog.pstatic.net/real/pc/2025.07.02/js/vendor.09e4ec66156a9ae67634.js (2)
[1621:19521:0705/154018.468826:INFO:CONSOLE:2] "✅ confirm_btn으로 발행 버튼 발견: [object Object]", source: https://feblog.pstatic.net/real/pc/2025.07.02/js/vendor.09e4ec66156a9ae67634.js (2)
[1621:19521:0705/154018.488651:INFO:CONSOLE:2] "✅ confirm_btn 발행 버튼 클릭 완료", source: https://feblog.pstatic.net/real/pc/2025.07.02/js/vendor.09e4ec66156a9ae67634.js (2)
[1621:19521:0705/154019.961667:INFO:CONSOLE:277] "Google Maps JavaScript API has been loaded directly without loading=async. This can result in suboptimal performance. For best-practice loading patterns please see https://goo.gle/js-api-loading", source: https://maps.google.co.kr/maps/api/js?v=3&client=gme-nhncorp&language=ko&channel=naver_blog (277)
[1621:19521:0705/154020.185799:INFO:CONSOLE:2] "MaxListenersExceededWarning: Possible EventEmitter memory leak detected. 11 visible listeners added. Use emitter.setMaxListeners() to increase limit", source: https://ssl.pstatic.net/t.static.blog/mylog/versioning//js/blogOnMap-811be5f_https.js (2)
[1621:19521:0705/154020.186181:INFO:CONSOLE:2] "MaxListenersExceededWarning: Possible EventEmitter memory leak detected. 11 invisible listeners added. Use emitter.setMaxListeners() to increase limit", source: https://ssl.pstatic.net/t.static.blog/mylog/versioning//js/blogOnMap-811be5f_https.js (2)
[1621:19568:0705/154227.920938:ERROR:google_apis/gcm/engine/registration_request.cc:291] Registration response error message: DEPRECATED_ENDPOINT
[1621:19568:0705/154912.803603:ERROR:google_apis/gcm/engine/registration_request.cc:291] Registration response error message: DEPRECATED_ENDPOINT
[1621:19521:0705/161258.999742:INFO:CONSOLE:2] "클립보드 읽기 권한 상태: granted", source: https://feblog.pstatic.net/real/pc/2025.07.02/js/vendor.09e4ec66156a9ae67634.js (2)
[1621:19521:0705/161302.997682:INFO:CONSOLE:2] "클립보드 읽기 권한 상태: granted", source: https://feblog.pstatic.net/real/pc/2025.07.02/js/vendor.09e4ec66156a9ae67634.js (2)
[1621:19521:0705/161306.880058:INFO:CONSOLE:2] "클립보드 읽기 권한 상태: granted", source: https://feblog.pstatic.net/real/pc/2025.07.02/js/vendor.09e4ec66156a9ae67634.js (2)
[1621:19521:0705/161309.973302:INFO:CONSOLE:2] "클립보드 읽기 권한 상태: granted", source: https://feblog.pstatic.net/real/pc/2025.07.02/js/vendor.09e4ec66156a9ae67634.js (2)
[1621:19521:0705/161312.163653:INFO:CONSOLE:2] "클립보드 읽기 권한 상태: granted", source: https://feblog.pstatic.net/real/pc/2025.07.02/js/vendor.09e4ec66156a9ae67634.js (2)
[1621:19521:0705/161314.168157:INFO:CONSOLE:2] "클립보드 읽기 권한 상태: granted", source: https://feblog.pstatic.net/real/pc/2025.07.02/js/vendor.09e4ec66156a9ae67634.js (2)
[1621:19521:0705/161316.122394:INFO:CONSOLE:2] "클립보드 읽기 권한 상태: granted", source: https://feblog.pstatic.net/real/pc/2025.07.02/js/vendor.09e4ec66156a9ae67634.js (2)
[1621:19521:0705/161316.650374:INFO:CONSOLE:1] "File chooser dialog can only be shown with a user activation.", source: https://editor-static.pstatic.net/e/basic.desktop/1.66.0/se-editor.js?t=1747381158880 (1)
[1621:19521:0705/161318.107364:INFO:CONSOLE:2] "클립보드 읽기 권한 상태: granted", source: https://feblog.pstatic.net/real/pc/2025.07.02/js/vendor.09e4ec66156a9ae67634.js (2)
[1621:19521:0705/161318.630928:INFO:CONSOLE:1] "File chooser dialog can only be shown with a user activation.", source: https://editor-static.pstatic.net/e/basic.desktop/1.66.0/se-editor.js?t=1747381158880 (1)
[1621:19521:0705/161320.056950:INFO:CONSOLE:2] "클립보드 읽기 권한 상태: granted", source: https://feblog.pstatic.net/real/pc/2025.07.02/js/vendor.09e4ec66156a9ae67634.js (2)
[1621:19521:0705/161320.578468:INFO:CONSOLE:1] "File chooser dialog can only be shown with a user activation.", source: https://editor-static.pstatic.net/e/basic.desktop/1.66.0/se-editor.js?t=1747381158880 (1)
[1621:19521:0705/161322.032904:INFO:CONSOLE:2] "클립보드 읽기 권한 상태: granted", source: https://feblog.pstatic.net/real/pc/2025.07.02/js/vendor.09e4ec66156a9ae67634.js (2)
[1621:19521:0705/161322.554824:INFO:CONSOLE:1] "File chooser dialog can only be shown with a user activation.", source: https://editor-static.pstatic.net/e/basic.desktop/1.66.0/se-editor.js?t=1747381158880 (1)
[1621:19521:0705/161323.979546:INFO:CONSOLE:2] "클립보드 읽기 권한 상태: granted", source: https://feblog.pstatic.net/real/pc/2025.07.02/js/vendor.09e4ec66156a9ae67634.js (2)
[1621:19521:0705/161324.498786:INFO:CONSOLE:1] "File chooser dialog can only be shown with a user activation.", source: https://editor-static.pstatic.net/e/basic.desktop/1.66.0/se-editor.js?t=1747381158880 (1)
[1621:19521:0705/161325.934193:INFO:CONSOLE:2] "클립보드 읽기 권한 상태: granted", source: https://feblog.pstatic.net/real/pc/2025.07.02/js/vendor.09e4ec66156a9ae67634.js (2)
[1621:19521:0705/161326.456601:INFO:CONSOLE:1] "File chooser dialog can only be shown with a user activation.", source: https://editor-static.pstatic.net/e/basic.desktop/1.66.0/se-editor.js?t=1747381158880 (1)
[1621:19521:0705/161327.937254:INFO:CONSOLE:2] "클립보드 읽기 권한 상태: granted", source: https://feblog.pstatic.net/real/pc/2025.07.02/js/vendor.09e4ec66156a9ae67634.js (2)
[1621:19521:0705/161328.460292:INFO:CONSOLE:1] "File chooser dialog can only be shown with a user activation.", source: https://editor-static.pstatic.net/e/basic.desktop/1.66.0/se-editor.js?t=1747381158880 (1)
[1621:19521:0705/161338.759839:INFO:CONSOLE:2] "키보드 입력 차단 및 포커스 정리 완료", source: https://feblog.pstatic.net/real/pc/2025.07.02/js/vendor.09e4ec66156a9ae67634.js (2)
[1621:19521:0705/161343.870842:INFO:CONSOLE:2] "=== 최강화된 확인 버튼 찾기 시작 ===", source: https://feblog.pstatic.net/real/pc/2025.07.02/js/vendor.09e4ec66156a9ae67634.js (2)
[1621:19521:0705/161343.870997:INFO:CONSOLE:2] "현재 페이지의 모든 버튼 상황:", source: https://feblog.pstatic.net/real/pc/2025.07.02/js/vendor.09e4ec66156a9ae67634.js (2)
[1621:19521:0705/161343.871495:INFO:CONSOLE:2] "버튼 1: [object Object]", source: https://feblog.pstatic.net/real/pc/2025.07.02/js/vendor.09e4ec66156a9ae67634.js (2)
[1621:19521:0705/161343.873748:INFO:CONSOLE:2] "버튼 2: [object Object]", source: https://feblog.pstatic.net/real/pc/2025.07.02/js/vendor.09e4ec66156a9ae67634.js (2)
[1621:19521:0705/161343.873897:INFO:CONSOLE:2] "버튼 3: [object Object]", source: https://feblog.pstatic.net/real/pc/2025.07.02/js/vendor.09e4ec66156a9ae67634.js (2)
[1621:19521:0705/161343.874028:INFO:CONSOLE:2] "버튼 4: [object Object]", source: https://feblog.pstatic.net/real/pc/2025.07.02/js/vendor.09e4ec66156a9ae67634.js (2)
[1621:19521:0705/161343.874176:INFO:CONSOLE:2] "버튼 5: [object Object]", source: https://feblog.pstatic.net/real/pc/2025.07.02/js/vendor.09e4ec66156a9ae67634.js (2)
[1621:19521:0705/161343.874277:INFO:CONSOLE:2] "버튼 6: [object Object]", source: https://feblog.pstatic.net/real/pc/2025.07.02/js/vendor.09e4ec66156a9ae67634.js (2)
[1621:19521:0705/161343.874413:INFO:CONSOLE:2] "버튼 7: [object Object]", source: https://feblog.pstatic.net/real/pc/2025.07.02/js/vendor.09e4ec66156a9ae67634.js (2)
[1621:19521:0705/161343.874517:INFO:CONSOLE:2] "버튼 8: [object Object]", source: https://feblog.pstatic.net/real/pc/2025.07.02/js/vendor.09e4ec66156a9ae67634.js (2)
[1621:19521:0705/161343.874676:INFO:CONSOLE:2] "버튼 9: [object Object]", source: https://feblog.pstatic.net/real/pc/2025.07.02/js/vendor.09e4ec66156a9ae67634.js (2)
[1621:19521:0705/161343.874798:INFO:CONSOLE:2] "버튼 10: [object Object]", source: https://feblog.pstatic.net/real/pc/2025.07.02/js/vendor.09e4ec66156a9ae67634.js (2)
[1621:19521:0705/161343.874926:INFO:CONSOLE:2] "버튼 11: [object Object]", source: https://feblog.pstatic.net/real/pc/2025.07.02/js/vendor.09e4ec66156a9ae67634.js (2)
[1621:19521:0705/161343.875008:INFO:CONSOLE:2] "버튼 12: [object Object]", source: https://feblog.pstatic.net/real/pc/2025.07.02/js/vendor.09e4ec66156a9ae67634.js (2)
[1621:19521:0705/161343.875108:INFO:CONSOLE:2] "버튼 13: [object Object]", source: https://feblog.pstatic.net/real/pc/2025.07.02/js/vendor.09e4ec66156a9ae67634.js (2)
[1621:19521:0705/161343.875230:INFO:CONSOLE:2] "버튼 14: [object Object]", source: https://feblog.pstatic.net/real/pc/2025.07.02/js/vendor.09e4ec66156a9ae67634.js (2)
[1621:19521:0705/161343.875405:INFO:CONSOLE:2] "버튼 15: [object Object]", source: https://feblog.pstatic.net/real/pc/2025.07.02/js/vendor.09e4ec66156a9ae67634.js (2)
[1621:19521:0705/161343.875513:INFO:CONSOLE:2] "버튼 16: [object Object]", source: https://feblog.pstatic.net/real/pc/2025.07.02/js/vendor.09e4ec66156a9ae67634.js (2)
[1621:19521:0705/161343.875682:INFO:CONSOLE:2] "버튼 17: [object Object]", source: https://feblog.pstatic.net/real/pc/2025.07.02/js/vendor.09e4ec66156a9ae67634.js (2)
[1621:19521:0705/161343.875788:INFO:CONSOLE:2] "버튼 18: [object Object]", source: https://feblog.pstatic.net/real/pc/2025.07.02/js/vendor.09e4ec66156a9ae67634.js (2)
[1621:19521:0705/161343.875897:INFO:CONSOLE:2] "버튼 19: [object Object]", source: https://feblog.pstatic.net/real/pc/2025.07.02/js/vendor.09e4ec66156a9ae67634.js (2)
[1621:19521:0705/161343.876044:INFO:CONSOLE:2] "버튼 20: [object Object]", source: https://feblog.pstatic.net/real/pc/2025.07.02/js/vendor.09e4ec66156a9ae67634.js (2)
[1621:19521:0705/161343.876179:INFO:CONSOLE:2] "버튼 21: [object Object]", source: https://feblog.pstatic.net/real/pc/2025.07.02/js/vendor.09e4ec66156a9ae67634.js (2)
[1621:19521:0705/161343.876319:INFO:CONSOLE:2] "버튼 22: [object Object]", source: https://feblog.pstatic.net/real/pc/2025.07.02/js/vendor.09e4ec66156a9ae67634.js (2)
[1621:19521:0705/161343.876529:INFO:CONSOLE:2] "버튼 23: [object Object]", source: https://feblog.pstatic.net/real/pc/2025.07.02/js/vendor.09e4ec66156a9ae67634.js (2)
[1621:19521:0705/161343.876781:INFO:CONSOLE:2] "버튼 24: [object Object]", source: https://feblog.pstatic.net/real/pc/2025.07.02/js/vendor.09e4ec66156a9ae67634.js (2)
[1621:19521:0705/161343.876926:INFO:CONSOLE:2] "버튼 25: [object Object]", source: https://feblog.pstatic.net/real/pc/2025.07.02/js/vendor.09e4ec66156a9ae67634.js (2)
[1621:19521:0705/161343.877034:INFO:CONSOLE:2] "버튼 26: [object Object]", source: https://feblog.pstatic.net/real/pc/2025.07.02/js/vendor.09e4ec66156a9ae67634.js (2)
[1621:19521:0705/161343.877147:INFO:CONSOLE:2] "버튼 27: [object Object]", source: https://feblog.pstatic.net/real/pc/2025.07.02/js/vendor.09e4ec66156a9ae67634.js (2)
[1621:19521:0705/161343.877258:INFO:CONSOLE:2] "버튼 28: [object Object]", source: https://feblog.pstatic.net/real/pc/2025.07.02/js/vendor.09e4ec66156a9ae67634.js (2)
[1621:19521:0705/161343.877355:INFO:CONSOLE:2] "버튼 29: [object Object]", source: https://feblog.pstatic.net/real/pc/2025.07.02/js/vendor.09e4ec66156a9ae67634.js (2)
[1621:19521:0705/161343.877449:INFO:CONSOLE:2] "버튼 30: [object Object]", source: https://feblog.pstatic.net/real/pc/2025.07.02/js/vendor.09e4ec66156a9ae67634.js (2)
[1621:19521:0705/161343.877553:INFO:CONSOLE:2] "버튼 31: [object Object]", source: https://feblog.pstatic.net/real/pc/2025.07.02/js/vendor.09e4ec66156a9ae67634.js (2)
[1621:19521:0705/161343.877650:INFO:CONSOLE:2] "버튼 32: [object Object]", source: https://feblog.pstatic.net/real/pc/2025.07.02/js/vendor.09e4ec66156a9ae67634.js (2)
[1621:19521:0705/161343.877738:INFO:CONSOLE:2] "버튼 33: [object Object]", source: https://feblog.pstatic.net/real/pc/2025.07.02/js/vendor.09e4ec66156a9ae67634.js (2)
[1621:19521:0705/161343.877829:INFO:CONSOLE:2] "버튼 34: [object Object]", source: https://feblog.pstatic.net/real/pc/2025.07.02/js/vendor.09e4ec66156a9ae67634.js (2)
[1621:19521:0705/161343.877929:INFO:CONSOLE:2] "버튼 35: [object Object]", source: https://feblog.pstatic.net/real/pc/2025.07.02/js/vendor.09e4ec66156a9ae67634.js (2)
[1621:19521:0705/161343.878033:INFO:CONSOLE:2] "버튼 36: [object Object]", source: https://feblog.pstatic.net/real/pc/2025.07.02/js/vendor.09e4ec66156a9ae67634.js (2)
[1621:19521:0705/161343.878132:INFO:CONSOLE:2] "버튼 37: [object Object]", source: https://feblog.pstatic.net/real/pc/2025.07.02/js/vendor.09e4ec66156a9ae67634.js (2)
[1621:19521:0705/161343.878222:INFO:CONSOLE:2] "버튼 38: [object Object]", source: https://feblog.pstatic.net/real/pc/2025.07.02/js/vendor.09e4ec66156a9ae67634.js (2)
[1621:19521:0705/161343.878311:INFO:CONSOLE:2] "버튼 39: [object Object]", source: https://feblog.pstatic.net/real/pc/2025.07.02/js/vendor.09e4ec66156a9ae67634.js (2)
[1621:19521:0705/161343.878400:INFO:CONSOLE:2] "버튼 40: [object Object]", source: https://feblog.pstatic.net/real/pc/2025.07.02/js/vendor.09e4ec66156a9ae67634.js (2)
[1621:19521:0705/161343.878504:INFO:CONSOLE:2] "버튼 41: [object Object]", source: https://feblog.pstatic.net/real/pc/2025.07.02/js/vendor.09e4ec66156a9ae67634.js (2)
[1621:19521:0705/161343.878579:INFO:CONSOLE:2] "버튼 42: [object Object]", source: https://feblog.pstatic.net/real/pc/2025.07.02/js/vendor.09e4ec66156a9ae67634.js (2)
[1621:19521:0705/161343.878673:INFO:CONSOLE:2] "버튼 43: [object Object]", source: https://feblog.pstatic.net/real/pc/2025.07.02/js/vendor.09e4ec66156a9ae67634.js (2)
[1621:19521:0705/161343.878771:INFO:CONSOLE:2] "버튼 45: [object Object]", source: https://feblog.pstatic.net/real/pc/2025.07.02/js/vendor.09e4ec66156a9ae67634.js (2)
[1621:19521:0705/161343.878891:INFO:CONSOLE:2] "버튼 47: [object Object]", source: https://feblog.pstatic.net/real/pc/2025.07.02/js/vendor.09e4ec66156a9ae67634.js (2)
[1621:19521:0705/161343.878969:INFO:CONSOLE:2] "버튼 51: [object Object]", source: https://feblog.pstatic.net/real/pc/2025.07.02/js/vendor.09e4ec66156a9ae67634.js (2)
[1621:19521:0705/161343.879096:INFO:CONSOLE:2] "버튼 55: [object Object]", source: https://feblog.pstatic.net/real/pc/2025.07.02/js/vendor.09e4ec66156a9ae67634.js (2)
[1621:19521:0705/161343.879179:INFO:CONSOLE:2] "버튼 58: [object Object]", source: https://feblog.pstatic.net/real/pc/2025.07.02/js/vendor.09e4ec66156a9ae67634.js (2)
[1621:19521:0705/161343.879268:INFO:CONSOLE:2] "버튼 59: [object Object]", source: https://feblog.pstatic.net/real/pc/2025.07.02/js/vendor.09e4ec66156a9ae67634.js (2)
[1621:19521:0705/161343.879363:INFO:CONSOLE:2] "버튼 61: [object Object]", source: https://feblog.pstatic.net/real/pc/2025.07.02/js/vendor.09e4ec66156a9ae67634.js (2)
[1621:19521:0705/161343.879444:INFO:CONSOLE:2] "버튼 62: [object Object]", source: https://feblog.pstatic.net/real/pc/2025.07.02/js/vendor.09e4ec66156a9ae67634.js (2)
[1621:19521:0705/161343.879546:INFO:CONSOLE:2] "버튼 64: [object Object]", source: https://feblog.pstatic.net/real/pc/2025.07.02/js/vendor.09e4ec66156a9ae67634.js (2)
[1621:19521:0705/161343.879637:INFO:CONSOLE:2] "버튼 65: [object Object]", source: https://feblog.pstatic.net/real/pc/2025.07.02/js/vendor.09e4ec66156a9ae67634.js (2)
[1621:19521:0705/161343.879716:INFO:CONSOLE:2] "버튼 67: [object Object]", source: https://feblog.pstatic.net/real/pc/2025.07.02/js/vendor.09e4ec66156a9ae67634.js (2)
[1621:19521:0705/161343.879800:INFO:CONSOLE:2] "버튼 68: [object Object]", source: https://feblog.pstatic.net/real/pc/2025.07.02/js/vendor.09e4ec66156a9ae67634.js (2)
[1621:19521:0705/161343.879887:INFO:CONSOLE:2] "버튼 70: [object Object]", source: https://feblog.pstatic.net/real/pc/2025.07.02/js/vendor.09e4ec66156a9ae67634.js (2)
[1621:19521:0705/161343.879980:INFO:CONSOLE:2] "버튼 71: [object Object]", source: https://feblog.pstatic.net/real/pc/2025.07.02/js/vendor.09e4ec66156a9ae67634.js (2)
[1621:19521:0705/161343.880067:INFO:CONSOLE:2] "버튼 74: [object Object]", source: https://feblog.pstatic.net/real/pc/2025.07.02/js/vendor.09e4ec66156a9ae67634.js (2)
[1621:19521:0705/161343.880156:INFO:CONSOLE:2] "버튼 75: [object Object]", source: https://feblog.pstatic.net/real/pc/2025.07.02/js/vendor.09e4ec66156a9ae67634.js (2)
[1621:19521:0705/161343.880255:INFO:CONSOLE:2] "버튼 78: [object Object]", source: https://feblog.pstatic.net/real/pc/2025.07.02/js/vendor.09e4ec66156a9ae67634.js (2)
[1621:19521:0705/161343.880339:INFO:CONSOLE:2] "버튼 79: [object Object]", source: https://feblog.pstatic.net/real/pc/2025.07.02/js/vendor.09e4ec66156a9ae67634.js (2)
[1621:19521:0705/161343.880427:INFO:CONSOLE:2] "버튼 82: [object Object]", source: https://feblog.pstatic.net/real/pc/2025.07.02/js/vendor.09e4ec66156a9ae67634.js (2)
[1621:19521:0705/161343.880513:INFO:CONSOLE:2] "버튼 83: [object Object]", source: https://feblog.pstatic.net/real/pc/2025.07.02/js/vendor.09e4ec66156a9ae67634.js (2)
[1621:19521:0705/161343.880595:INFO:CONSOLE:2] "버튼 86: [object Object]", source: https://feblog.pstatic.net/real/pc/2025.07.02/js/vendor.09e4ec66156a9ae67634.js (2)
[1621:19521:0705/161343.880693:INFO:CONSOLE:2] "버튼 87: [object Object]", source: https://feblog.pstatic.net/real/pc/2025.07.02/js/vendor.09e4ec66156a9ae67634.js (2)
[1621:19521:0705/161343.880769:INFO:CONSOLE:2] "버튼 90: [object Object]", source: https://feblog.pstatic.net/real/pc/2025.07.02/js/vendor.09e4ec66156a9ae67634.js (2)
[1621:19521:0705/161343.880883:INFO:CONSOLE:2] "버튼 110: [object Object]", source: https://feblog.pstatic.net/real/pc/2025.07.02/js/vendor.09e4ec66156a9ae67634.js (2)
[1621:19521:0705/161343.880983:INFO:CONSOLE:2] "버튼 111: [object Object]", source: https://feblog.pstatic.net/real/pc/2025.07.02/js/vendor.09e4ec66156a9ae67634.js (2)
[1621:19521:0705/161343.881064:INFO:CONSOLE:2] "버튼 112: [object Object]", source: https://feblog.pstatic.net/real/pc/2025.07.02/js/vendor.09e4ec66156a9ae67634.js (2)
[1621:19521:0705/161343.881161:INFO:CONSOLE:2] "버튼 113: [object Object]", source: https://feblog.pstatic.net/real/pc/2025.07.02/js/vendor.09e4ec66156a9ae67634.js (2)
[1621:19521:0705/161343.881250:INFO:CONSOLE:2] "버튼 114: [object Object]", source: https://feblog.pstatic.net/real/pc/2025.07.02/js/vendor.09e4ec66156a9ae67634.js (2)
[1621:19521:0705/161343.881338:INFO:CONSOLE:2] "버튼 115: [object Object]", source: https://feblog.pstatic.net/real/pc/2025.07.02/js/vendor.09e4ec66156a9ae67634.js (2)
[1621:19521:0705/161343.881427:INFO:CONSOLE:2] "버튼 116: [object Object]", source: https://feblog.pstatic.net/real/pc/2025.07.02/js/vendor.09e4ec66156a9ae67634.js (2)
[1621:19521:0705/161343.881499:INFO:CONSOLE:2] "버튼 117: [object Object]", source: https://feblog.pstatic.net/real/pc/2025.07.02/js/vendor.09e4ec66156a9ae67634.js (2)
[1621:19521:0705/161343.881591:INFO:CONSOLE:2] "버튼 118: [object Object]", source: https://feblog.pstatic.net/real/pc/2025.07.02/js/vendor.09e4ec66156a9ae67634.js (2)
[1621:19521:0705/161343.881684:INFO:CONSOLE:2] "버튼 119: [object Object]", source: https://feblog.pstatic.net/real/pc/2025.07.02/js/vendor.09e4ec66156a9ae67634.js (2)
[1621:19521:0705/161343.881770:INFO:CONSOLE:2] "버튼 120: [object Object]", source: https://feblog.pstatic.net/real/pc/2025.07.02/js/vendor.09e4ec66156a9ae67634.js (2)
[1621:19521:0705/161343.881886:INFO:CONSOLE:2] "버튼 121: [object Object]", source: https://feblog.pstatic.net/real/pc/2025.07.02/js/vendor.09e4ec66156a9ae67634.js (2)
[1621:19521:0705/161343.881963:INFO:CONSOLE:2] "버튼 122: [object Object]", source: https://feblog.pstatic.net/real/pc/2025.07.02/js/vendor.09e4ec66156a9ae67634.js (2)
[1621:19521:0705/161343.882047:INFO:CONSOLE:2] "버튼 123: [object Object]", source: https://feblog.pstatic.net/real/pc/2025.07.02/js/vendor.09e4ec66156a9ae67634.js (2)
[1621:19521:0705/161343.882139:INFO:CONSOLE:2] "버튼 124: [object Object]", source: https://feblog.pstatic.net/real/pc/2025.07.02/js/vendor.09e4ec66156a9ae67634.js (2)
[1621:19521:0705/161343.882221:INFO:CONSOLE:2] "버튼 125: [object Object]", source: https://feblog.pstatic.net/real/pc/2025.07.02/js/vendor.09e4ec66156a9ae67634.js (2)
[1621:19521:0705/161343.882327:INFO:CONSOLE:2] "버튼 126: [object Object]", source: https://feblog.pstatic.net/real/pc/2025.07.02/js/vendor.09e4ec66156a9ae67634.js (2)
[1621:19521:0705/161343.882408:INFO:CONSOLE:2] "버튼 127: [object Object]", source: https://feblog.pstatic.net/real/pc/2025.07.02/js/vendor.09e4ec66156a9ae67634.js (2)
[1621:19521:0705/161343.882468:INFO:CONSOLE:2] "버튼 128: [object Object]", source: https://feblog.pstatic.net/real/pc/2025.07.02/js/vendor.09e4ec66156a9ae67634.js (2)
[1621:19521:0705/161343.882559:INFO:CONSOLE:2] "버튼 129: [object Object]", source: https://feblog.pstatic.net/real/pc/2025.07.02/js/vendor.09e4ec66156a9ae67634.js (2)
[1621:19521:0705/161343.882645:INFO:CONSOLE:2] "버튼 130: [object Object]", source: https://feblog.pstatic.net/real/pc/2025.07.02/js/vendor.09e4ec66156a9ae67634.js (2)
[1621:19521:0705/161343.882775:INFO:CONSOLE:2] "1단계: 정확한 선택자로 시도...", source: https://feblog.pstatic.net/real/pc/2025.07.02/js/vendor.09e4ec66156a9ae67634.js (2)
[1621:19521:0705/161343.882945:INFO:CONSOLE:2] "✅ 정확한 선택자로 확인 버튼 클릭: button.se-popup-button-confirm", source: https://feblog.pstatic.net/real/pc/2025.07.02/js/vendor.09e4ec66156a9ae67634.js (2)
[1621:19521:0705/161346.134719:INFO:CONSOLE:2] "키보드 입력 차단 해제 완료", source: https://feblog.pstatic.net/real/pc/2025.07.02/js/vendor.09e4ec66156a9ae67634.js (2)
[1621:19521:0705/161347.273830:INFO:CONSOLE:2] "Google Maps JavaScript API has been loaded directly without loading=async. This can result in suboptimal performance. For best-practice loading patterns please see https://goo.gle/js-api-loading", source: https://feblog.pstatic.net/real/pc/2025.07.02/js/vendor.09e4ec66156a9ae67634.js (2)
[1621:19521:0705/161354.094258:INFO:CONSOLE:2] "추가 버튼 발견, 5번 클릭 시도 시작...", source: https://feblog.pstatic.net/real/pc/2025.07.02/js/vendor.09e4ec66156a9ae67634.js (2)
[1621:19521:0705/161354.094648:INFO:CONSOLE:2] "1번째 클릭 시도...", source: https://feblog.pstatic.net/real/pc/2025.07.02/js/vendor.09e4ec66156a9ae67634.js (2)
[1621:19521:0705/161355.096174:INFO:CONSOLE:2] "2번째 클릭 시도...", source: https://feblog.pstatic.net/real/pc/2025.07.02/js/vendor.09e4ec66156a9ae67634.js (2)
[1621:19521:0705/161356.096572:INFO:CONSOLE:2] "3번째 클릭 시도...", source: https://feblog.pstatic.net/real/pc/2025.07.02/js/vendor.09e4ec66156a9ae67634.js (2)
[1621:19521:0705/161357.096530:INFO:CONSOLE:2] "4번째 클릭 시도...", source: https://feblog.pstatic.net/real/pc/2025.07.02/js/vendor.09e4ec66156a9ae67634.js (2)
[1621:19521:0705/161358.097066:INFO:CONSOLE:2] "5번째 클릭 시도...", source: https://feblog.pstatic.net/real/pc/2025.07.02/js/vendor.09e4ec66156a9ae67634.js (2)
[1621:19521:0705/161359.122026:INFO:CONSOLE:2] "정확한 선택자로 확인 버튼 발견", source: https://feblog.pstatic.net/real/pc/2025.07.02/js/vendor.09e4ec66156a9ae67634.js (2)
[1621:19521:0705/161448.341514:INFO:CONSOLE:2] "=== 최종 발행 버튼 찾기 시작 ===", source: https://feblog.pstatic.net/real/pc/2025.07.02/js/vendor.09e4ec66156a9ae67634.js (2)
[1621:19521:0705/161448.341618:INFO:CONSOLE:2] "🎯 data-testid로 발행 버튼 찾기...", source: https://feblog.pstatic.net/real/pc/2025.07.02/js/vendor.09e4ec66156a9ae67634.js (2)
[1621:19521:0705/161448.341810:INFO:CONSOLE:2] "🎯 confirm_btn 클래스로 발행 버튼 찾기...", source: https://feblog.pstatic.net/real/pc/2025.07.02/js/vendor.09e4ec66156a9ae67634.js (2)
[1621:19521:0705/161448.342147:INFO:CONSOLE:2] "✅ confirm_btn으로 발행 버튼 발견: [object Object]", source: https://feblog.pstatic.net/real/pc/2025.07.02/js/vendor.09e4ec66156a9ae67634.js (2)
[1621:19521:0705/161448.366257:INFO:CONSOLE:2] "✅ confirm_btn 발행 버튼 클릭 완료", source: https://feblog.pstatic.net/real/pc/2025.07.02/js/vendor.09e4ec66156a9ae67634.js (2)
[1621:19521:0705/161449.800108:INFO:CONSOLE:277] "Google Maps JavaScript API has been loaded directly without loading=async. This can result in suboptimal performance. For best-practice loading patterns please see https://goo.gle/js-api-loading", source: https://maps.google.co.kr/maps/api/js?v=3&client=gme-nhncorp&language=ko&channel=naver_blog (277)
[1621:19521:0705/161450.021883:INFO:CONSOLE:2] "MaxListenersExceededWarning: Possible EventEmitter memory leak detected. 11 visible listeners added. Use emitter.setMaxListeners() to increase limit", source: https://ssl.pstatic.net/t.static.blog/mylog/versioning//js/blogOnMap-811be5f_https.js (2)
[1621:19521:0705/161450.022240:INFO:CONSOLE:2] "MaxListenersExceededWarning: Possible EventEmitter memory leak detected. 11 invisible listeners added. Use emitter.setMaxListeners() to increase limit", source: https://ssl.pstatic.net/t.static.blog/mylog/versioning//js/blogOnMap-811be5f_https.js (2)
[1621:19521:0705/161921.517953:INFO:CONSOLE:2] "클립보드 읽기 권한 상태: granted", source: https://feblog.pstatic.net/real/pc/2025.07.02/js/vendor.09e4ec66156a9ae67634.js (2)
[1621:19521:0705/161925.098534:INFO:CONSOLE:2] "클립보드 읽기 권한 상태: granted", source: https://feblog.pstatic.net/real/pc/2025.07.02/js/vendor.09e4ec66156a9ae67634.js (2)
[1621:19521:0705/161928.846576:INFO:CONSOLE:2] "클립보드 읽기 권한 상태: granted", source: https://feblog.pstatic.net/real/pc/2025.07.02/js/vendor.09e4ec66156a9ae67634.js (2)
[1621:19521:0705/161932.495758:INFO:CONSOLE:2] "클립보드 읽기 권한 상태: granted", source: https://feblog.pstatic.net/real/pc/2025.07.02/js/vendor.09e4ec66156a9ae67634.js (2)
[1621:19521:0705/161934.680579:INFO:CONSOLE:2] "클립보드 읽기 권한 상태: granted", source: https://feblog.pstatic.net/real/pc/2025.07.02/js/vendor.09e4ec66156a9ae67634.js (2)
[1621:19521:0705/161936.676990:INFO:CONSOLE:2] "클립보드 읽기 권한 상태: granted", source: https://feblog.pstatic.net/real/pc/2025.07.02/js/vendor.09e4ec66156a9ae67634.js (2)
[1621:19521:0705/161938.636235:INFO:CONSOLE:2] "클립보드 읽기 권한 상태: granted", source: https://feblog.pstatic.net/real/pc/2025.07.02/js/vendor.09e4ec66156a9ae67634.js (2)
[1621:19521:0705/161939.165898:INFO:CONSOLE:1] "File chooser dialog can only be shown with a user activation.", source: https://editor-static.pstatic.net/e/basic.desktop/1.66.0/se-editor.js?t=1747381158880 (1)
[1621:19521:0705/161940.631925:INFO:CONSOLE:2] "클립보드 읽기 권한 상태: granted", source: https://feblog.pstatic.net/real/pc/2025.07.02/js/vendor.09e4ec66156a9ae67634.js (2)
[1621:19521:0705/161941.152311:INFO:CONSOLE:1] "File chooser dialog can only be shown with a user activation.", source: https://editor-static.pstatic.net/e/basic.desktop/1.66.0/se-editor.js?t=1747381158880 (1)
[1621:19521:0705/161942.652333:INFO:CONSOLE:2] "클립보드 읽기 권한 상태: granted", source: https://feblog.pstatic.net/real/pc/2025.07.02/js/vendor.09e4ec66156a9ae67634.js (2)
[1621:19521:0705/161943.174286:INFO:CONSOLE:1] "File chooser dialog can only be shown with a user activation.", source: https://editor-static.pstatic.net/e/basic.desktop/1.66.0/se-editor.js?t=1747381158880 (1)
[1621:19521:0705/161944.600067:INFO:CONSOLE:2] "클립보드 읽기 권한 상태: granted", source: https://feblog.pstatic.net/real/pc/2025.07.02/js/vendor.09e4ec66156a9ae67634.js (2)
[1621:19521:0705/161945.117934:INFO:CONSOLE:1] "File chooser dialog can only be shown with a user activation.", source: https://editor-static.pstatic.net/e/basic.desktop/1.66.0/se-editor.js?t=1747381158880 (1)
[1621:19521:0705/161946.561450:INFO:CONSOLE:2] "클립보드 읽기 권한 상태: granted", source: https://feblog.pstatic.net/real/pc/2025.07.02/js/vendor.09e4ec66156a9ae67634.js (2)
[1621:19521:0705/161947.083340:INFO:CONSOLE:1] "File chooser dialog can only be shown with a user activation.", source: https://editor-static.pstatic.net/e/basic.desktop/1.66.0/se-editor.js?t=1747381158880 (1)
[1621:19521:0705/161957.311708:INFO:CONSOLE:2] "키보드 입력 차단 및 포커스 정리 완료", source: https://feblog.pstatic.net/real/pc/2025.07.02/js/vendor.09e4ec66156a9ae67634.js (2)
[1621:19521:0705/162002.415843:INFO:CONSOLE:2] "=== 최강화된 확인 버튼 찾기 시작 ===", source: https://feblog.pstatic.net/real/pc/2025.07.02/js/vendor.09e4ec66156a9ae67634.js (2)
[1621:19521:0705/162002.415998:INFO:CONSOLE:2] "현재 페이지의 모든 버튼 상황:", source: https://feblog.pstatic.net/real/pc/2025.07.02/js/vendor.09e4ec66156a9ae67634.js (2)
[1621:19521:0705/162002.416506:INFO:CONSOLE:2] "버튼 1: [object Object]", source: https://feblog.pstatic.net/real/pc/2025.07.02/js/vendor.09e4ec66156a9ae67634.js (2)
[1621:19521:0705/162002.416749:INFO:CONSOLE:2] "버튼 2: [object Object]", source: https://feblog.pstatic.net/real/pc/2025.07.02/js/vendor.09e4ec66156a9ae67634.js (2)
[1621:19521:0705/162002.416873:INFO:CONSOLE:2] "버튼 3: [object Object]", source: https://feblog.pstatic.net/real/pc/2025.07.02/js/vendor.09e4ec66156a9ae67634.js (2)
[1621:19521:0705/162002.416996:INFO:CONSOLE:2] "버튼 4: [object Object]", source: https://feblog.pstatic.net/real/pc/2025.07.02/js/vendor.09e4ec66156a9ae67634.js (2)
[1621:19521:0705/162002.417174:INFO:CONSOLE:2] "버튼 5: [object Object]", source: https://feblog.pstatic.net/real/pc/2025.07.02/js/vendor.09e4ec66156a9ae67634.js (2)
[1621:19521:0705/162002.417297:INFO:CONSOLE:2] "버튼 6: [object Object]", source: https://feblog.pstatic.net/real/pc/2025.07.02/js/vendor.09e4ec66156a9ae67634.js (2)
[1621:19521:0705/162002.417429:INFO:CONSOLE:2] "버튼 7: [object Object]", source: https://feblog.pstatic.net/real/pc/2025.07.02/js/vendor.09e4ec66156a9ae67634.js (2)
[1621:19521:0705/162002.417542:INFO:CONSOLE:2] "버튼 8: [object Object]", source: https://feblog.pstatic.net/real/pc/2025.07.02/js/vendor.09e4ec66156a9ae67634.js (2)
[1621:19521:0705/162002.417729:INFO:CONSOLE:2] "버튼 9: [object Object]", source: https://feblog.pstatic.net/real/pc/2025.07.02/js/vendor.09e4ec66156a9ae67634.js (2)
[1621:19521:0705/162002.417850:INFO:CONSOLE:2] "버튼 10: [object Object]", source: https://feblog.pstatic.net/real/pc/2025.07.02/js/vendor.09e4ec66156a9ae67634.js (2)
[1621:19521:0705/162002.417989:INFO:CONSOLE:2] "버튼 11: [object Object]", source: https://feblog.pstatic.net/real/pc/2025.07.02/js/vendor.09e4ec66156a9ae67634.js (2)
[1621:19521:0705/162002.418115:INFO:CONSOLE:2] "버튼 12: [object Object]", source: https://feblog.pstatic.net/real/pc/2025.07.02/js/vendor.09e4ec66156a9ae67634.js (2)
[1621:19521:0705/162002.418223:INFO:CONSOLE:2] "버튼 13: [object Object]", source: https://feblog.pstatic.net/real/pc/2025.07.02/js/vendor.09e4ec66156a9ae67634.js (2)
[1621:19521:0705/162002.418333:INFO:CONSOLE:2] "버튼 14: [object Object]", source: https://feblog.pstatic.net/real/pc/2025.07.02/js/vendor.09e4ec66156a9ae67634.js (2)
[1621:19521:0705/162002.418469:INFO:CONSOLE:2] "버튼 15: [object Object]", source: https://feblog.pstatic.net/real/pc/2025.07.02/js/vendor.09e4ec66156a9ae67634.js (2)
[1621:19521:0705/162002.418585:INFO:CONSOLE:2] "버튼 16: [object Object]", source: https://feblog.pstatic.net/real/pc/2025.07.02/js/vendor.09e4ec66156a9ae67634.js (2)
[1621:19521:0705/162002.418694:INFO:CONSOLE:2] "버튼 17: [object Object]", source: https://feblog.pstatic.net/real/pc/2025.07.02/js/vendor.09e4ec66156a9ae67634.js (2)
[1621:19521:0705/162002.418805:INFO:CONSOLE:2] "버튼 18: [object Object]", source: https://feblog.pstatic.net/real/pc/2025.07.02/js/vendor.09e4ec66156a9ae67634.js (2)
[1621:19521:0705/162002.419132:INFO:CONSOLE:2] "버튼 19: [object Object]", source: https://feblog.pstatic.net/real/pc/2025.07.02/js/vendor.09e4ec66156a9ae67634.js (2)
[1621:19521:0705/162002.419368:INFO:CONSOLE:2] "버튼 20: [object Object]", source: https://feblog.pstatic.net/real/pc/2025.07.02/js/vendor.09e4ec66156a9ae67634.js (2)
[1621:19521:0705/162002.419509:INFO:CONSOLE:2] "버튼 21: [object Object]", source: https://feblog.pstatic.net/real/pc/2025.07.02/js/vendor.09e4ec66156a9ae67634.js (2)
[1621:19521:0705/162002.419673:INFO:CONSOLE:2] "버튼 22: [object Object]", source: https://feblog.pstatic.net/real/pc/2025.07.02/js/vendor.09e4ec66156a9ae67634.js (2)
[1621:19521:0705/162002.419778:INFO:CONSOLE:2] "버튼 23: [object Object]", source: https://feblog.pstatic.net/real/pc/2025.07.02/js/vendor.09e4ec66156a9ae67634.js (2)
[1621:19521:0705/162002.419880:INFO:CONSOLE:2] "버튼 24: [object Object]", source: https://feblog.pstatic.net/real/pc/2025.07.02/js/vendor.09e4ec66156a9ae67634.js (2)
[1621:19521:0705/162002.420068:INFO:CONSOLE:2] "버튼 25: [object Object]", source: https://feblog.pstatic.net/real/pc/2025.07.02/js/vendor.09e4ec66156a9ae67634.js (2)
[1621:19521:0705/162002.420184:INFO:CONSOLE:2] "버튼 26: [object Object]", source: https://feblog.pstatic.net/real/pc/2025.07.02/js/vendor.09e4ec66156a9ae67634.js (2)
[1621:19521:0705/162002.420282:INFO:CONSOLE:2] "버튼 27: [object Object]", source: https://feblog.pstatic.net/real/pc/2025.07.02/js/vendor.09e4ec66156a9ae67634.js (2)
[1621:19521:0705/162002.420407:INFO:CONSOLE:2] "버튼 28: [object Object]", source: https://feblog.pstatic.net/real/pc/2025.07.02/js/vendor.09e4ec66156a9ae67634.js (2)
[1621:19521:0705/162002.420542:INFO:CONSOLE:2] "버튼 29: [object Object]", source: https://feblog.pstatic.net/real/pc/2025.07.02/js/vendor.09e4ec66156a9ae67634.js (2)
[1621:19521:0705/162002.420656:INFO:CONSOLE:2] "버튼 30: [object Object]", source: https://feblog.pstatic.net/real/pc/2025.07.02/js/vendor.09e4ec66156a9ae67634.js (2)
[1621:19521:0705/162002.420786:INFO:CONSOLE:2] "버튼 31: [object Object]", source: https://feblog.pstatic.net/real/pc/2025.07.02/js/vendor.09e4ec66156a9ae67634.js (2)
[1621:19521:0705/162002.420890:INFO:CONSOLE:2] "버튼 32: [object Object]", source: https://feblog.pstatic.net/real/pc/2025.07.02/js/vendor.09e4ec66156a9ae67634.js (2)
[1621:19521:0705/162002.420987:INFO:CONSOLE:2] "버튼 33: [object Object]", source: https://feblog.pstatic.net/real/pc/2025.07.02/js/vendor.09e4ec66156a9ae67634.js (2)
[1621:19521:0705/162002.421055:INFO:CONSOLE:2] "버튼 34: [object Object]", source: https://feblog.pstatic.net/real/pc/2025.07.02/js/vendor.09e4ec66156a9ae67634.js (2)
[1621:19521:0705/162002.421174:INFO:CONSOLE:2] "버튼 35: [object Object]", source: https://feblog.pstatic.net/real/pc/2025.07.02/js/vendor.09e4ec66156a9ae67634.js (2)
[1621:19521:0705/162002.421269:INFO:CONSOLE:2] "버튼 36: [object Object]", source: https://feblog.pstatic.net/real/pc/2025.07.02/js/vendor.09e4ec66156a9ae67634.js (2)
[1621:19521:0705/162002.421366:INFO:CONSOLE:2] "버튼 37: [object Object]", source: https://feblog.pstatic.net/real/pc/2025.07.02/js/vendor.09e4ec66156a9ae67634.js (2)
[1621:19521:0705/162002.421467:INFO:CONSOLE:2] "버튼 38: [object Object]", source: https://feblog.pstatic.net/real/pc/2025.07.02/js/vendor.09e4ec66156a9ae67634.js (2)
[1621:19521:0705/162002.421543:INFO:CONSOLE:2] "버튼 39: [object Object]", source: https://feblog.pstatic.net/real/pc/2025.07.02/js/vendor.09e4ec66156a9ae67634.js (2)
[1621:19521:0705/162002.421653:INFO:CONSOLE:2] "버튼 40: [object Object]", source: https://feblog.pstatic.net/real/pc/2025.07.02/js/vendor.09e4ec66156a9ae67634.js (2)
[1621:19521:0705/162002.421737:INFO:CONSOLE:2] "버튼 41: [object Object]", source: https://feblog.pstatic.net/real/pc/2025.07.02/js/vendor.09e4ec66156a9ae67634.js (2)
[1621:19521:0705/162002.421862:INFO:CONSOLE:2] "버튼 42: [object Object]", source: https://feblog.pstatic.net/real/pc/2025.07.02/js/vendor.09e4ec66156a9ae67634.js (2)
[1621:19521:0705/162002.421932:INFO:CONSOLE:2] "버튼 43: [object Object]", source: https://feblog.pstatic.net/real/pc/2025.07.02/js/vendor.09e4ec66156a9ae67634.js (2)
[1621:19521:0705/162002.422017:INFO:CONSOLE:2] "버튼 45: [object Object]", source: https://feblog.pstatic.net/real/pc/2025.07.02/js/vendor.09e4ec66156a9ae67634.js (2)
[1621:19521:0705/162002.422108:INFO:CONSOLE:2] "버튼 47: [object Object]", source: https://feblog.pstatic.net/real/pc/2025.07.02/js/vendor.09e4ec66156a9ae67634.js (2)
[1621:19521:0705/162002.422205:INFO:CONSOLE:2] "버튼 51: [object Object]", source: https://feblog.pstatic.net/real/pc/2025.07.02/js/vendor.09e4ec66156a9ae67634.js (2)
[1621:19521:0705/162002.422296:INFO:CONSOLE:2] "버튼 55: [object Object]", source: https://feblog.pstatic.net/real/pc/2025.07.02/js/vendor.09e4ec66156a9ae67634.js (2)
[1621:19521:0705/162002.422390:INFO:CONSOLE:2] "버튼 58: [object Object]", source: https://feblog.pstatic.net/real/pc/2025.07.02/js/vendor.09e4ec66156a9ae67634.js (2)
[1621:19521:0705/162002.422474:INFO:CONSOLE:2] "버튼 59: [object Object]", source: https://feblog.pstatic.net/real/pc/2025.07.02/js/vendor.09e4ec66156a9ae67634.js (2)
[1621:19521:0705/162002.422563:INFO:CONSOLE:2] "버튼 61: [object Object]", source: https://feblog.pstatic.net/real/pc/2025.07.02/js/vendor.09e4ec66156a9ae67634.js (2)
[1621:19521:0705/162002.422640:INFO:CONSOLE:2] "버튼 62: [object Object]", source: https://feblog.pstatic.net/real/pc/2025.07.02/js/vendor.09e4ec66156a9ae67634.js (2)
[1621:19521:0705/162002.422746:INFO:CONSOLE:2] "버튼 64: [object Object]", source: https://feblog.pstatic.net/real/pc/2025.07.02/js/vendor.09e4ec66156a9ae67634.js (2)
[1621:19521:0705/162002.422825:INFO:CONSOLE:2] "버튼 65: [object Object]", source: https://feblog.pstatic.net/real/pc/2025.07.02/js/vendor.09e4ec66156a9ae67634.js (2)
[1621:19521:0705/162002.422909:INFO:CONSOLE:2] "버튼 67: [object Object]", source: https://feblog.pstatic.net/real/pc/2025.07.02/js/vendor.09e4ec66156a9ae67634.js (2)
[1621:19521:0705/162002.422999:INFO:CONSOLE:2] "버튼 68: [object Object]", source: https://feblog.pstatic.net/real/pc/2025.07.02/js/vendor.09e4ec66156a9ae67634.js (2)
[1621:19521:0705/162002.423078:INFO:CONSOLE:2] "버튼 70: [object Object]", source: https://feblog.pstatic.net/real/pc/2025.07.02/js/vendor.09e4ec66156a9ae67634.js (2)
[1621:19521:0705/162002.423193:INFO:CONSOLE:2] "버튼 71: [object Object]", source: https://feblog.pstatic.net/real/pc/2025.07.02/js/vendor.09e4ec66156a9ae67634.js (2)
[1621:19521:0705/162002.423281:INFO:CONSOLE:2] "버튼 74: [object Object]", source: https://feblog.pstatic.net/real/pc/2025.07.02/js/vendor.09e4ec66156a9ae67634.js (2)
[1621:19521:0705/162002.423369:INFO:CONSOLE:2] "버튼 75: [object Object]", source: https://feblog.pstatic.net/real/pc/2025.07.02/js/vendor.09e4ec66156a9ae67634.js (2)
[1621:19521:0705/162002.423475:INFO:CONSOLE:2] "버튼 78: [object Object]", source: https://feblog.pstatic.net/real/pc/2025.07.02/js/vendor.09e4ec66156a9ae67634.js (2)
[1621:19521:0705/162002.423555:INFO:CONSOLE:2] "버튼 79: [object Object]", source: https://feblog.pstatic.net/real/pc/2025.07.02/js/vendor.09e4ec66156a9ae67634.js (2)
[1621:19521:0705/162002.423630:INFO:CONSOLE:2] "버튼 82: [object Object]", source: https://feblog.pstatic.net/real/pc/2025.07.02/js/vendor.09e4ec66156a9ae67634.js (2)
[1621:19521:0705/162002.423755:INFO:CONSOLE:2] "버튼 102: [object Object]", source: https://feblog.pstatic.net/real/pc/2025.07.02/js/vendor.09e4ec66156a9ae67634.js (2)
[1621:19521:0705/162002.423855:INFO:CONSOLE:2] "버튼 103: [object Object]", source: https://feblog.pstatic.net/real/pc/2025.07.02/js/vendor.09e4ec66156a9ae67634.js (2)
[1621:19521:0705/162002.423938:INFO:CONSOLE:2] "버튼 104: [object Object]", source: https://feblog.pstatic.net/real/pc/2025.07.02/js/vendor.09e4ec66156a9ae67634.js (2)
[1621:19521:0705/162002.424022:INFO:CONSOLE:2] "버튼 105: [object Object]", source: https://feblog.pstatic.net/real/pc/2025.07.02/js/vendor.09e4ec66156a9ae67634.js (2)
[1621:19521:0705/162002.424109:INFO:CONSOLE:2] "버튼 106: [object Object]", source: https://feblog.pstatic.net/real/pc/2025.07.02/js/vendor.09e4ec66156a9ae67634.js (2)
[1621:19521:0705/162002.424198:INFO:CONSOLE:2] "버튼 107: [object Object]", source: https://feblog.pstatic.net/real/pc/2025.07.02/js/vendor.09e4ec66156a9ae67634.js (2)
[1621:19521:0705/162002.424276:INFO:CONSOLE:2] "버튼 108: [object Object]", source: https://feblog.pstatic.net/real/pc/2025.07.02/js/vendor.09e4ec66156a9ae67634.js (2)
[1621:19521:0705/162002.424357:INFO:CONSOLE:2] "버튼 109: [object Object]", source: https://feblog.pstatic.net/real/pc/2025.07.02/js/vendor.09e4ec66156a9ae67634.js (2)
[1621:19521:0705/162002.424453:INFO:CONSOLE:2] "버튼 110: [object Object]", source: https://feblog.pstatic.net/real/pc/2025.07.02/js/vendor.09e4ec66156a9ae67634.js (2)
[1621:19521:0705/162002.424539:INFO:CONSOLE:2] "버튼 111: [object Object]", source: https://feblog.pstatic.net/real/pc/2025.07.02/js/vendor.09e4ec66156a9ae67634.js (2)
[1621:19521:0705/162002.424625:INFO:CONSOLE:2] "버튼 112: [object Object]", source: https://feblog.pstatic.net/real/pc/2025.07.02/js/vendor.09e4ec66156a9ae67634.js (2)
[1621:19521:0705/162002.424709:INFO:CONSOLE:2] "버튼 113: [object Object]", source: https://feblog.pstatic.net/real/pc/2025.07.02/js/vendor.09e4ec66156a9ae67634.js (2)
[1621:19521:0705/162002.424806:INFO:CONSOLE:2] "버튼 114: [object Object]", source: https://feblog.pstatic.net/real/pc/2025.07.02/js/vendor.09e4ec66156a9ae67634.js (2)
[1621:19521:0705/162002.424887:INFO:CONSOLE:2] "버튼 115: [object Object]", source: https://feblog.pstatic.net/real/pc/2025.07.02/js/vendor.09e4ec66156a9ae67634.js (2)
[1621:19521:0705/162002.424984:INFO:CONSOLE:2] "버튼 116: [object Object]", source: https://feblog.pstatic.net/real/pc/2025.07.02/js/vendor.09e4ec66156a9ae67634.js (2)
[1621:19521:0705/162002.425073:INFO:CONSOLE:2] "버튼 117: [object Object]", source: https://feblog.pstatic.net/real/pc/2025.07.02/js/vendor.09e4ec66156a9ae67634.js (2)
[1621:19521:0705/162002.425164:INFO:CONSOLE:2] "버튼 118: [object Object]", source: https://feblog.pstatic.net/real/pc/2025.07.02/js/vendor.09e4ec66156a9ae67634.js (2)
[1621:19521:0705/162002.425253:INFO:CONSOLE:2] "버튼 119: [object Object]", source: https://feblog.pstatic.net/real/pc/2025.07.02/js/vendor.09e4ec66156a9ae67634.js (2)
[1621:19521:0705/162002.425346:INFO:CONSOLE:2] "버튼 120: [object Object]", source: https://feblog.pstatic.net/real/pc/2025.07.02/js/vendor.09e4ec66156a9ae67634.js (2)
[1621:19521:0705/162002.425413:INFO:CONSOLE:2] "1단계: 정확한 선택자로 시도...", source: https://feblog.pstatic.net/real/pc/2025.07.02/js/vendor.09e4ec66156a9ae67634.js (2)
[1621:19521:0705/162002.425567:INFO:CONSOLE:2] "✅ 정확한 선택자로 확인 버튼 클릭: button.se-popup-button-confirm", source: https://feblog.pstatic.net/real/pc/2025.07.02/js/vendor.09e4ec66156a9ae67634.js (2)
[1621:19521:0705/162004.674504:INFO:CONSOLE:2] "키보드 입력 차단 해제 완료", source: https://feblog.pstatic.net/real/pc/2025.07.02/js/vendor.09e4ec66156a9ae67634.js (2)
[1621:19521:0705/162005.798752:INFO:CONSOLE:2] "Google Maps JavaScript API has been loaded directly without loading=async. This can result in suboptimal performance. For best-practice loading patterns please see https://goo.gle/js-api-loading", source: https://feblog.pstatic.net/real/pc/2025.07.02/js/vendor.09e4ec66156a9ae67634.js (2)
[1621:19521:0705/162012.684814:INFO:CONSOLE:2] "추가 버튼 발견, 5번 클릭 시도 시작...", source: https://feblog.pstatic.net/real/pc/2025.07.02/js/vendor.09e4ec66156a9ae67634.js (2)
[1621:19521:0705/162012.685299:INFO:CONSOLE:2] "1번째 클릭 시도...", source: https://feblog.pstatic.net/real/pc/2025.07.02/js/vendor.09e4ec66156a9ae67634.js (2)
[1621:19521:0705/162013.687940:INFO:CONSOLE:2] "2번째 클릭 시도...", source: https://feblog.pstatic.net/real/pc/2025.07.02/js/vendor.09e4ec66156a9ae67634.js (2)
[1621:19521:0705/162014.686971:INFO:CONSOLE:2] "3번째 클릭 시도...", source: https://feblog.pstatic.net/real/pc/2025.07.02/js/vendor.09e4ec66156a9ae67634.js (2)
[1621:19521:0705/162015.687253:INFO:CONSOLE:2] "4번째 클릭 시도...", source: https://feblog.pstatic.net/real/pc/2025.07.02/js/vendor.09e4ec66156a9ae67634.js (2)
[1621:19521:0705/162016.687608:INFO:CONSOLE:2] "5번째 클릭 시도...", source: https://feblog.pstatic.net/real/pc/2025.07.02/js/vendor.09e4ec66156a9ae67634.js (2)
[1621:19521:0705/162017.710007:INFO:CONSOLE:2] "정확한 선택자로 확인 버튼 발견", source: https://feblog.pstatic.net/real/pc/2025.07.02/js/vendor.09e4ec66156a9ae67634.js (2)
[1621:19521:0705/162106.854262:INFO:CONSOLE:2] "=== 최종 발행 버튼 찾기 시작 ===", source: https://feblog.pstatic.net/real/pc/2025.07.02/js/vendor.09e4ec66156a9ae67634.js (2)
[1621:19521:0705/162106.854430:INFO:CONSOLE:2] "🎯 data-testid로 발행 버튼 찾기...", source: https://feblog.pstatic.net/real/pc/2025.07.02/js/vendor.09e4ec66156a9ae67634.js (2)
[1621:19521:0705/162106.854594:INFO:CONSOLE:2] "🎯 confirm_btn 클래스로 발행 버튼 찾기...", source: https://feblog.pstatic.net/real/pc/2025.07.02/js/vendor.09e4ec66156a9ae67634.js (2)
[1621:19521:0705/162106.855094:INFO:CONSOLE:2] "✅ confirm_btn으로 발행 버튼 발견: [object Object]", source: https://feblog.pstatic.net/real/pc/2025.07.02/js/vendor.09e4ec66156a9ae67634.js (2)
[1621:19521:0705/162106.879982:INFO:CONSOLE:2] "✅ confirm_btn 발행 버튼 클릭 완료", source: https://feblog.pstatic.net/real/pc/2025.07.02/js/vendor.09e4ec66156a9ae67634.js (2)
[1621:19521:0705/162108.313064:INFO:CONSOLE:277] "Google Maps JavaScript API has been loaded directly without loading=async. This can result in suboptimal performance. For best-practice loading patterns please see https://goo.gle/js-api-loading", source: https://maps.google.co.kr/maps/api/js?v=3&client=gme-nhncorp&language=ko&channel=naver_blog (277)
[1621:19521:0705/162108.451944:INFO:CONSOLE:2] "MaxListenersExceededWarning: Possible EventEmitter memory leak detected. 11 visible listeners added. Use emitter.setMaxListeners() to increase limit", source: https://ssl.pstatic.net/t.static.blog/mylog/versioning//js/blogOnMap-811be5f_https.js (2)
[1621:19521:0705/162108.452075:INFO:CONSOLE:2] "MaxListenersExceededWarning: Possible EventEmitter memory leak detected. 11 invisible listeners added. Use emitter.setMaxListeners() to increase limit", source: https://ssl.pstatic.net/t.static.blog/mylog/versioning//js/blogOnMap-811be5f_https.js (2)
