[10748:951210:0623/214501.245990:INFO:components/enterprise/browser/controller/chrome_browser_cloud_management_controller.cc:202] No machine level policy manager exists.
[10748:951210:0623/214502.219781:INFO:CONSOLE:0] "[DOM] Input elements should have autocomplete attributes (suggested: "current-password"): (More info: https://goo.gl/9p2vKq) %o", source: https://nid.naver.com/nidlogin.login (0)
[10748:951210:0623/214502.642611:INFO:CONSOLE:2] "Error", source: https://wtm.pstatic.net/6a62aae/41601b2a7e0e7610edac.js (2)
[10748:951210:0623/214511.762828:WARNING:components/download/internal/background_service/controller_impl.cc:1187] Background download complete, client: 6, completion type: 0, file size:5155
[10748:951210:0623/214511.947859:WARNING:components/download/internal/background_service/controller_impl.cc:1187] Background download complete, client: 6, completion type: 0, file size:265059
[10748:951210:0623/214512.098803:WARNING:components/download/internal/background_service/controller_impl.cc:1187] Background download complete, client: 6, completion type: 0, file size:45153
[10748:951210:0623/214512.215730:WARNING:components/download/internal/background_service/controller_impl.cc:1187] Background download complete, client: 6, completion type: 0, file size:2200227
[10748:951210:0623/214512.355391:WARNING:components/download/internal/background_service/controller_impl.cc:1187] Background download complete, client: 6, completion type: 0, file size:4680
[10748:951210:0623/214512.547561:WARNING:components/download/internal/background_service/controller_impl.cc:1187] Background download complete, client: 6, completion type: 0, file size:2747168
[10748:951210:0623/214512.548899:WARNING:components/download/internal/background_service/controller_impl.cc:1187] Background download complete, client: 6, completion type: 0, file size:118577
[10748:951210:0623/214514.597578:INFO:CONSOLE:0] "[DOM] Input elements should have autocomplete attributes (suggested: "current-password"): (More info: https://goo.gl/9p2vKq) %o", source: https://nid.naver.com/nidlogin.login (0)
[10748:951210:0623/214514.680635:INFO:CONSOLE:2] "Error", source: https://wtm.pstatic.net/6a62aae/41601b2a7e0e7610edac.js (2)
[10748:951210:0623/214523.184679:INFO:CONSOLE:2] "Failed to execute 'postMessage' on 'DOMWindow': The target origin provided ('https://shopsquare.naver.com') does not match the recipient window's origin ('https://www.naver.com').", source: https://pm.pstatic.net/resources/js/main.1729700b.js?o=www (2)
[10748:951210:0623/214523.184735:INFO:CONSOLE:2] "Failed to execute 'postMessage' on 'DOMWindow': The target origin provided ('https://recoshopping.naver.com') does not match the recipient window's origin ('https://www.naver.com').", source: https://pm.pstatic.net/resources/js/main.1729700b.js?o=www (2)
[10748:951210:0623/214616.263472:INFO:CONSOLE:2] "키보드 입력 차단 및 포커스 정리 완료", source: https://feblog.pstatic.net/real/pc/2025.06.04/js/vendor.30699085e5db55e38130.js (2)
[10748:951210:0623/214621.340879:INFO:CONSOLE:2] "=== 최강화된 확인 버튼 찾기 시작 ===", source: https://feblog.pstatic.net/real/pc/2025.06.04/js/vendor.30699085e5db55e38130.js (2)
[10748:951210:0623/214621.340919:INFO:CONSOLE:2] "현재 페이지의 모든 버튼 상황:", source: https://feblog.pstatic.net/real/pc/2025.06.04/js/vendor.30699085e5db55e38130.js (2)
[10748:951210:0623/214621.341029:INFO:CONSOLE:2] "버튼 1: [object Object]", source: https://feblog.pstatic.net/real/pc/2025.06.04/js/vendor.30699085e5db55e38130.js (2)
[10748:951210:0623/214621.341109:INFO:CONSOLE:2] "버튼 2: [object Object]", source: https://feblog.pstatic.net/real/pc/2025.06.04/js/vendor.30699085e5db55e38130.js (2)
[10748:951210:0623/214621.341173:INFO:CONSOLE:2] "버튼 3: [object Object]", source: https://feblog.pstatic.net/real/pc/2025.06.04/js/vendor.30699085e5db55e38130.js (2)
[10748:951210:0623/214621.341221:INFO:CONSOLE:2] "버튼 4: [object Object]", source: https://feblog.pstatic.net/real/pc/2025.06.04/js/vendor.30699085e5db55e38130.js (2)
[10748:951210:0623/214621.341274:INFO:CONSOLE:2] "버튼 5: [object Object]", source: https://feblog.pstatic.net/real/pc/2025.06.04/js/vendor.30699085e5db55e38130.js (2)
[10748:951210:0623/214621.341345:INFO:CONSOLE:2] "버튼 6: [object Object]", source: https://feblog.pstatic.net/real/pc/2025.06.04/js/vendor.30699085e5db55e38130.js (2)
[10748:951210:0623/214621.341387:INFO:CONSOLE:2] "버튼 7: [object Object]", source: https://feblog.pstatic.net/real/pc/2025.06.04/js/vendor.30699085e5db55e38130.js (2)
[10748:951210:0623/214621.341445:INFO:CONSOLE:2] "버튼 8: [object Object]", source: https://feblog.pstatic.net/real/pc/2025.06.04/js/vendor.30699085e5db55e38130.js (2)
[10748:951210:0623/214621.341561:INFO:CONSOLE:2] "버튼 9: [object Object]", source: https://feblog.pstatic.net/real/pc/2025.06.04/js/vendor.30699085e5db55e38130.js (2)
[10748:951210:0623/214621.341614:INFO:CONSOLE:2] "버튼 10: [object Object]", source: https://feblog.pstatic.net/real/pc/2025.06.04/js/vendor.30699085e5db55e38130.js (2)
[10748:951210:0623/214621.341631:INFO:CONSOLE:2] "버튼 11: [object Object]", source: https://feblog.pstatic.net/real/pc/2025.06.04/js/vendor.30699085e5db55e38130.js (2)
[10748:951210:0623/214621.341663:INFO:CONSOLE:2] "버튼 12: [object Object]", source: https://feblog.pstatic.net/real/pc/2025.06.04/js/vendor.30699085e5db55e38130.js (2)
[10748:951210:0623/214621.341711:INFO:CONSOLE:2] "버튼 13: [object Object]", source: https://feblog.pstatic.net/real/pc/2025.06.04/js/vendor.30699085e5db55e38130.js (2)
[10748:951210:0623/214621.341772:INFO:CONSOLE:2] "버튼 14: [object Object]", source: https://feblog.pstatic.net/real/pc/2025.06.04/js/vendor.30699085e5db55e38130.js (2)
[10748:951210:0623/214621.341844:INFO:CONSOLE:2] "버튼 15: [object Object]", source: https://feblog.pstatic.net/real/pc/2025.06.04/js/vendor.30699085e5db55e38130.js (2)
[10748:951210:0623/214621.341915:INFO:CONSOLE:2] "버튼 16: [object Object]", source: https://feblog.pstatic.net/real/pc/2025.06.04/js/vendor.30699085e5db55e38130.js (2)
[10748:951210:0623/214621.341924:INFO:CONSOLE:2] "버튼 17: [object Object]", source: https://feblog.pstatic.net/real/pc/2025.06.04/js/vendor.30699085e5db55e38130.js (2)
[10748:951210:0623/214621.341966:INFO:CONSOLE:2] "버튼 18: [object Object]", source: https://feblog.pstatic.net/real/pc/2025.06.04/js/vendor.30699085e5db55e38130.js (2)
[10748:951210:0623/214621.342012:INFO:CONSOLE:2] "버튼 19: [object Object]", source: https://feblog.pstatic.net/real/pc/2025.06.04/js/vendor.30699085e5db55e38130.js (2)
[10748:951210:0623/214621.342042:INFO:CONSOLE:2] "버튼 20: [object Object]", source: https://feblog.pstatic.net/real/pc/2025.06.04/js/vendor.30699085e5db55e38130.js (2)
[10748:951210:0623/214621.342083:INFO:CONSOLE:2] "버튼 21: [object Object]", source: https://feblog.pstatic.net/real/pc/2025.06.04/js/vendor.30699085e5db55e38130.js (2)
[10748:951210:0623/214621.342116:INFO:CONSOLE:2] "버튼 22: [object Object]", source: https://feblog.pstatic.net/real/pc/2025.06.04/js/vendor.30699085e5db55e38130.js (2)
[10748:951210:0623/214621.342156:INFO:CONSOLE:2] "버튼 23: [object Object]", source: https://feblog.pstatic.net/real/pc/2025.06.04/js/vendor.30699085e5db55e38130.js (2)
[10748:951210:0623/214621.342186:INFO:CONSOLE:2] "버튼 24: [object Object]", source: https://feblog.pstatic.net/real/pc/2025.06.04/js/vendor.30699085e5db55e38130.js (2)
[10748:951210:0623/214621.342226:INFO:CONSOLE:2] "버튼 25: [object Object]", source: https://feblog.pstatic.net/real/pc/2025.06.04/js/vendor.30699085e5db55e38130.js (2)
[10748:951210:0623/214621.342261:INFO:CONSOLE:2] "버튼 26: [object Object]", source: https://feblog.pstatic.net/real/pc/2025.06.04/js/vendor.30699085e5db55e38130.js (2)
[10748:951210:0623/214621.342295:INFO:CONSOLE:2] "버튼 27: [object Object]", source: https://feblog.pstatic.net/real/pc/2025.06.04/js/vendor.30699085e5db55e38130.js (2)
[10748:951210:0623/214621.342332:INFO:CONSOLE:2] "버튼 28: [object Object]", source: https://feblog.pstatic.net/real/pc/2025.06.04/js/vendor.30699085e5db55e38130.js (2)
[10748:951210:0623/214621.342370:INFO:CONSOLE:2] "버튼 29: [object Object]", source: https://feblog.pstatic.net/real/pc/2025.06.04/js/vendor.30699085e5db55e38130.js (2)
[10748:951210:0623/214621.342416:INFO:CONSOLE:2] "버튼 30: [object Object]", source: https://feblog.pstatic.net/real/pc/2025.06.04/js/vendor.30699085e5db55e38130.js (2)
[10748:951210:0623/214621.342443:INFO:CONSOLE:2] "버튼 31: [object Object]", source: https://feblog.pstatic.net/real/pc/2025.06.04/js/vendor.30699085e5db55e38130.js (2)
[10748:951210:0623/214621.342481:INFO:CONSOLE:2] "버튼 32: [object Object]", source: https://feblog.pstatic.net/real/pc/2025.06.04/js/vendor.30699085e5db55e38130.js (2)
[10748:951210:0623/214621.342512:INFO:CONSOLE:2] "버튼 33: [object Object]", source: https://feblog.pstatic.net/real/pc/2025.06.04/js/vendor.30699085e5db55e38130.js (2)
[10748:951210:0623/214621.342552:INFO:CONSOLE:2] "버튼 34: [object Object]", source: https://feblog.pstatic.net/real/pc/2025.06.04/js/vendor.30699085e5db55e38130.js (2)
[10748:951210:0623/214621.342581:INFO:CONSOLE:2] "버튼 35: [object Object]", source: https://feblog.pstatic.net/real/pc/2025.06.04/js/vendor.30699085e5db55e38130.js (2)
[10748:951210:0623/214621.342618:INFO:CONSOLE:2] "버튼 36: [object Object]", source: https://feblog.pstatic.net/real/pc/2025.06.04/js/vendor.30699085e5db55e38130.js (2)
[10748:951210:0623/214621.342651:INFO:CONSOLE:2] "버튼 37: [object Object]", source: https://feblog.pstatic.net/real/pc/2025.06.04/js/vendor.30699085e5db55e38130.js (2)
[10748:951210:0623/214621.342692:INFO:CONSOLE:2] "버튼 38: [object Object]", source: https://feblog.pstatic.net/real/pc/2025.06.04/js/vendor.30699085e5db55e38130.js (2)
[10748:951210:0623/214621.342730:INFO:CONSOLE:2] "버튼 39: [object Object]", source: https://feblog.pstatic.net/real/pc/2025.06.04/js/vendor.30699085e5db55e38130.js (2)
[10748:951210:0623/214621.342767:INFO:CONSOLE:2] "버튼 40: [object Object]", source: https://feblog.pstatic.net/real/pc/2025.06.04/js/vendor.30699085e5db55e38130.js (2)
[10748:951210:0623/214621.342814:INFO:CONSOLE:2] "버튼 41: [object Object]", source: https://feblog.pstatic.net/real/pc/2025.06.04/js/vendor.30699085e5db55e38130.js (2)
[10748:951210:0623/214621.342867:INFO:CONSOLE:2] "버튼 42: [object Object]", source: https://feblog.pstatic.net/real/pc/2025.06.04/js/vendor.30699085e5db55e38130.js (2)
[10748:951210:0623/214621.342907:INFO:CONSOLE:2] "버튼 43: [object Object]", source: https://feblog.pstatic.net/real/pc/2025.06.04/js/vendor.30699085e5db55e38130.js (2)
[10748:951210:0623/214621.342947:INFO:CONSOLE:2] "버튼 63: [object Object]", source: https://feblog.pstatic.net/real/pc/2025.06.04/js/vendor.30699085e5db55e38130.js (2)
[10748:951210:0623/214621.342982:INFO:CONSOLE:2] "버튼 64: [object Object]", source: https://feblog.pstatic.net/real/pc/2025.06.04/js/vendor.30699085e5db55e38130.js (2)
[10748:951210:0623/214621.343018:INFO:CONSOLE:2] "버튼 65: [object Object]", source: https://feblog.pstatic.net/real/pc/2025.06.04/js/vendor.30699085e5db55e38130.js (2)
[10748:951210:0623/214621.343062:INFO:CONSOLE:2] "버튼 66: [object Object]", source: https://feblog.pstatic.net/real/pc/2025.06.04/js/vendor.30699085e5db55e38130.js (2)
[10748:951210:0623/214621.343096:INFO:CONSOLE:2] "버튼 67: [object Object]", source: https://feblog.pstatic.net/real/pc/2025.06.04/js/vendor.30699085e5db55e38130.js (2)
[10748:951210:0623/214621.343126:INFO:CONSOLE:2] "1단계: 정확한 선택자로 시도...", source: https://feblog.pstatic.net/real/pc/2025.06.04/js/vendor.30699085e5db55e38130.js (2)
[10748:951210:0623/214621.343181:INFO:CONSOLE:2] "✅ 정확한 선택자로 확인 버튼 클릭: button.se-popup-button-confirm", source: https://feblog.pstatic.net/real/pc/2025.06.04/js/vendor.30699085e5db55e38130.js (2)
[10748:951210:0623/214623.571788:INFO:CONSOLE:2] "키보드 입력 차단 해제 완료", source: https://feblog.pstatic.net/real/pc/2025.06.04/js/vendor.30699085e5db55e38130.js (2)
[10748:951210:0623/214625.190305:INFO:CONSOLE:2] "Google Maps JavaScript API has been loaded directly without loading=async. This can result in suboptimal performance. For best-practice loading patterns please see https://goo.gle/js-api-loading", source: https://feblog.pstatic.net/real/pc/2025.06.04/js/vendor.30699085e5db55e38130.js (2)
[10748:951210:0623/214631.520166:INFO:CONSOLE:2] "추가 버튼 발견, 5번 클릭 시도 시작...", source: https://feblog.pstatic.net/real/pc/2025.06.04/js/vendor.30699085e5db55e38130.js (2)
[10748:951210:0623/214631.520384:INFO:CONSOLE:2] "1번째 클릭 시도...", source: https://feblog.pstatic.net/real/pc/2025.06.04/js/vendor.30699085e5db55e38130.js (2)
[10748:951210:0623/214632.521859:INFO:CONSOLE:2] "2번째 클릭 시도...", source: https://feblog.pstatic.net/real/pc/2025.06.04/js/vendor.30699085e5db55e38130.js (2)
[10748:951210:0623/214633.522029:INFO:CONSOLE:2] "3번째 클릭 시도...", source: https://feblog.pstatic.net/real/pc/2025.06.04/js/vendor.30699085e5db55e38130.js (2)
[10748:951210:0623/214635.337762:INFO:CONSOLE:2] "4번째 클릭 시도...", source: https://feblog.pstatic.net/real/pc/2025.06.04/js/vendor.30699085e5db55e38130.js (2)
[10748:951210:0623/214636.337726:INFO:CONSOLE:2] "5번째 클릭 시도...", source: https://feblog.pstatic.net/real/pc/2025.06.04/js/vendor.30699085e5db55e38130.js (2)
[10748:951210:0623/214636.533931:INFO:CONSOLE:2] "정확한 선택자로 확인 버튼 발견", source: https://feblog.pstatic.net/real/pc/2025.06.04/js/vendor.30699085e5db55e38130.js (2)
[10758:951381:0623/214725.167006:ERROR:ui/latency/latency_info.cc:92] CompositorFrameSinkSupport::MaybeSubmitCompositorFrame, LatencyInfo vector size 235 is too big.
[10748:951210:0623/214725.345195:INFO:CONSOLE:2] "=== 최종 발행 버튼 찾기 시작 ===", source: https://feblog.pstatic.net/real/pc/2025.06.04/js/vendor.30699085e5db55e38130.js (2)
[10748:951210:0623/214725.345258:INFO:CONSOLE:2] "🎯 data-testid로 발행 버튼 찾기...", source: https://feblog.pstatic.net/real/pc/2025.06.04/js/vendor.30699085e5db55e38130.js (2)
[10748:951210:0623/214725.345323:INFO:CONSOLE:2] "🎯 confirm_btn 클래스로 발행 버튼 찾기...", source: https://feblog.pstatic.net/real/pc/2025.06.04/js/vendor.30699085e5db55e38130.js (2)
[10748:951210:0623/214725.345495:INFO:CONSOLE:2] "✅ confirm_btn으로 발행 버튼 발견: [object Object]", source: https://feblog.pstatic.net/real/pc/2025.06.04/js/vendor.30699085e5db55e38130.js (2)
[10748:951210:0623/214725.358420:INFO:CONSOLE:2] "✅ confirm_btn 발행 버튼 클릭 완료", source: https://feblog.pstatic.net/real/pc/2025.06.04/js/vendor.30699085e5db55e38130.js (2)
[10748:951210:0623/214727.088110:INFO:CONSOLE:277] "Google Maps JavaScript API has been loaded directly without loading=async. This can result in suboptimal performance. For best-practice loading patterns please see https://goo.gle/js-api-loading", source: https://maps.google.co.kr/maps/api/js?v=3&client=gme-nhncorp&language=ko&channel=naver_blog (277)
[10748:951210:0623/214744.740757:INFO:CONSOLE:277] "Google Maps JavaScript API has been loaded directly without loading=async. This can result in suboptimal performance. For best-practice loading patterns please see https://goo.gle/js-api-loading", source: https://maps.google.co.kr/maps/api/js?v=3&client=gme-nhncorp&language=ko&channel=naver_blog (277)
[10748:951210:0623/214745.458366:INFO:CONSOLE:2] "MaxListenersExceededWarning: Possible EventEmitter memory leak detected. 11 visible listeners added. Use emitter.setMaxListeners() to increase limit", source: https://ssl.pstatic.net/t.static.blog/mylog/versioning//js/blogOnMap-811be5f_https.js (2)
[10748:951210:0623/214745.458778:INFO:CONSOLE:2] "MaxListenersExceededWarning: Possible EventEmitter memory leak detected. 11 invisible listeners added. Use emitter.setMaxListeners() to increase limit", source: https://ssl.pstatic.net/t.static.blog/mylog/versioning//js/blogOnMap-811be5f_https.js (2)
