[35634:2769579:0616/174030.146310:INFO:components/enterprise/browser/controller/chrome_browser_cloud_management_controller.cc:202] No machine level policy manager exists.
[35634:2769579:0616/174031.079160:INFO:CONSOLE:0] "[DOM] Input elements should have autocomplete attributes (suggested: "current-password"): (More info: https://goo.gl/9p2vKq) %o", source: https://nid.naver.com/nidlogin.login (0)
[35634:2769579:0616/174031.485323:INFO:CONSOLE:2] "Error", source: https://wtm.pstatic.net/39cb238/11b3bf3f99abd6f7c749.js (2)
[35634:2769579:0616/174040.638705:WARNING:components/download/internal/background_service/controller_impl.cc:1187] Background download complete, client: 6, completion type: 0, file size:5155
[35634:2769579:0616/174040.798356:WARNING:components/download/internal/background_service/controller_impl.cc:1187] Background download complete, client: 6, completion type: 0, file size:265059
[35634:2769579:0616/174040.930271:WARNING:components/download/internal/background_service/controller_impl.cc:1187] Background download complete, client: 6, completion type: 0, file size:45153
[35634:2769579:0616/174041.041097:WARNING:components/download/internal/background_service/controller_impl.cc:1187] Background download complete, client: 6, completion type: 0, file size:2200227
[35634:2769579:0616/174041.155015:WARNING:components/download/internal/background_service/controller_impl.cc:1187] Background download complete, client: 6, completion type: 0, file size:2747168
[35634:2769579:0616/174041.155487:WARNING:components/download/internal/background_service/controller_impl.cc:1187] Background download complete, client: 6, completion type: 0, file size:4680
[35634:2769579:0616/174041.311927:WARNING:components/download/internal/background_service/controller_impl.cc:1187] Background download complete, client: 6, completion type: 0, file size:118577
[35634:2769579:0616/174044.318738:INFO:CONSOLE:2] "Failed to execute 'postMessage' on 'DOMWindow': The target origin provided ('https://shopsquare.naver.com') does not match the recipient window's origin ('https://www.naver.com').", source: https://pm.pstatic.net/resources/js/main.1729700b.js?o=www (2)
[35634:2769579:0616/174044.318772:INFO:CONSOLE:2] "Failed to execute 'postMessage' on 'DOMWindow': The target origin provided ('https://recoshopping.naver.com') does not match the recipient window's origin ('https://www.naver.com').", source: https://pm.pstatic.net/resources/js/main.1729700b.js?o=www (2)
[35634:2769579:0616/174044.467357:INFO:CONSOLE:165] "[object Object]", source: https://www.naver.com/ (165)
[35686:2770259:0616/174044.750250:ERROR:sandbox/mac/system_services.cc:31] SetApplicationIsDaemon: Error Domain=NSOSStatusErrorDomain Code=-50 "paramErr: error in user parameter list" (-50)
[35634:2769579:0616/174104.216060:INFO:CONSOLE:2] "클립보드 팝업 처리 시작...", source: https://feblog.pstatic.net/real/pc/2025.06.04/js/vendor.30699085e5db55e38130.js (2)
[35634:2769579:0616/174104.216286:INFO:CONSOLE:2] "총 버튼 수: 79", source: https://feblog.pstatic.net/real/pc/2025.06.04/js/vendor.30699085e5db55e38130.js (2)
[35634:2769579:0616/174104.217001:INFO:CONSOLE:2] "클립보드 팝업 처리 결과: false", source: https://feblog.pstatic.net/real/pc/2025.06.04/js/vendor.30699085e5db55e38130.js (2)
[35634:2769579:0616/174110.394046:INFO:CONSOLE:5] "새로고침 후 클립보드 팝업 재확인...", source:  (5)
[35634:2769579:0616/174110.394237:INFO:CONSOLE:22] "새로고침 후 클립보드 팝업 처리 결과: false", source:  (22)
[35634:2769579:0616/174111.408928:INFO:CONSOLE:5] "새로고침 후 클립보드 팝업 재확인...", source:  (5)
[35634:2769579:0616/174111.409037:INFO:CONSOLE:22] "새로고침 후 클립보드 팝업 처리 결과: false", source:  (22)
