[36126:2776262:0616/174918.478391:INFO:components/enterprise/browser/controller/chrome_browser_cloud_management_controller.cc:202] No machine level policy manager exists.
[36126:2776262:0616/174919.333895:INFO:CONSOLE:0] "[DOM] Input elements should have autocomplete attributes (suggested: "current-password"): (More info: https://goo.gl/9p2vKq) %o", source: https://nid.naver.com/nidlogin.login (0)
[36126:2776262:0616/174919.687254:INFO:CONSOLE:2] "Error", source: https://wtm.pstatic.net/39cb238/11b3bf3f99abd6f7c749.js (2)
[36126:2776262:0616/174928.991441:WARNING:components/download/internal/background_service/controller_impl.cc:1187] Background download complete, client: 6, completion type: 0, file size:5155
[36126:2776262:0616/174929.284264:WARNING:components/download/internal/background_service/controller_impl.cc:1187] Background download complete, client: 6, completion type: 0, file size:265059
[36126:2776262:0616/174929.419734:WARNING:components/download/internal/background_service/controller_impl.cc:1187] Background download complete, client: 6, completion type: 0, file size:45153
[36126:2776262:0616/174929.464247:WARNING:components/download/internal/background_service/controller_impl.cc:1187] Background download complete, client: 6, completion type: 0, file size:2200227
[36126:2776262:0616/174929.603568:WARNING:components/download/internal/background_service/controller_impl.cc:1187] Background download complete, client: 6, completion type: 0, file size:4680
[36126:2776262:0616/174929.694541:WARNING:components/download/internal/background_service/controller_impl.cc:1187] Background download complete, client: 6, completion type: 0, file size:2747168
[36126:2776262:0616/174929.773085:WARNING:components/download/internal/background_service/controller_impl.cc:1187] Background download complete, client: 6, completion type: 0, file size:118577
[36126:2776262:0616/174934.122493:INFO:CONSOLE:2] "Failed to execute 'postMessage' on 'DOMWindow': The target origin provided ('https://shopsquare.naver.com') does not match the recipient window's origin ('https://www.naver.com').", source: https://pm.pstatic.net/resources/js/main.1729700b.js?o=www (2)
[36126:2776262:0616/174934.122658:INFO:CONSOLE:2] "Failed to execute 'postMessage' on 'DOMWindow': The target origin provided ('https://recoshopping.naver.com') does not match the recipient window's origin ('https://www.naver.com').", source: https://pm.pstatic.net/resources/js/main.1729700b.js?o=www (2)
[36126:2776262:0616/174934.277940:INFO:CONSOLE:165] "[object Object]", source: https://www.naver.com/ (165)
[36182:2777139:0616/174934.554103:ERROR:sandbox/mac/system_services.cc:31] SetApplicationIsDaemon: Error Domain=NSOSStatusErrorDomain Code=-50 "paramErr: error in user parameter list" (-50)
[36126:2776262:0616/174951.076785:INFO:CONSOLE:2] "클립보드 팝업 처리 시작...", source: https://feblog.pstatic.net/real/pc/2025.06.04/js/vendor.30699085e5db55e38130.js (2)
[36126:2776262:0616/174951.076970:INFO:CONSOLE:2] "총 버튼 수: 79", source: https://feblog.pstatic.net/real/pc/2025.06.04/js/vendor.30699085e5db55e38130.js (2)
[36126:2776262:0616/174951.077493:INFO:CONSOLE:2] "클립보드 팝업 처리 결과: false", source: https://feblog.pstatic.net/real/pc/2025.06.04/js/vendor.30699085e5db55e38130.js (2)
[36126:2776262:0616/174957.205883:INFO:CONSOLE:5] "새로고침 후 클립보드 팝업 재확인...", source:  (5)
[36126:2776262:0616/174957.205949:INFO:CONSOLE:22] "새로고침 후 클립보드 팝업 처리 결과: false", source:  (22)
[36126:2776262:0616/174958.213943:INFO:CONSOLE:5] "새로고침 후 클립보드 팝업 재확인...", source:  (5)
[36126:2776262:0616/174958.213977:INFO:CONSOLE:22] "새로고침 후 클립보드 팝업 처리 결과: false", source:  (22)
