[36941:2795428:0616/181832.362872:INFO:components/enterprise/browser/controller/chrome_browser_cloud_management_controller.cc:202] No machine level policy manager exists.
[36941:2795428:0616/181833.255921:INFO:CONSOLE:0] "[DOM] Input elements should have autocomplete attributes (suggested: "current-password"): (More info: https://goo.gl/9p2vKq) %o", source: https://nid.naver.com/nidlogin.login (0)
[36941:2795428:0616/181833.660921:INFO:CONSOLE:2] "Error", source: https://wtm.pstatic.net/39cb238/11b3bf3f99abd6f7c749.js (2)
[36941:2795428:0616/181842.895061:WARNING:components/download/internal/background_service/controller_impl.cc:1187] Background download complete, client: 6, completion type: 0, file size:5155
[36941:2795428:0616/181843.166068:WARNING:components/download/internal/background_service/controller_impl.cc:1187] Background download complete, client: 6, completion type: 0, file size:265059
[36941:2795428:0616/181843.307573:WARNING:components/download/internal/background_service/controller_impl.cc:1187] Background download complete, client: 6, completion type: 0, file size:45153
[36941:2795428:0616/181843.347043:WARNING:components/download/internal/background_service/controller_impl.cc:1187] Background download complete, client: 6, completion type: 0, file size:2200227
[36941:2795428:0616/181843.482925:WARNING:components/download/internal/background_service/controller_impl.cc:1187] Background download complete, client: 6, completion type: 0, file size:4680
[36941:2795428:0616/181843.567114:WARNING:components/download/internal/background_service/controller_impl.cc:1187] Background download complete, client: 6, completion type: 0, file size:2747168
[36941:2795428:0616/181843.647393:WARNING:components/download/internal/background_service/controller_impl.cc:1187] Background download complete, client: 6, completion type: 0, file size:118577
[36990:2796046:0616/181843.673534:ERROR:third_party/zlib/google/zip_reader.cc:154] Cannot open ZIP from file handle 12
[36990:2796046:0616/181843.673690:ERROR:third_party/zlib/google/zip.cc:202] Cannot open ZIP from file handle 12
[36941:2795428:0616/181844.964830:INFO:CONSOLE:2] "Fail to create FourColumn. no materials", source: https://pm.pstatic.net/resources/js/preload.786464b6.js?o=www (2)
[36941:2795428:0616/181845.013962:INFO:CONSOLE:2] "Failed to execute 'postMessage' on 'DOMWindow': The target origin provided ('https://shopsquare.naver.com') does not match the recipient window's origin ('https://www.naver.com').", source: https://pm.pstatic.net/resources/js/main.1729700b.js?o=www (2)
[36941:2795428:0616/181845.013993:INFO:CONSOLE:2] "Failed to execute 'postMessage' on 'DOMWindow': The target origin provided ('https://recoshopping.naver.com') does not match the recipient window's origin ('https://www.naver.com').", source: https://pm.pstatic.net/resources/js/main.1729700b.js?o=www (2)
[36941:2795428:0616/181859.380115:INFO:CONSOLE:2] "클립보드 팝업 처리 시작...", source: https://feblog.pstatic.net/real/pc/2025.06.04/js/vendor.30699085e5db55e38130.js (2)
[36941:2795428:0616/181859.380234:INFO:CONSOLE:2] "총 버튼 수: 79", source: https://feblog.pstatic.net/real/pc/2025.06.04/js/vendor.30699085e5db55e38130.js (2)
[36941:2795428:0616/181859.380927:INFO:CONSOLE:2] "클립보드 팝업 처리 결과: false", source: https://feblog.pstatic.net/real/pc/2025.06.04/js/vendor.30699085e5db55e38130.js (2)
[36941:2795428:0616/181905.545199:INFO:CONSOLE:5] "새로고침 후 클립보드 팝업 재확인...", source:  (5)
[36941:2795428:0616/181905.545336:INFO:CONSOLE:22] "새로고침 후 클립보드 팝업 처리 결과: false", source:  (22)
[36941:2795428:0616/181906.559062:INFO:CONSOLE:5] "새로고침 후 클립보드 팝업 재확인...", source:  (5)
[36941:2795428:0616/181906.559198:INFO:CONSOLE:22] "새로고침 후 클립보드 팝업 처리 결과: false", source:  (22)
