[82442:3727747:0618/173930.132770:INFO:components/enterprise/browser/controller/chrome_browser_cloud_management_controller.cc:202] No machine level policy manager exists.
[82442:3727747:0618/173931.062514:INFO:CONSOLE:0] "[DOM] Input elements should have autocomplete attributes (suggested: "current-password"): (More info: https://goo.gl/9p2vKq) %o", source: https://nid.naver.com/nidlogin.login (0)
[82442:3727747:0618/173931.523892:INFO:CONSOLE:2] "Error", source: https://wtm.pstatic.net/39cb238/11b3bf3f99abd6f7c749.js (2)
[82442:3727747:0618/173940.725187:WARNING:components/download/internal/background_service/controller_impl.cc:1187] Background download complete, client: 6, completion type: 0, file size:5155
[82442:3727747:0618/173940.970570:WARNING:components/download/internal/background_service/controller_impl.cc:1187] Background download complete, client: 6, completion type: 0, file size:265059
[82442:3727747:0618/173941.095916:WARNING:components/download/internal/background_service/controller_impl.cc:1187] Background download complete, client: 6, completion type: 0, file size:45153
[82442:3727747:0618/173941.146023:WARNING:components/download/internal/background_service/controller_impl.cc:1187] Background download complete, client: 6, completion type: 0, file size:2200227
[82442:3727747:0618/173941.272032:WARNING:components/download/internal/background_service/controller_impl.cc:1187] Background download complete, client: 6, completion type: 0, file size:4680
[82442:3727747:0618/173941.364878:WARNING:components/download/internal/background_service/controller_impl.cc:1187] Background download complete, client: 6, completion type: 0, file size:2747168
[82442:3727747:0618/173941.423272:WARNING:components/download/internal/background_service/controller_impl.cc:1187] Background download complete, client: 6, completion type: 0, file size:118577
[82442:3727747:0618/173956.470756:INFO:CONSOLE:2] "클립보드 읽기 권한 상태: prompt", source: https://feblog.pstatic.net/real/pc/2025.06.04/js/vendor.30699085e5db55e38130.js (2)
[82442:3727747:0618/174001.078935:INFO:CONSOLE:2] "클립보드 읽기 권한 상태: prompt", source: https://feblog.pstatic.net/real/pc/2025.06.04/js/vendor.30699085e5db55e38130.js (2)
[82442:3727747:0618/174004.897897:INFO:CONSOLE:2] "클립보드 읽기 권한 상태: prompt", source: https://feblog.pstatic.net/real/pc/2025.06.04/js/vendor.30699085e5db55e38130.js (2)
[82442:3727747:0618/174008.764174:INFO:CONSOLE:2] "클립보드 읽기 권한 상태: prompt", source: https://feblog.pstatic.net/real/pc/2025.06.04/js/vendor.30699085e5db55e38130.js (2)
[82442:3727747:0618/174013.066243:INFO:CONSOLE:2] "클립보드 읽기 권한 상태: prompt", source: https://feblog.pstatic.net/real/pc/2025.06.04/js/vendor.30699085e5db55e38130.js (2)
[82442:3727747:0618/174015.014408:INFO:CONSOLE:2] "클립보드 읽기 권한 상태: prompt", source: https://feblog.pstatic.net/real/pc/2025.06.04/js/vendor.30699085e5db55e38130.js (2)
[82442:3727747:0618/174016.992380:INFO:CONSOLE:2] "클립보드 읽기 권한 상태: prompt", source: https://feblog.pstatic.net/real/pc/2025.06.04/js/vendor.30699085e5db55e38130.js (2)
[82442:3727747:0618/174017.516810:INFO:CONSOLE:1] "File chooser dialog can only be shown with a user activation.", source: https://editor-static.pstatic.net/e/basic.desktop/1.66.0/se-editor.js?t=1747381158880 (1)
[82442:3727747:0618/174018.973914:INFO:CONSOLE:2] "클립보드 읽기 권한 상태: prompt", source: https://feblog.pstatic.net/real/pc/2025.06.04/js/vendor.30699085e5db55e38130.js (2)
[82442:3727747:0618/174019.497661:INFO:CONSOLE:1] "File chooser dialog can only be shown with a user activation.", source: https://editor-static.pstatic.net/e/basic.desktop/1.66.0/se-editor.js?t=1747381158880 (1)
[82442:3727747:0618/174020.941097:INFO:CONSOLE:2] "클립보드 읽기 권한 상태: prompt", source: https://feblog.pstatic.net/real/pc/2025.06.04/js/vendor.30699085e5db55e38130.js (2)
[82442:3727747:0618/174021.462364:INFO:CONSOLE:1] "File chooser dialog can only be shown with a user activation.", source: https://editor-static.pstatic.net/e/basic.desktop/1.66.0/se-editor.js?t=1747381158880 (1)
[82442:3727747:0618/174022.916743:INFO:CONSOLE:2] "클립보드 읽기 권한 상태: prompt", source: https://feblog.pstatic.net/real/pc/2025.06.04/js/vendor.30699085e5db55e38130.js (2)
[82442:3727747:0618/174023.439410:INFO:CONSOLE:1] "File chooser dialog can only be shown with a user activation.", source: https://editor-static.pstatic.net/e/basic.desktop/1.66.0/se-editor.js?t=1747381158880 (1)
[82442:3727747:0618/174024.897265:INFO:CONSOLE:2] "클립보드 읽기 권한 상태: prompt", source: https://feblog.pstatic.net/real/pc/2025.06.04/js/vendor.30699085e5db55e38130.js (2)
[82442:3727747:0618/174025.419860:INFO:CONSOLE:1] "File chooser dialog can only be shown with a user activation.", source: https://editor-static.pstatic.net/e/basic.desktop/1.66.0/se-editor.js?t=1747381158880 (1)
[82442:3727747:0618/174026.845711:INFO:CONSOLE:2] "클립보드 읽기 권한 상태: prompt", source: https://feblog.pstatic.net/real/pc/2025.06.04/js/vendor.30699085e5db55e38130.js (2)
[82442:3727747:0618/174027.368675:INFO:CONSOLE:1] "File chooser dialog can only be shown with a user activation.", source: https://editor-static.pstatic.net/e/basic.desktop/1.66.0/se-editor.js?t=1747381158880 (1)
[82442:3727747:0618/174028.835576:INFO:CONSOLE:2] "클립보드 읽기 권한 상태: prompt", source: https://feblog.pstatic.net/real/pc/2025.06.04/js/vendor.30699085e5db55e38130.js (2)
[82442:3727747:0618/174029.357931:INFO:CONSOLE:1] "File chooser dialog can only be shown with a user activation.", source: https://editor-static.pstatic.net/e/basic.desktop/1.66.0/se-editor.js?t=1747381158880 (1)
[82442:3727747:0618/174030.825414:INFO:CONSOLE:2] "클립보드 읽기 권한 상태: prompt", source: https://feblog.pstatic.net/real/pc/2025.06.04/js/vendor.30699085e5db55e38130.js (2)
[82442:3727747:0618/174031.341554:INFO:CONSOLE:1] "File chooser dialog can only be shown with a user activation.", source: https://editor-static.pstatic.net/e/basic.desktop/1.66.0/se-editor.js?t=1747381158880 (1)
[82442:3727747:0618/174043.206454:INFO:CONSOLE:2] "키보드 입력 차단 및 포커스 정리 완료", source: https://feblog.pstatic.net/real/pc/2025.06.04/js/vendor.30699085e5db55e38130.js (2)
[82442:3727747:0618/174046.268838:INFO:CONSOLE:2] "확인 버튼 찾기 시작...", source: https://feblog.pstatic.net/real/pc/2025.06.04/js/vendor.30699085e5db55e38130.js (2)
[82442:3727747:0618/174046.270792:INFO:CONSOLE:2] "확인 버튼을 찾을 수 없음", source: https://feblog.pstatic.net/real/pc/2025.06.04/js/vendor.30699085e5db55e38130.js (2)
[82442:3727747:0618/174046.494180:INFO:CONSOLE:2] "키보드 입력 차단 해제 완료", source: https://feblog.pstatic.net/real/pc/2025.06.04/js/vendor.30699085e5db55e38130.js (2)
[82452:3727887:0618/174133.751166:ERROR:ui/latency/latency_info.cc:92] CompositorFrameSinkSupport::MaybeSubmitCompositorFrame, LatencyInfo vector size 227 is too big.
[82442:3727747:0618/174326.335789:INFO:CONSOLE:447] "'g_pid / lcs_get_lpid' is not exist.", source: https://ssl.pstatic.net/t.static.blog/section/versioning/NgAppBundle2-1246892042_https.js (447)
[82442:3727747:0618/174557.821256:INFO:CONSOLE:2] "클립보드 읽기 권한 상태: granted", source: https://feblog.pstatic.net/real/pc/2025.06.04/js/vendor.30699085e5db55e38130.js (2)
[82442:3727747:0618/174602.200977:INFO:CONSOLE:2] "클립보드 읽기 권한 상태: granted", source: https://feblog.pstatic.net/real/pc/2025.06.04/js/vendor.30699085e5db55e38130.js (2)
[82442:3727747:0618/174605.983396:INFO:CONSOLE:2] "클립보드 읽기 권한 상태: granted", source: https://feblog.pstatic.net/real/pc/2025.06.04/js/vendor.30699085e5db55e38130.js (2)
[82442:3727747:0618/174609.856229:INFO:CONSOLE:2] "클립보드 읽기 권한 상태: granted", source: https://feblog.pstatic.net/real/pc/2025.06.04/js/vendor.30699085e5db55e38130.js (2)
[82442:3727747:0618/174614.215510:INFO:CONSOLE:2] "클립보드 읽기 권한 상태: granted", source: https://feblog.pstatic.net/real/pc/2025.06.04/js/vendor.30699085e5db55e38130.js (2)
[82442:3727747:0618/174616.218790:INFO:CONSOLE:2] "클립보드 읽기 권한 상태: granted", source: https://feblog.pstatic.net/real/pc/2025.06.04/js/vendor.30699085e5db55e38130.js (2)
[82442:3727747:0618/174618.163848:INFO:CONSOLE:2] "클립보드 읽기 권한 상태: granted", source: https://feblog.pstatic.net/real/pc/2025.06.04/js/vendor.30699085e5db55e38130.js (2)
[82442:3727747:0618/174618.684553:INFO:CONSOLE:1] "File chooser dialog can only be shown with a user activation.", source: https://editor-static.pstatic.net/e/basic.desktop/1.66.0/se-editor.js?t=1747381158880 (1)
[82442:3727747:0618/174620.104936:INFO:CONSOLE:2] "클립보드 읽기 권한 상태: granted", source: https://feblog.pstatic.net/real/pc/2025.06.04/js/vendor.30699085e5db55e38130.js (2)
[82442:3727747:0618/174620.628925:INFO:CONSOLE:1] "File chooser dialog can only be shown with a user activation.", source: https://editor-static.pstatic.net/e/basic.desktop/1.66.0/se-editor.js?t=1747381158880 (1)
[82442:3727747:0618/174622.096964:INFO:CONSOLE:2] "클립보드 읽기 권한 상태: granted", source: https://feblog.pstatic.net/real/pc/2025.06.04/js/vendor.30699085e5db55e38130.js (2)
[82442:3727747:0618/174622.615360:INFO:CONSOLE:1] "File chooser dialog can only be shown with a user activation.", source: https://editor-static.pstatic.net/e/basic.desktop/1.66.0/se-editor.js?t=1747381158880 (1)
[82442:3727747:0618/174624.060214:INFO:CONSOLE:2] "클립보드 읽기 권한 상태: granted", source: https://feblog.pstatic.net/real/pc/2025.06.04/js/vendor.30699085e5db55e38130.js (2)
[82442:3727747:0618/174624.579594:INFO:CONSOLE:1] "File chooser dialog can only be shown with a user activation.", source: https://editor-static.pstatic.net/e/basic.desktop/1.66.0/se-editor.js?t=1747381158880 (1)
[82442:3727747:0618/174626.047946:INFO:CONSOLE:2] "클립보드 읽기 권한 상태: granted", source: https://feblog.pstatic.net/real/pc/2025.06.04/js/vendor.30699085e5db55e38130.js (2)
[82442:3727747:0618/174626.561048:INFO:CONSOLE:1] "File chooser dialog can only be shown with a user activation.", source: https://editor-static.pstatic.net/e/basic.desktop/1.66.0/se-editor.js?t=1747381158880 (1)
[82442:3727747:0618/174627.978671:INFO:CONSOLE:2] "클립보드 읽기 권한 상태: granted", source: https://feblog.pstatic.net/real/pc/2025.06.04/js/vendor.30699085e5db55e38130.js (2)
[82442:3727747:0618/174628.491218:INFO:CONSOLE:1] "File chooser dialog can only be shown with a user activation.", source: https://editor-static.pstatic.net/e/basic.desktop/1.66.0/se-editor.js?t=1747381158880 (1)
[82442:3727747:0618/174629.888293:INFO:CONSOLE:2] "클립보드 읽기 권한 상태: granted", source: https://feblog.pstatic.net/real/pc/2025.06.04/js/vendor.30699085e5db55e38130.js (2)
[82442:3727747:0618/174630.400913:INFO:CONSOLE:1] "File chooser dialog can only be shown with a user activation.", source: https://editor-static.pstatic.net/e/basic.desktop/1.66.0/se-editor.js?t=1747381158880 (1)
[82442:3727747:0618/174631.800687:INFO:CONSOLE:2] "클립보드 읽기 권한 상태: granted", source: https://feblog.pstatic.net/real/pc/2025.06.04/js/vendor.30699085e5db55e38130.js (2)
[82442:3727747:0618/174632.317211:INFO:CONSOLE:1] "File chooser dialog can only be shown with a user activation.", source: https://editor-static.pstatic.net/e/basic.desktop/1.66.0/se-editor.js?t=1747381158880 (1)
[82442:3727747:0618/174633.728358:INFO:CONSOLE:2] "클립보드 읽기 권한 상태: granted", source: https://feblog.pstatic.net/real/pc/2025.06.04/js/vendor.30699085e5db55e38130.js (2)
[82442:3727747:0618/174634.244448:INFO:CONSOLE:1] "File chooser dialog can only be shown with a user activation.", source: https://editor-static.pstatic.net/e/basic.desktop/1.66.0/se-editor.js?t=1747381158880 (1)
[82442:3727747:0618/174644.815857:INFO:CONSOLE:2] "키보드 입력 차단 및 포커스 정리 완료", source: https://feblog.pstatic.net/real/pc/2025.06.04/js/vendor.30699085e5db55e38130.js (2)
[82442:3727747:0618/174647.880246:INFO:CONSOLE:2] "확인 버튼 찾기 시작...", source: https://feblog.pstatic.net/real/pc/2025.06.04/js/vendor.30699085e5db55e38130.js (2)
[82442:3727747:0618/174647.881500:INFO:CONSOLE:2] "선택자로 확인 버튼 발견: button.se-popup-button-confirm", source: https://feblog.pstatic.net/real/pc/2025.06.04/js/vendor.30699085e5db55e38130.js (2)
[82442:3727747:0618/174650.164386:INFO:CONSOLE:2] "키보드 입력 차단 해제 완료", source: https://feblog.pstatic.net/real/pc/2025.06.04/js/vendor.30699085e5db55e38130.js (2)
[82442:3727747:0618/174651.695982:INFO:CONSOLE:2] "Google Maps JavaScript API has been loaded directly without loading=async. This can result in suboptimal performance. For best-practice loading patterns please see https://goo.gle/js-api-loading", source: https://feblog.pstatic.net/real/pc/2025.06.04/js/vendor.30699085e5db55e38130.js (2)
[82452:3727887:0618/174655.698802:ERROR:ui/latency/latency_info.cc:92] CompositorFrameSinkSupport::MaybeSubmitCompositorFrame, LatencyInfo vector size 194 is too big.
[82442:3727747:0618/174658.688472:INFO:CONSOLE:2] "추가 버튼 발견, 5번 클릭 시도 시작...", source: https://feblog.pstatic.net/real/pc/2025.06.04/js/vendor.30699085e5db55e38130.js (2)
[82442:3727747:0618/174658.688844:INFO:CONSOLE:2] "1번째 클릭 시도...", source: https://feblog.pstatic.net/real/pc/2025.06.04/js/vendor.30699085e5db55e38130.js (2)
[82442:3727747:0618/174659.690779:INFO:CONSOLE:2] "2번째 클릭 시도...", source: https://feblog.pstatic.net/real/pc/2025.06.04/js/vendor.30699085e5db55e38130.js (2)
[82442:3727747:0618/174700.690489:INFO:CONSOLE:2] "3번째 클릭 시도...", source: https://feblog.pstatic.net/real/pc/2025.06.04/js/vendor.30699085e5db55e38130.js (2)
[82442:3727747:0618/174701.690594:INFO:CONSOLE:2] "4번째 클릭 시도...", source: https://feblog.pstatic.net/real/pc/2025.06.04/js/vendor.30699085e5db55e38130.js (2)
[82442:3727747:0618/174702.689980:INFO:CONSOLE:2] "5번째 클릭 시도...", source: https://feblog.pstatic.net/real/pc/2025.06.04/js/vendor.30699085e5db55e38130.js (2)
[82442:3727747:0618/174703.705493:INFO:CONSOLE:2] "정확한 선택자로 확인 버튼 발견", source: https://feblog.pstatic.net/real/pc/2025.06.04/js/vendor.30699085e5db55e38130.js (2)
[82452:3727887:0618/174935.776331:ERROR:ui/latency/latency_info.cc:92] CompositorFrameSinkSupport::MaybeSubmitCompositorFrame, LatencyInfo vector size 235 is too big.
[82442:3727747:0618/174946.641428:INFO:CONSOLE:2] "클립보드 읽기 권한 상태: granted", source: https://feblog.pstatic.net/real/pc/2025.06.04/js/vendor.30699085e5db55e38130.js (2)
[82442:3727747:0618/174951.024875:INFO:CONSOLE:2] "클립보드 읽기 권한 상태: granted", source: https://feblog.pstatic.net/real/pc/2025.06.04/js/vendor.30699085e5db55e38130.js (2)
[82442:3727747:0618/174954.795914:INFO:CONSOLE:2] "클립보드 읽기 권한 상태: granted", source: https://feblog.pstatic.net/real/pc/2025.06.04/js/vendor.30699085e5db55e38130.js (2)
[82442:3727747:0618/174958.647982:INFO:CONSOLE:2] "클립보드 읽기 권한 상태: granted", source: https://feblog.pstatic.net/real/pc/2025.06.04/js/vendor.30699085e5db55e38130.js (2)
[82442:3727747:0618/175003.071098:INFO:CONSOLE:2] "클립보드 읽기 권한 상태: granted", source: https://feblog.pstatic.net/real/pc/2025.06.04/js/vendor.30699085e5db55e38130.js (2)
[82442:3727747:0618/175005.061104:INFO:CONSOLE:2] "클립보드 읽기 권한 상태: granted", source: https://feblog.pstatic.net/real/pc/2025.06.04/js/vendor.30699085e5db55e38130.js (2)
[82442:3727747:0618/175007.053548:INFO:CONSOLE:2] "클립보드 읽기 권한 상태: granted", source: https://feblog.pstatic.net/real/pc/2025.06.04/js/vendor.30699085e5db55e38130.js (2)
[82442:3727747:0618/175007.576884:INFO:CONSOLE:1] "File chooser dialog can only be shown with a user activation.", source: https://editor-static.pstatic.net/e/basic.desktop/1.66.0/se-editor.js?t=1747381158880 (1)
[82442:3727747:0618/175009.011559:INFO:CONSOLE:2] "클립보드 읽기 권한 상태: granted", source: https://feblog.pstatic.net/real/pc/2025.06.04/js/vendor.30699085e5db55e38130.js (2)
[82442:3727747:0618/175009.531045:INFO:CONSOLE:1] "File chooser dialog can only be shown with a user activation.", source: https://editor-static.pstatic.net/e/basic.desktop/1.66.0/se-editor.js?t=1747381158880 (1)
[82442:3727747:0618/175011.003605:INFO:CONSOLE:2] "클립보드 읽기 권한 상태: granted", source: https://feblog.pstatic.net/real/pc/2025.06.04/js/vendor.30699085e5db55e38130.js (2)
[82442:3727747:0618/175011.527925:INFO:CONSOLE:1] "File chooser dialog can only be shown with a user activation.", source: https://editor-static.pstatic.net/e/basic.desktop/1.66.0/se-editor.js?t=1747381158880 (1)
[82442:3727747:0618/175013.020132:INFO:CONSOLE:2] "클립보드 읽기 권한 상태: granted", source: https://feblog.pstatic.net/real/pc/2025.06.04/js/vendor.30699085e5db55e38130.js (2)
[82442:3727747:0618/175013.543985:INFO:CONSOLE:1] "File chooser dialog can only be shown with a user activation.", source: https://editor-static.pstatic.net/e/basic.desktop/1.66.0/se-editor.js?t=1747381158880 (1)
[82442:3727747:0618/175015.023853:INFO:CONSOLE:2] "클립보드 읽기 권한 상태: granted", source: https://feblog.pstatic.net/real/pc/2025.06.04/js/vendor.30699085e5db55e38130.js (2)
[82442:3727747:0618/175015.545851:INFO:CONSOLE:1] "File chooser dialog can only be shown with a user activation.", source: https://editor-static.pstatic.net/e/basic.desktop/1.66.0/se-editor.js?t=1747381158880 (1)
[82442:3727747:0618/175016.969494:INFO:CONSOLE:2] "클립보드 읽기 권한 상태: granted", source: https://feblog.pstatic.net/real/pc/2025.06.04/js/vendor.30699085e5db55e38130.js (2)
[82442:3727747:0618/175017.488117:INFO:CONSOLE:1] "File chooser dialog can only be shown with a user activation.", source: https://editor-static.pstatic.net/e/basic.desktop/1.66.0/se-editor.js?t=1747381158880 (1)
[82442:3727747:0618/175018.919738:INFO:CONSOLE:2] "클립보드 읽기 권한 상태: granted", source: https://feblog.pstatic.net/real/pc/2025.06.04/js/vendor.30699085e5db55e38130.js (2)
[82442:3727747:0618/175019.441756:INFO:CONSOLE:1] "File chooser dialog can only be shown with a user activation.", source: https://editor-static.pstatic.net/e/basic.desktop/1.66.0/se-editor.js?t=1747381158880 (1)
[82442:3727747:0618/175029.668960:INFO:CONSOLE:2] "키보드 입력 차단 및 포커스 정리 완료", source: https://feblog.pstatic.net/real/pc/2025.06.04/js/vendor.30699085e5db55e38130.js (2)
[82442:3727747:0618/175032.773731:INFO:CONSOLE:2] "확인 버튼 찾기 시작...", source: https://feblog.pstatic.net/real/pc/2025.06.04/js/vendor.30699085e5db55e38130.js (2)
[82442:3727747:0618/175032.774083:INFO:CONSOLE:2] "선택자로 확인 버튼 발견: button.se-popup-button-confirm", source: https://feblog.pstatic.net/real/pc/2025.06.04/js/vendor.30699085e5db55e38130.js (2)
[82442:3727747:0618/175035.031532:INFO:CONSOLE:2] "키보드 입력 차단 해제 완료", source: https://feblog.pstatic.net/real/pc/2025.06.04/js/vendor.30699085e5db55e38130.js (2)
[82442:3727747:0618/175036.183011:INFO:CONSOLE:2] "Google Maps JavaScript API has been loaded directly without loading=async. This can result in suboptimal performance. For best-practice loading patterns please see https://goo.gle/js-api-loading", source: https://feblog.pstatic.net/real/pc/2025.06.04/js/vendor.30699085e5db55e38130.js (2)
[82442:3727747:0618/175042.971056:INFO:CONSOLE:2] "추가 버튼 발견, 5번 클릭 시도 시작...", source: https://feblog.pstatic.net/real/pc/2025.06.04/js/vendor.30699085e5db55e38130.js (2)
[82442:3727747:0618/175042.971935:INFO:CONSOLE:2] "1번째 클릭 시도...", source: https://feblog.pstatic.net/real/pc/2025.06.04/js/vendor.30699085e5db55e38130.js (2)
[82442:3727747:0618/175043.972781:INFO:CONSOLE:2] "2번째 클릭 시도...", source: https://feblog.pstatic.net/real/pc/2025.06.04/js/vendor.30699085e5db55e38130.js (2)
[82442:3727747:0618/175044.972060:INFO:CONSOLE:2] "3번째 클릭 시도...", source: https://feblog.pstatic.net/real/pc/2025.06.04/js/vendor.30699085e5db55e38130.js (2)
[82442:3727747:0618/175045.970342:INFO:CONSOLE:2] "4번째 클릭 시도...", source: https://feblog.pstatic.net/real/pc/2025.06.04/js/vendor.30699085e5db55e38130.js (2)
[82442:3727747:0618/175046.972466:INFO:CONSOLE:2] "5번째 클릭 시도...", source: https://feblog.pstatic.net/real/pc/2025.06.04/js/vendor.30699085e5db55e38130.js (2)
[82442:3727747:0618/175047.996843:INFO:CONSOLE:2] "정확한 선택자로 확인 버튼 발견", source: https://feblog.pstatic.net/real/pc/2025.06.04/js/vendor.30699085e5db55e38130.js (2)
