[1449:12407:0625/123454.975709:INFO:components/enterprise/browser/controller/chrome_browser_cloud_management_controller.cc:202] No machine level policy manager exists.
[1449:12407:0625/123456.074330:INFO:CONSOLE:0] "[DOM] Input elements should have autocomplete attributes (suggested: "current-password"): (More info: https://goo.gl/9p2vKq) %o", source: https://nid.naver.com/nidlogin.login (0)
[1449:12407:0625/123456.507957:INFO:CONSOLE:2] "Error", source: https://wtm.pstatic.net/6a62aae/41601b2a7e0e7610edac.js (2)
[1449:12455:0625/123459.040219:ERROR:google_apis/gcm/engine/registration_request.cc:291] Registration response error message: DEPRECATED_ENDPOINT
[1449:12455:0625/123528.879684:ERROR:google_apis/gcm/engine/registration_request.cc:291] Registration response error message: DEPRECATED_ENDPOINT
[1449:12407:0625/123546.996322:INFO:CONSOLE:2] "클립보드 읽기 권한 상태: prompt", source: https://feblog.pstatic.net/real/pc/2025.06.04/js/vendor.30699085e5db55e38130.js (2)
[1449:12407:0625/123551.206227:INFO:CONSOLE:2] "클립보드 읽기 권한 상태: prompt", source: https://feblog.pstatic.net/real/pc/2025.06.04/js/vendor.30699085e5db55e38130.js (2)
[1449:12407:0625/123554.298654:INFO:CONSOLE:2] "클립보드 읽기 권한 상태: prompt", source: https://feblog.pstatic.net/real/pc/2025.06.04/js/vendor.30699085e5db55e38130.js (2)
[1449:12407:0625/123557.857743:INFO:CONSOLE:2] "클립보드 읽기 권한 상태: prompt", source: https://feblog.pstatic.net/real/pc/2025.06.04/js/vendor.30699085e5db55e38130.js (2)
[1449:12407:0625/123559.803053:INFO:CONSOLE:2] "클립보드 읽기 권한 상태: prompt", source: https://feblog.pstatic.net/real/pc/2025.06.04/js/vendor.30699085e5db55e38130.js (2)
[1449:12407:0625/123601.797795:INFO:CONSOLE:2] "클립보드 읽기 권한 상태: prompt", source: https://feblog.pstatic.net/real/pc/2025.06.04/js/vendor.30699085e5db55e38130.js (2)
[1449:12407:0625/123602.327193:INFO:CONSOLE:1] "File chooser dialog can only be shown with a user activation.", source: https://editor-static.pstatic.net/e/basic.desktop/1.66.0/se-editor.js?t=1747381158880 (1)
[1449:12407:0625/123603.764062:INFO:CONSOLE:2] "클립보드 읽기 권한 상태: prompt", source: https://feblog.pstatic.net/real/pc/2025.06.04/js/vendor.30699085e5db55e38130.js (2)
[1449:12407:0625/123604.284925:INFO:CONSOLE:1] "File chooser dialog can only be shown with a user activation.", source: https://editor-static.pstatic.net/e/basic.desktop/1.66.0/se-editor.js?t=1747381158880 (1)
[1449:12407:0625/123605.738524:INFO:CONSOLE:2] "클립보드 읽기 권한 상태: prompt", source: https://feblog.pstatic.net/real/pc/2025.06.04/js/vendor.30699085e5db55e38130.js (2)
[1449:12407:0625/123606.259482:INFO:CONSOLE:1] "File chooser dialog can only be shown with a user activation.", source: https://editor-static.pstatic.net/e/basic.desktop/1.66.0/se-editor.js?t=1747381158880 (1)
[1449:12407:0625/123607.740283:INFO:CONSOLE:2] "클립보드 읽기 권한 상태: prompt", source: https://feblog.pstatic.net/real/pc/2025.06.04/js/vendor.30699085e5db55e38130.js (2)
[1449:12407:0625/123608.259486:INFO:CONSOLE:1] "File chooser dialog can only be shown with a user activation.", source: https://editor-static.pstatic.net/e/basic.desktop/1.66.0/se-editor.js?t=1747381158880 (1)
[1449:12407:0625/123609.670947:INFO:CONSOLE:2] "클립보드 읽기 권한 상태: prompt", source: https://feblog.pstatic.net/real/pc/2025.06.04/js/vendor.30699085e5db55e38130.js (2)
[1449:12407:0625/123610.182481:INFO:CONSOLE:1] "File chooser dialog can only be shown with a user activation.", source: https://editor-static.pstatic.net/e/basic.desktop/1.66.0/se-editor.js?t=1747381158880 (1)
[1449:12407:0625/123611.606167:INFO:CONSOLE:2] "클립보드 읽기 권한 상태: prompt", source: https://feblog.pstatic.net/real/pc/2025.06.04/js/vendor.30699085e5db55e38130.js (2)
[1449:12407:0625/123612.121216:INFO:CONSOLE:1] "File chooser dialog can only be shown with a user activation.", source: https://editor-static.pstatic.net/e/basic.desktop/1.66.0/se-editor.js?t=1747381158880 (1)
[1449:12455:0625/123613.178456:ERROR:google_apis/gcm/engine/registration_request.cc:291] Registration response error message: DEPRECATED_ENDPOINT
[1449:12407:0625/123613.577854:INFO:CONSOLE:2] "클립보드 읽기 권한 상태: prompt", source: https://feblog.pstatic.net/real/pc/2025.06.04/js/vendor.30699085e5db55e38130.js (2)
[1449:12407:0625/123614.098742:INFO:CONSOLE:1] "File chooser dialog can only be shown with a user activation.", source: https://editor-static.pstatic.net/e/basic.desktop/1.66.0/se-editor.js?t=1747381158880 (1)
[1449:12407:0625/123615.573413:INFO:CONSOLE:2] "클립보드 읽기 권한 상태: prompt", source: https://feblog.pstatic.net/real/pc/2025.06.04/js/vendor.30699085e5db55e38130.js (2)
[1449:12407:0625/123616.095904:INFO:CONSOLE:1] "File chooser dialog can only be shown with a user activation.", source: https://editor-static.pstatic.net/e/basic.desktop/1.66.0/se-editor.js?t=1747381158880 (1)
[1449:12407:0625/123617.548042:INFO:CONSOLE:2] "클립보드 읽기 권한 상태: prompt", source: https://feblog.pstatic.net/real/pc/2025.06.04/js/vendor.30699085e5db55e38130.js (2)
[1449:12407:0625/123618.067199:INFO:CONSOLE:1] "File chooser dialog can only be shown with a user activation.", source: https://editor-static.pstatic.net/e/basic.desktop/1.66.0/se-editor.js?t=1747381158880 (1)
[1449:12407:0625/123632.341044:INFO:CONSOLE:2] "키보드 입력 차단 및 포커스 정리 완료", source: https://feblog.pstatic.net/real/pc/2025.06.04/js/vendor.30699085e5db55e38130.js (2)
[1449:12407:0625/123637.409656:INFO:CONSOLE:2] "=== 최강화된 확인 버튼 찾기 시작 ===", source: https://feblog.pstatic.net/real/pc/2025.06.04/js/vendor.30699085e5db55e38130.js (2)
[1449:12407:0625/123637.409850:INFO:CONSOLE:2] "현재 페이지의 모든 버튼 상황:", source: https://feblog.pstatic.net/real/pc/2025.06.04/js/vendor.30699085e5db55e38130.js (2)
[1449:12407:0625/123637.410152:INFO:CONSOLE:2] "버튼 1: [object Object]", source: https://feblog.pstatic.net/real/pc/2025.06.04/js/vendor.30699085e5db55e38130.js (2)
[1449:12407:0625/123637.410413:INFO:CONSOLE:2] "버튼 2: [object Object]", source: https://feblog.pstatic.net/real/pc/2025.06.04/js/vendor.30699085e5db55e38130.js (2)
[1449:12407:0625/123637.410542:INFO:CONSOLE:2] "버튼 3: [object Object]", source: https://feblog.pstatic.net/real/pc/2025.06.04/js/vendor.30699085e5db55e38130.js (2)
[1449:12407:0625/123637.410655:INFO:CONSOLE:2] "버튼 4: [object Object]", source: https://feblog.pstatic.net/real/pc/2025.06.04/js/vendor.30699085e5db55e38130.js (2)
[1449:12407:0625/123637.410802:INFO:CONSOLE:2] "버튼 5: [object Object]", source: https://feblog.pstatic.net/real/pc/2025.06.04/js/vendor.30699085e5db55e38130.js (2)
[1449:12407:0625/123637.410898:INFO:CONSOLE:2] "버튼 6: [object Object]", source: https://feblog.pstatic.net/real/pc/2025.06.04/js/vendor.30699085e5db55e38130.js (2)
[1449:12407:0625/123637.411039:INFO:CONSOLE:2] "버튼 7: [object Object]", source: https://feblog.pstatic.net/real/pc/2025.06.04/js/vendor.30699085e5db55e38130.js (2)
[1449:12407:0625/123637.411223:INFO:CONSOLE:2] "버튼 8: [object Object]", source: https://feblog.pstatic.net/real/pc/2025.06.04/js/vendor.30699085e5db55e38130.js (2)
[1449:12407:0625/123637.411429:INFO:CONSOLE:2] "버튼 9: [object Object]", source: https://feblog.pstatic.net/real/pc/2025.06.04/js/vendor.30699085e5db55e38130.js (2)
[1449:12407:0625/123637.411575:INFO:CONSOLE:2] "버튼 10: [object Object]", source: https://feblog.pstatic.net/real/pc/2025.06.04/js/vendor.30699085e5db55e38130.js (2)
[1449:12407:0625/123637.411710:INFO:CONSOLE:2] "버튼 11: [object Object]", source: https://feblog.pstatic.net/real/pc/2025.06.04/js/vendor.30699085e5db55e38130.js (2)
[1449:12407:0625/123637.411810:INFO:CONSOLE:2] "버튼 12: [object Object]", source: https://feblog.pstatic.net/real/pc/2025.06.04/js/vendor.30699085e5db55e38130.js (2)
[1449:12407:0625/123637.411919:INFO:CONSOLE:2] "버튼 13: [object Object]", source: https://feblog.pstatic.net/real/pc/2025.06.04/js/vendor.30699085e5db55e38130.js (2)
[1449:12407:0625/123637.412051:INFO:CONSOLE:2] "버튼 14: [object Object]", source: https://feblog.pstatic.net/real/pc/2025.06.04/js/vendor.30699085e5db55e38130.js (2)
[1449:12407:0625/123637.412162:INFO:CONSOLE:2] "버튼 15: [object Object]", source: https://feblog.pstatic.net/real/pc/2025.06.04/js/vendor.30699085e5db55e38130.js (2)
[1449:12407:0625/123637.412267:INFO:CONSOLE:2] "버튼 16: [object Object]", source: https://feblog.pstatic.net/real/pc/2025.06.04/js/vendor.30699085e5db55e38130.js (2)
[1449:12407:0625/123637.412361:INFO:CONSOLE:2] "버튼 17: [object Object]", source: https://feblog.pstatic.net/real/pc/2025.06.04/js/vendor.30699085e5db55e38130.js (2)
[1449:12407:0625/123637.412463:INFO:CONSOLE:2] "버튼 18: [object Object]", source: https://feblog.pstatic.net/real/pc/2025.06.04/js/vendor.30699085e5db55e38130.js (2)
[1449:12407:0625/123637.412564:INFO:CONSOLE:2] "버튼 19: [object Object]", source: https://feblog.pstatic.net/real/pc/2025.06.04/js/vendor.30699085e5db55e38130.js (2)
[1449:12407:0625/123637.412665:INFO:CONSOLE:2] "버튼 20: [object Object]", source: https://feblog.pstatic.net/real/pc/2025.06.04/js/vendor.30699085e5db55e38130.js (2)
[1449:12407:0625/123637.412763:INFO:CONSOLE:2] "버튼 21: [object Object]", source: https://feblog.pstatic.net/real/pc/2025.06.04/js/vendor.30699085e5db55e38130.js (2)
[1449:12407:0625/123637.412875:INFO:CONSOLE:2] "버튼 22: [object Object]", source: https://feblog.pstatic.net/real/pc/2025.06.04/js/vendor.30699085e5db55e38130.js (2)
[1449:12407:0625/123637.412972:INFO:CONSOLE:2] "버튼 23: [object Object]", source: https://feblog.pstatic.net/real/pc/2025.06.04/js/vendor.30699085e5db55e38130.js (2)
[1449:12407:0625/123637.413090:INFO:CONSOLE:2] "버튼 24: [object Object]", source: https://feblog.pstatic.net/real/pc/2025.06.04/js/vendor.30699085e5db55e38130.js (2)
[1449:12407:0625/123637.413198:INFO:CONSOLE:2] "버튼 25: [object Object]", source: https://feblog.pstatic.net/real/pc/2025.06.04/js/vendor.30699085e5db55e38130.js (2)
[1449:12407:0625/123637.413301:INFO:CONSOLE:2] "버튼 26: [object Object]", source: https://feblog.pstatic.net/real/pc/2025.06.04/js/vendor.30699085e5db55e38130.js (2)
[1449:12407:0625/123637.413403:INFO:CONSOLE:2] "버튼 27: [object Object]", source: https://feblog.pstatic.net/real/pc/2025.06.04/js/vendor.30699085e5db55e38130.js (2)
[1449:12407:0625/123637.413504:INFO:CONSOLE:2] "버튼 28: [object Object]", source: https://feblog.pstatic.net/real/pc/2025.06.04/js/vendor.30699085e5db55e38130.js (2)
[1449:12407:0625/123637.413600:INFO:CONSOLE:2] "버튼 29: [object Object]", source: https://feblog.pstatic.net/real/pc/2025.06.04/js/vendor.30699085e5db55e38130.js (2)
[1449:12407:0625/123637.413779:INFO:CONSOLE:2] "버튼 30: [object Object]", source: https://feblog.pstatic.net/real/pc/2025.06.04/js/vendor.30699085e5db55e38130.js (2)
[1449:12407:0625/123637.414103:INFO:CONSOLE:2] "버튼 31: [object Object]", source: https://feblog.pstatic.net/real/pc/2025.06.04/js/vendor.30699085e5db55e38130.js (2)
[1449:12407:0625/123637.414257:INFO:CONSOLE:2] "버튼 32: [object Object]", source: https://feblog.pstatic.net/real/pc/2025.06.04/js/vendor.30699085e5db55e38130.js (2)
[1449:12407:0625/123637.414411:INFO:CONSOLE:2] "버튼 33: [object Object]", source: https://feblog.pstatic.net/real/pc/2025.06.04/js/vendor.30699085e5db55e38130.js (2)
[1449:12407:0625/123637.414532:INFO:CONSOLE:2] "버튼 34: [object Object]", source: https://feblog.pstatic.net/real/pc/2025.06.04/js/vendor.30699085e5db55e38130.js (2)
[1449:12407:0625/123637.414657:INFO:CONSOLE:2] "버튼 35: [object Object]", source: https://feblog.pstatic.net/real/pc/2025.06.04/js/vendor.30699085e5db55e38130.js (2)
[1449:12407:0625/123637.414773:INFO:CONSOLE:2] "버튼 36: [object Object]", source: https://feblog.pstatic.net/real/pc/2025.06.04/js/vendor.30699085e5db55e38130.js (2)
[1449:12407:0625/123637.414898:INFO:CONSOLE:2] "버튼 37: [object Object]", source: https://feblog.pstatic.net/real/pc/2025.06.04/js/vendor.30699085e5db55e38130.js (2)
[1449:12407:0625/123637.414987:INFO:CONSOLE:2] "버튼 38: [object Object]", source: https://feblog.pstatic.net/real/pc/2025.06.04/js/vendor.30699085e5db55e38130.js (2)
[1449:12407:0625/123637.415116:INFO:CONSOLE:2] "버튼 39: [object Object]", source: https://feblog.pstatic.net/real/pc/2025.06.04/js/vendor.30699085e5db55e38130.js (2)
[1449:12407:0625/123637.415226:INFO:CONSOLE:2] "버튼 40: [object Object]", source: https://feblog.pstatic.net/real/pc/2025.06.04/js/vendor.30699085e5db55e38130.js (2)
[1449:12407:0625/123637.415370:INFO:CONSOLE:2] "버튼 41: [object Object]", source: https://feblog.pstatic.net/real/pc/2025.06.04/js/vendor.30699085e5db55e38130.js (2)
[1449:12407:0625/123637.415486:INFO:CONSOLE:2] "버튼 42: [object Object]", source: https://feblog.pstatic.net/real/pc/2025.06.04/js/vendor.30699085e5db55e38130.js (2)
[1449:12407:0625/123637.415641:INFO:CONSOLE:2] "버튼 43: [object Object]", source: https://feblog.pstatic.net/real/pc/2025.06.04/js/vendor.30699085e5db55e38130.js (2)
[1449:12407:0625/123637.415734:INFO:CONSOLE:2] "버튼 45: [object Object]", source: https://feblog.pstatic.net/real/pc/2025.06.04/js/vendor.30699085e5db55e38130.js (2)
[1449:12407:0625/123637.415841:INFO:CONSOLE:2] "버튼 47: [object Object]", source: https://feblog.pstatic.net/real/pc/2025.06.04/js/vendor.30699085e5db55e38130.js (2)
[1449:12407:0625/123637.415946:INFO:CONSOLE:2] "버튼 51: [object Object]", source: https://feblog.pstatic.net/real/pc/2025.06.04/js/vendor.30699085e5db55e38130.js (2)
[1449:12407:0625/123637.416035:INFO:CONSOLE:2] "버튼 55: [object Object]", source: https://feblog.pstatic.net/real/pc/2025.06.04/js/vendor.30699085e5db55e38130.js (2)
[1449:12407:0625/123637.416103:INFO:CONSOLE:2] "버튼 58: [object Object]", source: https://feblog.pstatic.net/real/pc/2025.06.04/js/vendor.30699085e5db55e38130.js (2)
[1449:12407:0625/123637.416197:INFO:CONSOLE:2] "버튼 59: [object Object]", source: https://feblog.pstatic.net/real/pc/2025.06.04/js/vendor.30699085e5db55e38130.js (2)
[1449:12407:0625/123637.416287:INFO:CONSOLE:2] "버튼 61: [object Object]", source: https://feblog.pstatic.net/real/pc/2025.06.04/js/vendor.30699085e5db55e38130.js (2)
[1449:12407:0625/123637.416371:INFO:CONSOLE:2] "버튼 62: [object Object]", source: https://feblog.pstatic.net/real/pc/2025.06.04/js/vendor.30699085e5db55e38130.js (2)
[1449:12407:0625/123637.416445:INFO:CONSOLE:2] "버튼 64: [object Object]", source: https://feblog.pstatic.net/real/pc/2025.06.04/js/vendor.30699085e5db55e38130.js (2)
[1449:12407:0625/123637.416538:INFO:CONSOLE:2] "버튼 65: [object Object]", source: https://feblog.pstatic.net/real/pc/2025.06.04/js/vendor.30699085e5db55e38130.js (2)
[1449:12407:0625/123637.416625:INFO:CONSOLE:2] "버튼 67: [object Object]", source: https://feblog.pstatic.net/real/pc/2025.06.04/js/vendor.30699085e5db55e38130.js (2)
[1449:12407:0625/123637.416700:INFO:CONSOLE:2] "버튼 68: [object Object]", source: https://feblog.pstatic.net/real/pc/2025.06.04/js/vendor.30699085e5db55e38130.js (2)
[1449:12407:0625/123637.416795:INFO:CONSOLE:2] "버튼 70: [object Object]", source: https://feblog.pstatic.net/real/pc/2025.06.04/js/vendor.30699085e5db55e38130.js (2)
[1449:12407:0625/123637.416883:INFO:CONSOLE:2] "버튼 71: [object Object]", source: https://feblog.pstatic.net/real/pc/2025.06.04/js/vendor.30699085e5db55e38130.js (2)
[1449:12407:0625/123637.416961:INFO:CONSOLE:2] "버튼 74: [object Object]", source: https://feblog.pstatic.net/real/pc/2025.06.04/js/vendor.30699085e5db55e38130.js (2)
[1449:12407:0625/123637.417050:INFO:CONSOLE:2] "버튼 75: [object Object]", source: https://feblog.pstatic.net/real/pc/2025.06.04/js/vendor.30699085e5db55e38130.js (2)
[1449:12407:0625/123637.417134:INFO:CONSOLE:2] "버튼 78: [object Object]", source: https://feblog.pstatic.net/real/pc/2025.06.04/js/vendor.30699085e5db55e38130.js (2)
[1449:12407:0625/123637.417205:INFO:CONSOLE:2] "버튼 79: [object Object]", source: https://feblog.pstatic.net/real/pc/2025.06.04/js/vendor.30699085e5db55e38130.js (2)
[1449:12407:0625/123637.417323:INFO:CONSOLE:2] "버튼 82: [object Object]", source: https://feblog.pstatic.net/real/pc/2025.06.04/js/vendor.30699085e5db55e38130.js (2)
[1449:12407:0625/123637.417398:INFO:CONSOLE:2] "버튼 83: [object Object]", source: https://feblog.pstatic.net/real/pc/2025.06.04/js/vendor.30699085e5db55e38130.js (2)
[1449:12407:0625/123637.417525:INFO:CONSOLE:2] "버튼 86: [object Object]", source: https://feblog.pstatic.net/real/pc/2025.06.04/js/vendor.30699085e5db55e38130.js (2)
[1449:12407:0625/123637.417735:INFO:CONSOLE:2] "버튼 87: [object Object]", source: https://feblog.pstatic.net/real/pc/2025.06.04/js/vendor.30699085e5db55e38130.js (2)
[1449:12407:0625/123637.417880:INFO:CONSOLE:2] "버튼 90: [object Object]", source: https://feblog.pstatic.net/real/pc/2025.06.04/js/vendor.30699085e5db55e38130.js (2)
[1449:12407:0625/123637.417970:INFO:CONSOLE:2] "버튼 91: [object Object]", source: https://feblog.pstatic.net/real/pc/2025.06.04/js/vendor.30699085e5db55e38130.js (2)
[1449:12407:0625/123637.418062:INFO:CONSOLE:2] "버튼 94: [object Object]", source: https://feblog.pstatic.net/real/pc/2025.06.04/js/vendor.30699085e5db55e38130.js (2)
[1449:12407:0625/123637.418265:INFO:CONSOLE:2] "버튼 114: [object Object]", source: https://feblog.pstatic.net/real/pc/2025.06.04/js/vendor.30699085e5db55e38130.js (2)
[1449:12407:0625/123637.418320:INFO:CONSOLE:2] "버튼 115: [object Object]", source: https://feblog.pstatic.net/real/pc/2025.06.04/js/vendor.30699085e5db55e38130.js (2)
[1449:12407:0625/123637.418491:INFO:CONSOLE:2] "버튼 116: [object Object]", source: https://feblog.pstatic.net/real/pc/2025.06.04/js/vendor.30699085e5db55e38130.js (2)
[1449:12407:0625/123637.418525:INFO:CONSOLE:2] "버튼 117: [object Object]", source: https://feblog.pstatic.net/real/pc/2025.06.04/js/vendor.30699085e5db55e38130.js (2)
[1449:12407:0625/123637.418601:INFO:CONSOLE:2] "버튼 118: [object Object]", source: https://feblog.pstatic.net/real/pc/2025.06.04/js/vendor.30699085e5db55e38130.js (2)
[1449:12407:0625/123637.419081:INFO:CONSOLE:2] "버튼 119: [object Object]", source: https://feblog.pstatic.net/real/pc/2025.06.04/js/vendor.30699085e5db55e38130.js (2)
[1449:12407:0625/123637.419112:INFO:CONSOLE:2] "버튼 120: [object Object]", source: https://feblog.pstatic.net/real/pc/2025.06.04/js/vendor.30699085e5db55e38130.js (2)
[1449:12407:0625/123637.419129:INFO:CONSOLE:2] "버튼 121: [object Object]", source: https://feblog.pstatic.net/real/pc/2025.06.04/js/vendor.30699085e5db55e38130.js (2)
[1449:12407:0625/123637.419155:INFO:CONSOLE:2] "버튼 122: [object Object]", source: https://feblog.pstatic.net/real/pc/2025.06.04/js/vendor.30699085e5db55e38130.js (2)
[1449:12407:0625/123637.419177:INFO:CONSOLE:2] "버튼 123: [object Object]", source: https://feblog.pstatic.net/real/pc/2025.06.04/js/vendor.30699085e5db55e38130.js (2)
[1449:12407:0625/123637.419196:INFO:CONSOLE:2] "버튼 124: [object Object]", source: https://feblog.pstatic.net/real/pc/2025.06.04/js/vendor.30699085e5db55e38130.js (2)
[1449:12407:0625/123637.419213:INFO:CONSOLE:2] "버튼 125: [object Object]", source: https://feblog.pstatic.net/real/pc/2025.06.04/js/vendor.30699085e5db55e38130.js (2)
[1449:12407:0625/123637.419319:INFO:CONSOLE:2] "버튼 126: [object Object]", source: https://feblog.pstatic.net/real/pc/2025.06.04/js/vendor.30699085e5db55e38130.js (2)
[1449:12407:0625/123637.419366:INFO:CONSOLE:2] "버튼 127: [object Object]", source: https://feblog.pstatic.net/real/pc/2025.06.04/js/vendor.30699085e5db55e38130.js (2)
[1449:12407:0625/123637.419434:INFO:CONSOLE:2] "버튼 128: [object Object]", source: https://feblog.pstatic.net/real/pc/2025.06.04/js/vendor.30699085e5db55e38130.js (2)
[1449:12407:0625/123637.419531:INFO:CONSOLE:2] "버튼 129: [object Object]", source: https://feblog.pstatic.net/real/pc/2025.06.04/js/vendor.30699085e5db55e38130.js (2)
[1449:12407:0625/123637.419611:INFO:CONSOLE:2] "버튼 130: [object Object]", source: https://feblog.pstatic.net/real/pc/2025.06.04/js/vendor.30699085e5db55e38130.js (2)
[1449:12407:0625/123637.419745:INFO:CONSOLE:2] "버튼 131: [object Object]", source: https://feblog.pstatic.net/real/pc/2025.06.04/js/vendor.30699085e5db55e38130.js (2)
[1449:12407:0625/123637.419849:INFO:CONSOLE:2] "버튼 132: [object Object]", source: https://feblog.pstatic.net/real/pc/2025.06.04/js/vendor.30699085e5db55e38130.js (2)
[1449:12407:0625/123637.419918:INFO:CONSOLE:2] "버튼 133: [object Object]", source: https://feblog.pstatic.net/real/pc/2025.06.04/js/vendor.30699085e5db55e38130.js (2)
[1449:12407:0625/123637.420013:INFO:CONSOLE:2] "버튼 134: [object Object]", source: https://feblog.pstatic.net/real/pc/2025.06.04/js/vendor.30699085e5db55e38130.js (2)
[1449:12407:0625/123637.420120:INFO:CONSOLE:2] "버튼 145: [object Object]", source: https://feblog.pstatic.net/real/pc/2025.06.04/js/vendor.30699085e5db55e38130.js (2)
[1449:12407:0625/123637.420203:INFO:CONSOLE:2] "버튼 146: [object Object]", source: https://feblog.pstatic.net/real/pc/2025.06.04/js/vendor.30699085e5db55e38130.js (2)
[1449:12407:0625/123637.420282:INFO:CONSOLE:2] "버튼 147: [object Object]", source: https://feblog.pstatic.net/real/pc/2025.06.04/js/vendor.30699085e5db55e38130.js (2)
[1449:12407:0625/123637.420385:INFO:CONSOLE:2] "버튼 149: [object Object]", source: https://feblog.pstatic.net/real/pc/2025.06.04/js/vendor.30699085e5db55e38130.js (2)
[1449:12407:0625/123637.420478:INFO:CONSOLE:2] "버튼 150: [object Object]", source: https://feblog.pstatic.net/real/pc/2025.06.04/js/vendor.30699085e5db55e38130.js (2)
[1449:12407:0625/123637.420542:INFO:CONSOLE:2] "1단계: 정확한 선택자로 시도...", source: https://feblog.pstatic.net/real/pc/2025.06.04/js/vendor.30699085e5db55e38130.js (2)
[1449:12407:0625/123637.420686:INFO:CONSOLE:2] "✅ 정확한 선택자로 확인 버튼 클릭: button.se-popup-button-confirm", source: https://feblog.pstatic.net/real/pc/2025.06.04/js/vendor.30699085e5db55e38130.js (2)
[1449:12407:0625/123639.668239:INFO:CONSOLE:2] "키보드 입력 차단 해제 완료", source: https://feblog.pstatic.net/real/pc/2025.06.04/js/vendor.30699085e5db55e38130.js (2)
[1449:12407:0625/123641.132594:INFO:CONSOLE:2] "Google Maps JavaScript API has been loaded directly without loading=async. This can result in suboptimal performance. For best-practice loading patterns please see https://goo.gle/js-api-loading", source: https://feblog.pstatic.net/real/pc/2025.06.04/js/vendor.30699085e5db55e38130.js (2)
[1449:12407:0625/123647.621645:INFO:CONSOLE:2] "추가 버튼 발견, 5번 클릭 시도 시작...", source: https://feblog.pstatic.net/real/pc/2025.06.04/js/vendor.30699085e5db55e38130.js (2)
[1449:12407:0625/123647.621962:INFO:CONSOLE:2] "1번째 클릭 시도...", source: https://feblog.pstatic.net/real/pc/2025.06.04/js/vendor.30699085e5db55e38130.js (2)
[1449:12407:0625/123648.624245:INFO:CONSOLE:2] "2번째 클릭 시도...", source: https://feblog.pstatic.net/real/pc/2025.06.04/js/vendor.30699085e5db55e38130.js (2)
[1449:12407:0625/123649.622901:INFO:CONSOLE:2] "3번째 클릭 시도...", source: https://feblog.pstatic.net/real/pc/2025.06.04/js/vendor.30699085e5db55e38130.js (2)
[1449:12407:0625/123650.622882:INFO:CONSOLE:2] "4번째 클릭 시도...", source: https://feblog.pstatic.net/real/pc/2025.06.04/js/vendor.30699085e5db55e38130.js (2)
[1449:12407:0625/123651.622907:INFO:CONSOLE:2] "5번째 클릭 시도...", source: https://feblog.pstatic.net/real/pc/2025.06.04/js/vendor.30699085e5db55e38130.js (2)
[1449:12407:0625/123652.634941:INFO:CONSOLE:2] "정확한 선택자로 확인 버튼 발견", source: https://feblog.pstatic.net/real/pc/2025.06.04/js/vendor.30699085e5db55e38130.js (2)
[1449:12407:0625/123741.861131:INFO:CONSOLE:2] "=== 최종 발행 버튼 찾기 시작 ===", source: https://feblog.pstatic.net/real/pc/2025.06.04/js/vendor.30699085e5db55e38130.js (2)
[1449:12407:0625/123741.861583:INFO:CONSOLE:2] "🎯 data-testid로 발행 버튼 찾기...", source: https://feblog.pstatic.net/real/pc/2025.06.04/js/vendor.30699085e5db55e38130.js (2)
[1449:12407:0625/123741.861647:INFO:CONSOLE:2] "🎯 confirm_btn 클래스로 발행 버튼 찾기...", source: https://feblog.pstatic.net/real/pc/2025.06.04/js/vendor.30699085e5db55e38130.js (2)
[1449:12407:0625/123741.861753:INFO:CONSOLE:2] "✅ confirm_btn으로 발행 버튼 발견: [object Object]", source: https://feblog.pstatic.net/real/pc/2025.06.04/js/vendor.30699085e5db55e38130.js (2)
[1449:12407:0625/123741.885762:INFO:CONSOLE:2] "✅ confirm_btn 발행 버튼 클릭 완료", source: https://feblog.pstatic.net/real/pc/2025.06.04/js/vendor.30699085e5db55e38130.js (2)
[1449:12407:0625/123743.721247:INFO:CONSOLE:277] "Google Maps JavaScript API has been loaded directly without loading=async. This can result in suboptimal performance. For best-practice loading patterns please see https://goo.gle/js-api-loading", source: https://maps.google.co.kr/maps/api/js?v=3&client=gme-nhncorp&language=ko&channel=naver_blog (277)
[1449:12407:0625/123743.997116:INFO:CONSOLE:2] "MaxListenersExceededWarning: Possible EventEmitter memory leak detected. 11 visible listeners added. Use emitter.setMaxListeners() to increase limit", source: https://ssl.pstatic.net/t.static.blog/mylog/versioning//js/blogOnMap-811be5f_https.js (2)
[1449:12407:0625/123743.997250:INFO:CONSOLE:2] "MaxListenersExceededWarning: Possible EventEmitter memory leak detected. 11 invisible listeners added. Use emitter.setMaxListeners() to increase limit", source: https://ssl.pstatic.net/t.static.blog/mylog/versioning//js/blogOnMap-811be5f_https.js (2)
[1449:12455:0625/123749.466914:ERROR:google_apis/gcm/engine/registration_request.cc:291] Registration response error message: DEPRECATED_ENDPOINT
[1449:12407:0625/123819.871619:INFO:CONSOLE:2] "클립보드 읽기 권한 상태: granted", source: https://feblog.pstatic.net/real/pc/2025.06.04/js/vendor.30699085e5db55e38130.js (2)
[1449:12407:0625/123823.999164:INFO:CONSOLE:2] "클립보드 읽기 권한 상태: granted", source: https://feblog.pstatic.net/real/pc/2025.06.04/js/vendor.30699085e5db55e38130.js (2)
[1449:12407:0625/123827.911346:INFO:CONSOLE:2] "클립보드 읽기 권한 상태: granted", source: https://feblog.pstatic.net/real/pc/2025.06.04/js/vendor.30699085e5db55e38130.js (2)
[1449:12407:0625/123830.215125:INFO:CONSOLE:2] "클립보드 읽기 권한 상태: granted", source: https://feblog.pstatic.net/real/pc/2025.06.04/js/vendor.30699085e5db55e38130.js (2)
[1449:12407:0625/123832.161996:INFO:CONSOLE:2] "클립보드 읽기 권한 상태: granted", source: https://feblog.pstatic.net/real/pc/2025.06.04/js/vendor.30699085e5db55e38130.js (2)
[1449:12407:0625/123834.120876:INFO:CONSOLE:2] "클립보드 읽기 권한 상태: granted", source: https://feblog.pstatic.net/real/pc/2025.06.04/js/vendor.30699085e5db55e38130.js (2)
[1449:12407:0625/123834.650054:INFO:CONSOLE:1] "File chooser dialog can only be shown with a user activation.", source: https://editor-static.pstatic.net/e/basic.desktop/1.66.0/se-editor.js?t=1747381158880 (1)
[1449:12407:0625/123836.069182:INFO:CONSOLE:2] "클립보드 읽기 권한 상태: granted", source: https://feblog.pstatic.net/real/pc/2025.06.04/js/vendor.30699085e5db55e38130.js (2)
[1449:12407:0625/123836.591220:INFO:CONSOLE:1] "File chooser dialog can only be shown with a user activation.", source: https://editor-static.pstatic.net/e/basic.desktop/1.66.0/se-editor.js?t=1747381158880 (1)
[1449:12407:0625/123838.059316:INFO:CONSOLE:2] "클립보드 읽기 권한 상태: granted", source: https://feblog.pstatic.net/real/pc/2025.06.04/js/vendor.30699085e5db55e38130.js (2)
[1449:12407:0625/123838.578286:INFO:CONSOLE:1] "File chooser dialog can only be shown with a user activation.", source: https://editor-static.pstatic.net/e/basic.desktop/1.66.0/se-editor.js?t=1747381158880 (1)
[1449:12407:0625/123840.046356:INFO:CONSOLE:2] "클립보드 읽기 권한 상태: granted", source: https://feblog.pstatic.net/real/pc/2025.06.04/js/vendor.30699085e5db55e38130.js (2)
[1449:12407:0625/123840.589681:INFO:CONSOLE:1] "File chooser dialog can only be shown with a user activation.", source: https://editor-static.pstatic.net/e/basic.desktop/1.66.0/se-editor.js?t=1747381158880 (1)
[1449:12407:0625/123842.025310:INFO:CONSOLE:2] "클립보드 읽기 권한 상태: granted", source: https://feblog.pstatic.net/real/pc/2025.06.04/js/vendor.30699085e5db55e38130.js (2)
[1449:12407:0625/123842.547087:INFO:CONSOLE:1] "File chooser dialog can only be shown with a user activation.", source: https://editor-static.pstatic.net/e/basic.desktop/1.66.0/se-editor.js?t=1747381158880 (1)
[1449:12407:0625/123852.760330:INFO:CONSOLE:2] "키보드 입력 차단 및 포커스 정리 완료", source: https://feblog.pstatic.net/real/pc/2025.06.04/js/vendor.30699085e5db55e38130.js (2)
[1449:12407:0625/123857.819060:INFO:CONSOLE:2] "=== 최강화된 확인 버튼 찾기 시작 ===", source: https://feblog.pstatic.net/real/pc/2025.06.04/js/vendor.30699085e5db55e38130.js (2)
[1449:12407:0625/123857.819233:INFO:CONSOLE:2] "현재 페이지의 모든 버튼 상황:", source: https://feblog.pstatic.net/real/pc/2025.06.04/js/vendor.30699085e5db55e38130.js (2)
[1449:12407:0625/123857.819801:INFO:CONSOLE:2] "버튼 1: [object Object]", source: https://feblog.pstatic.net/real/pc/2025.06.04/js/vendor.30699085e5db55e38130.js (2)
[1449:12407:0625/123857.820074:INFO:CONSOLE:2] "버튼 2: [object Object]", source: https://feblog.pstatic.net/real/pc/2025.06.04/js/vendor.30699085e5db55e38130.js (2)
[1449:12407:0625/123857.820214:INFO:CONSOLE:2] "버튼 3: [object Object]", source: https://feblog.pstatic.net/real/pc/2025.06.04/js/vendor.30699085e5db55e38130.js (2)
[1449:12407:0625/123857.820319:INFO:CONSOLE:2] "버튼 4: [object Object]", source: https://feblog.pstatic.net/real/pc/2025.06.04/js/vendor.30699085e5db55e38130.js (2)
[1449:12407:0625/123857.820457:INFO:CONSOLE:2] "버튼 5: [object Object]", source: https://feblog.pstatic.net/real/pc/2025.06.04/js/vendor.30699085e5db55e38130.js (2)
[1449:12407:0625/123857.820572:INFO:CONSOLE:2] "버튼 6: [object Object]", source: https://feblog.pstatic.net/real/pc/2025.06.04/js/vendor.30699085e5db55e38130.js (2)
[1449:12407:0625/123857.820713:INFO:CONSOLE:2] "버튼 7: [object Object]", source: https://feblog.pstatic.net/real/pc/2025.06.04/js/vendor.30699085e5db55e38130.js (2)
[1449:12407:0625/123857.820819:INFO:CONSOLE:2] "버튼 8: [object Object]", source: https://feblog.pstatic.net/real/pc/2025.06.04/js/vendor.30699085e5db55e38130.js (2)
[1449:12407:0625/123857.820989:INFO:CONSOLE:2] "버튼 9: [object Object]", source: https://feblog.pstatic.net/real/pc/2025.06.04/js/vendor.30699085e5db55e38130.js (2)
[1449:12407:0625/123857.821157:INFO:CONSOLE:2] "버튼 10: [object Object]", source: https://feblog.pstatic.net/real/pc/2025.06.04/js/vendor.30699085e5db55e38130.js (2)
[1449:12407:0625/123857.821273:INFO:CONSOLE:2] "버튼 11: [object Object]", source: https://feblog.pstatic.net/real/pc/2025.06.04/js/vendor.30699085e5db55e38130.js (2)
[1449:12407:0625/123857.821383:INFO:CONSOLE:2] "버튼 12: [object Object]", source: https://feblog.pstatic.net/real/pc/2025.06.04/js/vendor.30699085e5db55e38130.js (2)
[1449:12407:0625/123857.821497:INFO:CONSOLE:2] "버튼 13: [object Object]", source: https://feblog.pstatic.net/real/pc/2025.06.04/js/vendor.30699085e5db55e38130.js (2)
[1449:12407:0625/123857.821604:INFO:CONSOLE:2] "버튼 14: [object Object]", source: https://feblog.pstatic.net/real/pc/2025.06.04/js/vendor.30699085e5db55e38130.js (2)
[1449:12407:0625/123857.821724:INFO:CONSOLE:2] "버튼 15: [object Object]", source: https://feblog.pstatic.net/real/pc/2025.06.04/js/vendor.30699085e5db55e38130.js (2)
[1449:12407:0625/123857.821903:INFO:CONSOLE:2] "버튼 16: [object Object]", source: https://feblog.pstatic.net/real/pc/2025.06.04/js/vendor.30699085e5db55e38130.js (2)
[1449:12407:0625/123857.822106:INFO:CONSOLE:2] "버튼 17: [object Object]", source: https://feblog.pstatic.net/real/pc/2025.06.04/js/vendor.30699085e5db55e38130.js (2)
[1449:12407:0625/123857.822263:INFO:CONSOLE:2] "버튼 18: [object Object]", source: https://feblog.pstatic.net/real/pc/2025.06.04/js/vendor.30699085e5db55e38130.js (2)
[1449:12407:0625/123857.822415:INFO:CONSOLE:2] "버튼 19: [object Object]", source: https://feblog.pstatic.net/real/pc/2025.06.04/js/vendor.30699085e5db55e38130.js (2)
[1449:12407:0625/123857.822526:INFO:CONSOLE:2] "버튼 20: [object Object]", source: https://feblog.pstatic.net/real/pc/2025.06.04/js/vendor.30699085e5db55e38130.js (2)
[1449:12407:0625/123857.822639:INFO:CONSOLE:2] "버튼 21: [object Object]", source: https://feblog.pstatic.net/real/pc/2025.06.04/js/vendor.30699085e5db55e38130.js (2)
[1449:12407:0625/123857.822750:INFO:CONSOLE:2] "버튼 22: [object Object]", source: https://feblog.pstatic.net/real/pc/2025.06.04/js/vendor.30699085e5db55e38130.js (2)
[1449:12407:0625/123857.822857:INFO:CONSOLE:2] "버튼 23: [object Object]", source: https://feblog.pstatic.net/real/pc/2025.06.04/js/vendor.30699085e5db55e38130.js (2)
[1449:12407:0625/123857.822959:INFO:CONSOLE:2] "버튼 24: [object Object]", source: https://feblog.pstatic.net/real/pc/2025.06.04/js/vendor.30699085e5db55e38130.js (2)
[1449:12407:0625/123857.823070:INFO:CONSOLE:2] "버튼 25: [object Object]", source: https://feblog.pstatic.net/real/pc/2025.06.04/js/vendor.30699085e5db55e38130.js (2)
[1449:12407:0625/123857.823179:INFO:CONSOLE:2] "버튼 26: [object Object]", source: https://feblog.pstatic.net/real/pc/2025.06.04/js/vendor.30699085e5db55e38130.js (2)
[1449:12407:0625/123857.823284:INFO:CONSOLE:2] "버튼 27: [object Object]", source: https://feblog.pstatic.net/real/pc/2025.06.04/js/vendor.30699085e5db55e38130.js (2)
[1449:12407:0625/123857.823392:INFO:CONSOLE:2] "버튼 28: [object Object]", source: https://feblog.pstatic.net/real/pc/2025.06.04/js/vendor.30699085e5db55e38130.js (2)
[1449:12407:0625/123857.823496:INFO:CONSOLE:2] "버튼 29: [object Object]", source: https://feblog.pstatic.net/real/pc/2025.06.04/js/vendor.30699085e5db55e38130.js (2)
[1449:12407:0625/123857.823582:INFO:CONSOLE:2] "버튼 30: [object Object]", source: https://feblog.pstatic.net/real/pc/2025.06.04/js/vendor.30699085e5db55e38130.js (2)
[1449:12407:0625/123857.823693:INFO:CONSOLE:2] "버튼 31: [object Object]", source: https://feblog.pstatic.net/real/pc/2025.06.04/js/vendor.30699085e5db55e38130.js (2)
[1449:12407:0625/123857.823794:INFO:CONSOLE:2] "버튼 32: [object Object]", source: https://feblog.pstatic.net/real/pc/2025.06.04/js/vendor.30699085e5db55e38130.js (2)
[1449:12407:0625/123857.823944:INFO:CONSOLE:2] "버튼 33: [object Object]", source: https://feblog.pstatic.net/real/pc/2025.06.04/js/vendor.30699085e5db55e38130.js (2)
[1449:12407:0625/123857.824015:INFO:CONSOLE:2] "버튼 34: [object Object]", source: https://feblog.pstatic.net/real/pc/2025.06.04/js/vendor.30699085e5db55e38130.js (2)
[1449:12407:0625/123857.824110:INFO:CONSOLE:2] "버튼 35: [object Object]", source: https://feblog.pstatic.net/real/pc/2025.06.04/js/vendor.30699085e5db55e38130.js (2)
[1449:12407:0625/123857.824382:INFO:CONSOLE:2] "버튼 36: [object Object]", source: https://feblog.pstatic.net/real/pc/2025.06.04/js/vendor.30699085e5db55e38130.js (2)
[1449:12407:0625/123857.824552:INFO:CONSOLE:2] "버튼 37: [object Object]", source: https://feblog.pstatic.net/real/pc/2025.06.04/js/vendor.30699085e5db55e38130.js (2)
[1449:12407:0625/123857.824679:INFO:CONSOLE:2] "버튼 38: [object Object]", source: https://feblog.pstatic.net/real/pc/2025.06.04/js/vendor.30699085e5db55e38130.js (2)
[1449:12407:0625/123857.824800:INFO:CONSOLE:2] "버튼 39: [object Object]", source: https://feblog.pstatic.net/real/pc/2025.06.04/js/vendor.30699085e5db55e38130.js (2)
[1449:12407:0625/123857.824896:INFO:CONSOLE:2] "버튼 40: [object Object]", source: https://feblog.pstatic.net/real/pc/2025.06.04/js/vendor.30699085e5db55e38130.js (2)
[1449:12407:0625/123857.824985:INFO:CONSOLE:2] "버튼 41: [object Object]", source: https://feblog.pstatic.net/real/pc/2025.06.04/js/vendor.30699085e5db55e38130.js (2)
[1449:12407:0625/123857.825091:INFO:CONSOLE:2] "버튼 42: [object Object]", source: https://feblog.pstatic.net/real/pc/2025.06.04/js/vendor.30699085e5db55e38130.js (2)
[1449:12407:0625/123857.825201:INFO:CONSOLE:2] "버튼 43: [object Object]", source: https://feblog.pstatic.net/real/pc/2025.06.04/js/vendor.30699085e5db55e38130.js (2)
[1449:12407:0625/123857.825268:INFO:CONSOLE:2] "버튼 45: [object Object]", source: https://feblog.pstatic.net/real/pc/2025.06.04/js/vendor.30699085e5db55e38130.js (2)
[1449:12407:0625/123857.825370:INFO:CONSOLE:2] "버튼 47: [object Object]", source: https://feblog.pstatic.net/real/pc/2025.06.04/js/vendor.30699085e5db55e38130.js (2)
[1449:12407:0625/123857.825466:INFO:CONSOLE:2] "버튼 51: [object Object]", source: https://feblog.pstatic.net/real/pc/2025.06.04/js/vendor.30699085e5db55e38130.js (2)
[1449:12407:0625/123857.825563:INFO:CONSOLE:2] "버튼 55: [object Object]", source: https://feblog.pstatic.net/real/pc/2025.06.04/js/vendor.30699085e5db55e38130.js (2)
[1449:12407:0625/123857.825642:INFO:CONSOLE:2] "버튼 58: [object Object]", source: https://feblog.pstatic.net/real/pc/2025.06.04/js/vendor.30699085e5db55e38130.js (2)
[1449:12407:0625/123857.825736:INFO:CONSOLE:2] "버튼 59: [object Object]", source: https://feblog.pstatic.net/real/pc/2025.06.04/js/vendor.30699085e5db55e38130.js (2)
[1449:12407:0625/123857.825821:INFO:CONSOLE:2] "버튼 61: [object Object]", source: https://feblog.pstatic.net/real/pc/2025.06.04/js/vendor.30699085e5db55e38130.js (2)
[1449:12407:0625/123857.825916:INFO:CONSOLE:2] "버튼 62: [object Object]", source: https://feblog.pstatic.net/real/pc/2025.06.04/js/vendor.30699085e5db55e38130.js (2)
[1449:12407:0625/123857.825998:INFO:CONSOLE:2] "버튼 64: [object Object]", source: https://feblog.pstatic.net/real/pc/2025.06.04/js/vendor.30699085e5db55e38130.js (2)
[1449:12407:0625/123857.826088:INFO:CONSOLE:2] "버튼 65: [object Object]", source: https://feblog.pstatic.net/real/pc/2025.06.04/js/vendor.30699085e5db55e38130.js (2)
[1449:12407:0625/123857.826164:INFO:CONSOLE:2] "버튼 67: [object Object]", source: https://feblog.pstatic.net/real/pc/2025.06.04/js/vendor.30699085e5db55e38130.js (2)
[1449:12407:0625/123857.826242:INFO:CONSOLE:2] "버튼 68: [object Object]", source: https://feblog.pstatic.net/real/pc/2025.06.04/js/vendor.30699085e5db55e38130.js (2)
[1449:12407:0625/123857.826343:INFO:CONSOLE:2] "버튼 70: [object Object]", source: https://feblog.pstatic.net/real/pc/2025.06.04/js/vendor.30699085e5db55e38130.js (2)
[1449:12407:0625/123857.826430:INFO:CONSOLE:2] "버튼 71: [object Object]", source: https://feblog.pstatic.net/real/pc/2025.06.04/js/vendor.30699085e5db55e38130.js (2)
[1449:12407:0625/123857.826521:INFO:CONSOLE:2] "버튼 73: [object Object]", source: https://feblog.pstatic.net/real/pc/2025.06.04/js/vendor.30699085e5db55e38130.js (2)
[1449:12407:0625/123857.826599:INFO:CONSOLE:2] "버튼 74: [object Object]", source: https://feblog.pstatic.net/real/pc/2025.06.04/js/vendor.30699085e5db55e38130.js (2)
[1449:12407:0625/123857.826683:INFO:CONSOLE:2] "버튼 77: [object Object]", source: https://feblog.pstatic.net/real/pc/2025.06.04/js/vendor.30699085e5db55e38130.js (2)
[1449:12407:0625/123857.826785:INFO:CONSOLE:2] "버튼 97: [object Object]", source: https://feblog.pstatic.net/real/pc/2025.06.04/js/vendor.30699085e5db55e38130.js (2)
[1449:12407:0625/123857.826895:INFO:CONSOLE:2] "버튼 98: [object Object]", source: https://feblog.pstatic.net/real/pc/2025.06.04/js/vendor.30699085e5db55e38130.js (2)
[1449:12407:0625/123857.827002:INFO:CONSOLE:2] "버튼 99: [object Object]", source: https://feblog.pstatic.net/real/pc/2025.06.04/js/vendor.30699085e5db55e38130.js (2)
[1449:12407:0625/123857.827084:INFO:CONSOLE:2] "버튼 100: [object Object]", source: https://feblog.pstatic.net/real/pc/2025.06.04/js/vendor.30699085e5db55e38130.js (2)
[1449:12407:0625/123857.827168:INFO:CONSOLE:2] "버튼 101: [object Object]", source: https://feblog.pstatic.net/real/pc/2025.06.04/js/vendor.30699085e5db55e38130.js (2)
[1449:12407:0625/123857.827263:INFO:CONSOLE:2] "버튼 102: [object Object]", source: https://feblog.pstatic.net/real/pc/2025.06.04/js/vendor.30699085e5db55e38130.js (2)
[1449:12407:0625/123857.827341:INFO:CONSOLE:2] "버튼 103: [object Object]", source: https://feblog.pstatic.net/real/pc/2025.06.04/js/vendor.30699085e5db55e38130.js (2)
[1449:12407:0625/123857.827419:INFO:CONSOLE:2] "버튼 104: [object Object]", source: https://feblog.pstatic.net/real/pc/2025.06.04/js/vendor.30699085e5db55e38130.js (2)
[1449:12407:0625/123857.827506:INFO:CONSOLE:2] "버튼 105: [object Object]", source: https://feblog.pstatic.net/real/pc/2025.06.04/js/vendor.30699085e5db55e38130.js (2)
[1449:12407:0625/123857.827602:INFO:CONSOLE:2] "버튼 106: [object Object]", source: https://feblog.pstatic.net/real/pc/2025.06.04/js/vendor.30699085e5db55e38130.js (2)
[1449:12407:0625/123857.827681:INFO:CONSOLE:2] "버튼 107: [object Object]", source: https://feblog.pstatic.net/real/pc/2025.06.04/js/vendor.30699085e5db55e38130.js (2)
[1449:12407:0625/123857.827753:INFO:CONSOLE:2] "버튼 108: [object Object]", source: https://feblog.pstatic.net/real/pc/2025.06.04/js/vendor.30699085e5db55e38130.js (2)
[1449:12407:0625/123857.827852:INFO:CONSOLE:2] "버튼 109: [object Object]", source: https://feblog.pstatic.net/real/pc/2025.06.04/js/vendor.30699085e5db55e38130.js (2)
[1449:12407:0625/123857.827933:INFO:CONSOLE:2] "버튼 110: [object Object]", source: https://feblog.pstatic.net/real/pc/2025.06.04/js/vendor.30699085e5db55e38130.js (2)
[1449:12407:0625/123857.828019:INFO:CONSOLE:2] "버튼 111: [object Object]", source: https://feblog.pstatic.net/real/pc/2025.06.04/js/vendor.30699085e5db55e38130.js (2)
[1449:12407:0625/123857.828114:INFO:CONSOLE:2] "버튼 113: [object Object]", source: https://feblog.pstatic.net/real/pc/2025.06.04/js/vendor.30699085e5db55e38130.js (2)
[1449:12407:0625/123857.828187:INFO:CONSOLE:2] "버튼 114: [object Object]", source: https://feblog.pstatic.net/real/pc/2025.06.04/js/vendor.30699085e5db55e38130.js (2)
[1449:12407:0625/123857.828273:INFO:CONSOLE:2] "1단계: 정확한 선택자로 시도...", source: https://feblog.pstatic.net/real/pc/2025.06.04/js/vendor.30699085e5db55e38130.js (2)
[1449:12407:0625/123857.828430:INFO:CONSOLE:2] "✅ 정확한 선택자로 확인 버튼 클릭: button.se-popup-button-confirm", source: https://feblog.pstatic.net/real/pc/2025.06.04/js/vendor.30699085e5db55e38130.js (2)
[1449:12407:0625/123900.111709:INFO:CONSOLE:2] "키보드 입력 차단 해제 완료", source: https://feblog.pstatic.net/real/pc/2025.06.04/js/vendor.30699085e5db55e38130.js (2)
[1449:12407:0625/123901.249844:INFO:CONSOLE:2] "Google Maps JavaScript API has been loaded directly without loading=async. This can result in suboptimal performance. For best-practice loading patterns please see https://goo.gle/js-api-loading", source: https://feblog.pstatic.net/real/pc/2025.06.04/js/vendor.30699085e5db55e38130.js (2)
[1449:12407:0625/123908.229696:INFO:CONSOLE:2] "추가 버튼 발견, 5번 클릭 시도 시작...", source: https://feblog.pstatic.net/real/pc/2025.06.04/js/vendor.30699085e5db55e38130.js (2)
[1449:12407:0625/123908.229943:INFO:CONSOLE:2] "1번째 클릭 시도...", source: https://feblog.pstatic.net/real/pc/2025.06.04/js/vendor.30699085e5db55e38130.js (2)
[1449:12407:0625/123909.231674:INFO:CONSOLE:2] "2번째 클릭 시도...", source: https://feblog.pstatic.net/real/pc/2025.06.04/js/vendor.30699085e5db55e38130.js (2)
[1449:12407:0625/123910.723016:INFO:CONSOLE:2] "3번째 클릭 시도...", source: https://feblog.pstatic.net/real/pc/2025.06.04/js/vendor.30699085e5db55e38130.js (2)
[1449:12407:0625/123911.722994:INFO:CONSOLE:2] "4번째 클릭 시도...", source: https://feblog.pstatic.net/real/pc/2025.06.04/js/vendor.30699085e5db55e38130.js (2)
[1449:12407:0625/123912.722705:INFO:CONSOLE:2] "5번째 클릭 시도...", source: https://feblog.pstatic.net/real/pc/2025.06.04/js/vendor.30699085e5db55e38130.js (2)
[1449:12407:0625/123913.247775:INFO:CONSOLE:2] "정확한 선택자로 확인 버튼 발견", source: https://feblog.pstatic.net/real/pc/2025.06.04/js/vendor.30699085e5db55e38130.js (2)
[1449:12407:0625/124001.983417:INFO:CONSOLE:2] "=== 최종 발행 버튼 찾기 시작 ===", source: https://feblog.pstatic.net/real/pc/2025.06.04/js/vendor.30699085e5db55e38130.js (2)
[1449:12407:0625/124001.983818:INFO:CONSOLE:2] "🎯 data-testid로 발행 버튼 찾기...", source: https://feblog.pstatic.net/real/pc/2025.06.04/js/vendor.30699085e5db55e38130.js (2)
[1449:12407:0625/124001.983903:INFO:CONSOLE:2] "🎯 confirm_btn 클래스로 발행 버튼 찾기...", source: https://feblog.pstatic.net/real/pc/2025.06.04/js/vendor.30699085e5db55e38130.js (2)
[1449:12407:0625/124001.986334:INFO:CONSOLE:2] "✅ confirm_btn으로 발행 버튼 발견: [object Object]", source: https://feblog.pstatic.net/real/pc/2025.06.04/js/vendor.30699085e5db55e38130.js (2)
[1449:12407:0625/124002.012249:INFO:CONSOLE:2] "✅ confirm_btn 발행 버튼 클릭 완료", source: https://feblog.pstatic.net/real/pc/2025.06.04/js/vendor.30699085e5db55e38130.js (2)
[1449:12407:0625/124003.970096:INFO:CONSOLE:277] "Google Maps JavaScript API has been loaded directly without loading=async. This can result in suboptimal performance. For best-practice loading patterns please see https://goo.gle/js-api-loading", source: https://maps.google.co.kr/maps/api/js?v=3&client=gme-nhncorp&language=ko&channel=naver_blog (277)
[1449:12407:0625/124125.459749:WARNING:ui/compositor/compositor_animation_observer.cc:66] CompositorAnimationObserver is active for too long (139.742s) location=StatusViewAnimation@chrome/browser/ui/views/status_bubble_views.cc:589
[1449:12407:0625/124125.459901:WARNING:ui/compositor/compositor_animation_observer.cc:66] CompositorAnimationObserver is active for too long (138.221s) location=StatusViewExpander@chrome/browser/ui/views/status_bubble_views.cc:627
[1455:12626:0625/124125.476005:ERROR:ui/latency/latency_info.cc:109] CompositorFrameSinkSupport::MaybeSubmitCompositorFrame, LatencyInfo vector size 235 is too big.
[1449:12455:0625/124134.192235:ERROR:google_apis/gcm/engine/registration_request.cc:291] Registration response error message: DEPRECATED_ENDPOINT
[1449:12455:0625/124803.149114:ERROR:google_apis/gcm/engine/registration_request.cc:291] Registration response error message: DEPRECATED_ENDPOINT
