[4903:234083:0705/141631.531244:INFO:components/enterprise/browser/controller/chrome_browser_cloud_management_controller.cc:202] No machine level policy manager exists.
[4903:234083:0705/141632.660022:INFO:CONSOLE:2] "Failed to execute 'postMessage' on 'DOMWindow': The target origin provided ('https://shopsquare.naver.com') does not match the recipient window's origin ('https://www.naver.com').", source: https://pm.pstatic.net/resources/js/main.3735021e.js?o=www (2)
[4903:234083:0705/141632.660081:INFO:CONSOLE:2] "Failed to execute 'postMessage' on 'DOMWindow': The target origin provided ('https://recoshopping.naver.com') does not match the recipient window's origin ('https://www.naver.com').", source: https://pm.pstatic.net/resources/js/main.3735021e.js?o=www (2)
[4903:234083:0705/141634.951593:INFO:CONSOLE:2] "Fail to create FourColumn. no materials", source: https://pm.pstatic.net/resources/js/preload.786464b6.js?o=www (2)
[4903:234083:0705/141634.989155:INFO:CONSOLE:2] "Failed to execute 'postMessage' on 'DOMWindow': The target origin provided ('https://shopsquare.naver.com') does not match the recipient window's origin ('https://www.naver.com').", source: https://pm.pstatic.net/resources/js/main.3735021e.js?o=www (2)
[4903:234083:0705/141634.989177:INFO:CONSOLE:2] "Failed to execute 'postMessage' on 'DOMWindow': The target origin provided ('https://recoshopping.naver.com') does not match the recipient window's origin ('https://www.naver.com').", source: https://pm.pstatic.net/resources/js/main.3735021e.js?o=www (2)
[4903:234161:0705/141637.693715:ERROR:google_apis/gcm/engine/registration_request.cc:291] Registration response error message: DEPRECATED_ENDPOINT
[4952:234644:0705/141642.808149:ERROR:third_party/zlib/google/zip_reader.cc:154] Cannot open ZIP from file handle 12
[4952:234644:0705/141642.808608:ERROR:third_party/zlib/google/zip.cc:166] Cannot open ZIP from file handle 12
[4903:234083:0705/141649.442781:INFO:CONSOLE:2] "클립보드 읽기 권한 상태: prompt", source: https://feblog.pstatic.net/real/pc/2025.07.02/js/vendor.09e4ec66156a9ae67634.js (2)
[4903:234083:0705/141654.130167:INFO:CONSOLE:2] "클립보드 읽기 권한 상태: prompt", source: https://feblog.pstatic.net/real/pc/2025.07.02/js/vendor.09e4ec66156a9ae67634.js (2)
[4903:234083:0705/141657.674124:INFO:CONSOLE:2] "클립보드 읽기 권한 상태: prompt", source: https://feblog.pstatic.net/real/pc/2025.07.02/js/vendor.09e4ec66156a9ae67634.js (2)
[4903:234083:0705/141701.036444:INFO:CONSOLE:2] "클립보드 읽기 권한 상태: prompt", source: https://feblog.pstatic.net/real/pc/2025.07.02/js/vendor.09e4ec66156a9ae67634.js (2)
[4903:234083:0705/141703.200117:INFO:CONSOLE:2] "클립보드 읽기 권한 상태: prompt", source: https://feblog.pstatic.net/real/pc/2025.07.02/js/vendor.09e4ec66156a9ae67634.js (2)
[4903:234083:0705/141705.147062:INFO:CONSOLE:2] "클립보드 읽기 권한 상태: prompt", source: https://feblog.pstatic.net/real/pc/2025.07.02/js/vendor.09e4ec66156a9ae67634.js (2)
[4903:234161:0705/141706.751092:ERROR:google_apis/gcm/engine/registration_request.cc:291] Registration response error message: DEPRECATED_ENDPOINT
[4903:234083:0705/141707.081179:INFO:CONSOLE:2] "클립보드 읽기 권한 상태: prompt", source: https://feblog.pstatic.net/real/pc/2025.07.02/js/vendor.09e4ec66156a9ae67634.js (2)
[4903:234083:0705/141707.607386:INFO:CONSOLE:1] "File chooser dialog can only be shown with a user activation.", source: https://editor-static.pstatic.net/e/basic.desktop/1.66.0/se-editor.js?t=1747381158880 (1)
[4903:234083:0705/141709.032449:INFO:CONSOLE:2] "클립보드 읽기 권한 상태: prompt", source: https://feblog.pstatic.net/real/pc/2025.07.02/js/vendor.09e4ec66156a9ae67634.js (2)
[4903:234083:0705/141709.550741:INFO:CONSOLE:1] "File chooser dialog can only be shown with a user activation.", source: https://editor-static.pstatic.net/e/basic.desktop/1.66.0/se-editor.js?t=1747381158880 (1)
[4903:234083:0705/141710.976178:INFO:CONSOLE:2] "클립보드 읽기 권한 상태: prompt", source: https://feblog.pstatic.net/real/pc/2025.07.02/js/vendor.09e4ec66156a9ae67634.js (2)
[4903:234083:0705/141711.495748:INFO:CONSOLE:1] "File chooser dialog can only be shown with a user activation.", source: https://editor-static.pstatic.net/e/basic.desktop/1.66.0/se-editor.js?t=1747381158880 (1)
[4903:234083:0705/141712.913002:INFO:CONSOLE:2] "클립보드 읽기 권한 상태: prompt", source: https://feblog.pstatic.net/real/pc/2025.07.02/js/vendor.09e4ec66156a9ae67634.js (2)
[4903:234083:0705/141713.432327:INFO:CONSOLE:1] "File chooser dialog can only be shown with a user activation.", source: https://editor-static.pstatic.net/e/basic.desktop/1.66.0/se-editor.js?t=1747381158880 (1)
[4903:234083:0705/141714.843862:INFO:CONSOLE:2] "클립보드 읽기 권한 상태: prompt", source: https://feblog.pstatic.net/real/pc/2025.07.02/js/vendor.09e4ec66156a9ae67634.js (2)
[4903:234083:0705/141715.359795:INFO:CONSOLE:1] "File chooser dialog can only be shown with a user activation.", source: https://editor-static.pstatic.net/e/basic.desktop/1.66.0/se-editor.js?t=1747381158880 (1)
[4903:234083:0705/141716.820764:INFO:CONSOLE:2] "클립보드 읽기 권한 상태: prompt", source: https://feblog.pstatic.net/real/pc/2025.07.02/js/vendor.09e4ec66156a9ae67634.js (2)
[4903:234083:0705/141717.335615:INFO:CONSOLE:1] "File chooser dialog can only be shown with a user activation.", source: https://editor-static.pstatic.net/e/basic.desktop/1.66.0/se-editor.js?t=1747381158880 (1)
[4903:234083:0705/141718.763899:INFO:CONSOLE:2] "클립보드 읽기 권한 상태: prompt", source: https://feblog.pstatic.net/real/pc/2025.07.02/js/vendor.09e4ec66156a9ae67634.js (2)
[4903:234083:0705/141719.277129:INFO:CONSOLE:1] "File chooser dialog can only be shown with a user activation.", source: https://editor-static.pstatic.net/e/basic.desktop/1.66.0/se-editor.js?t=1747381158880 (1)
[4903:234083:0705/141733.393448:INFO:CONSOLE:2] "키보드 입력 차단 및 포커스 정리 완료", source: https://feblog.pstatic.net/real/pc/2025.07.02/js/vendor.09e4ec66156a9ae67634.js (2)
[4903:234083:0705/141738.502887:INFO:CONSOLE:2] "=== 최강화된 확인 버튼 찾기 시작 ===", source: https://feblog.pstatic.net/real/pc/2025.07.02/js/vendor.09e4ec66156a9ae67634.js (2)
[4903:234083:0705/141738.503311:INFO:CONSOLE:2] "현재 페이지의 모든 버튼 상황:", source: https://feblog.pstatic.net/real/pc/2025.07.02/js/vendor.09e4ec66156a9ae67634.js (2)
[4903:234083:0705/141738.503355:INFO:CONSOLE:2] "버튼 1: [object Object]", source: https://feblog.pstatic.net/real/pc/2025.07.02/js/vendor.09e4ec66156a9ae67634.js (2)
[4903:234083:0705/141738.504693:INFO:CONSOLE:2] "버튼 2: [object Object]", source: https://feblog.pstatic.net/real/pc/2025.07.02/js/vendor.09e4ec66156a9ae67634.js (2)
[4903:234083:0705/141738.504860:INFO:CONSOLE:2] "버튼 3: [object Object]", source: https://feblog.pstatic.net/real/pc/2025.07.02/js/vendor.09e4ec66156a9ae67634.js (2)
[4903:234083:0705/141738.505092:INFO:CONSOLE:2] "버튼 4: [object Object]", source: https://feblog.pstatic.net/real/pc/2025.07.02/js/vendor.09e4ec66156a9ae67634.js (2)
[4903:234083:0705/141738.505228:INFO:CONSOLE:2] "버튼 5: [object Object]", source: https://feblog.pstatic.net/real/pc/2025.07.02/js/vendor.09e4ec66156a9ae67634.js (2)
[4903:234083:0705/141738.505376:INFO:CONSOLE:2] "버튼 6: [object Object]", source: https://feblog.pstatic.net/real/pc/2025.07.02/js/vendor.09e4ec66156a9ae67634.js (2)
[4903:234083:0705/141738.505523:INFO:CONSOLE:2] "버튼 7: [object Object]", source: https://feblog.pstatic.net/real/pc/2025.07.02/js/vendor.09e4ec66156a9ae67634.js (2)
[4903:234083:0705/141738.505874:INFO:CONSOLE:2] "버튼 8: [object Object]", source: https://feblog.pstatic.net/real/pc/2025.07.02/js/vendor.09e4ec66156a9ae67634.js (2)
[4903:234083:0705/141738.505961:INFO:CONSOLE:2] "버튼 9: [object Object]", source: https://feblog.pstatic.net/real/pc/2025.07.02/js/vendor.09e4ec66156a9ae67634.js (2)
[4903:234083:0705/141738.506097:INFO:CONSOLE:2] "버튼 10: [object Object]", source: https://feblog.pstatic.net/real/pc/2025.07.02/js/vendor.09e4ec66156a9ae67634.js (2)
[4903:234083:0705/141738.506199:INFO:CONSOLE:2] "버튼 11: [object Object]", source: https://feblog.pstatic.net/real/pc/2025.07.02/js/vendor.09e4ec66156a9ae67634.js (2)
[4903:234083:0705/141738.506307:INFO:CONSOLE:2] "버튼 12: [object Object]", source: https://feblog.pstatic.net/real/pc/2025.07.02/js/vendor.09e4ec66156a9ae67634.js (2)
[4903:234083:0705/141738.506490:INFO:CONSOLE:2] "버튼 13: [object Object]", source: https://feblog.pstatic.net/real/pc/2025.07.02/js/vendor.09e4ec66156a9ae67634.js (2)
[4903:234083:0705/141738.506590:INFO:CONSOLE:2] "버튼 14: [object Object]", source: https://feblog.pstatic.net/real/pc/2025.07.02/js/vendor.09e4ec66156a9ae67634.js (2)
[4903:234083:0705/141738.506724:INFO:CONSOLE:2] "버튼 15: [object Object]", source: https://feblog.pstatic.net/real/pc/2025.07.02/js/vendor.09e4ec66156a9ae67634.js (2)
[4903:234083:0705/141738.506824:INFO:CONSOLE:2] "버튼 16: [object Object]", source: https://feblog.pstatic.net/real/pc/2025.07.02/js/vendor.09e4ec66156a9ae67634.js (2)
[4903:234083:0705/141738.506913:INFO:CONSOLE:2] "버튼 17: [object Object]", source: https://feblog.pstatic.net/real/pc/2025.07.02/js/vendor.09e4ec66156a9ae67634.js (2)
[4903:234083:0705/141738.507025:INFO:CONSOLE:2] "버튼 18: [object Object]", source: https://feblog.pstatic.net/real/pc/2025.07.02/js/vendor.09e4ec66156a9ae67634.js (2)
[4903:234083:0705/141738.507117:INFO:CONSOLE:2] "버튼 19: [object Object]", source: https://feblog.pstatic.net/real/pc/2025.07.02/js/vendor.09e4ec66156a9ae67634.js (2)
[4903:234083:0705/141738.507209:INFO:CONSOLE:2] "버튼 20: [object Object]", source: https://feblog.pstatic.net/real/pc/2025.07.02/js/vendor.09e4ec66156a9ae67634.js (2)
[4903:234083:0705/141738.507310:INFO:CONSOLE:2] "버튼 21: [object Object]", source: https://feblog.pstatic.net/real/pc/2025.07.02/js/vendor.09e4ec66156a9ae67634.js (2)
[4903:234083:0705/141738.507413:INFO:CONSOLE:2] "버튼 22: [object Object]", source: https://feblog.pstatic.net/real/pc/2025.07.02/js/vendor.09e4ec66156a9ae67634.js (2)
[4903:234083:0705/141738.507508:INFO:CONSOLE:2] "버튼 23: [object Object]", source: https://feblog.pstatic.net/real/pc/2025.07.02/js/vendor.09e4ec66156a9ae67634.js (2)
[4903:234083:0705/141738.507661:INFO:CONSOLE:2] "버튼 24: [object Object]", source: https://feblog.pstatic.net/real/pc/2025.07.02/js/vendor.09e4ec66156a9ae67634.js (2)
[4903:234083:0705/141738.507785:INFO:CONSOLE:2] "버튼 25: [object Object]", source: https://feblog.pstatic.net/real/pc/2025.07.02/js/vendor.09e4ec66156a9ae67634.js (2)
[4903:234083:0705/141738.507867:INFO:CONSOLE:2] "버튼 26: [object Object]", source: https://feblog.pstatic.net/real/pc/2025.07.02/js/vendor.09e4ec66156a9ae67634.js (2)
[4903:234083:0705/141738.507917:INFO:CONSOLE:2] "버튼 27: [object Object]", source: https://feblog.pstatic.net/real/pc/2025.07.02/js/vendor.09e4ec66156a9ae67634.js (2)
[4903:234083:0705/141738.507975:INFO:CONSOLE:2] "버튼 28: [object Object]", source: https://feblog.pstatic.net/real/pc/2025.07.02/js/vendor.09e4ec66156a9ae67634.js (2)
[4903:234083:0705/141738.508011:INFO:CONSOLE:2] "버튼 29: [object Object]", source: https://feblog.pstatic.net/real/pc/2025.07.02/js/vendor.09e4ec66156a9ae67634.js (2)
[4903:234083:0705/141738.508056:INFO:CONSOLE:2] "버튼 30: [object Object]", source: https://feblog.pstatic.net/real/pc/2025.07.02/js/vendor.09e4ec66156a9ae67634.js (2)
[4903:234083:0705/141738.508103:INFO:CONSOLE:2] "버튼 31: [object Object]", source: https://feblog.pstatic.net/real/pc/2025.07.02/js/vendor.09e4ec66156a9ae67634.js (2)
[4903:234083:0705/141738.508132:INFO:CONSOLE:2] "버튼 32: [object Object]", source: https://feblog.pstatic.net/real/pc/2025.07.02/js/vendor.09e4ec66156a9ae67634.js (2)
[4903:234083:0705/141738.508168:INFO:CONSOLE:2] "버튼 33: [object Object]", source: https://feblog.pstatic.net/real/pc/2025.07.02/js/vendor.09e4ec66156a9ae67634.js (2)
[4903:234083:0705/141738.508223:INFO:CONSOLE:2] "버튼 34: [object Object]", source: https://feblog.pstatic.net/real/pc/2025.07.02/js/vendor.09e4ec66156a9ae67634.js (2)
[4903:234083:0705/141738.508255:INFO:CONSOLE:2] "버튼 35: [object Object]", source: https://feblog.pstatic.net/real/pc/2025.07.02/js/vendor.09e4ec66156a9ae67634.js (2)
[4903:234083:0705/141738.508284:INFO:CONSOLE:2] "버튼 36: [object Object]", source: https://feblog.pstatic.net/real/pc/2025.07.02/js/vendor.09e4ec66156a9ae67634.js (2)
[4903:234083:0705/141738.508335:INFO:CONSOLE:2] "버튼 37: [object Object]", source: https://feblog.pstatic.net/real/pc/2025.07.02/js/vendor.09e4ec66156a9ae67634.js (2)
[4903:234083:0705/141738.508376:INFO:CONSOLE:2] "버튼 38: [object Object]", source: https://feblog.pstatic.net/real/pc/2025.07.02/js/vendor.09e4ec66156a9ae67634.js (2)
[4903:234083:0705/141738.508427:INFO:CONSOLE:2] "버튼 39: [object Object]", source: https://feblog.pstatic.net/real/pc/2025.07.02/js/vendor.09e4ec66156a9ae67634.js (2)
[4903:234083:0705/141738.508456:INFO:CONSOLE:2] "버튼 40: [object Object]", source: https://feblog.pstatic.net/real/pc/2025.07.02/js/vendor.09e4ec66156a9ae67634.js (2)
[4903:234083:0705/141738.508491:INFO:CONSOLE:2] "버튼 41: [object Object]", source: https://feblog.pstatic.net/real/pc/2025.07.02/js/vendor.09e4ec66156a9ae67634.js (2)
[4903:234083:0705/141738.508531:INFO:CONSOLE:2] "버튼 42: [object Object]", source: https://feblog.pstatic.net/real/pc/2025.07.02/js/vendor.09e4ec66156a9ae67634.js (2)
[4903:234083:0705/141738.508562:INFO:CONSOLE:2] "버튼 43: [object Object]", source: https://feblog.pstatic.net/real/pc/2025.07.02/js/vendor.09e4ec66156a9ae67634.js (2)
[4903:234083:0705/141738.508614:INFO:CONSOLE:2] "버튼 45: [object Object]", source: https://feblog.pstatic.net/real/pc/2025.07.02/js/vendor.09e4ec66156a9ae67634.js (2)
[4903:234083:0705/141738.508662:INFO:CONSOLE:2] "버튼 47: [object Object]", source: https://feblog.pstatic.net/real/pc/2025.07.02/js/vendor.09e4ec66156a9ae67634.js (2)
[4903:234083:0705/141738.508696:INFO:CONSOLE:2] "버튼 51: [object Object]", source: https://feblog.pstatic.net/real/pc/2025.07.02/js/vendor.09e4ec66156a9ae67634.js (2)
[4903:234083:0705/141738.508759:INFO:CONSOLE:2] "버튼 55: [object Object]", source: https://feblog.pstatic.net/real/pc/2025.07.02/js/vendor.09e4ec66156a9ae67634.js (2)
[4903:234083:0705/141738.508816:INFO:CONSOLE:2] "버튼 58: [object Object]", source: https://feblog.pstatic.net/real/pc/2025.07.02/js/vendor.09e4ec66156a9ae67634.js (2)
[4903:234083:0705/141738.508852:INFO:CONSOLE:2] "버튼 59: [object Object]", source: https://feblog.pstatic.net/real/pc/2025.07.02/js/vendor.09e4ec66156a9ae67634.js (2)
[4903:234083:0705/141738.508910:INFO:CONSOLE:2] "버튼 61: [object Object]", source: https://feblog.pstatic.net/real/pc/2025.07.02/js/vendor.09e4ec66156a9ae67634.js (2)
[4903:234083:0705/141738.508934:INFO:CONSOLE:2] "버튼 62: [object Object]", source: https://feblog.pstatic.net/real/pc/2025.07.02/js/vendor.09e4ec66156a9ae67634.js (2)
[4903:234083:0705/141738.508976:INFO:CONSOLE:2] "버튼 64: [object Object]", source: https://feblog.pstatic.net/real/pc/2025.07.02/js/vendor.09e4ec66156a9ae67634.js (2)
[4903:234083:0705/141738.509013:INFO:CONSOLE:2] "버튼 65: [object Object]", source: https://feblog.pstatic.net/real/pc/2025.07.02/js/vendor.09e4ec66156a9ae67634.js (2)
[4903:234083:0705/141738.509053:INFO:CONSOLE:2] "버튼 67: [object Object]", source: https://feblog.pstatic.net/real/pc/2025.07.02/js/vendor.09e4ec66156a9ae67634.js (2)
[4903:234083:0705/141738.509103:INFO:CONSOLE:2] "버튼 68: [object Object]", source: https://feblog.pstatic.net/real/pc/2025.07.02/js/vendor.09e4ec66156a9ae67634.js (2)
[4903:234083:0705/141738.509147:INFO:CONSOLE:2] "버튼 70: [object Object]", source: https://feblog.pstatic.net/real/pc/2025.07.02/js/vendor.09e4ec66156a9ae67634.js (2)
[4903:234083:0705/141738.509174:INFO:CONSOLE:2] "버튼 71: [object Object]", source: https://feblog.pstatic.net/real/pc/2025.07.02/js/vendor.09e4ec66156a9ae67634.js (2)
[4903:234083:0705/141738.509221:INFO:CONSOLE:2] "버튼 73: [object Object]", source: https://feblog.pstatic.net/real/pc/2025.07.02/js/vendor.09e4ec66156a9ae67634.js (2)
[4903:234083:0705/141738.509254:INFO:CONSOLE:2] "버튼 74: [object Object]", source: https://feblog.pstatic.net/real/pc/2025.07.02/js/vendor.09e4ec66156a9ae67634.js (2)
[4903:234083:0705/141738.509293:INFO:CONSOLE:2] "버튼 77: [object Object]", source: https://feblog.pstatic.net/real/pc/2025.07.02/js/vendor.09e4ec66156a9ae67634.js (2)
[4903:234083:0705/141738.509333:INFO:CONSOLE:2] "버튼 78: [object Object]", source: https://feblog.pstatic.net/real/pc/2025.07.02/js/vendor.09e4ec66156a9ae67634.js (2)
[4903:234083:0705/141738.509372:INFO:CONSOLE:2] "버튼 81: [object Object]", source: https://feblog.pstatic.net/real/pc/2025.07.02/js/vendor.09e4ec66156a9ae67634.js (2)
[4903:234083:0705/141738.509400:INFO:CONSOLE:2] "버튼 82: [object Object]", source: https://feblog.pstatic.net/real/pc/2025.07.02/js/vendor.09e4ec66156a9ae67634.js (2)
[4903:234083:0705/141738.509441:INFO:CONSOLE:2] "버튼 85: [object Object]", source: https://feblog.pstatic.net/real/pc/2025.07.02/js/vendor.09e4ec66156a9ae67634.js (2)
[4903:234083:0705/141738.509470:INFO:CONSOLE:2] "버튼 86: [object Object]", source: https://feblog.pstatic.net/real/pc/2025.07.02/js/vendor.09e4ec66156a9ae67634.js (2)
[4903:234083:0705/141738.509514:INFO:CONSOLE:2] "버튼 89: [object Object]", source: https://feblog.pstatic.net/real/pc/2025.07.02/js/vendor.09e4ec66156a9ae67634.js (2)
[4903:234083:0705/141738.509572:INFO:CONSOLE:2] "버튼 109: [object Object]", source: https://feblog.pstatic.net/real/pc/2025.07.02/js/vendor.09e4ec66156a9ae67634.js (2)
[4903:234083:0705/141738.509633:INFO:CONSOLE:2] "버튼 110: [object Object]", source: https://feblog.pstatic.net/real/pc/2025.07.02/js/vendor.09e4ec66156a9ae67634.js (2)
[4903:234083:0705/141738.509688:INFO:CONSOLE:2] "버튼 111: [object Object]", source: https://feblog.pstatic.net/real/pc/2025.07.02/js/vendor.09e4ec66156a9ae67634.js (2)
[4903:234083:0705/141738.509731:INFO:CONSOLE:2] "버튼 112: [object Object]", source: https://feblog.pstatic.net/real/pc/2025.07.02/js/vendor.09e4ec66156a9ae67634.js (2)
[4903:234083:0705/141738.509782:INFO:CONSOLE:2] "버튼 113: [object Object]", source: https://feblog.pstatic.net/real/pc/2025.07.02/js/vendor.09e4ec66156a9ae67634.js (2)
[4903:234083:0705/141738.509819:INFO:CONSOLE:2] "버튼 114: [object Object]", source: https://feblog.pstatic.net/real/pc/2025.07.02/js/vendor.09e4ec66156a9ae67634.js (2)
[4903:234083:0705/141738.509860:INFO:CONSOLE:2] "버튼 115: [object Object]", source: https://feblog.pstatic.net/real/pc/2025.07.02/js/vendor.09e4ec66156a9ae67634.js (2)
[4903:234083:0705/141738.509906:INFO:CONSOLE:2] "버튼 116: [object Object]", source: https://feblog.pstatic.net/real/pc/2025.07.02/js/vendor.09e4ec66156a9ae67634.js (2)
[4903:234083:0705/141738.509944:INFO:CONSOLE:2] "버튼 117: [object Object]", source: https://feblog.pstatic.net/real/pc/2025.07.02/js/vendor.09e4ec66156a9ae67634.js (2)
[4903:234083:0705/141738.509982:INFO:CONSOLE:2] "버튼 118: [object Object]", source: https://feblog.pstatic.net/real/pc/2025.07.02/js/vendor.09e4ec66156a9ae67634.js (2)
[4903:234083:0705/141738.510013:INFO:CONSOLE:2] "버튼 119: [object Object]", source: https://feblog.pstatic.net/real/pc/2025.07.02/js/vendor.09e4ec66156a9ae67634.js (2)
[4903:234083:0705/141738.510054:INFO:CONSOLE:2] "버튼 120: [object Object]", source: https://feblog.pstatic.net/real/pc/2025.07.02/js/vendor.09e4ec66156a9ae67634.js (2)
[4903:234083:0705/141738.510082:INFO:CONSOLE:2] "버튼 121: [object Object]", source: https://feblog.pstatic.net/real/pc/2025.07.02/js/vendor.09e4ec66156a9ae67634.js (2)
[4903:234083:0705/141738.510124:INFO:CONSOLE:2] "버튼 122: [object Object]", source: https://feblog.pstatic.net/real/pc/2025.07.02/js/vendor.09e4ec66156a9ae67634.js (2)
[4903:234083:0705/141738.510178:INFO:CONSOLE:2] "버튼 123: [object Object]", source: https://feblog.pstatic.net/real/pc/2025.07.02/js/vendor.09e4ec66156a9ae67634.js (2)
[4903:234083:0705/141738.510216:INFO:CONSOLE:2] "버튼 124: [object Object]", source: https://feblog.pstatic.net/real/pc/2025.07.02/js/vendor.09e4ec66156a9ae67634.js (2)
[4903:234083:0705/141738.510273:INFO:CONSOLE:2] "버튼 125: [object Object]", source: https://feblog.pstatic.net/real/pc/2025.07.02/js/vendor.09e4ec66156a9ae67634.js (2)
[4903:234083:0705/141738.510360:INFO:CONSOLE:2] "버튼 126: [object Object]", source: https://feblog.pstatic.net/real/pc/2025.07.02/js/vendor.09e4ec66156a9ae67634.js (2)
[4903:234083:0705/141738.510476:INFO:CONSOLE:2] "버튼 127: [object Object]", source: https://feblog.pstatic.net/real/pc/2025.07.02/js/vendor.09e4ec66156a9ae67634.js (2)
[4903:234083:0705/141738.510499:INFO:CONSOLE:2] "버튼 128: [object Object]", source: https://feblog.pstatic.net/real/pc/2025.07.02/js/vendor.09e4ec66156a9ae67634.js (2)
[4903:234083:0705/141738.510563:INFO:CONSOLE:2] "버튼 139: [object Object]", source: https://feblog.pstatic.net/real/pc/2025.07.02/js/vendor.09e4ec66156a9ae67634.js (2)
[4903:234083:0705/141738.510610:INFO:CONSOLE:2] "버튼 140: [object Object]", source: https://feblog.pstatic.net/real/pc/2025.07.02/js/vendor.09e4ec66156a9ae67634.js (2)
[4903:234083:0705/141738.510711:INFO:CONSOLE:2] "버튼 141: [object Object]", source: https://feblog.pstatic.net/real/pc/2025.07.02/js/vendor.09e4ec66156a9ae67634.js (2)
[4903:234083:0705/141738.510755:INFO:CONSOLE:2] "버튼 143: [object Object]", source: https://feblog.pstatic.net/real/pc/2025.07.02/js/vendor.09e4ec66156a9ae67634.js (2)
[4903:234083:0705/141738.510793:INFO:CONSOLE:2] "버튼 144: [object Object]", source: https://feblog.pstatic.net/real/pc/2025.07.02/js/vendor.09e4ec66156a9ae67634.js (2)
[4903:234083:0705/141738.510828:INFO:CONSOLE:2] "1단계: 정확한 선택자로 시도...", source: https://feblog.pstatic.net/real/pc/2025.07.02/js/vendor.09e4ec66156a9ae67634.js (2)
[4903:234083:0705/141738.510998:INFO:CONSOLE:2] "✅ 정확한 선택자로 확인 버튼 클릭: button.se-popup-button-confirm", source: https://feblog.pstatic.net/real/pc/2025.07.02/js/vendor.09e4ec66156a9ae67634.js (2)
[4903:234083:0705/141740.769615:INFO:CONSOLE:2] "키보드 입력 차단 해제 완료", source: https://feblog.pstatic.net/real/pc/2025.07.02/js/vendor.09e4ec66156a9ae67634.js (2)
[4903:234083:0705/141742.413017:INFO:CONSOLE:2] "Google Maps JavaScript API has been loaded directly without loading=async. This can result in suboptimal performance. For best-practice loading patterns please see https://goo.gle/js-api-loading", source: https://feblog.pstatic.net/real/pc/2025.07.02/js/vendor.09e4ec66156a9ae67634.js (2)
[4903:234083:0705/141748.743856:INFO:CONSOLE:2] "추가 버튼 발견, 5번 클릭 시도 시작...", source: https://feblog.pstatic.net/real/pc/2025.07.02/js/vendor.09e4ec66156a9ae67634.js (2)
[4903:234083:0705/141748.744190:INFO:CONSOLE:2] "1번째 클릭 시도...", source: https://feblog.pstatic.net/real/pc/2025.07.02/js/vendor.09e4ec66156a9ae67634.js (2)
[4903:234083:0705/141749.744829:INFO:CONSOLE:2] "2번째 클릭 시도...", source: https://feblog.pstatic.net/real/pc/2025.07.02/js/vendor.09e4ec66156a9ae67634.js (2)
[4903:234083:0705/141750.744935:INFO:CONSOLE:2] "3번째 클릭 시도...", source: https://feblog.pstatic.net/real/pc/2025.07.02/js/vendor.09e4ec66156a9ae67634.js (2)
[4903:234083:0705/141751.744706:INFO:CONSOLE:2] "4번째 클릭 시도...", source: https://feblog.pstatic.net/real/pc/2025.07.02/js/vendor.09e4ec66156a9ae67634.js (2)
[4903:234083:0705/141752.744346:INFO:CONSOLE:2] "5번째 클릭 시도...", source: https://feblog.pstatic.net/real/pc/2025.07.02/js/vendor.09e4ec66156a9ae67634.js (2)
[4903:234083:0705/141753.760239:INFO:CONSOLE:2] "정확한 선택자로 확인 버튼 발견", source: https://feblog.pstatic.net/real/pc/2025.07.02/js/vendor.09e4ec66156a9ae67634.js (2)
[4903:234161:0705/141805.089738:ERROR:google_apis/gcm/engine/registration_request.cc:291] Registration response error message: DEPRECATED_ENDPOINT
[4903:234083:0705/141842.554572:INFO:CONSOLE:2] "=== 최종 발행 버튼 찾기 시작 ===", source: https://feblog.pstatic.net/real/pc/2025.07.02/js/vendor.09e4ec66156a9ae67634.js (2)
[4903:234083:0705/141842.554973:INFO:CONSOLE:2] "🎯 data-testid로 발행 버튼 찾기...", source: https://feblog.pstatic.net/real/pc/2025.07.02/js/vendor.09e4ec66156a9ae67634.js (2)
[4903:234083:0705/141842.555064:INFO:CONSOLE:2] "🎯 confirm_btn 클래스로 발행 버튼 찾기...", source: https://feblog.pstatic.net/real/pc/2025.07.02/js/vendor.09e4ec66156a9ae67634.js (2)
[4903:234083:0705/141842.555089:INFO:CONSOLE:2] "✅ confirm_btn으로 발행 버튼 발견: [object Object]", source: https://feblog.pstatic.net/real/pc/2025.07.02/js/vendor.09e4ec66156a9ae67634.js (2)
[4903:234083:0705/141842.571583:INFO:CONSOLE:2] "✅ confirm_btn 발행 버튼 클릭 완료", source: https://feblog.pstatic.net/real/pc/2025.07.02/js/vendor.09e4ec66156a9ae67634.js (2)
[4903:234083:0705/141844.561599:INFO:CONSOLE:277] "Google Maps JavaScript API has been loaded directly without loading=async. This can result in suboptimal performance. For best-practice loading patterns please see https://goo.gle/js-api-loading", source: https://maps.google.co.kr/maps/api/js?v=3&client=gme-nhncorp&language=ko&channel=naver_blog (277)
[4903:234083:0705/141844.794786:INFO:CONSOLE:2] "MaxListenersExceededWarning: Possible EventEmitter memory leak detected. 11 visible listeners added. Use emitter.setMaxListeners() to increase limit", source: https://ssl.pstatic.net/t.static.blog/mylog/versioning//js/blogOnMap-811be5f_https.js (2)
[4903:234083:0705/141844.795152:INFO:CONSOLE:2] "MaxListenersExceededWarning: Possible EventEmitter memory leak detected. 11 invisible listeners added. Use emitter.setMaxListeners() to increase limit", source: https://ssl.pstatic.net/t.static.blog/mylog/versioning//js/blogOnMap-811be5f_https.js (2)
[4903:234161:0705/141941.382105:ERROR:google_apis/gcm/engine/registration_request.cc:291] Registration response error message: DEPRECATED_ENDPOINT
[4903:234161:0705/142255.781638:ERROR:google_apis/gcm/engine/registration_request.cc:291] Registration response error message: DEPRECATED_ENDPOINT
[4903:234161:0705/142943.365131:ERROR:google_apis/gcm/engine/registration_request.cc:291] Registration response error message: DEPRECATED_ENDPOINT
[4903:234083:0705/145245.710666:INFO:CONSOLE:2] "클립보드 읽기 권한 상태: granted", source: https://feblog.pstatic.net/real/pc/2025.07.02/js/vendor.09e4ec66156a9ae67634.js (2)
[4903:234083:0705/145249.793999:INFO:CONSOLE:2] "클립보드 읽기 권한 상태: granted", source: https://feblog.pstatic.net/real/pc/2025.07.02/js/vendor.09e4ec66156a9ae67634.js (2)
[4903:234083:0705/145253.469822:INFO:CONSOLE:2] "클립보드 읽기 권한 상태: granted", source: https://feblog.pstatic.net/real/pc/2025.07.02/js/vendor.09e4ec66156a9ae67634.js (2)
[4903:234083:0705/145257.252066:INFO:CONSOLE:2] "클립보드 읽기 권한 상태: granted", source: https://feblog.pstatic.net/real/pc/2025.07.02/js/vendor.09e4ec66156a9ae67634.js (2)
[4903:234083:0705/145259.770357:INFO:CONSOLE:2] "클립보드 읽기 권한 상태: granted", source: https://feblog.pstatic.net/real/pc/2025.07.02/js/vendor.09e4ec66156a9ae67634.js (2)
[4903:234083:0705/145301.724045:INFO:CONSOLE:2] "클립보드 읽기 권한 상태: granted", source: https://feblog.pstatic.net/real/pc/2025.07.02/js/vendor.09e4ec66156a9ae67634.js (2)
[4903:234083:0705/145303.697524:INFO:CONSOLE:2] "클립보드 읽기 권한 상태: granted", source: https://feblog.pstatic.net/real/pc/2025.07.02/js/vendor.09e4ec66156a9ae67634.js (2)
[4903:234083:0705/145304.220583:INFO:CONSOLE:1] "File chooser dialog can only be shown with a user activation.", source: https://editor-static.pstatic.net/e/basic.desktop/1.66.0/se-editor.js?t=1747381158880 (1)
[4903:234083:0705/145305.643626:INFO:CONSOLE:2] "클립보드 읽기 권한 상태: granted", source: https://feblog.pstatic.net/real/pc/2025.07.02/js/vendor.09e4ec66156a9ae67634.js (2)
[4903:234083:0705/145306.161647:INFO:CONSOLE:1] "File chooser dialog can only be shown with a user activation.", source: https://editor-static.pstatic.net/e/basic.desktop/1.66.0/se-editor.js?t=1747381158880 (1)
[4903:234083:0705/145307.601303:INFO:CONSOLE:2] "클립보드 읽기 권한 상태: granted", source: https://feblog.pstatic.net/real/pc/2025.07.02/js/vendor.09e4ec66156a9ae67634.js (2)
[4903:234083:0705/145308.120161:INFO:CONSOLE:1] "File chooser dialog can only be shown with a user activation.", source: https://editor-static.pstatic.net/e/basic.desktop/1.66.0/se-editor.js?t=1747381158880 (1)
[4903:234083:0705/145309.574317:INFO:CONSOLE:2] "클립보드 읽기 권한 상태: granted", source: https://feblog.pstatic.net/real/pc/2025.07.02/js/vendor.09e4ec66156a9ae67634.js (2)
[4903:234083:0705/145310.092099:INFO:CONSOLE:1] "File chooser dialog can only be shown with a user activation.", source: https://editor-static.pstatic.net/e/basic.desktop/1.66.0/se-editor.js?t=1747381158880 (1)
[4903:234083:0705/145311.543955:INFO:CONSOLE:2] "클립보드 읽기 권한 상태: granted", source: https://feblog.pstatic.net/real/pc/2025.07.02/js/vendor.09e4ec66156a9ae67634.js (2)
[4903:234083:0705/145312.061738:INFO:CONSOLE:1] "File chooser dialog can only be shown with a user activation.", source: https://editor-static.pstatic.net/e/basic.desktop/1.66.0/se-editor.js?t=1747381158880 (1)
[4903:234083:0705/145313.495999:INFO:CONSOLE:2] "클립보드 읽기 권한 상태: granted", source: https://feblog.pstatic.net/real/pc/2025.07.02/js/vendor.09e4ec66156a9ae67634.js (2)
[4903:234083:0705/145314.011885:INFO:CONSOLE:1] "File chooser dialog can only be shown with a user activation.", source: https://editor-static.pstatic.net/e/basic.desktop/1.66.0/se-editor.js?t=1747381158880 (1)
[4903:234083:0705/145315.423661:INFO:CONSOLE:2] "클립보드 읽기 권한 상태: granted", source: https://feblog.pstatic.net/real/pc/2025.07.02/js/vendor.09e4ec66156a9ae67634.js (2)
[4903:234083:0705/145315.938736:INFO:CONSOLE:1] "File chooser dialog can only be shown with a user activation.", source: https://editor-static.pstatic.net/e/basic.desktop/1.66.0/se-editor.js?t=1747381158880 (1)
[4903:234083:0705/145326.062425:INFO:CONSOLE:2] "키보드 입력 차단 및 포커스 정리 완료", source: https://feblog.pstatic.net/real/pc/2025.07.02/js/vendor.09e4ec66156a9ae67634.js (2)
[4903:234083:0705/145331.119680:INFO:CONSOLE:2] "=== 최강화된 확인 버튼 찾기 시작 ===", source: https://feblog.pstatic.net/real/pc/2025.07.02/js/vendor.09e4ec66156a9ae67634.js (2)
[4903:234083:0705/145331.119778:INFO:CONSOLE:2] "현재 페이지의 모든 버튼 상황:", source: https://feblog.pstatic.net/real/pc/2025.07.02/js/vendor.09e4ec66156a9ae67634.js (2)
[4903:234083:0705/145331.119998:INFO:CONSOLE:2] "버튼 1: [object Object]", source: https://feblog.pstatic.net/real/pc/2025.07.02/js/vendor.09e4ec66156a9ae67634.js (2)
[4903:234083:0705/145331.121965:INFO:CONSOLE:2] "버튼 2: [object Object]", source: https://feblog.pstatic.net/real/pc/2025.07.02/js/vendor.09e4ec66156a9ae67634.js (2)
[4903:234083:0705/145331.122099:INFO:CONSOLE:2] "버튼 3: [object Object]", source: https://feblog.pstatic.net/real/pc/2025.07.02/js/vendor.09e4ec66156a9ae67634.js (2)
[4903:234083:0705/145331.122199:INFO:CONSOLE:2] "버튼 4: [object Object]", source: https://feblog.pstatic.net/real/pc/2025.07.02/js/vendor.09e4ec66156a9ae67634.js (2)
[4903:234083:0705/145331.122299:INFO:CONSOLE:2] "버튼 5: [object Object]", source: https://feblog.pstatic.net/real/pc/2025.07.02/js/vendor.09e4ec66156a9ae67634.js (2)
[4903:234083:0705/145331.122393:INFO:CONSOLE:2] "버튼 6: [object Object]", source: https://feblog.pstatic.net/real/pc/2025.07.02/js/vendor.09e4ec66156a9ae67634.js (2)
[4903:234083:0705/145331.122522:INFO:CONSOLE:2] "버튼 7: [object Object]", source: https://feblog.pstatic.net/real/pc/2025.07.02/js/vendor.09e4ec66156a9ae67634.js (2)
[4903:234083:0705/145331.122638:INFO:CONSOLE:2] "버튼 8: [object Object]", source: https://feblog.pstatic.net/real/pc/2025.07.02/js/vendor.09e4ec66156a9ae67634.js (2)
[4903:234083:0705/145331.122790:INFO:CONSOLE:2] "버튼 9: [object Object]", source: https://feblog.pstatic.net/real/pc/2025.07.02/js/vendor.09e4ec66156a9ae67634.js (2)
[4903:234083:0705/145331.122900:INFO:CONSOLE:2] "버튼 10: [object Object]", source: https://feblog.pstatic.net/real/pc/2025.07.02/js/vendor.09e4ec66156a9ae67634.js (2)
[4903:234083:0705/145331.123019:INFO:CONSOLE:2] "버튼 11: [object Object]", source: https://feblog.pstatic.net/real/pc/2025.07.02/js/vendor.09e4ec66156a9ae67634.js (2)
[4903:234083:0705/145331.123140:INFO:CONSOLE:2] "버튼 12: [object Object]", source: https://feblog.pstatic.net/real/pc/2025.07.02/js/vendor.09e4ec66156a9ae67634.js (2)
[4903:234083:0705/145331.123241:INFO:CONSOLE:2] "버튼 13: [object Object]", source: https://feblog.pstatic.net/real/pc/2025.07.02/js/vendor.09e4ec66156a9ae67634.js (2)
[4903:234083:0705/145331.123351:INFO:CONSOLE:2] "버튼 14: [object Object]", source: https://feblog.pstatic.net/real/pc/2025.07.02/js/vendor.09e4ec66156a9ae67634.js (2)
[4903:234083:0705/145331.123465:INFO:CONSOLE:2] "버튼 15: [object Object]", source: https://feblog.pstatic.net/real/pc/2025.07.02/js/vendor.09e4ec66156a9ae67634.js (2)
[4903:234083:0705/145331.123574:INFO:CONSOLE:2] "버튼 16: [object Object]", source: https://feblog.pstatic.net/real/pc/2025.07.02/js/vendor.09e4ec66156a9ae67634.js (2)
[4903:234083:0705/145331.123704:INFO:CONSOLE:2] "버튼 17: [object Object]", source: https://feblog.pstatic.net/real/pc/2025.07.02/js/vendor.09e4ec66156a9ae67634.js (2)
[4903:234083:0705/145331.123817:INFO:CONSOLE:2] "버튼 18: [object Object]", source: https://feblog.pstatic.net/real/pc/2025.07.02/js/vendor.09e4ec66156a9ae67634.js (2)
[4903:234083:0705/145331.123918:INFO:CONSOLE:2] "버튼 19: [object Object]", source: https://feblog.pstatic.net/real/pc/2025.07.02/js/vendor.09e4ec66156a9ae67634.js (2)
[4903:234083:0705/145331.124020:INFO:CONSOLE:2] "버튼 20: [object Object]", source: https://feblog.pstatic.net/real/pc/2025.07.02/js/vendor.09e4ec66156a9ae67634.js (2)
[4903:234083:0705/145331.124130:INFO:CONSOLE:2] "버튼 21: [object Object]", source: https://feblog.pstatic.net/real/pc/2025.07.02/js/vendor.09e4ec66156a9ae67634.js (2)
[4903:234083:0705/145331.124258:INFO:CONSOLE:2] "버튼 22: [object Object]", source: https://feblog.pstatic.net/real/pc/2025.07.02/js/vendor.09e4ec66156a9ae67634.js (2)
[4903:234083:0705/145331.124363:INFO:CONSOLE:2] "버튼 23: [object Object]", source: https://feblog.pstatic.net/real/pc/2025.07.02/js/vendor.09e4ec66156a9ae67634.js (2)
[4903:234083:0705/145331.124460:INFO:CONSOLE:2] "버튼 24: [object Object]", source: https://feblog.pstatic.net/real/pc/2025.07.02/js/vendor.09e4ec66156a9ae67634.js (2)
[4903:234083:0705/145331.124562:INFO:CONSOLE:2] "버튼 25: [object Object]", source: https://feblog.pstatic.net/real/pc/2025.07.02/js/vendor.09e4ec66156a9ae67634.js (2)
[4903:234083:0705/145331.124678:INFO:CONSOLE:2] "버튼 26: [object Object]", source: https://feblog.pstatic.net/real/pc/2025.07.02/js/vendor.09e4ec66156a9ae67634.js (2)
[4903:234083:0705/145331.124782:INFO:CONSOLE:2] "버튼 27: [object Object]", source: https://feblog.pstatic.net/real/pc/2025.07.02/js/vendor.09e4ec66156a9ae67634.js (2)
[4903:234083:0705/145331.124903:INFO:CONSOLE:2] "버튼 28: [object Object]", source: https://feblog.pstatic.net/real/pc/2025.07.02/js/vendor.09e4ec66156a9ae67634.js (2)
[4903:234083:0705/145331.125010:INFO:CONSOLE:2] "버튼 29: [object Object]", source: https://feblog.pstatic.net/real/pc/2025.07.02/js/vendor.09e4ec66156a9ae67634.js (2)
[4903:234083:0705/145331.125102:INFO:CONSOLE:2] "버튼 30: [object Object]", source: https://feblog.pstatic.net/real/pc/2025.07.02/js/vendor.09e4ec66156a9ae67634.js (2)
[4903:234083:0705/145331.125195:INFO:CONSOLE:2] "버튼 31: [object Object]", source: https://feblog.pstatic.net/real/pc/2025.07.02/js/vendor.09e4ec66156a9ae67634.js (2)
[4903:234083:0705/145331.125302:INFO:CONSOLE:2] "버튼 32: [object Object]", source: https://feblog.pstatic.net/real/pc/2025.07.02/js/vendor.09e4ec66156a9ae67634.js (2)
[4903:234083:0705/145331.125390:INFO:CONSOLE:2] "버튼 33: [object Object]", source: https://feblog.pstatic.net/real/pc/2025.07.02/js/vendor.09e4ec66156a9ae67634.js (2)
[4903:234083:0705/145331.125487:INFO:CONSOLE:2] "버튼 34: [object Object]", source: https://feblog.pstatic.net/real/pc/2025.07.02/js/vendor.09e4ec66156a9ae67634.js (2)
[4903:234083:0705/145331.125572:INFO:CONSOLE:2] "버튼 35: [object Object]", source: https://feblog.pstatic.net/real/pc/2025.07.02/js/vendor.09e4ec66156a9ae67634.js (2)
[4903:234083:0705/145331.125673:INFO:CONSOLE:2] "버튼 36: [object Object]", source: https://feblog.pstatic.net/real/pc/2025.07.02/js/vendor.09e4ec66156a9ae67634.js (2)
[4903:234083:0705/145331.125766:INFO:CONSOLE:2] "버튼 37: [object Object]", source: https://feblog.pstatic.net/real/pc/2025.07.02/js/vendor.09e4ec66156a9ae67634.js (2)
[4903:234083:0705/145331.125857:INFO:CONSOLE:2] "버튼 38: [object Object]", source: https://feblog.pstatic.net/real/pc/2025.07.02/js/vendor.09e4ec66156a9ae67634.js (2)
[4903:234083:0705/145331.125961:INFO:CONSOLE:2] "버튼 39: [object Object]", source: https://feblog.pstatic.net/real/pc/2025.07.02/js/vendor.09e4ec66156a9ae67634.js (2)
[4903:234083:0705/145331.126044:INFO:CONSOLE:2] "버튼 40: [object Object]", source: https://feblog.pstatic.net/real/pc/2025.07.02/js/vendor.09e4ec66156a9ae67634.js (2)
[4903:234083:0705/145331.126148:INFO:CONSOLE:2] "버튼 41: [object Object]", source: https://feblog.pstatic.net/real/pc/2025.07.02/js/vendor.09e4ec66156a9ae67634.js (2)
[4903:234083:0705/145331.126242:INFO:CONSOLE:2] "버튼 42: [object Object]", source: https://feblog.pstatic.net/real/pc/2025.07.02/js/vendor.09e4ec66156a9ae67634.js (2)
[4903:234083:0705/145331.126333:INFO:CONSOLE:2] "버튼 43: [object Object]", source: https://feblog.pstatic.net/real/pc/2025.07.02/js/vendor.09e4ec66156a9ae67634.js (2)
[4903:234083:0705/145331.126434:INFO:CONSOLE:2] "버튼 45: [object Object]", source: https://feblog.pstatic.net/real/pc/2025.07.02/js/vendor.09e4ec66156a9ae67634.js (2)
[4903:234083:0705/145331.126550:INFO:CONSOLE:2] "버튼 47: [object Object]", source: https://feblog.pstatic.net/real/pc/2025.07.02/js/vendor.09e4ec66156a9ae67634.js (2)
[4903:234083:0705/145331.126661:INFO:CONSOLE:2] "버튼 51: [object Object]", source: https://feblog.pstatic.net/real/pc/2025.07.02/js/vendor.09e4ec66156a9ae67634.js (2)
[4903:234083:0705/145331.126762:INFO:CONSOLE:2] "버튼 55: [object Object]", source: https://feblog.pstatic.net/real/pc/2025.07.02/js/vendor.09e4ec66156a9ae67634.js (2)
[4903:234083:0705/145331.126856:INFO:CONSOLE:2] "버튼 58: [object Object]", source: https://feblog.pstatic.net/real/pc/2025.07.02/js/vendor.09e4ec66156a9ae67634.js (2)
[4903:234083:0705/145331.126964:INFO:CONSOLE:2] "버튼 61: [object Object]", source: https://feblog.pstatic.net/real/pc/2025.07.02/js/vendor.09e4ec66156a9ae67634.js (2)
[4903:234083:0705/145331.127029:INFO:CONSOLE:2] "버튼 62: [object Object]", source: https://feblog.pstatic.net/real/pc/2025.07.02/js/vendor.09e4ec66156a9ae67634.js (2)
[4903:234083:0705/145331.127107:INFO:CONSOLE:2] "버튼 64: [object Object]", source: https://feblog.pstatic.net/real/pc/2025.07.02/js/vendor.09e4ec66156a9ae67634.js (2)
[4903:234083:0705/145331.127191:INFO:CONSOLE:2] "버튼 65: [object Object]", source: https://feblog.pstatic.net/real/pc/2025.07.02/js/vendor.09e4ec66156a9ae67634.js (2)
[4903:234083:0705/145331.127272:INFO:CONSOLE:2] "버튼 67: [object Object]", source: https://feblog.pstatic.net/real/pc/2025.07.02/js/vendor.09e4ec66156a9ae67634.js (2)
[4903:234083:0705/145331.127346:INFO:CONSOLE:2] "버튼 68: [object Object]", source: https://feblog.pstatic.net/real/pc/2025.07.02/js/vendor.09e4ec66156a9ae67634.js (2)
[4903:234083:0705/145331.127439:INFO:CONSOLE:2] "버튼 71: [object Object]", source: https://feblog.pstatic.net/real/pc/2025.07.02/js/vendor.09e4ec66156a9ae67634.js (2)
[4903:234083:0705/145331.127515:INFO:CONSOLE:2] "버튼 72: [object Object]", source: https://feblog.pstatic.net/real/pc/2025.07.02/js/vendor.09e4ec66156a9ae67634.js (2)
[4903:234083:0705/145331.127599:INFO:CONSOLE:2] "버튼 75: [object Object]", source: https://feblog.pstatic.net/real/pc/2025.07.02/js/vendor.09e4ec66156a9ae67634.js (2)
[4903:234083:0705/145331.127682:INFO:CONSOLE:2] "버튼 76: [object Object]", source: https://feblog.pstatic.net/real/pc/2025.07.02/js/vendor.09e4ec66156a9ae67634.js (2)
[4903:234083:0705/145331.127755:INFO:CONSOLE:2] "버튼 79: [object Object]", source: https://feblog.pstatic.net/real/pc/2025.07.02/js/vendor.09e4ec66156a9ae67634.js (2)
[4903:234083:0705/145331.127848:INFO:CONSOLE:2] "버튼 80: [object Object]", source: https://feblog.pstatic.net/real/pc/2025.07.02/js/vendor.09e4ec66156a9ae67634.js (2)
[4903:234083:0705/145331.127922:INFO:CONSOLE:2] "버튼 83: [object Object]", source: https://feblog.pstatic.net/real/pc/2025.07.02/js/vendor.09e4ec66156a9ae67634.js (2)
[4903:234083:0705/145331.128027:INFO:CONSOLE:2] "버튼 84: [object Object]", source: https://feblog.pstatic.net/real/pc/2025.07.02/js/vendor.09e4ec66156a9ae67634.js (2)
[4903:234083:0705/145331.128162:INFO:CONSOLE:2] "버튼 87: [object Object]", source: https://feblog.pstatic.net/real/pc/2025.07.02/js/vendor.09e4ec66156a9ae67634.js (2)
[4903:234083:0705/145331.128279:INFO:CONSOLE:2] "버튼 88: [object Object]", source: https://feblog.pstatic.net/real/pc/2025.07.02/js/vendor.09e4ec66156a9ae67634.js (2)
[4903:234083:0705/145331.128366:INFO:CONSOLE:2] "버튼 91: [object Object]", source: https://feblog.pstatic.net/real/pc/2025.07.02/js/vendor.09e4ec66156a9ae67634.js (2)
[4903:234083:0705/145331.128488:INFO:CONSOLE:2] "버튼 111: [object Object]", source: https://feblog.pstatic.net/real/pc/2025.07.02/js/vendor.09e4ec66156a9ae67634.js (2)
[4903:234083:0705/145331.128586:INFO:CONSOLE:2] "버튼 112: [object Object]", source: https://feblog.pstatic.net/real/pc/2025.07.02/js/vendor.09e4ec66156a9ae67634.js (2)
[4903:234083:0705/145331.128667:INFO:CONSOLE:2] "버튼 113: [object Object]", source: https://feblog.pstatic.net/real/pc/2025.07.02/js/vendor.09e4ec66156a9ae67634.js (2)
[4903:234083:0705/145331.128760:INFO:CONSOLE:2] "버튼 114: [object Object]", source: https://feblog.pstatic.net/real/pc/2025.07.02/js/vendor.09e4ec66156a9ae67634.js (2)
[4903:234083:0705/145331.128844:INFO:CONSOLE:2] "버튼 115: [object Object]", source: https://feblog.pstatic.net/real/pc/2025.07.02/js/vendor.09e4ec66156a9ae67634.js (2)
[4903:234083:0705/145331.128924:INFO:CONSOLE:2] "버튼 116: [object Object]", source: https://feblog.pstatic.net/real/pc/2025.07.02/js/vendor.09e4ec66156a9ae67634.js (2)
[4903:234083:0705/145331.129224:INFO:CONSOLE:2] "버튼 117: [object Object]", source: https://feblog.pstatic.net/real/pc/2025.07.02/js/vendor.09e4ec66156a9ae67634.js (2)
[4903:234083:0705/145331.129408:INFO:CONSOLE:2] "버튼 118: [object Object]", source: https://feblog.pstatic.net/real/pc/2025.07.02/js/vendor.09e4ec66156a9ae67634.js (2)
[4903:234083:0705/145331.129436:INFO:CONSOLE:2] "버튼 119: [object Object]", source: https://feblog.pstatic.net/real/pc/2025.07.02/js/vendor.09e4ec66156a9ae67634.js (2)
[4903:234083:0705/145331.129484:INFO:CONSOLE:2] "버튼 120: [object Object]", source: https://feblog.pstatic.net/real/pc/2025.07.02/js/vendor.09e4ec66156a9ae67634.js (2)
[4903:234083:0705/145331.129520:INFO:CONSOLE:2] "버튼 121: [object Object]", source: https://feblog.pstatic.net/real/pc/2025.07.02/js/vendor.09e4ec66156a9ae67634.js (2)
[4903:234083:0705/145331.129556:INFO:CONSOLE:2] "버튼 122: [object Object]", source: https://feblog.pstatic.net/real/pc/2025.07.02/js/vendor.09e4ec66156a9ae67634.js (2)
[4903:234083:0705/145331.129614:INFO:CONSOLE:2] "버튼 123: [object Object]", source: https://feblog.pstatic.net/real/pc/2025.07.02/js/vendor.09e4ec66156a9ae67634.js (2)
[4903:234083:0705/145331.129647:INFO:CONSOLE:2] "버튼 124: [object Object]", source: https://feblog.pstatic.net/real/pc/2025.07.02/js/vendor.09e4ec66156a9ae67634.js (2)
[4903:234083:0705/145331.129687:INFO:CONSOLE:2] "버튼 125: [object Object]", source: https://feblog.pstatic.net/real/pc/2025.07.02/js/vendor.09e4ec66156a9ae67634.js (2)
[4903:234083:0705/145331.129721:INFO:CONSOLE:2] "버튼 126: [object Object]", source: https://feblog.pstatic.net/real/pc/2025.07.02/js/vendor.09e4ec66156a9ae67634.js (2)
[4903:234083:0705/145331.129750:INFO:CONSOLE:2] "버튼 127: [object Object]", source: https://feblog.pstatic.net/real/pc/2025.07.02/js/vendor.09e4ec66156a9ae67634.js (2)
[4903:234083:0705/145331.129794:INFO:CONSOLE:2] "버튼 128: [object Object]", source: https://feblog.pstatic.net/real/pc/2025.07.02/js/vendor.09e4ec66156a9ae67634.js (2)
[4903:234083:0705/145331.129825:INFO:CONSOLE:2] "버튼 129: [object Object]", source: https://feblog.pstatic.net/real/pc/2025.07.02/js/vendor.09e4ec66156a9ae67634.js (2)
[4903:234083:0705/145331.129869:INFO:CONSOLE:2] "버튼 130: [object Object]", source: https://feblog.pstatic.net/real/pc/2025.07.02/js/vendor.09e4ec66156a9ae67634.js (2)
[4903:234083:0705/145331.129909:INFO:CONSOLE:2] "버튼 131: [object Object]", source: https://feblog.pstatic.net/real/pc/2025.07.02/js/vendor.09e4ec66156a9ae67634.js (2)
[4903:234083:0705/145331.129993:INFO:CONSOLE:2] "1단계: 정확한 선택자로 시도...", source: https://feblog.pstatic.net/real/pc/2025.07.02/js/vendor.09e4ec66156a9ae67634.js (2)
[4903:234083:0705/145331.130132:INFO:CONSOLE:2] "✅ 정확한 선택자로 확인 버튼 클릭: button.se-popup-button-confirm", source: https://feblog.pstatic.net/real/pc/2025.07.02/js/vendor.09e4ec66156a9ae67634.js (2)
[4903:234083:0705/145333.369323:INFO:CONSOLE:2] "키보드 입력 차단 해제 완료", source: https://feblog.pstatic.net/real/pc/2025.07.02/js/vendor.09e4ec66156a9ae67634.js (2)
[4903:234083:0705/145334.496962:INFO:CONSOLE:2] "Google Maps JavaScript API has been loaded directly without loading=async. This can result in suboptimal performance. For best-practice loading patterns please see https://goo.gle/js-api-loading", source: https://feblog.pstatic.net/real/pc/2025.07.02/js/vendor.09e4ec66156a9ae67634.js (2)
[4903:234083:0705/145341.305296:INFO:CONSOLE:2] "추가 버튼 발견, 5번 클릭 시도 시작...", source: https://feblog.pstatic.net/real/pc/2025.07.02/js/vendor.09e4ec66156a9ae67634.js (2)
[4903:234083:0705/145341.305593:INFO:CONSOLE:2] "1번째 클릭 시도...", source: https://feblog.pstatic.net/real/pc/2025.07.02/js/vendor.09e4ec66156a9ae67634.js (2)
[4903:234083:0705/145342.306886:INFO:CONSOLE:2] "2번째 클릭 시도...", source: https://feblog.pstatic.net/real/pc/2025.07.02/js/vendor.09e4ec66156a9ae67634.js (2)
[4903:234083:0705/145343.307144:INFO:CONSOLE:2] "3번째 클릭 시도...", source: https://feblog.pstatic.net/real/pc/2025.07.02/js/vendor.09e4ec66156a9ae67634.js (2)
[4903:234083:0705/145344.306703:INFO:CONSOLE:2] "4번째 클릭 시도...", source: https://feblog.pstatic.net/real/pc/2025.07.02/js/vendor.09e4ec66156a9ae67634.js (2)
[4903:234083:0705/145345.306862:INFO:CONSOLE:2] "5번째 클릭 시도...", source: https://feblog.pstatic.net/real/pc/2025.07.02/js/vendor.09e4ec66156a9ae67634.js (2)
[4903:234083:0705/145346.321087:INFO:CONSOLE:2] "정확한 선택자로 확인 버튼 발견", source: https://feblog.pstatic.net/real/pc/2025.07.02/js/vendor.09e4ec66156a9ae67634.js (2)
[4903:234083:0705/145434.995182:INFO:CONSOLE:2] "=== 최종 발행 버튼 찾기 시작 ===", source: https://feblog.pstatic.net/real/pc/2025.07.02/js/vendor.09e4ec66156a9ae67634.js (2)
[4903:234083:0705/145434.995580:INFO:CONSOLE:2] "🎯 data-testid로 발행 버튼 찾기...", source: https://feblog.pstatic.net/real/pc/2025.07.02/js/vendor.09e4ec66156a9ae67634.js (2)
[4903:234083:0705/145434.995638:INFO:CONSOLE:2] "🎯 confirm_btn 클래스로 발행 버튼 찾기...", source: https://feblog.pstatic.net/real/pc/2025.07.02/js/vendor.09e4ec66156a9ae67634.js (2)
[4903:234083:0705/145434.995855:INFO:CONSOLE:2] "✅ confirm_btn으로 발행 버튼 발견: [object Object]", source: https://feblog.pstatic.net/real/pc/2025.07.02/js/vendor.09e4ec66156a9ae67634.js (2)
[4903:234083:0705/145435.017320:INFO:CONSOLE:2] "✅ confirm_btn 발행 버튼 클릭 완료", source: https://feblog.pstatic.net/real/pc/2025.07.02/js/vendor.09e4ec66156a9ae67634.js (2)
[4903:234083:0705/145436.330795:INFO:CONSOLE:277] "Google Maps JavaScript API has been loaded directly without loading=async. This can result in suboptimal performance. For best-practice loading patterns please see https://goo.gle/js-api-loading", source: https://maps.google.co.kr/maps/api/js?v=3&client=gme-nhncorp&language=ko&channel=naver_blog (277)
[4903:234083:0705/145436.475309:INFO:CONSOLE:2] "MaxListenersExceededWarning: Possible EventEmitter memory leak detected. 11 visible listeners added. Use emitter.setMaxListeners() to increase limit", source: https://ssl.pstatic.net/t.static.blog/mylog/versioning//js/blogOnMap-811be5f_https.js (2)
[4903:234083:0705/145436.475767:INFO:CONSOLE:2] "MaxListenersExceededWarning: Possible EventEmitter memory leak detected. 11 invisible listeners added. Use emitter.setMaxListeners() to increase limit", source: https://ssl.pstatic.net/t.static.blog/mylog/versioning//js/blogOnMap-811be5f_https.js (2)
[4903:234161:0705/153010.490261:ERROR:google_apis/gcm/engine/connection_factory_impl.cc:483] ConnectionHandler failed with net error: -2
