[39989:2863736:0616/204435.817128:INFO:components/enterprise/browser/controller/chrome_browser_cloud_management_controller.cc:202] No machine level policy manager exists.
[39989:2863736:0616/204436.471148:INFO:CONSOLE:0] "[DOM] Input elements should have autocomplete attributes (suggested: "current-password"): (More info: https://goo.gl/9p2vKq) %o", source: https://nid.naver.com/nidlogin.login (0)
[39989:2863736:0616/204436.917396:INFO:CONSOLE:2] "Error", source: https://wtm.pstatic.net/39cb238/11b3bf3f99abd6f7c749.js (2)
[39989:2863736:0616/204446.276017:WARNING:components/download/internal/background_service/controller_impl.cc:1187] Background download complete, client: 6, completion type: 0, file size:5155
[39989:2863736:0616/204446.484576:WARNING:components/download/internal/background_service/controller_impl.cc:1187] Background download complete, client: 6, completion type: 0, file size:265059
[39989:2863736:0616/204446.615126:WARNING:components/download/internal/background_service/controller_impl.cc:1187] Background download complete, client: 6, completion type: 0, file size:45153
[39989:2863736:0616/204446.685231:WARNING:components/download/internal/background_service/controller_impl.cc:1187] Background download complete, client: 6, completion type: 0, file size:2200227
[39989:2863736:0616/204446.806929:WARNING:components/download/internal/background_service/controller_impl.cc:1187] Background download complete, client: 6, completion type: 0, file size:4680
[39989:2863736:0616/204446.885655:WARNING:components/download/internal/background_service/controller_impl.cc:1187] Background download complete, client: 6, completion type: 0, file size:2747168
[39989:2863736:0616/204446.964667:WARNING:components/download/internal/background_service/controller_impl.cc:1187] Background download complete, client: 6, completion type: 0, file size:118577
[40032:2864330:0616/204446.990192:ERROR:third_party/zlib/google/zip_reader.cc:154] Cannot open ZIP from file handle 12
[40032:2864330:0616/204446.990331:ERROR:third_party/zlib/google/zip.cc:202] Cannot open ZIP from file handle 12
[39989:2863736:0616/204449.775296:INFO:CONSOLE:2] "Failed to execute 'postMessage' on 'DOMWindow': The target origin provided ('https://shopsquare.naver.com') does not match the recipient window's origin ('https://www.naver.com').", source: https://pm.pstatic.net/resources/js/main.1729700b.js?o=www (2)
[39989:2863736:0616/204449.775324:INFO:CONSOLE:2] "Failed to execute 'postMessage' on 'DOMWindow': The target origin provided ('https://recoshopping.naver.com') does not match the recipient window's origin ('https://www.naver.com').", source: https://pm.pstatic.net/resources/js/main.1729700b.js?o=www (2)
[39989:2863736:0616/204626.832136:INFO:CONSOLE:2] "Google Maps JavaScript API has been loaded directly without loading=async. This can result in suboptimal performance. For best-practice loading patterns please see https://goo.gle/js-api-loading", source: https://feblog.pstatic.net/real/pc/2025.06.04/js/vendor.30699085e5db55e38130.js (2)
[39989:2863736:0616/204630.682575:INFO:CONSOLE:2] "찾을 도장 이름: 한국체대 라이온 체육관", source: https://feblog.pstatic.net/real/pc/2025.06.04/js/vendor.30699085e5db55e38130.js (2)
[39989:2863736:0616/204630.682807:INFO:CONSOLE:2] "도장 이름이 포함된 검색 결과 발견!", source: https://feblog.pstatic.net/real/pc/2025.06.04/js/vendor.30699085e5db55e38130.js (2)
[39996:2863835:0616/205144.439461:WARNING:net/dns/dns_config_service_posix.cc:201] Failed to read DnsConfig.
[39989:2863769:0616/205144.439463:WARNING:net/dns/dns_config_service_posix.cc:201] Failed to read DnsConfig.
[39989:2863769:0616/214050.127384:WARNING:net/dns/dns_config_service_posix.cc:201] Failed to read DnsConfig.
[39996:2863835:0616/214050.132874:WARNING:net/dns/dns_config_service_posix.cc:201] Failed to read DnsConfig.
[39989:2863769:0617/073436.695771:WARNING:net/dns/dns_config_service_posix.cc:201] Failed to read DnsConfig.
[39996:2863839:0617/073436.695858:WARNING:net/dns/dns_config_service_posix.cc:201] Failed to read DnsConfig.
[39989:2863769:0617/083501.861163:WARNING:net/dns/dns_config_service_posix.cc:201] Failed to read DnsConfig.
[39996:2863835:0617/083501.861419:WARNING:net/dns/dns_config_service_posix.cc:201] Failed to read DnsConfig.
