[1268:13333:0705/153257.921072:INFO:components/enterprise/browser/controller/chrome_browser_cloud_management_controller.cc:202] No machine level policy manager exists.
[1268:13333:0705/153258.522850:INFO:CONSOLE:0] "[DOM] Input elements should have autocomplete attributes (suggested: "current-password"): (More info: https://goo.gl/9p2vKq) %o", source: https://nid.naver.com/nidlogin.login (0)
[1268:13333:0705/153258.908051:INFO:CONSOLE:2] "Error", source: https://wtm.pstatic.net/11140d7/f996b78b4692072ccbe5.js (2)
[1268:13389:0705/153301.776470:ERROR:google_apis/gcm/engine/registration_request.cc:291] Registration response error message: DEPRECATED_ENDPOINT
[1268:13333:0705/153319.765144:INFO:CONSOLE:2] "Failed to execute 'postMessage' on 'DOMWindow': The target origin provided ('https://shopsquare.naver.com') does not match the recipient window's origin ('https://www.naver.com').", source: https://pm.pstatic.net/resources/js/main.3735021e.js?o=www (2)
[1268:13333:0705/153319.765301:INFO:CONSOLE:2] "Failed to execute 'postMessage' on 'DOMWindow': The target origin provided ('https://recoshopping.naver.com') does not match the recipient window's origin ('https://www.naver.com').", source: https://pm.pstatic.net/resources/js/main.3735021e.js?o=www (2)
[1268:13389:0705/153327.905286:ERROR:google_apis/gcm/engine/registration_request.cc:291] Registration response error message: DEPRECATED_ENDPOINT
[1268:13333:0705/153343.116297:INFO:CONSOLE:2] "클립보드 읽기 권한 상태: prompt", source: https://feblog.pstatic.net/real/pc/2025.07.02/js/vendor.09e4ec66156a9ae67634.js (2)
[1268:13333:0705/153347.466676:INFO:CONSOLE:2] "클립보드 읽기 권한 상태: prompt", source: https://feblog.pstatic.net/real/pc/2025.07.02/js/vendor.09e4ec66156a9ae67634.js (2)
[1268:13333:0705/153351.083915:INFO:CONSOLE:2] "클립보드 읽기 권한 상태: prompt", source: https://feblog.pstatic.net/real/pc/2025.07.02/js/vendor.09e4ec66156a9ae67634.js (2)
[1268:13333:0705/153354.719060:INFO:CONSOLE:2] "클립보드 읽기 권한 상태: prompt", source: https://feblog.pstatic.net/real/pc/2025.07.02/js/vendor.09e4ec66156a9ae67634.js (2)
[1268:13333:0705/153357.356597:INFO:CONSOLE:2] "클립보드 읽기 권한 상태: prompt", source: https://feblog.pstatic.net/real/pc/2025.07.02/js/vendor.09e4ec66156a9ae67634.js (2)
[1268:13333:0705/153359.337967:INFO:CONSOLE:2] "클립보드 읽기 권한 상태: prompt", source: https://feblog.pstatic.net/real/pc/2025.07.02/js/vendor.09e4ec66156a9ae67634.js (2)
[1268:13333:0705/153401.315864:INFO:CONSOLE:2] "클립보드 읽기 권한 상태: prompt", source: https://feblog.pstatic.net/real/pc/2025.07.02/js/vendor.09e4ec66156a9ae67634.js (2)
[1268:13333:0705/153401.844262:INFO:CONSOLE:1] "File chooser dialog can only be shown with a user activation.", source: https://editor-static.pstatic.net/e/basic.desktop/1.66.0/se-editor.js?t=1747381158880 (1)
[1268:13333:0705/153403.359462:INFO:CONSOLE:2] "클립보드 읽기 권한 상태: prompt", source: https://feblog.pstatic.net/real/pc/2025.07.02/js/vendor.09e4ec66156a9ae67634.js (2)
[1268:13333:0705/153403.884975:INFO:CONSOLE:1] "File chooser dialog can only be shown with a user activation.", source: https://editor-static.pstatic.net/e/basic.desktop/1.66.0/se-editor.js?t=1747381158880 (1)
[1268:13333:0705/153405.334499:INFO:CONSOLE:2] "클립보드 읽기 권한 상태: prompt", source: https://feblog.pstatic.net/real/pc/2025.07.02/js/vendor.09e4ec66156a9ae67634.js (2)
[1268:13333:0705/153405.850976:INFO:CONSOLE:1] "File chooser dialog can only be shown with a user activation.", source: https://editor-static.pstatic.net/e/basic.desktop/1.66.0/se-editor.js?t=1747381158880 (1)
[1268:13333:0705/153407.310129:INFO:CONSOLE:2] "클립보드 읽기 권한 상태: prompt", source: https://feblog.pstatic.net/real/pc/2025.07.02/js/vendor.09e4ec66156a9ae67634.js (2)
[1268:13333:0705/153407.832408:INFO:CONSOLE:1] "File chooser dialog can only be shown with a user activation.", source: https://editor-static.pstatic.net/e/basic.desktop/1.66.0/se-editor.js?t=1747381158880 (1)
[1268:13389:0705/153419.171687:ERROR:google_apis/gcm/engine/registration_request.cc:291] Registration response error message: DEPRECATED_ENDPOINT
[1268:13333:0705/153419.956156:INFO:CONSOLE:2] "키보드 입력 차단 및 포커스 정리 완료", source: https://feblog.pstatic.net/real/pc/2025.07.02/js/vendor.09e4ec66156a9ae67634.js (2)
[1268:13333:0705/153425.032094:INFO:CONSOLE:2] "=== 최강화된 확인 버튼 찾기 시작 ===", source: https://feblog.pstatic.net/real/pc/2025.07.02/js/vendor.09e4ec66156a9ae67634.js (2)
[1268:13333:0705/153425.032606:INFO:CONSOLE:2] "현재 페이지의 모든 버튼 상황:", source: https://feblog.pstatic.net/real/pc/2025.07.02/js/vendor.09e4ec66156a9ae67634.js (2)
[1268:13333:0705/153425.033150:INFO:CONSOLE:2] "버튼 1: [object Object]", source: https://feblog.pstatic.net/real/pc/2025.07.02/js/vendor.09e4ec66156a9ae67634.js (2)
[1268:13333:0705/153425.033619:INFO:CONSOLE:2] "버튼 2: [object Object]", source: https://feblog.pstatic.net/real/pc/2025.07.02/js/vendor.09e4ec66156a9ae67634.js (2)
[1268:13333:0705/153425.033753:INFO:CONSOLE:2] "버튼 3: [object Object]", source: https://feblog.pstatic.net/real/pc/2025.07.02/js/vendor.09e4ec66156a9ae67634.js (2)
[1268:13333:0705/153425.033860:INFO:CONSOLE:2] "버튼 4: [object Object]", source: https://feblog.pstatic.net/real/pc/2025.07.02/js/vendor.09e4ec66156a9ae67634.js (2)
[1268:13333:0705/153425.033988:INFO:CONSOLE:2] "버튼 5: [object Object]", source: https://feblog.pstatic.net/real/pc/2025.07.02/js/vendor.09e4ec66156a9ae67634.js (2)
[1268:13333:0705/153425.034088:INFO:CONSOLE:2] "버튼 6: [object Object]", source: https://feblog.pstatic.net/real/pc/2025.07.02/js/vendor.09e4ec66156a9ae67634.js (2)
[1268:13333:0705/153425.034185:INFO:CONSOLE:2] "버튼 7: [object Object]", source: https://feblog.pstatic.net/real/pc/2025.07.02/js/vendor.09e4ec66156a9ae67634.js (2)
[1268:13333:0705/153425.034295:INFO:CONSOLE:2] "버튼 8: [object Object]", source: https://feblog.pstatic.net/real/pc/2025.07.02/js/vendor.09e4ec66156a9ae67634.js (2)
[1268:13333:0705/153425.034404:INFO:CONSOLE:2] "버튼 9: [object Object]", source: https://feblog.pstatic.net/real/pc/2025.07.02/js/vendor.09e4ec66156a9ae67634.js (2)
[1268:13333:0705/153425.034550:INFO:CONSOLE:2] "버튼 10: [object Object]", source: https://feblog.pstatic.net/real/pc/2025.07.02/js/vendor.09e4ec66156a9ae67634.js (2)
[1268:13333:0705/153425.034638:INFO:CONSOLE:2] "버튼 11: [object Object]", source: https://feblog.pstatic.net/real/pc/2025.07.02/js/vendor.09e4ec66156a9ae67634.js (2)
[1268:13333:0705/153425.034718:INFO:CONSOLE:2] "버튼 12: [object Object]", source: https://feblog.pstatic.net/real/pc/2025.07.02/js/vendor.09e4ec66156a9ae67634.js (2)
[1268:13333:0705/153425.034810:INFO:CONSOLE:2] "버튼 13: [object Object]", source: https://feblog.pstatic.net/real/pc/2025.07.02/js/vendor.09e4ec66156a9ae67634.js (2)
[1268:13333:0705/153425.034887:INFO:CONSOLE:2] "버튼 14: [object Object]", source: https://feblog.pstatic.net/real/pc/2025.07.02/js/vendor.09e4ec66156a9ae67634.js (2)
[1268:13333:0705/153425.035022:INFO:CONSOLE:2] "버튼 15: [object Object]", source: https://feblog.pstatic.net/real/pc/2025.07.02/js/vendor.09e4ec66156a9ae67634.js (2)
[1268:13333:0705/153425.035189:INFO:CONSOLE:2] "버튼 16: [object Object]", source: https://feblog.pstatic.net/real/pc/2025.07.02/js/vendor.09e4ec66156a9ae67634.js (2)
[1268:13333:0705/153425.035291:INFO:CONSOLE:2] "버튼 17: [object Object]", source: https://feblog.pstatic.net/real/pc/2025.07.02/js/vendor.09e4ec66156a9ae67634.js (2)
[1268:13333:0705/153425.035370:INFO:CONSOLE:2] "버튼 18: [object Object]", source: https://feblog.pstatic.net/real/pc/2025.07.02/js/vendor.09e4ec66156a9ae67634.js (2)
[1268:13333:0705/153425.035475:INFO:CONSOLE:2] "버튼 19: [object Object]", source: https://feblog.pstatic.net/real/pc/2025.07.02/js/vendor.09e4ec66156a9ae67634.js (2)
[1268:13333:0705/153425.035542:INFO:CONSOLE:2] "버튼 20: [object Object]", source: https://feblog.pstatic.net/real/pc/2025.07.02/js/vendor.09e4ec66156a9ae67634.js (2)
[1268:13333:0705/153425.035651:INFO:CONSOLE:2] "버튼 21: [object Object]", source: https://feblog.pstatic.net/real/pc/2025.07.02/js/vendor.09e4ec66156a9ae67634.js (2)
[1268:13333:0705/153425.035707:INFO:CONSOLE:2] "버튼 22: [object Object]", source: https://feblog.pstatic.net/real/pc/2025.07.02/js/vendor.09e4ec66156a9ae67634.js (2)
[1268:13333:0705/153425.035797:INFO:CONSOLE:2] "버튼 23: [object Object]", source: https://feblog.pstatic.net/real/pc/2025.07.02/js/vendor.09e4ec66156a9ae67634.js (2)
[1268:13333:0705/153425.035873:INFO:CONSOLE:2] "버튼 24: [object Object]", source: https://feblog.pstatic.net/real/pc/2025.07.02/js/vendor.09e4ec66156a9ae67634.js (2)
[1268:13333:0705/153425.035956:INFO:CONSOLE:2] "버튼 25: [object Object]", source: https://feblog.pstatic.net/real/pc/2025.07.02/js/vendor.09e4ec66156a9ae67634.js (2)
[1268:13333:0705/153425.036031:INFO:CONSOLE:2] "버튼 26: [object Object]", source: https://feblog.pstatic.net/real/pc/2025.07.02/js/vendor.09e4ec66156a9ae67634.js (2)
[1268:13333:0705/153425.036123:INFO:CONSOLE:2] "버튼 27: [object Object]", source: https://feblog.pstatic.net/real/pc/2025.07.02/js/vendor.09e4ec66156a9ae67634.js (2)
[1268:13333:0705/153425.036193:INFO:CONSOLE:2] "버튼 28: [object Object]", source: https://feblog.pstatic.net/real/pc/2025.07.02/js/vendor.09e4ec66156a9ae67634.js (2)
[1268:13333:0705/153425.036279:INFO:CONSOLE:2] "버튼 29: [object Object]", source: https://feblog.pstatic.net/real/pc/2025.07.02/js/vendor.09e4ec66156a9ae67634.js (2)
[1268:13333:0705/153425.036371:INFO:CONSOLE:2] "버튼 30: [object Object]", source: https://feblog.pstatic.net/real/pc/2025.07.02/js/vendor.09e4ec66156a9ae67634.js (2)
[1268:13333:0705/153425.036433:INFO:CONSOLE:2] "버튼 31: [object Object]", source: https://feblog.pstatic.net/real/pc/2025.07.02/js/vendor.09e4ec66156a9ae67634.js (2)
[1268:13333:0705/153425.036499:INFO:CONSOLE:2] "버튼 32: [object Object]", source: https://feblog.pstatic.net/real/pc/2025.07.02/js/vendor.09e4ec66156a9ae67634.js (2)
[1268:13333:0705/153425.036586:INFO:CONSOLE:2] "버튼 33: [object Object]", source: https://feblog.pstatic.net/real/pc/2025.07.02/js/vendor.09e4ec66156a9ae67634.js (2)
[1268:13333:0705/153425.036655:INFO:CONSOLE:2] "버튼 34: [object Object]", source: https://feblog.pstatic.net/real/pc/2025.07.02/js/vendor.09e4ec66156a9ae67634.js (2)
[1268:13333:0705/153425.036744:INFO:CONSOLE:2] "버튼 35: [object Object]", source: https://feblog.pstatic.net/real/pc/2025.07.02/js/vendor.09e4ec66156a9ae67634.js (2)
[1268:13333:0705/153425.036820:INFO:CONSOLE:2] "버튼 36: [object Object]", source: https://feblog.pstatic.net/real/pc/2025.07.02/js/vendor.09e4ec66156a9ae67634.js (2)
[1268:13333:0705/153425.036897:INFO:CONSOLE:2] "버튼 37: [object Object]", source: https://feblog.pstatic.net/real/pc/2025.07.02/js/vendor.09e4ec66156a9ae67634.js (2)
[1268:13333:0705/153425.036983:INFO:CONSOLE:2] "버튼 38: [object Object]", source: https://feblog.pstatic.net/real/pc/2025.07.02/js/vendor.09e4ec66156a9ae67634.js (2)
[1268:13333:0705/153425.037046:INFO:CONSOLE:2] "버튼 39: [object Object]", source: https://feblog.pstatic.net/real/pc/2025.07.02/js/vendor.09e4ec66156a9ae67634.js (2)
[1268:13333:0705/153425.037142:INFO:CONSOLE:2] "버튼 40: [object Object]", source: https://feblog.pstatic.net/real/pc/2025.07.02/js/vendor.09e4ec66156a9ae67634.js (2)
[1268:13333:0705/153425.037216:INFO:CONSOLE:2] "버튼 41: [object Object]", source: https://feblog.pstatic.net/real/pc/2025.07.02/js/vendor.09e4ec66156a9ae67634.js (2)
[1268:13333:0705/153425.037299:INFO:CONSOLE:2] "버튼 42: [object Object]", source: https://feblog.pstatic.net/real/pc/2025.07.02/js/vendor.09e4ec66156a9ae67634.js (2)
[1268:13333:0705/153425.037392:INFO:CONSOLE:2] "버튼 43: [object Object]", source: https://feblog.pstatic.net/real/pc/2025.07.02/js/vendor.09e4ec66156a9ae67634.js (2)
[1268:13333:0705/153425.037466:INFO:CONSOLE:2] "버튼 45: [object Object]", source: https://feblog.pstatic.net/real/pc/2025.07.02/js/vendor.09e4ec66156a9ae67634.js (2)
[1268:13333:0705/153425.037543:INFO:CONSOLE:2] "버튼 47: [object Object]", source: https://feblog.pstatic.net/real/pc/2025.07.02/js/vendor.09e4ec66156a9ae67634.js (2)
[1268:13333:0705/153425.037621:INFO:CONSOLE:2] "버튼 51: [object Object]", source: https://feblog.pstatic.net/real/pc/2025.07.02/js/vendor.09e4ec66156a9ae67634.js (2)
[1268:13333:0705/153425.037694:INFO:CONSOLE:2] "버튼 55: [object Object]", source: https://feblog.pstatic.net/real/pc/2025.07.02/js/vendor.09e4ec66156a9ae67634.js (2)
[1268:13333:0705/153425.038115:INFO:CONSOLE:2] "버튼 58: [object Object]", source: https://feblog.pstatic.net/real/pc/2025.07.02/js/vendor.09e4ec66156a9ae67634.js (2)
[1268:13333:0705/153425.038134:INFO:CONSOLE:2] "버튼 61: [object Object]", source: https://feblog.pstatic.net/real/pc/2025.07.02/js/vendor.09e4ec66156a9ae67634.js (2)
[1268:13333:0705/153425.038149:INFO:CONSOLE:2] "버튼 62: [object Object]", source: https://feblog.pstatic.net/real/pc/2025.07.02/js/vendor.09e4ec66156a9ae67634.js (2)
[1268:13333:0705/153425.038166:INFO:CONSOLE:2] "버튼 64: [object Object]", source: https://feblog.pstatic.net/real/pc/2025.07.02/js/vendor.09e4ec66156a9ae67634.js (2)
[1268:13333:0705/153425.038179:INFO:CONSOLE:2] "버튼 65: [object Object]", source: https://feblog.pstatic.net/real/pc/2025.07.02/js/vendor.09e4ec66156a9ae67634.js (2)
[1268:13333:0705/153425.038200:INFO:CONSOLE:2] "버튼 67: [object Object]", source: https://feblog.pstatic.net/real/pc/2025.07.02/js/vendor.09e4ec66156a9ae67634.js (2)
[1268:13333:0705/153425.038214:INFO:CONSOLE:2] "버튼 68: [object Object]", source: https://feblog.pstatic.net/real/pc/2025.07.02/js/vendor.09e4ec66156a9ae67634.js (2)
[1268:13333:0705/153425.038274:INFO:CONSOLE:2] "버튼 70: [object Object]", source: https://feblog.pstatic.net/real/pc/2025.07.02/js/vendor.09e4ec66156a9ae67634.js (2)
[1268:13333:0705/153425.038337:INFO:CONSOLE:2] "버튼 71: [object Object]", source: https://feblog.pstatic.net/real/pc/2025.07.02/js/vendor.09e4ec66156a9ae67634.js (2)
[1268:13333:0705/153425.038435:INFO:CONSOLE:2] "버튼 74: [object Object]", source: https://feblog.pstatic.net/real/pc/2025.07.02/js/vendor.09e4ec66156a9ae67634.js (2)
[1268:13333:0705/153425.038475:INFO:CONSOLE:2] "버튼 75: [object Object]", source: https://feblog.pstatic.net/real/pc/2025.07.02/js/vendor.09e4ec66156a9ae67634.js (2)
[1268:13333:0705/153425.038568:INFO:CONSOLE:2] "버튼 78: [object Object]", source: https://feblog.pstatic.net/real/pc/2025.07.02/js/vendor.09e4ec66156a9ae67634.js (2)
[1268:13333:0705/153425.038660:INFO:CONSOLE:2] "버튼 98: [object Object]", source: https://feblog.pstatic.net/real/pc/2025.07.02/js/vendor.09e4ec66156a9ae67634.js (2)
[1268:13333:0705/153425.038737:INFO:CONSOLE:2] "버튼 99: [object Object]", source: https://feblog.pstatic.net/real/pc/2025.07.02/js/vendor.09e4ec66156a9ae67634.js (2)
[1268:13333:0705/153425.038829:INFO:CONSOLE:2] "버튼 100: [object Object]", source: https://feblog.pstatic.net/real/pc/2025.07.02/js/vendor.09e4ec66156a9ae67634.js (2)
[1268:13333:0705/153425.038917:INFO:CONSOLE:2] "버튼 101: [object Object]", source: https://feblog.pstatic.net/real/pc/2025.07.02/js/vendor.09e4ec66156a9ae67634.js (2)
[1268:13333:0705/153425.038986:INFO:CONSOLE:2] "버튼 102: [object Object]", source: https://feblog.pstatic.net/real/pc/2025.07.02/js/vendor.09e4ec66156a9ae67634.js (2)
[1268:13333:0705/153425.039055:INFO:CONSOLE:2] "버튼 103: [object Object]", source: https://feblog.pstatic.net/real/pc/2025.07.02/js/vendor.09e4ec66156a9ae67634.js (2)
[1268:13333:0705/153425.039127:INFO:CONSOLE:2] "버튼 104: [object Object]", source: https://feblog.pstatic.net/real/pc/2025.07.02/js/vendor.09e4ec66156a9ae67634.js (2)
[1268:13333:0705/153425.039204:INFO:CONSOLE:2] "버튼 105: [object Object]", source: https://feblog.pstatic.net/real/pc/2025.07.02/js/vendor.09e4ec66156a9ae67634.js (2)
[1268:13333:0705/153425.039261:INFO:CONSOLE:2] "버튼 106: [object Object]", source: https://feblog.pstatic.net/real/pc/2025.07.02/js/vendor.09e4ec66156a9ae67634.js (2)
[1268:13333:0705/153425.039344:INFO:CONSOLE:2] "버튼 107: [object Object]", source: https://feblog.pstatic.net/real/pc/2025.07.02/js/vendor.09e4ec66156a9ae67634.js (2)
[1268:13333:0705/153425.039428:INFO:CONSOLE:2] "버튼 108: [object Object]", source: https://feblog.pstatic.net/real/pc/2025.07.02/js/vendor.09e4ec66156a9ae67634.js (2)
[1268:13333:0705/153425.039498:INFO:CONSOLE:2] "버튼 109: [object Object]", source: https://feblog.pstatic.net/real/pc/2025.07.02/js/vendor.09e4ec66156a9ae67634.js (2)
[1268:13333:0705/153425.039581:INFO:CONSOLE:2] "버튼 110: [object Object]", source: https://feblog.pstatic.net/real/pc/2025.07.02/js/vendor.09e4ec66156a9ae67634.js (2)
[1268:13333:0705/153425.039655:INFO:CONSOLE:2] "버튼 111: [object Object]", source: https://feblog.pstatic.net/real/pc/2025.07.02/js/vendor.09e4ec66156a9ae67634.js (2)
[1268:13333:0705/153425.039733:INFO:CONSOLE:2] "버튼 112: [object Object]", source: https://feblog.pstatic.net/real/pc/2025.07.02/js/vendor.09e4ec66156a9ae67634.js (2)
[1268:13333:0705/153425.039806:INFO:CONSOLE:2] "버튼 113: [object Object]", source: https://feblog.pstatic.net/real/pc/2025.07.02/js/vendor.09e4ec66156a9ae67634.js (2)
[1268:13333:0705/153425.039885:INFO:CONSOLE:2] "버튼 114: [object Object]", source: https://feblog.pstatic.net/real/pc/2025.07.02/js/vendor.09e4ec66156a9ae67634.js (2)
[1268:13333:0705/153425.039968:INFO:CONSOLE:2] "버튼 115: [object Object]", source: https://feblog.pstatic.net/real/pc/2025.07.02/js/vendor.09e4ec66156a9ae67634.js (2)
[1268:13333:0705/153425.040026:INFO:CONSOLE:2] "1단계: 정확한 선택자로 시도...", source: https://feblog.pstatic.net/real/pc/2025.07.02/js/vendor.09e4ec66156a9ae67634.js (2)
[1268:13333:0705/153425.040138:INFO:CONSOLE:2] "✅ 정확한 선택자로 확인 버튼 클릭: button.se-popup-button-confirm", source: https://feblog.pstatic.net/real/pc/2025.07.02/js/vendor.09e4ec66156a9ae67634.js (2)
[1268:13333:0705/153427.289002:INFO:CONSOLE:2] "키보드 입력 차단 해제 완료", source: https://feblog.pstatic.net/real/pc/2025.07.02/js/vendor.09e4ec66156a9ae67634.js (2)
[1268:13333:0705/153428.890912:INFO:CONSOLE:2] "Google Maps JavaScript API has been loaded directly without loading=async. This can result in suboptimal performance. For best-practice loading patterns please see https://goo.gle/js-api-loading", source: https://feblog.pstatic.net/real/pc/2025.07.02/js/vendor.09e4ec66156a9ae67634.js (2)
[1268:13333:0705/153435.648609:INFO:CONSOLE:2] "추가 버튼 발견, 5번 클릭 시도 시작...", source: https://feblog.pstatic.net/real/pc/2025.07.02/js/vendor.09e4ec66156a9ae67634.js (2)
[1268:13333:0705/153435.649156:INFO:CONSOLE:2] "1번째 클릭 시도...", source: https://feblog.pstatic.net/real/pc/2025.07.02/js/vendor.09e4ec66156a9ae67634.js (2)
[1268:13333:0705/153436.650894:INFO:CONSOLE:2] "2번째 클릭 시도...", source: https://feblog.pstatic.net/real/pc/2025.07.02/js/vendor.09e4ec66156a9ae67634.js (2)
[1268:13333:0705/153437.650379:INFO:CONSOLE:2] "3번째 클릭 시도...", source: https://feblog.pstatic.net/real/pc/2025.07.02/js/vendor.09e4ec66156a9ae67634.js (2)
[1268:13333:0705/153438.650462:INFO:CONSOLE:2] "4번째 클릭 시도...", source: https://feblog.pstatic.net/real/pc/2025.07.02/js/vendor.09e4ec66156a9ae67634.js (2)
[1268:13333:0705/153439.650865:INFO:CONSOLE:2] "5번째 클릭 시도...", source: https://feblog.pstatic.net/real/pc/2025.07.02/js/vendor.09e4ec66156a9ae67634.js (2)
[1268:13333:0705/153440.669612:INFO:CONSOLE:2] "정확한 선택자로 확인 버튼 발견", source: https://feblog.pstatic.net/real/pc/2025.07.02/js/vendor.09e4ec66156a9ae67634.js (2)
[1268:13389:0705/153453.059320:ERROR:google_apis/gcm/engine/connection_factory_impl.cc:483] ConnectionHandler failed with net error: -2
[1268:13385:0705/153457.422874:WARNING:net/dns/dns_config_service_posix.cc:201] Failed to read DnsConfig.
[1273:13441:0705/153457.422943:WARNING:net/dns/dns_config_service_posix.cc:201] Failed to read DnsConfig.
[1268:13385:0705/153457.674971:WARNING:net/dns/dns_config_service_posix.cc:201] Failed to read DnsConfig.
[1273:13441:0705/153457.675006:WARNING:net/dns/dns_config_service_posix.cc:201] Failed to read DnsConfig.
[1268:13385:0705/153457.845916:WARNING:net/dns/dns_config_service_posix.cc:201] Failed to read DnsConfig.
[1273:13441:0705/153457.845953:WARNING:net/dns/dns_config_service_posix.cc:201] Failed to read DnsConfig.
[1268:13385:0705/153500.917857:WARNING:net/dns/dns_config_service_posix.cc:201] Failed to read DnsConfig.
[1273:13441:0705/153500.917939:WARNING:net/dns/dns_config_service_posix.cc:201] Failed to read DnsConfig.
[1268:13389:0705/153551.502682:ERROR:google_apis/gcm/engine/registration_request.cc:291] Registration response error message: DEPRECATED_ENDPOINT
