[19330:2613548:0616/141014.166209:INFO:components/enterprise/browser/controller/chrome_browser_cloud_management_controller.cc:202] No machine level policy manager exists.
[19330:2613548:0616/141014.764913:INFO:CONSOLE:0] "[DOM] Input elements should have autocomplete attributes (suggested: "current-password"): (More info: https://goo.gl/9p2vKq) %o", source: https://nid.naver.com/nidlogin.login (0)
[19330:2613548:0616/141015.142823:INFO:CONSOLE:2] "Error", source: https://wtm.pstatic.net/39cb238/11b3bf3f99abd6f7c749.js (2)
[19330:2613548:0616/141024.624465:WARNING:components/download/internal/background_service/controller_impl.cc:1187] Background download complete, client: 6, completion type: 0, file size:5155
[19330:2613548:0616/141024.839821:WARNING:components/download/internal/background_service/controller_impl.cc:1187] Background download complete, client: 6, completion type: 0, file size:265059
[19330:2613548:0616/141024.965321:WARNING:components/download/internal/background_service/controller_impl.cc:1187] Background download complete, client: 6, completion type: 0, file size:45153
[19330:2613548:0616/141025.168445:WARNING:components/download/internal/background_service/controller_impl.cc:1187] Background download complete, client: 6, completion type: 0, file size:2200227
[19330:2613548:0616/141025.287924:WARNING:components/download/internal/background_service/controller_impl.cc:1187] Background download complete, client: 6, completion type: 0, file size:4680
[19330:2613548:0616/141025.431331:WARNING:components/download/internal/background_service/controller_impl.cc:1187] Background download complete, client: 6, completion type: 0, file size:2747168
[19330:2613548:0616/141025.558848:WARNING:components/download/internal/background_service/controller_impl.cc:1187] Background download complete, client: 6, completion type: 0, file size:118577
[19330:2613548:0616/141027.611356:INFO:CONSOLE:2] "Failed to execute 'postMessage' on 'DOMWindow': The target origin provided ('https://shopsquare.naver.com') does not match the recipient window's origin ('https://www.naver.com').", source: https://pm.pstatic.net/resources/js/main.1729700b.js?o=www (2)
[19330:2613548:0616/141027.611383:INFO:CONSOLE:2] "Failed to execute 'postMessage' on 'DOMWindow': The target origin provided ('https://recoshopping.naver.com') does not match the recipient window's origin ('https://www.naver.com').", source: https://pm.pstatic.net/resources/js/main.1729700b.js?o=www (2)
[19330:2613548:0616/141031.457487:INFO:CONSOLE:2] "Uncaught TypeError: Cannot read properties of null (reading 'addEventListener')", source: https://ntm.pstatic.net/scripts/ntm_d26044233161.js?v=1.1.0-rc2 (2)
[19330:2613548:0616/141047.553309:INFO:CONSOLE:2] "클립보드 팝업 처리 시작...", source: https://feblog.pstatic.net/real/pc/2025.06.04/js/vendor.30699085e5db55e38130.js (2)
[19330:2613548:0616/141047.553427:INFO:CONSOLE:2] "총 버튼 수: 79", source: https://feblog.pstatic.net/real/pc/2025.06.04/js/vendor.30699085e5db55e38130.js (2)
[19330:2613548:0616/141047.554204:INFO:CONSOLE:2] "클립보드 팝업 처리 결과: false", source: https://feblog.pstatic.net/real/pc/2025.06.04/js/vendor.30699085e5db55e38130.js (2)
[19330:2613548:0616/141058.260618:INFO:CONSOLE:2] "클립보드 팝업 확인 시작...", source: https://feblog.pstatic.net/real/pc/2025.06.04/js/vendor.30699085e5db55e38130.js (2)
[19330:2613548:0616/141058.261208:INFO:CONSOLE:2] "클립보드 팝업을 찾지 못했습니다.", source: https://feblog.pstatic.net/real/pc/2025.06.04/js/vendor.30699085e5db55e38130.js (2)
[19330:2613548:0616/141058.774339:INFO:CONSOLE:2] "클립보드 팝업 확인 시작...", source: https://feblog.pstatic.net/real/pc/2025.06.04/js/vendor.30699085e5db55e38130.js (2)
[19330:2613548:0616/141058.775744:INFO:CONSOLE:2] "클립보드 팝업을 찾지 못했습니다.", source: https://feblog.pstatic.net/real/pc/2025.06.04/js/vendor.30699085e5db55e38130.js (2)
[19330:2613548:0616/141059.284180:INFO:CONSOLE:2] "클립보드 팝업 확인 시작...", source: https://feblog.pstatic.net/real/pc/2025.06.04/js/vendor.30699085e5db55e38130.js (2)
[19330:2613548:0616/141059.285018:INFO:CONSOLE:2] "클립보드 팝업을 찾지 못했습니다.", source: https://feblog.pstatic.net/real/pc/2025.06.04/js/vendor.30699085e5db55e38130.js (2)
[19330:2613548:0616/141112.182194:INFO:CONSOLE:2] "Google Maps JavaScript API has been loaded directly without loading=async. This can result in suboptimal performance. For best-practice loading patterns please see https://goo.gle/js-api-loading", source: https://feblog.pstatic.net/real/pc/2025.06.04/js/vendor.30699085e5db55e38130.js (2)
