[17817:2602332:0616/140307.859794:INFO:components/enterprise/browser/controller/chrome_browser_cloud_management_controller.cc:202] No machine level policy manager exists.
[17817:2602332:0616/140308.461070:INFO:CONSOLE:0] "[DOM] Input elements should have autocomplete attributes (suggested: "current-password"): (More info: https://goo.gl/9p2vKq) %o", source: https://nid.naver.com/nidlogin.login (0)
[17817:2602332:0616/140308.788353:INFO:CONSOLE:2] "Error", source: https://wtm.pstatic.net/39cb238/11b3bf3f99abd6f7c749.js (2)
[17817:2602332:0616/140318.366548:WARNING:components/download/internal/background_service/controller_impl.cc:1187] Background download complete, client: 6, completion type: 0, file size:5155
[17817:2602332:0616/140318.482307:WARNING:components/download/internal/background_service/controller_impl.cc:1187] Background download complete, client: 6, completion type: 0, file size:265059
[17817:2602332:0616/140318.617993:WARNING:components/download/internal/background_service/controller_impl.cc:1187] Background download complete, client: 6, completion type: 0, file size:45153
[17817:2602332:0616/140318.733721:WARNING:components/download/internal/background_service/controller_impl.cc:1187] Background download complete, client: 6, completion type: 0, file size:2200227
[17817:2602332:0616/140318.805008:WARNING:content/browser/download/download_manager_impl.cc:702] A download with the same GUID already exists, the new request is ignored.
[17817:2602332:0616/140318.850089:WARNING:components/download/internal/background_service/controller_impl.cc:1187] Background download complete, client: 6, completion type: 0, file size:4680
[17817:2602332:0616/140318.882638:WARNING:components/download/internal/background_service/controller_impl.cc:1187] Background download complete, client: 6, completion type: 0, file size:2747168
[17817:2602332:0616/140319.010826:WARNING:components/download/internal/background_service/controller_impl.cc:1187] Background download complete, client: 6, completion type: 0, file size:118577
[17817:2602332:0616/140321.530589:INFO:CONSOLE:2] "Fail to create FourColumn. no materials", source: https://pm.pstatic.net/resources/js/preload.786464b6.js?o=www (2)
[17817:2602332:0616/140321.573555:INFO:CONSOLE:2] "Failed to execute 'postMessage' on 'DOMWindow': The target origin provided ('https://shopsquare.naver.com') does not match the recipient window's origin ('https://www.naver.com').", source: https://pm.pstatic.net/resources/js/main.1729700b.js?o=www (2)
[17817:2602332:0616/140321.573582:INFO:CONSOLE:2] "Failed to execute 'postMessage' on 'DOMWindow': The target origin provided ('https://recoshopping.naver.com') does not match the recipient window's origin ('https://www.naver.com').", source: https://pm.pstatic.net/resources/js/main.1729700b.js?o=www (2)
[17817:2602332:0616/140339.225080:INFO:CONSOLE:2] "클립보드 팝업 처리 시작...", source: https://feblog.pstatic.net/real/pc/2025.06.04/js/vendor.30699085e5db55e38130.js (2)
[17817:2602332:0616/140339.225202:INFO:CONSOLE:2] "총 버튼 수: 79", source: https://feblog.pstatic.net/real/pc/2025.06.04/js/vendor.30699085e5db55e38130.js (2)
[17817:2602332:0616/140339.225791:INFO:CONSOLE:2] "클립보드 팝업 처리 결과: false", source: https://feblog.pstatic.net/real/pc/2025.06.04/js/vendor.30699085e5db55e38130.js (2)
[17817:2602332:0616/140349.970908:INFO:CONSOLE:2] "클립보드 팝업 확인 시작...", source: https://feblog.pstatic.net/real/pc/2025.06.04/js/vendor.30699085e5db55e38130.js (2)
[17817:2602332:0616/140349.971513:INFO:CONSOLE:2] "클립보드 팝업을 찾지 못했습니다.", source: https://feblog.pstatic.net/real/pc/2025.06.04/js/vendor.30699085e5db55e38130.js (2)
[17817:2602332:0616/140350.485811:INFO:CONSOLE:2] "클립보드 팝업 확인 시작...", source: https://feblog.pstatic.net/real/pc/2025.06.04/js/vendor.30699085e5db55e38130.js (2)
[17817:2602332:0616/140350.487522:INFO:CONSOLE:2] "클립보드 팝업을 찾지 못했습니다.", source: https://feblog.pstatic.net/real/pc/2025.06.04/js/vendor.30699085e5db55e38130.js (2)
[17817:2602332:0616/140350.997944:INFO:CONSOLE:2] "클립보드 팝업 확인 시작...", source: https://feblog.pstatic.net/real/pc/2025.06.04/js/vendor.30699085e5db55e38130.js (2)
[17817:2602332:0616/140350.998621:INFO:CONSOLE:2] "클립보드 팝업을 찾지 못했습니다.", source: https://feblog.pstatic.net/real/pc/2025.06.04/js/vendor.30699085e5db55e38130.js (2)
[17817:2602332:0616/140404.278647:INFO:CONSOLE:2] "Google Maps JavaScript API has been loaded directly without loading=async. This can result in suboptimal performance. For best-practice loading patterns please see https://goo.gle/js-api-loading", source: https://feblog.pstatic.net/real/pc/2025.06.04/js/vendor.30699085e5db55e38130.js (2)
[17817:2602332:0616/140408.086592:INFO:CONSOLE:2] "찾을 도장 이름: 한국체대 라이온 체육관", source: https://feblog.pstatic.net/real/pc/2025.06.04/js/vendor.30699085e5db55e38130.js (2)
[17817:2602332:0616/140408.086804:INFO:CONSOLE:2] "도장 이름이 포함된 검색 결과 발견!", source: https://feblog.pstatic.net/real/pc/2025.06.04/js/vendor.30699085e5db55e38130.js (2)
[17817:2602332:0616/140501.723915:INFO:CONSOLE:2] "Failed to execute 'postMessage' on 'DOMWindow': The target origin provided ('https://shopsquare.naver.com') does not match the recipient window's origin ('https://www.naver.com').", source: https://pm.pstatic.net/resources/js/main.1729700b.js?o=www (2)
[17817:2602332:0616/140501.723939:INFO:CONSOLE:2] "Failed to execute 'postMessage' on 'DOMWindow': The target origin provided ('https://recoshopping.naver.com') does not match the recipient window's origin ('https://www.naver.com').", source: https://pm.pstatic.net/resources/js/main.1729700b.js?o=www (2)
[17817:2602332:0616/140507.625182:INFO:CONSOLE:277] "Google Maps JavaScript API has been loaded directly without loading=async. This can result in suboptimal performance. For best-practice loading patterns please see https://goo.gle/js-api-loading", source: https://maps.google.co.kr/maps/api/js?v=3&client=gme-nhncorp&language=ko&channel=naver_blog (277)
