[70618:3504087:0618/121524.679464:INFO:components/enterprise/browser/controller/chrome_browser_cloud_management_controller.cc:202] No machine level policy manager exists.
[70618:3504087:0618/121525.410327:INFO:CONSOLE:2] "Fail to create FourColumn. no materials", source: https://pm.pstatic.net/resources/js/preload.786464b6.js?o=www (2)
[70618:3504087:0618/121525.467034:INFO:CONSOLE:2] "Failed to execute 'postMessage' on 'DOMWindow': The target origin provided ('https://shopsquare.naver.com') does not match the recipient window's origin ('https://www.naver.com').", source: https://pm.pstatic.net/resources/js/main.1729700b.js?o=www (2)
[70618:3504087:0618/121525.467106:INFO:CONSOLE:2] "Failed to execute 'postMessage' on 'DOMWindow': The target origin provided ('https://recoshopping.naver.com') does not match the recipient window's origin ('https://www.naver.com').", source: https://pm.pstatic.net/resources/js/main.1729700b.js?o=www (2)
[70618:3504087:0618/121527.894958:INFO:CONSOLE:2] "Fail to create FourColumn. no materials", source: https://pm.pstatic.net/resources/js/preload.786464b6.js?o=www (2)
[70618:3504087:0618/121527.922549:INFO:CONSOLE:2] "Failed to execute 'postMessage' on 'DOMWindow': The target origin provided ('https://shopsquare.naver.com') does not match the recipient window's origin ('https://www.naver.com').", source: https://pm.pstatic.net/resources/js/main.1729700b.js?o=www (2)
[70618:3504087:0618/121527.923427:INFO:CONSOLE:2] "Failed to execute 'postMessage' on 'DOMWindow': The target origin provided ('https://recoshopping.naver.com') does not match the recipient window's origin ('https://www.naver.com').", source: https://pm.pstatic.net/resources/js/main.1729700b.js?o=www (2)
[70618:3504087:0618/121535.350099:WARNING:components/download/internal/background_service/controller_impl.cc:1187] Background download complete, client: 6, completion type: 0, file size:5155
[70618:3504087:0618/121535.475857:WARNING:components/download/internal/background_service/controller_impl.cc:1187] Background download complete, client: 6, completion type: 0, file size:265059
[70618:3504087:0618/121535.613120:WARNING:content/browser/download/download_manager_impl.cc:702] A download with the same GUID already exists, the new request is ignored.
[70618:3504087:0618/121535.682715:WARNING:content/browser/download/download_manager_impl.cc:702] A download with the same GUID already exists, the new request is ignored.
[70618:3504087:0618/121535.683671:WARNING:components/download/internal/background_service/controller_impl.cc:1187] Background download complete, client: 6, completion type: 0, file size:45153
[70618:3504087:0618/121535.884903:WARNING:components/download/internal/background_service/controller_impl.cc:1187] Background download complete, client: 6, completion type: 0, file size:2200227
[70618:3504087:0618/121536.113148:WARNING:components/download/internal/background_service/controller_impl.cc:1187] Background download complete, client: 6, completion type: 0, file size:2747168
[70618:3504087:0618/121536.114774:WARNING:components/download/internal/background_service/controller_impl.cc:1187] Background download complete, client: 6, completion type: 0, file size:4680
[70618:3504087:0618/121536.297259:WARNING:components/download/internal/background_service/controller_impl.cc:1187] Background download complete, client: 6, completion type: 0, file size:118577
[70618:3504087:0618/121545.387190:INFO:CONSOLE:2] "클립보드 읽기 권한 상태: prompt", source: https://feblog.pstatic.net/real/pc/2025.06.04/js/vendor.30699085e5db55e38130.js (2)
[70618:3504087:0618/121549.505500:INFO:CONSOLE:2] "클립보드 읽기 권한 상태: prompt", source: https://feblog.pstatic.net/real/pc/2025.06.04/js/vendor.30699085e5db55e38130.js (2)
[70618:3504087:0618/121550.029935:INFO:CONSOLE:1] "File chooser dialog can only be shown with a user activation.", source: https://editor-static.pstatic.net/e/basic.desktop/1.66.0/se-editor.js?t=1747381158880 (1)
[70618:3504087:0618/121552.148822:INFO:CONSOLE:2] "클립보드 읽기 권한 상태: prompt", source: https://feblog.pstatic.net/real/pc/2025.06.04/js/vendor.30699085e5db55e38130.js (2)
[70618:3504087:0618/121552.669789:INFO:CONSOLE:1] "File chooser dialog can only be shown with a user activation.", source: https://editor-static.pstatic.net/e/basic.desktop/1.66.0/se-editor.js?t=1747381158880 (1)
[70618:3504087:0618/121554.818137:INFO:CONSOLE:2] "클립보드 읽기 권한 상태: prompt", source: https://feblog.pstatic.net/real/pc/2025.06.04/js/vendor.30699085e5db55e38130.js (2)
[70618:3504087:0618/121555.329251:INFO:CONSOLE:1] "File chooser dialog can only be shown with a user activation.", source: https://editor-static.pstatic.net/e/basic.desktop/1.66.0/se-editor.js?t=1747381158880 (1)
[70618:3504087:0618/121557.477493:INFO:CONSOLE:2] "클립보드 읽기 권한 상태: prompt", source: https://feblog.pstatic.net/real/pc/2025.06.04/js/vendor.30699085e5db55e38130.js (2)
[70618:3504087:0618/121558.001249:INFO:CONSOLE:1] "File chooser dialog can only be shown with a user activation.", source: https://editor-static.pstatic.net/e/basic.desktop/1.66.0/se-editor.js?t=1747381158880 (1)
[70618:3504087:0618/121600.189069:INFO:CONSOLE:2] "클립보드 읽기 권한 상태: prompt", source: https://feblog.pstatic.net/real/pc/2025.06.04/js/vendor.30699085e5db55e38130.js (2)
[70618:3504087:0618/121600.705309:INFO:CONSOLE:1] "File chooser dialog can only be shown with a user activation.", source: https://editor-static.pstatic.net/e/basic.desktop/1.66.0/se-editor.js?t=1747381158880 (1)
[70618:3504087:0618/121602.872991:INFO:CONSOLE:2] "클립보드 읽기 권한 상태: prompt", source: https://feblog.pstatic.net/real/pc/2025.06.04/js/vendor.30699085e5db55e38130.js (2)
[70618:3504087:0618/121603.391619:INFO:CONSOLE:1] "File chooser dialog can only be shown with a user activation.", source: https://editor-static.pstatic.net/e/basic.desktop/1.66.0/se-editor.js?t=1747381158880 (1)
[70618:3504087:0618/121605.533259:INFO:CONSOLE:2] "클립보드 읽기 권한 상태: prompt", source: https://feblog.pstatic.net/real/pc/2025.06.04/js/vendor.30699085e5db55e38130.js (2)
[70618:3504087:0618/121606.046414:INFO:CONSOLE:1] "File chooser dialog can only be shown with a user activation.", source: https://editor-static.pstatic.net/e/basic.desktop/1.66.0/se-editor.js?t=1747381158880 (1)
[70618:3504087:0618/121608.189048:INFO:CONSOLE:2] "클립보드 읽기 권한 상태: prompt", source: https://feblog.pstatic.net/real/pc/2025.06.04/js/vendor.30699085e5db55e38130.js (2)
[70618:3504087:0618/121608.701784:INFO:CONSOLE:1] "File chooser dialog can only be shown with a user activation.", source: https://editor-static.pstatic.net/e/basic.desktop/1.66.0/se-editor.js?t=1747381158880 (1)
[70618:3504087:0618/121610.822426:INFO:CONSOLE:2] "클립보드 읽기 권한 상태: prompt", source: https://feblog.pstatic.net/real/pc/2025.06.04/js/vendor.30699085e5db55e38130.js (2)
[70618:3504087:0618/121611.335685:INFO:CONSOLE:1] "File chooser dialog can only be shown with a user activation.", source: https://editor-static.pstatic.net/e/basic.desktop/1.66.0/se-editor.js?t=1747381158880 (1)
[70618:3504087:0618/121613.472577:INFO:CONSOLE:2] "클립보드 읽기 권한 상태: prompt", source: https://feblog.pstatic.net/real/pc/2025.06.04/js/vendor.30699085e5db55e38130.js (2)
[70618:3504087:0618/121613.991599:INFO:CONSOLE:1] "File chooser dialog can only be shown with a user activation.", source: https://editor-static.pstatic.net/e/basic.desktop/1.66.0/se-editor.js?t=1747381158880 (1)
[70618:3504087:0618/121616.149161:INFO:CONSOLE:2] "클립보드 읽기 권한 상태: prompt", source: https://feblog.pstatic.net/real/pc/2025.06.04/js/vendor.30699085e5db55e38130.js (2)
[70618:3504087:0618/121616.664095:INFO:CONSOLE:1] "File chooser dialog can only be shown with a user activation.", source: https://editor-static.pstatic.net/e/basic.desktop/1.66.0/se-editor.js?t=1747381158880 (1)
[70618:3504087:0618/121618.757665:INFO:CONSOLE:2] "클립보드 읽기 권한 상태: prompt", source: https://feblog.pstatic.net/real/pc/2025.06.04/js/vendor.30699085e5db55e38130.js (2)
[70618:3504087:0618/121619.275625:INFO:CONSOLE:1] "File chooser dialog can only be shown with a user activation.", source: https://editor-static.pstatic.net/e/basic.desktop/1.66.0/se-editor.js?t=1747381158880 (1)
[70624:3504236:0618/121628.804196:ERROR:ui/latency/latency_info.cc:92] CompositorFrameSinkSupport::MaybeSubmitCompositorFrame, LatencyInfo vector size 134 is too big.
