[14841:7986555:0916/215139.314513:INFO:components/enterprise/browser/controller/chrome_browser_cloud_management_controller.cc:206] No machine level policy manager exists.
[14841:7986555:0916/215140.289126:INFO:CONSOLE:0] "[DOM] Input elements should have autocomplete attributes (suggested: "current-password"): (More info: https://goo.gl/9p2vKq) %o", source: https://nid.naver.com/nidlogin.login (0)
[14841:7986555:0916/215140.715137:INFO:CONSOLE:2] "Error", source: https://wtm.pstatic.net/d538d2d/f8d35bd15d044a58dbbb.js (2)
[14841:7986596:0916/215143.262757:ERROR:google_apis/gcm/engine/registration_request.cc:291] Registration response error message: DEPRECATED_ENDPOINT
[14845:7986614:0916/215151.670320:WARNING:cc/paint/skottie_wrapper_impl.cc:130] Encountered unknown property node with hash: 559079338
[14845:7986614:0916/215151.670652:WARNING:cc/paint/skottie_wrapper_impl.cc:130] Encountered unknown property node with hash: 733108593
[14845:7986614:0916/215151.670667:WARNING:cc/paint/skottie_wrapper_impl.cc:130] Encountered unknown property node with hash: 1104477328
[14845:7986614:0916/215151.670674:WARNING:cc/paint/skottie_wrapper_impl.cc:130] Encountered unknown property node with hash: 1235441726
[14845:7986614:0916/215151.670680:WARNING:cc/paint/skottie_wrapper_impl.cc:130] Encountered unknown property node with hash: 1398109417
[14845:7986614:0916/215151.670684:WARNING:cc/paint/skottie_wrapper_impl.cc:130] Encountered unknown property node with hash: 1745445570
[14845:7986614:0916/215151.670691:WARNING:cc/paint/skottie_wrapper_impl.cc:130] Encountered unknown property node with hash: 2629264519
[14845:7986614:0916/215151.670697:WARNING:cc/paint/skottie_wrapper_impl.cc:130] Encountered unknown property node with hash: 2928374096
[14845:7986614:0916/215151.670702:WARNING:cc/paint/skottie_wrapper_impl.cc:130] Encountered unknown property node with hash: 3162947791
[14845:7986614:0916/215151.670708:WARNING:cc/paint/skottie_wrapper_impl.cc:130] Encountered unknown property node with hash: 3189316647
[14841:7986596:0916/215204.977570:ERROR:google_apis/gcm/engine/registration_request.cc:291] Registration response error message: DEPRECATED_ENDPOINT
[14841:7986555:0916/215216.088037:INFO:CONSOLE:2] "Fail to create FourColumn. no materials", source: https://pm.pstatic.net/resources/js/preload.f554ff8a.js?o=www (2)
[14841:7986555:0916/215216.162149:INFO:CONSOLE:2] "Failed to execute 'postMessage' on 'DOMWindow': The target origin provided ('https://shopsquare.naver.com') does not match the recipient window's origin ('https://www.naver.com').", source: https://pm.pstatic.net/resources/js/main.67861b24.js?o=www (2)
[14841:7986555:0916/215216.162178:INFO:CONSOLE:2] "Failed to execute 'postMessage' on 'DOMWindow': The target origin provided ('https://recoshopping.naver.com') does not match the recipient window's origin ('https://www.naver.com').", source: https://pm.pstatic.net/resources/js/main.67861b24.js?o=www (2)
[14841:7986555:0916/215246.231879:INFO:CONSOLE:2] "클립보드 읽기 권한 상태: prompt", source: https://feblog.pstatic.net/real/pc/2025.09.10/js/vendor.cabff38a66e79e50b20b.js (2)
[14841:7986555:0916/215250.872934:INFO:CONSOLE:2] "클립보드 읽기 권한 상태: prompt", source: https://feblog.pstatic.net/real/pc/2025.09.10/js/vendor.cabff38a66e79e50b20b.js (2)
[14841:7986555:0916/215254.212756:INFO:CONSOLE:2] "클립보드 읽기 권한 상태: prompt", source: https://feblog.pstatic.net/real/pc/2025.09.10/js/vendor.cabff38a66e79e50b20b.js (2)
[14841:7986596:0916/215255.417970:ERROR:google_apis/gcm/engine/registration_request.cc:291] Registration response error message: QUOTA_EXCEEDED
[14841:7986555:0916/215257.706474:INFO:CONSOLE:2] "클립보드 읽기 권한 상태: prompt", source: https://feblog.pstatic.net/real/pc/2025.09.10/js/vendor.cabff38a66e79e50b20b.js (2)
[14841:7986555:0916/215300.513428:INFO:CONSOLE:2] "클립보드 읽기 권한 상태: prompt", source: https://feblog.pstatic.net/real/pc/2025.09.10/js/vendor.cabff38a66e79e50b20b.js (2)
[14841:7986596:0916/215301.068566:ERROR:google_apis/gcm/engine/connection_factory_impl.cc:483] ConnectionHandler failed with net error: -2
[14841:7986555:0916/215302.458066:INFO:CONSOLE:2] "클립보드 읽기 권한 상태: prompt", source: https://feblog.pstatic.net/real/pc/2025.09.10/js/vendor.cabff38a66e79e50b20b.js (2)
[14841:7986555:0916/215304.392097:INFO:CONSOLE:2] "클립보드 읽기 권한 상태: prompt", source: https://feblog.pstatic.net/real/pc/2025.09.10/js/vendor.cabff38a66e79e50b20b.js (2)
[14841:7986555:0916/215306.348097:INFO:CONSOLE:2] "클립보드 읽기 권한 상태: prompt", source: https://feblog.pstatic.net/real/pc/2025.09.10/js/vendor.cabff38a66e79e50b20b.js (2)
[14841:7986555:0916/215306.872740:INFO:CONSOLE:1] "File chooser dialog can only be shown with a user activation.", source: https://editor-static.pstatic.net/e/basic.desktop/1.69.0/se-editor.js?t=1755855480440 (1)
[14841:7986555:0916/215308.306047:INFO:CONSOLE:2] "클립보드 읽기 권한 상태: prompt", source: https://feblog.pstatic.net/real/pc/2025.09.10/js/vendor.cabff38a66e79e50b20b.js (2)
[14841:7986555:0916/215308.828396:INFO:CONSOLE:1] "File chooser dialog can only be shown with a user activation.", source: https://editor-static.pstatic.net/e/basic.desktop/1.69.0/se-editor.js?t=1755855480440 (1)
[14841:7986555:0916/215310.273423:INFO:CONSOLE:2] "클립보드 읽기 권한 상태: prompt", source: https://feblog.pstatic.net/real/pc/2025.09.10/js/vendor.cabff38a66e79e50b20b.js (2)
[14841:7986555:0916/215310.791278:INFO:CONSOLE:1] "File chooser dialog can only be shown with a user activation.", source: https://editor-static.pstatic.net/e/basic.desktop/1.69.0/se-editor.js?t=1755855480440 (1)
[14841:7986555:0916/215322.470524:INFO:CONSOLE:2] "키보드 입력 차단 및 포커스 정리 완료", source: https://feblog.pstatic.net/real/pc/2025.09.10/js/vendor.cabff38a66e79e50b20b.js (2)
[14841:7986555:0916/215327.547258:INFO:CONSOLE:2] "=== 최강화된 확인 버튼 찾기 시작 ===", source: https://feblog.pstatic.net/real/pc/2025.09.10/js/vendor.cabff38a66e79e50b20b.js (2)
[14841:7986555:0916/215327.547444:INFO:CONSOLE:2] "현재 페이지의 모든 버튼 상황:", source: https://feblog.pstatic.net/real/pc/2025.09.10/js/vendor.cabff38a66e79e50b20b.js (2)
[14841:7986555:0916/215327.547804:INFO:CONSOLE:2] "버튼 1: [object Object]", source: https://feblog.pstatic.net/real/pc/2025.09.10/js/vendor.cabff38a66e79e50b20b.js (2)
[14841:7986555:0916/215327.549441:INFO:CONSOLE:2] "버튼 2: [object Object]", source: https://feblog.pstatic.net/real/pc/2025.09.10/js/vendor.cabff38a66e79e50b20b.js (2)
[14841:7986555:0916/215327.549555:INFO:CONSOLE:2] "버튼 3: [object Object]", source: https://feblog.pstatic.net/real/pc/2025.09.10/js/vendor.cabff38a66e79e50b20b.js (2)
[14841:7986555:0916/215327.549663:INFO:CONSOLE:2] "버튼 4: [object Object]", source: https://feblog.pstatic.net/real/pc/2025.09.10/js/vendor.cabff38a66e79e50b20b.js (2)
[14841:7986555:0916/215327.549777:INFO:CONSOLE:2] "버튼 5: [object Object]", source: https://feblog.pstatic.net/real/pc/2025.09.10/js/vendor.cabff38a66e79e50b20b.js (2)
[14841:7986555:0916/215327.549890:INFO:CONSOLE:2] "버튼 6: [object Object]", source: https://feblog.pstatic.net/real/pc/2025.09.10/js/vendor.cabff38a66e79e50b20b.js (2)
[14841:7986555:0916/215327.549999:INFO:CONSOLE:2] "버튼 7: [object Object]", source: https://feblog.pstatic.net/real/pc/2025.09.10/js/vendor.cabff38a66e79e50b20b.js (2)
[14841:7986555:0916/215327.550284:INFO:CONSOLE:2] "버튼 8: [object Object]", source: https://feblog.pstatic.net/real/pc/2025.09.10/js/vendor.cabff38a66e79e50b20b.js (2)
[14841:7986555:0916/215327.550559:INFO:CONSOLE:2] "버튼 9: [object Object]", source: https://feblog.pstatic.net/real/pc/2025.09.10/js/vendor.cabff38a66e79e50b20b.js (2)
[14841:7986555:0916/215327.550747:INFO:CONSOLE:2] "버튼 10: [object Object]", source: https://feblog.pstatic.net/real/pc/2025.09.10/js/vendor.cabff38a66e79e50b20b.js (2)
[14841:7986555:0916/215327.550870:INFO:CONSOLE:2] "버튼 11: [object Object]", source: https://feblog.pstatic.net/real/pc/2025.09.10/js/vendor.cabff38a66e79e50b20b.js (2)
[14841:7986555:0916/215327.550972:INFO:CONSOLE:2] "버튼 12: [object Object]", source: https://feblog.pstatic.net/real/pc/2025.09.10/js/vendor.cabff38a66e79e50b20b.js (2)
[14841:7986555:0916/215327.551053:INFO:CONSOLE:2] "버튼 13: [object Object]", source: https://feblog.pstatic.net/real/pc/2025.09.10/js/vendor.cabff38a66e79e50b20b.js (2)
[14841:7986555:0916/215327.551151:INFO:CONSOLE:2] "버튼 14: [object Object]", source: https://feblog.pstatic.net/real/pc/2025.09.10/js/vendor.cabff38a66e79e50b20b.js (2)
[14841:7986555:0916/215327.551242:INFO:CONSOLE:2] "버튼 15: [object Object]", source: https://feblog.pstatic.net/real/pc/2025.09.10/js/vendor.cabff38a66e79e50b20b.js (2)
[14841:7986555:0916/215327.551308:INFO:CONSOLE:2] "버튼 16: [object Object]", source: https://feblog.pstatic.net/real/pc/2025.09.10/js/vendor.cabff38a66e79e50b20b.js (2)
[14841:7986555:0916/215327.551424:INFO:CONSOLE:2] "버튼 17: [object Object]", source: https://feblog.pstatic.net/real/pc/2025.09.10/js/vendor.cabff38a66e79e50b20b.js (2)
[14841:7986555:0916/215327.551519:INFO:CONSOLE:2] "버튼 18: [object Object]", source: https://feblog.pstatic.net/real/pc/2025.09.10/js/vendor.cabff38a66e79e50b20b.js (2)
[14841:7986555:0916/215327.551590:INFO:CONSOLE:2] "버튼 19: [object Object]", source: https://feblog.pstatic.net/real/pc/2025.09.10/js/vendor.cabff38a66e79e50b20b.js (2)
[14841:7986555:0916/215327.551694:INFO:CONSOLE:2] "버튼 20: [object Object]", source: https://feblog.pstatic.net/real/pc/2025.09.10/js/vendor.cabff38a66e79e50b20b.js (2)
[14841:7986555:0916/215327.551812:INFO:CONSOLE:2] "버튼 21: [object Object]", source: https://feblog.pstatic.net/real/pc/2025.09.10/js/vendor.cabff38a66e79e50b20b.js (2)
[14841:7986555:0916/215327.551909:INFO:CONSOLE:2] "버튼 22: [object Object]", source: https://feblog.pstatic.net/real/pc/2025.09.10/js/vendor.cabff38a66e79e50b20b.js (2)
[14841:7986555:0916/215327.552000:INFO:CONSOLE:2] "버튼 23: [object Object]", source: https://feblog.pstatic.net/real/pc/2025.09.10/js/vendor.cabff38a66e79e50b20b.js (2)
[14841:7986555:0916/215327.552078:INFO:CONSOLE:2] "버튼 24: [object Object]", source: https://feblog.pstatic.net/real/pc/2025.09.10/js/vendor.cabff38a66e79e50b20b.js (2)
[14841:7986555:0916/215327.552161:INFO:CONSOLE:2] "버튼 25: [object Object]", source: https://feblog.pstatic.net/real/pc/2025.09.10/js/vendor.cabff38a66e79e50b20b.js (2)
[14841:7986555:0916/215327.552265:INFO:CONSOLE:2] "버튼 26: [object Object]", source: https://feblog.pstatic.net/real/pc/2025.09.10/js/vendor.cabff38a66e79e50b20b.js (2)
[14841:7986555:0916/215327.552359:INFO:CONSOLE:2] "버튼 27: [object Object]", source: https://feblog.pstatic.net/real/pc/2025.09.10/js/vendor.cabff38a66e79e50b20b.js (2)
[14841:7986555:0916/215327.552449:INFO:CONSOLE:2] "버튼 28: [object Object]", source: https://feblog.pstatic.net/real/pc/2025.09.10/js/vendor.cabff38a66e79e50b20b.js (2)
[14841:7986555:0916/215327.552534:INFO:CONSOLE:2] "버튼 29: [object Object]", source: https://feblog.pstatic.net/real/pc/2025.09.10/js/vendor.cabff38a66e79e50b20b.js (2)
[14841:7986555:0916/215327.552628:INFO:CONSOLE:2] "버튼 30: [object Object]", source: https://feblog.pstatic.net/real/pc/2025.09.10/js/vendor.cabff38a66e79e50b20b.js (2)
[14841:7986555:0916/215327.552718:INFO:CONSOLE:2] "버튼 31: [object Object]", source: https://feblog.pstatic.net/real/pc/2025.09.10/js/vendor.cabff38a66e79e50b20b.js (2)
[14841:7986555:0916/215327.552803:INFO:CONSOLE:2] "버튼 32: [object Object]", source: https://feblog.pstatic.net/real/pc/2025.09.10/js/vendor.cabff38a66e79e50b20b.js (2)
[14841:7986555:0916/215327.552895:INFO:CONSOLE:2] "버튼 33: [object Object]", source: https://feblog.pstatic.net/real/pc/2025.09.10/js/vendor.cabff38a66e79e50b20b.js (2)
[14841:7986555:0916/215327.552984:INFO:CONSOLE:2] "버튼 34: [object Object]", source: https://feblog.pstatic.net/real/pc/2025.09.10/js/vendor.cabff38a66e79e50b20b.js (2)
[14841:7986555:0916/215327.553096:INFO:CONSOLE:2] "버튼 35: [object Object]", source: https://feblog.pstatic.net/real/pc/2025.09.10/js/vendor.cabff38a66e79e50b20b.js (2)
[14841:7986555:0916/215327.553145:INFO:CONSOLE:2] "버튼 36: [object Object]", source: https://feblog.pstatic.net/real/pc/2025.09.10/js/vendor.cabff38a66e79e50b20b.js (2)
[14841:7986555:0916/215327.553248:INFO:CONSOLE:2] "버튼 37: [object Object]", source: https://feblog.pstatic.net/real/pc/2025.09.10/js/vendor.cabff38a66e79e50b20b.js (2)
[14841:7986555:0916/215327.553336:INFO:CONSOLE:2] "버튼 38: [object Object]", source: https://feblog.pstatic.net/real/pc/2025.09.10/js/vendor.cabff38a66e79e50b20b.js (2)
[14841:7986555:0916/215327.553422:INFO:CONSOLE:2] "버튼 39: [object Object]", source: https://feblog.pstatic.net/real/pc/2025.09.10/js/vendor.cabff38a66e79e50b20b.js (2)
[14841:7986555:0916/215327.553518:INFO:CONSOLE:2] "버튼 40: [object Object]", source: https://feblog.pstatic.net/real/pc/2025.09.10/js/vendor.cabff38a66e79e50b20b.js (2)
[14841:7986555:0916/215327.553607:INFO:CONSOLE:2] "버튼 41: [object Object]", source: https://feblog.pstatic.net/real/pc/2025.09.10/js/vendor.cabff38a66e79e50b20b.js (2)
[14841:7986555:0916/215327.553692:INFO:CONSOLE:2] "버튼 42: [object Object]", source: https://feblog.pstatic.net/real/pc/2025.09.10/js/vendor.cabff38a66e79e50b20b.js (2)
[14841:7986555:0916/215327.553793:INFO:CONSOLE:2] "버튼 43: [object Object]", source: https://feblog.pstatic.net/real/pc/2025.09.10/js/vendor.cabff38a66e79e50b20b.js (2)
[14841:7986555:0916/215327.553887:INFO:CONSOLE:2] "버튼 45: [object Object]", source: https://feblog.pstatic.net/real/pc/2025.09.10/js/vendor.cabff38a66e79e50b20b.js (2)
[14841:7986555:0916/215327.553961:INFO:CONSOLE:2] "버튼 47: [object Object]", source: https://feblog.pstatic.net/real/pc/2025.09.10/js/vendor.cabff38a66e79e50b20b.js (2)
[14841:7986555:0916/215327.554048:INFO:CONSOLE:2] "버튼 51: [object Object]", source: https://feblog.pstatic.net/real/pc/2025.09.10/js/vendor.cabff38a66e79e50b20b.js (2)
[14841:7986555:0916/215327.554130:INFO:CONSOLE:2] "버튼 55: [object Object]", source: https://feblog.pstatic.net/real/pc/2025.09.10/js/vendor.cabff38a66e79e50b20b.js (2)
[14841:7986555:0916/215327.554207:INFO:CONSOLE:2] "버튼 58: [object Object]", source: https://feblog.pstatic.net/real/pc/2025.09.10/js/vendor.cabff38a66e79e50b20b.js (2)
[14841:7986555:0916/215327.554294:INFO:CONSOLE:2] "버튼 61: [object Object]", source: https://feblog.pstatic.net/real/pc/2025.09.10/js/vendor.cabff38a66e79e50b20b.js (2)
[14841:7986555:0916/215327.554371:INFO:CONSOLE:2] "버튼 62: [object Object]", source: https://feblog.pstatic.net/real/pc/2025.09.10/js/vendor.cabff38a66e79e50b20b.js (2)
[14841:7986555:0916/215327.554461:INFO:CONSOLE:2] "버튼 64: [object Object]", source: https://feblog.pstatic.net/real/pc/2025.09.10/js/vendor.cabff38a66e79e50b20b.js (2)
[14841:7986555:0916/215327.554541:INFO:CONSOLE:2] "버튼 65: [object Object]", source: https://feblog.pstatic.net/real/pc/2025.09.10/js/vendor.cabff38a66e79e50b20b.js (2)
[14841:7986555:0916/215327.554611:INFO:CONSOLE:2] "버튼 67: [object Object]", source: https://feblog.pstatic.net/real/pc/2025.09.10/js/vendor.cabff38a66e79e50b20b.js (2)
[14841:7986555:0916/215327.554705:INFO:CONSOLE:2] "버튼 68: [object Object]", source: https://feblog.pstatic.net/real/pc/2025.09.10/js/vendor.cabff38a66e79e50b20b.js (2)
[14841:7986555:0916/215327.554764:INFO:CONSOLE:2] "버튼 70: [object Object]", source: https://feblog.pstatic.net/real/pc/2025.09.10/js/vendor.cabff38a66e79e50b20b.js (2)
[14841:7986555:0916/215327.554810:INFO:CONSOLE:2] "버튼 71: [object Object]", source: https://feblog.pstatic.net/real/pc/2025.09.10/js/vendor.cabff38a66e79e50b20b.js (2)
[14841:7986555:0916/215327.554876:INFO:CONSOLE:2] "버튼 74: [object Object]", source: https://feblog.pstatic.net/real/pc/2025.09.10/js/vendor.cabff38a66e79e50b20b.js (2)
[14841:7986555:0916/215327.554931:INFO:CONSOLE:2] "버튼 75: [object Object]", source: https://feblog.pstatic.net/real/pc/2025.09.10/js/vendor.cabff38a66e79e50b20b.js (2)
[14841:7986555:0916/215327.554998:INFO:CONSOLE:2] "버튼 78: [object Object]", source: https://feblog.pstatic.net/real/pc/2025.09.10/js/vendor.cabff38a66e79e50b20b.js (2)
[14841:7986555:0916/215327.555072:INFO:CONSOLE:2] "버튼 98: [object Object]", source: https://feblog.pstatic.net/real/pc/2025.09.10/js/vendor.cabff38a66e79e50b20b.js (2)
[14841:7986555:0916/215327.555127:INFO:CONSOLE:2] "버튼 99: [object Object]", source: https://feblog.pstatic.net/real/pc/2025.09.10/js/vendor.cabff38a66e79e50b20b.js (2)
[14841:7986555:0916/215327.555208:INFO:CONSOLE:2] "버튼 100: [object Object]", source: https://feblog.pstatic.net/real/pc/2025.09.10/js/vendor.cabff38a66e79e50b20b.js (2)
[14841:7986555:0916/215327.555290:INFO:CONSOLE:2] "버튼 101: [object Object]", source: https://feblog.pstatic.net/real/pc/2025.09.10/js/vendor.cabff38a66e79e50b20b.js (2)
[14841:7986555:0916/215327.555382:INFO:CONSOLE:2] "버튼 102: [object Object]", source: https://feblog.pstatic.net/real/pc/2025.09.10/js/vendor.cabff38a66e79e50b20b.js (2)
[14841:7986555:0916/215327.555477:INFO:CONSOLE:2] "버튼 103: [object Object]", source: https://feblog.pstatic.net/real/pc/2025.09.10/js/vendor.cabff38a66e79e50b20b.js (2)
[14841:7986555:0916/215327.555556:INFO:CONSOLE:2] "버튼 104: [object Object]", source: https://feblog.pstatic.net/real/pc/2025.09.10/js/vendor.cabff38a66e79e50b20b.js (2)
[14841:7986555:0916/215327.555639:INFO:CONSOLE:2] "버튼 105: [object Object]", source: https://feblog.pstatic.net/real/pc/2025.09.10/js/vendor.cabff38a66e79e50b20b.js (2)
[14841:7986555:0916/215327.555723:INFO:CONSOLE:2] "버튼 106: [object Object]", source: https://feblog.pstatic.net/real/pc/2025.09.10/js/vendor.cabff38a66e79e50b20b.js (2)
[14841:7986555:0916/215327.555802:INFO:CONSOLE:2] "버튼 107: [object Object]", source: https://feblog.pstatic.net/real/pc/2025.09.10/js/vendor.cabff38a66e79e50b20b.js (2)
[14841:7986555:0916/215327.555888:INFO:CONSOLE:2] "버튼 108: [object Object]", source: https://feblog.pstatic.net/real/pc/2025.09.10/js/vendor.cabff38a66e79e50b20b.js (2)
[14841:7986555:0916/215327.555973:INFO:CONSOLE:2] "버튼 109: [object Object]", source: https://feblog.pstatic.net/real/pc/2025.09.10/js/vendor.cabff38a66e79e50b20b.js (2)
[14841:7986555:0916/215327.556056:INFO:CONSOLE:2] "버튼 110: [object Object]", source: https://feblog.pstatic.net/real/pc/2025.09.10/js/vendor.cabff38a66e79e50b20b.js (2)
[14841:7986555:0916/215327.556161:INFO:CONSOLE:2] "버튼 111: [object Object]", source: https://feblog.pstatic.net/real/pc/2025.09.10/js/vendor.cabff38a66e79e50b20b.js (2)
[14841:7986555:0916/215327.556239:INFO:CONSOLE:2] "버튼 112: [object Object]", source: https://feblog.pstatic.net/real/pc/2025.09.10/js/vendor.cabff38a66e79e50b20b.js (2)
[14841:7986555:0916/215327.556333:INFO:CONSOLE:2] "버튼 113: [object Object]", source: https://feblog.pstatic.net/real/pc/2025.09.10/js/vendor.cabff38a66e79e50b20b.js (2)
[14841:7986555:0916/215327.556407:INFO:CONSOLE:2] "버튼 114: [object Object]", source: https://feblog.pstatic.net/real/pc/2025.09.10/js/vendor.cabff38a66e79e50b20b.js (2)
[14841:7986555:0916/215327.556503:INFO:CONSOLE:2] "버튼 125: [object Object]", source: https://feblog.pstatic.net/real/pc/2025.09.10/js/vendor.cabff38a66e79e50b20b.js (2)
[14841:7986555:0916/215327.556588:INFO:CONSOLE:2] "버튼 126: [object Object]", source: https://feblog.pstatic.net/real/pc/2025.09.10/js/vendor.cabff38a66e79e50b20b.js (2)
[14841:7986555:0916/215327.556675:INFO:CONSOLE:2] "버튼 127: [object Object]", source: https://feblog.pstatic.net/real/pc/2025.09.10/js/vendor.cabff38a66e79e50b20b.js (2)
[14841:7986555:0916/215327.556761:INFO:CONSOLE:2] "버튼 128: [object Object]", source: https://feblog.pstatic.net/real/pc/2025.09.10/js/vendor.cabff38a66e79e50b20b.js (2)
[14841:7986555:0916/215327.556848:INFO:CONSOLE:2] "버튼 129: [object Object]", source: https://feblog.pstatic.net/real/pc/2025.09.10/js/vendor.cabff38a66e79e50b20b.js (2)
[14841:7986555:0916/215327.556938:INFO:CONSOLE:2] "버튼 130: [object Object]", source: https://feblog.pstatic.net/real/pc/2025.09.10/js/vendor.cabff38a66e79e50b20b.js (2)
[14841:7986555:0916/215327.557021:INFO:CONSOLE:2] "버튼 131: [object Object]", source: https://feblog.pstatic.net/real/pc/2025.09.10/js/vendor.cabff38a66e79e50b20b.js (2)
[14841:7986555:0916/215327.557097:INFO:CONSOLE:2] "버튼 132: [object Object]", source: https://feblog.pstatic.net/real/pc/2025.09.10/js/vendor.cabff38a66e79e50b20b.js (2)
[14841:7986555:0916/215327.557159:INFO:CONSOLE:2] "버튼 133: [object Object]", source: https://feblog.pstatic.net/real/pc/2025.09.10/js/vendor.cabff38a66e79e50b20b.js (2)
[14841:7986555:0916/215327.557243:INFO:CONSOLE:2] "버튼 134: [object Object]", source: https://feblog.pstatic.net/real/pc/2025.09.10/js/vendor.cabff38a66e79e50b20b.js (2)
[14841:7986555:0916/215327.557325:INFO:CONSOLE:2] "버튼 135: [object Object]", source: https://feblog.pstatic.net/real/pc/2025.09.10/js/vendor.cabff38a66e79e50b20b.js (2)
[14841:7986555:0916/215327.557402:INFO:CONSOLE:2] "버튼 136: [object Object]", source: https://feblog.pstatic.net/real/pc/2025.09.10/js/vendor.cabff38a66e79e50b20b.js (2)
[14841:7986555:0916/215327.557497:INFO:CONSOLE:2] "버튼 137: [object Object]", source: https://feblog.pstatic.net/real/pc/2025.09.10/js/vendor.cabff38a66e79e50b20b.js (2)
[14841:7986555:0916/215327.557574:INFO:CONSOLE:2] "버튼 138: [object Object]", source: https://feblog.pstatic.net/real/pc/2025.09.10/js/vendor.cabff38a66e79e50b20b.js (2)
[14841:7986555:0916/215327.557650:INFO:CONSOLE:2] "버튼 139: [object Object]", source: https://feblog.pstatic.net/real/pc/2025.09.10/js/vendor.cabff38a66e79e50b20b.js (2)
[14841:7986555:0916/215327.557747:INFO:CONSOLE:2] "버튼 140: [object Object]", source: https://feblog.pstatic.net/real/pc/2025.09.10/js/vendor.cabff38a66e79e50b20b.js (2)
[14841:7986555:0916/215327.557809:INFO:CONSOLE:2] "1단계: 정확한 선택자로 시도...", source: https://feblog.pstatic.net/real/pc/2025.09.10/js/vendor.cabff38a66e79e50b20b.js (2)
[14841:7986555:0916/215327.557962:INFO:CONSOLE:2] "✅ 정확한 선택자로 확인 버튼 클릭: button.se-popup-button-confirm", source: https://feblog.pstatic.net/real/pc/2025.09.10/js/vendor.cabff38a66e79e50b20b.js (2)
[14841:7986555:0916/215329.810225:INFO:CONSOLE:2] "키보드 입력 차단 해제 완료", source: https://feblog.pstatic.net/real/pc/2025.09.10/js/vendor.cabff38a66e79e50b20b.js (2)
[14841:7986555:0916/215331.557792:INFO:CONSOLE:2] "Google Maps JavaScript API has been loaded directly without loading=async. This can result in suboptimal performance. For best-practice loading patterns please see https://goo.gle/js-api-loading", source: https://feblog.pstatic.net/real/pc/2025.09.10/js/vendor.cabff38a66e79e50b20b.js (2)
[14841:7986555:0916/215337.772338:INFO:CONSOLE:2] "추가 버튼 발견, 5번 클릭 시도 시작...", source: https://feblog.pstatic.net/real/pc/2025.09.10/js/vendor.cabff38a66e79e50b20b.js (2)
[14841:7986555:0916/215337.773290:INFO:CONSOLE:2] "1번째 클릭 시도...", source: https://feblog.pstatic.net/real/pc/2025.09.10/js/vendor.cabff38a66e79e50b20b.js (2)
[14841:7986555:0916/215338.774014:INFO:CONSOLE:2] "2번째 클릭 시도...", source: https://feblog.pstatic.net/real/pc/2025.09.10/js/vendor.cabff38a66e79e50b20b.js (2)
[14841:7986555:0916/215339.774591:INFO:CONSOLE:2] "3번째 클릭 시도...", source: https://feblog.pstatic.net/real/pc/2025.09.10/js/vendor.cabff38a66e79e50b20b.js (2)
[14841:7986555:0916/215340.774739:INFO:CONSOLE:2] "4번째 클릭 시도...", source: https://feblog.pstatic.net/real/pc/2025.09.10/js/vendor.cabff38a66e79e50b20b.js (2)
[14841:7986555:0916/215341.774493:INFO:CONSOLE:2] "5번째 클릭 시도...", source: https://feblog.pstatic.net/real/pc/2025.09.10/js/vendor.cabff38a66e79e50b20b.js (2)
[14841:7986555:0916/215342.790837:INFO:CONSOLE:2] "정확한 선택자로 확인 버튼 발견", source: https://feblog.pstatic.net/real/pc/2025.09.10/js/vendor.cabff38a66e79e50b20b.js (2)
[14841:7986555:0916/215433.094684:INFO:CONSOLE:2] "=== 최종 발행 버튼 찾기 시작 ===", source: https://feblog.pstatic.net/real/pc/2025.09.10/js/vendor.cabff38a66e79e50b20b.js (2)
[14841:7986555:0916/215433.095149:INFO:CONSOLE:2] "🎯 data-testid로 발행 버튼 찾기...", source: https://feblog.pstatic.net/real/pc/2025.09.10/js/vendor.cabff38a66e79e50b20b.js (2)
[14841:7986555:0916/215433.095928:INFO:CONSOLE:2] "🎯 confirm_btn 클래스로 발행 버튼 찾기...", source: https://feblog.pstatic.net/real/pc/2025.09.10/js/vendor.cabff38a66e79e50b20b.js (2)
[14841:7986555:0916/215433.095998:INFO:CONSOLE:2] "✅ confirm_btn으로 발행 버튼 발견: [object Object]", source: https://feblog.pstatic.net/real/pc/2025.09.10/js/vendor.cabff38a66e79e50b20b.js (2)
[14841:7986555:0916/215433.120486:INFO:CONSOLE:2] "✅ confirm_btn 발행 버튼 클릭 완료", source: https://feblog.pstatic.net/real/pc/2025.09.10/js/vendor.cabff38a66e79e50b20b.js (2)
[14841:7986555:0916/215435.465640:INFO:CONSOLE:275] "Google Maps JavaScript API has been loaded directly without loading=async. This can result in suboptimal performance. For best-practice loading patterns please see https://goo.gle/js-api-loading", source: https://maps.google.co.kr/maps/api/js?v=3&client=gme-nhncorp&language=ko&channel=naver_blog (275)
[14846:7986642:0916/215440.571236:WARNING:net/spdy/spdy_session.cc:3074] Received HEADERS for invalid stream 5
[14846:7986642:0916/215440.595990:WARNING:net/spdy/spdy_session.cc:3029] Received WINDOW_UPDATE for invalid stream 23
[14846:7986642:0916/215440.608296:WARNING:net/spdy/spdy_session.cc:3074] Received HEADERS for invalid stream 3
